2023-03-22 14:36:46 [main] INFO  c.m.d.e.q.s.ElasticQueryServiceApplication - Starting ElasticQueryServiceApplication using Java 17.0.6 on MacBook-Pro-cua-luong.local with PID 22047 (/Users/luongvantrong/backend/microservice/java/microservices-demo/microservices-demo/elastic-query-service/target/classes started by luongvantrong in /Users/luongvantrong/backend/microservice/java/microservices-demo/microservices-demo)
2023-03-22 14:36:46 [background-preinit] INFO  o.h.validator.internal.util.Version - HV000001: Hibernate Validator 6.2.5.Final
2023-03-22 14:36:46 [main] INFO  c.m.d.e.q.s.ElasticQueryServiceApplication - The following 1 profile is active: "elastic_query"
2023-03-22 14:36:46 [main] INFO  o.s.c.c.c.ConfigServerConfigDataLoader - Fetching config from server at : http://localhost:8888
2023-03-22 14:36:46 [main] INFO  o.s.c.c.c.ConfigServerConfigDataLoader - Located environment: name=elastic-query-service,config-client, profiles=[elastic_query], label=null, version=87381ac459289ebba1e94d10f5df1b7658d26e9a, state=null
2023-03-22 14:36:47 [main] INFO  o.s.d.r.c.RepositoryConfigurationDelegate - Bootstrapping Spring Data Elasticsearch repositories in DEFAULT mode.
2023-03-22 14:36:47 [main] INFO  o.s.d.r.c.RepositoryConfigurationDelegate - Finished Spring Data repository scanning in 32 ms. Found 1 Elasticsearch repository interfaces.
2023-03-22 14:36:47 [main] INFO  o.s.d.r.c.RepositoryConfigurationDelegate - Bootstrapping Spring Data Reactive Elasticsearch repositories in DEFAULT mode.
2023-03-22 14:36:47 [main] INFO  o.s.d.r.c.RepositoryConfigurationDelegate - Finished Spring Data repository scanning in 1 ms. Found 0 Reactive Elasticsearch repository interfaces.
2023-03-22 14:36:47 [main] INFO  o.s.cloud.context.scope.GenericScope - BeanFactory id=7c2103b3-35a0-30b8-ba0b-25b84d680ca5
2023-03-22 14:36:47 [main] INFO  o.s.b.w.e.tomcat.TomcatWebServer - Tomcat initialized with port(s): 8183 (http)
2023-03-22 14:36:47 [main] INFO  o.a.coyote.http11.Http11NioProtocol - Initializing ProtocolHandler ["http-nio-8183"]
2023-03-22 14:36:47 [main] INFO  o.a.catalina.core.StandardService - Starting service [Tomcat]
2023-03-22 14:36:47 [main] INFO  o.a.catalina.core.StandardEngine - Starting Servlet engine: [Apache Tomcat/9.0.68]
2023-03-22 14:36:47 [main] INFO  o.a.c.c.C.[.[.[/elastic-query-service] - Initializing Spring embedded WebApplicationContext
2023-03-22 14:36:47 [main] INFO  o.s.b.w.s.c.ServletWebServerApplicationContext - Root WebApplicationContext: initialization completed in 1173 ms
2023-03-22 14:36:48 [I/O dispatcher 1] WARN  org.elasticsearch.client.RestClient - request [GET http://localhost:9200/] returned 1 warnings: [299 Elasticsearch-7.17.4-79878662c54c886ae89206c685d9f1051a9d6411 "Elasticsearch built-in security features are not enabled. Without authentication, your cluster could be accessible to anyone. See https://www.elastic.co/guide/en/elasticsearch/reference/7.17/security-minimal-setup.html to enable security."]
2023-03-22 14:36:48 [main] WARN  org.elasticsearch.client.RestClient - request [HEAD http://localhost:9200/twitter-index] returned 1 warnings: [299 Elasticsearch-7.17.4-79878662c54c886ae89206c685d9f1051a9d6411 "Elasticsearch built-in security features are not enabled. Without authentication, your cluster could be accessible to anyone. See https://www.elastic.co/guide/en/elasticsearch/reference/7.17/security-minimal-setup.html to enable security."]
2023-03-22 14:36:48 [main] WARN  o.s.b.w.s.c.AnnotationConfigServletWebServerApplicationContext - Exception encountered during context initialization - cancelling refresh attempt: org.springframework.beans.factory.UnsatisfiedDependencyException: Error creating bean with name 'elasticDocumentController' defined in file [/Users/luongvantrong/backend/microservice/java/microservices-demo/microservices-demo/elastic-query-service/target/classes/com/microservices/demo/elastic/query/service/api/ElasticDocumentController.class]: Unsatisfied dependency expressed through constructor parameter 0; nested exception is org.springframework.beans.factory.UnsatisfiedDependencyException: Error creating bean with name 'twitterElasticQueryService' defined in file [/Users/luongvantrong/backend/microservice/java/microservices-demo/microservices-demo/elastic-query-service/target/classes/com/microservices/demo/elastic/query/service/business/impl/TwitterElasticQueryService.class]: Unsatisfied dependency expressed through constructor parameter 1; nested exception is org.springframework.beans.factory.UnsatisfiedDependencyException: Error creating bean with name 'twitterElasticRepositoryQueryClient' defined in file [/Users/luongvantrong/backend/microservice/java/microservices-demo/microservices-demo/elastic/elastic-query-client/target/classes/com/microservices/demo/elastic/query/client/service/impl/TwitterElasticRepositoryQueryClient.class]: Unsatisfied dependency expressed through constructor parameter 0; nested exception is org.springframework.beans.factory.BeanCreationException: Error creating bean with name 'twitterElasticsearchQueryRepository' defined in com.microservices.demo.elastic.query.client.repository.TwitterElasticsearchQueryRepository defined in @EnableElasticsearchRepositories declared on ElasticsearchConfig: Invocation of init method failed; nested exception is org.springframework.data.repository.query.QueryCreationException: Could not create query for public abstract java.util.List com.microservices.demo.elastic.query.client.repository.TwitterElasticsearchQueryRepository.findTestText(java.lang.String); Reason: No property 'findTestText' found for type 'TwitterIndexModel'; nested exception is org.springframework.data.mapping.PropertyReferenceException: No property 'findTestText' found for type 'TwitterIndexModel'
2023-03-22 14:36:48 [main] INFO  o.a.catalina.core.StandardService - Stopping service [Tomcat]
2023-03-22 14:36:48 [main] INFO  o.s.b.a.l.ConditionEvaluationReportLoggingListener - 

Error starting ApplicationContext. To display the conditions report re-run your application with 'debug' enabled.
2023-03-22 14:36:48 [main] ERROR o.s.boot.SpringApplication - Application run failed
org.springframework.beans.factory.UnsatisfiedDependencyException: Error creating bean with name 'elasticDocumentController' defined in file [/Users/luongvantrong/backend/microservice/java/microservices-demo/microservices-demo/elastic-query-service/target/classes/com/microservices/demo/elastic/query/service/api/ElasticDocumentController.class]: Unsatisfied dependency expressed through constructor parameter 0; nested exception is org.springframework.beans.factory.UnsatisfiedDependencyException: Error creating bean with name 'twitterElasticQueryService' defined in file [/Users/luongvantrong/backend/microservice/java/microservices-demo/microservices-demo/elastic-query-service/target/classes/com/microservices/demo/elastic/query/service/business/impl/TwitterElasticQueryService.class]: Unsatisfied dependency expressed through constructor parameter 1; nested exception is org.springframework.beans.factory.UnsatisfiedDependencyException: Error creating bean with name 'twitterElasticRepositoryQueryClient' defined in file [/Users/luongvantrong/backend/microservice/java/microservices-demo/microservices-demo/elastic/elastic-query-client/target/classes/com/microservices/demo/elastic/query/client/service/impl/TwitterElasticRepositoryQueryClient.class]: Unsatisfied dependency expressed through constructor parameter 0; nested exception is org.springframework.beans.factory.BeanCreationException: Error creating bean with name 'twitterElasticsearchQueryRepository' defined in com.microservices.demo.elastic.query.client.repository.TwitterElasticsearchQueryRepository defined in @EnableElasticsearchRepositories declared on ElasticsearchConfig: Invocation of init method failed; nested exception is org.springframework.data.repository.query.QueryCreationException: Could not create query for public abstract java.util.List com.microservices.demo.elastic.query.client.repository.TwitterElasticsearchQueryRepository.findTestText(java.lang.String); Reason: No property 'findTestText' found for type 'TwitterIndexModel'; nested exception is org.springframework.data.mapping.PropertyReferenceException: No property 'findTestText' found for type 'TwitterIndexModel'
	at org.springframework.beans.factory.support.ConstructorResolver.createArgumentArray(ConstructorResolver.java:800)
	at org.springframework.beans.factory.support.ConstructorResolver.autowireConstructor(ConstructorResolver.java:229)
	at org.springframework.beans.factory.support.AbstractAutowireCapableBeanFactory.autowireConstructor(AbstractAutowireCapableBeanFactory.java:1372)
	at org.springframework.beans.factory.support.AbstractAutowireCapableBeanFactory.createBeanInstance(AbstractAutowireCapableBeanFactory.java:1222)
	at org.springframework.beans.factory.support.AbstractAutowireCapableBeanFactory.doCreateBean(AbstractAutowireCapableBeanFactory.java:582)
	at org.springframework.beans.factory.support.AbstractAutowireCapableBeanFactory.createBean(AbstractAutowireCapableBeanFactory.java:542)
	at org.springframework.beans.factory.support.AbstractBeanFactory.lambda$doGetBean$0(AbstractBeanFactory.java:335)
	at org.springframework.beans.factory.support.DefaultSingletonBeanRegistry.getSingleton(DefaultSingletonBeanRegistry.java:234)
	at org.springframework.beans.factory.support.AbstractBeanFactory.doGetBean(AbstractBeanFactory.java:333)
	at org.springframework.beans.factory.support.AbstractBeanFactory.getBean(AbstractBeanFactory.java:208)
	at org.springframework.beans.factory.support.DefaultListableBeanFactory.preInstantiateSingletons(DefaultListableBeanFactory.java:955)
	at org.springframework.context.support.AbstractApplicationContext.finishBeanFactoryInitialization(AbstractApplicationContext.java:918)
	at org.springframework.context.support.AbstractApplicationContext.refresh(AbstractApplicationContext.java:583)
	at org.springframework.boot.web.servlet.context.ServletWebServerApplicationContext.refresh(ServletWebServerApplicationContext.java:147)
	at org.springframework.boot.SpringApplication.refresh(SpringApplication.java:734)
	at org.springframework.boot.SpringApplication.refreshContext(SpringApplication.java:408)
	at org.springframework.boot.SpringApplication.run(SpringApplication.java:308)
	at org.springframework.boot.SpringApplication.run(SpringApplication.java:1306)
	at org.springframework.boot.SpringApplication.run(SpringApplication.java:1295)
	at com.microservices.demo.elastic.query.service.ElasticQueryServiceApplication.main(ElasticQueryServiceApplication.java:11)
Caused by: org.springframework.beans.factory.UnsatisfiedDependencyException: Error creating bean with name 'twitterElasticQueryService' defined in file [/Users/luongvantrong/backend/microservice/java/microservices-demo/microservices-demo/elastic-query-service/target/classes/com/microservices/demo/elastic/query/service/business/impl/TwitterElasticQueryService.class]: Unsatisfied dependency expressed through constructor parameter 1; nested exception is org.springframework.beans.factory.UnsatisfiedDependencyException: Error creating bean with name 'twitterElasticRepositoryQueryClient' defined in file [/Users/luongvantrong/backend/microservice/java/microservices-demo/microservices-demo/elastic/elastic-query-client/target/classes/com/microservices/demo/elastic/query/client/service/impl/TwitterElasticRepositoryQueryClient.class]: Unsatisfied dependency expressed through constructor parameter 0; nested exception is org.springframework.beans.factory.BeanCreationException: Error creating bean with name 'twitterElasticsearchQueryRepository' defined in com.microservices.demo.elastic.query.client.repository.TwitterElasticsearchQueryRepository defined in @EnableElasticsearchRepositories declared on ElasticsearchConfig: Invocation of init method failed; nested exception is org.springframework.data.repository.query.QueryCreationException: Could not create query for public abstract java.util.List com.microservices.demo.elastic.query.client.repository.TwitterElasticsearchQueryRepository.findTestText(java.lang.String); Reason: No property 'findTestText' found for type 'TwitterIndexModel'; nested exception is org.springframework.data.mapping.PropertyReferenceException: No property 'findTestText' found for type 'TwitterIndexModel'
	at org.springframework.beans.factory.support.ConstructorResolver.createArgumentArray(ConstructorResolver.java:800)
	at org.springframework.beans.factory.support.ConstructorResolver.autowireConstructor(ConstructorResolver.java:229)
	at org.springframework.beans.factory.support.AbstractAutowireCapableBeanFactory.autowireConstructor(AbstractAutowireCapableBeanFactory.java:1372)
	at org.springframework.beans.factory.support.AbstractAutowireCapableBeanFactory.createBeanInstance(AbstractAutowireCapableBeanFactory.java:1222)
	at org.springframework.beans.factory.support.AbstractAutowireCapableBeanFactory.doCreateBean(AbstractAutowireCapableBeanFactory.java:582)
	at org.springframework.beans.factory.support.AbstractAutowireCapableBeanFactory.createBean(AbstractAutowireCapableBeanFactory.java:542)
	at org.springframework.beans.factory.support.AbstractBeanFactory.lambda$doGetBean$0(AbstractBeanFactory.java:335)
	at org.springframework.beans.factory.support.DefaultSingletonBeanRegistry.getSingleton(DefaultSingletonBeanRegistry.java:234)
	at org.springframework.beans.factory.support.AbstractBeanFactory.doGetBean(AbstractBeanFactory.java:333)
	at org.springframework.beans.factory.support.AbstractBeanFactory.getBean(AbstractBeanFactory.java:208)
	at org.springframework.beans.factory.config.DependencyDescriptor.resolveCandidate(DependencyDescriptor.java:276)
	at org.springframework.beans.factory.support.DefaultListableBeanFactory.doResolveDependency(DefaultListableBeanFactory.java:1391)
	at org.springframework.beans.factory.support.DefaultListableBeanFactory.resolveDependency(DefaultListableBeanFactory.java:1311)
	at org.springframework.beans.factory.support.ConstructorResolver.resolveAutowiredArgument(ConstructorResolver.java:887)
	at org.springframework.beans.factory.support.ConstructorResolver.createArgumentArray(ConstructorResolver.java:791)
	... 19 common frames omitted
Caused by: org.springframework.beans.factory.UnsatisfiedDependencyException: Error creating bean with name 'twitterElasticRepositoryQueryClient' defined in file [/Users/luongvantrong/backend/microservice/java/microservices-demo/microservices-demo/elastic/elastic-query-client/target/classes/com/microservices/demo/elastic/query/client/service/impl/TwitterElasticRepositoryQueryClient.class]: Unsatisfied dependency expressed through constructor parameter 0; nested exception is org.springframework.beans.factory.BeanCreationException: Error creating bean with name 'twitterElasticsearchQueryRepository' defined in com.microservices.demo.elastic.query.client.repository.TwitterElasticsearchQueryRepository defined in @EnableElasticsearchRepositories declared on ElasticsearchConfig: Invocation of init method failed; nested exception is org.springframework.data.repository.query.QueryCreationException: Could not create query for public abstract java.util.List com.microservices.demo.elastic.query.client.repository.TwitterElasticsearchQueryRepository.findTestText(java.lang.String); Reason: No property 'findTestText' found for type 'TwitterIndexModel'; nested exception is org.springframework.data.mapping.PropertyReferenceException: No property 'findTestText' found for type 'TwitterIndexModel'
	at org.springframework.beans.factory.support.ConstructorResolver.createArgumentArray(ConstructorResolver.java:800)
	at org.springframework.beans.factory.support.ConstructorResolver.autowireConstructor(ConstructorResolver.java:229)
	at org.springframework.beans.factory.support.AbstractAutowireCapableBeanFactory.autowireConstructor(AbstractAutowireCapableBeanFactory.java:1372)
	at org.springframework.beans.factory.support.AbstractAutowireCapableBeanFactory.createBeanInstance(AbstractAutowireCapableBeanFactory.java:1222)
	at org.springframework.beans.factory.support.AbstractAutowireCapableBeanFactory.doCreateBean(AbstractAutowireCapableBeanFactory.java:582)
	at org.springframework.beans.factory.support.AbstractAutowireCapableBeanFactory.createBean(AbstractAutowireCapableBeanFactory.java:542)
	at org.springframework.beans.factory.support.AbstractBeanFactory.lambda$doGetBean$0(AbstractBeanFactory.java:335)
	at org.springframework.beans.factory.support.DefaultSingletonBeanRegistry.getSingleton(DefaultSingletonBeanRegistry.java:234)
	at org.springframework.beans.factory.support.AbstractBeanFactory.doGetBean(AbstractBeanFactory.java:333)
	at org.springframework.beans.factory.support.AbstractBeanFactory.getBean(AbstractBeanFactory.java:208)
	at org.springframework.beans.factory.config.DependencyDescriptor.resolveCandidate(DependencyDescriptor.java:276)
	at org.springframework.beans.factory.support.DefaultListableBeanFactory.doResolveDependency(DefaultListableBeanFactory.java:1391)
	at org.springframework.beans.factory.support.DefaultListableBeanFactory.resolveDependency(DefaultListableBeanFactory.java:1311)
	at org.springframework.beans.factory.support.ConstructorResolver.resolveAutowiredArgument(ConstructorResolver.java:887)
	at org.springframework.beans.factory.support.ConstructorResolver.createArgumentArray(ConstructorResolver.java:791)
	... 33 common frames omitted
Caused by: org.springframework.beans.factory.BeanCreationException: Error creating bean with name 'twitterElasticsearchQueryRepository' defined in com.microservices.demo.elastic.query.client.repository.TwitterElasticsearchQueryRepository defined in @EnableElasticsearchRepositories declared on ElasticsearchConfig: Invocation of init method failed; nested exception is org.springframework.data.repository.query.QueryCreationException: Could not create query for public abstract java.util.List com.microservices.demo.elastic.query.client.repository.TwitterElasticsearchQueryRepository.findTestText(java.lang.String); Reason: No property 'findTestText' found for type 'TwitterIndexModel'; nested exception is org.springframework.data.mapping.PropertyReferenceException: No property 'findTestText' found for type 'TwitterIndexModel'
	at org.springframework.beans.factory.support.AbstractAutowireCapableBeanFactory.initializeBean(AbstractAutowireCapableBeanFactory.java:1804)
	at org.springframework.beans.factory.support.AbstractAutowireCapableBeanFactory.doCreateBean(AbstractAutowireCapableBeanFactory.java:620)
	at org.springframework.beans.factory.support.AbstractAutowireCapableBeanFactory.createBean(AbstractAutowireCapableBeanFactory.java:542)
	at org.springframework.beans.factory.support.AbstractBeanFactory.lambda$doGetBean$0(AbstractBeanFactory.java:335)
	at org.springframework.beans.factory.support.DefaultSingletonBeanRegistry.getSingleton(DefaultSingletonBeanRegistry.java:234)
	at org.springframework.beans.factory.support.AbstractBeanFactory.doGetBean(AbstractBeanFactory.java:333)
	at org.springframework.beans.factory.support.AbstractBeanFactory.getBean(AbstractBeanFactory.java:208)
	at org.springframework.beans.factory.config.DependencyDescriptor.resolveCandidate(DependencyDescriptor.java:276)
	at org.springframework.beans.factory.support.DefaultListableBeanFactory.doResolveDependency(DefaultListableBeanFactory.java:1391)
	at org.springframework.beans.factory.support.DefaultListableBeanFactory.resolveDependency(DefaultListableBeanFactory.java:1311)
	at org.springframework.beans.factory.support.ConstructorResolver.resolveAutowiredArgument(ConstructorResolver.java:887)
	at org.springframework.beans.factory.support.ConstructorResolver.createArgumentArray(ConstructorResolver.java:791)
	... 47 common frames omitted
Caused by: org.springframework.data.repository.query.QueryCreationException: Could not create query for public abstract java.util.List com.microservices.demo.elastic.query.client.repository.TwitterElasticsearchQueryRepository.findTestText(java.lang.String); Reason: No property 'findTestText' found for type 'TwitterIndexModel'; nested exception is org.springframework.data.mapping.PropertyReferenceException: No property 'findTestText' found for type 'TwitterIndexModel'
	at org.springframework.data.repository.query.QueryCreationException.create(QueryCreationException.java:101)
	at org.springframework.data.repository.core.support.QueryExecutorMethodInterceptor.lookupQuery(QueryExecutorMethodInterceptor.java:107)
	at org.springframework.data.repository.core.support.QueryExecutorMethodInterceptor.lambda$mapMethodsToQuery$1(QueryExecutorMethodInterceptor.java:95)
	at java.base/java.util.stream.ReferencePipeline$3$1.accept(ReferencePipeline.java:197)
	at java.base/java.util.Iterator.forEachRemaining(Iterator.java:133)
	at java.base/java.util.Collections$UnmodifiableCollection$1.forEachRemaining(Collections.java:1061)
	at java.base/java.util.Spliterators$IteratorSpliterator.forEachRemaining(Spliterators.java:1845)
	at java.base/java.util.stream.AbstractPipeline.copyInto(AbstractPipeline.java:509)
	at java.base/java.util.stream.AbstractPipeline.wrapAndCopyInto(AbstractPipeline.java:499)
	at java.base/java.util.stream.ReduceOps$ReduceOp.evaluateSequential(ReduceOps.java:921)
	at java.base/java.util.stream.AbstractPipeline.evaluate(AbstractPipeline.java:234)
	at java.base/java.util.stream.ReferencePipeline.collect(ReferencePipeline.java:682)
	at org.springframework.data.repository.core.support.QueryExecutorMethodInterceptor.mapMethodsToQuery(QueryExecutorMethodInterceptor.java:97)
	at org.springframework.data.repository.core.support.QueryExecutorMethodInterceptor.lambda$new$0(QueryExecutorMethodInterceptor.java:87)
	at java.base/java.util.Optional.map(Optional.java:260)
	at org.springframework.data.repository.core.support.QueryExecutorMethodInterceptor.<init>(QueryExecutorMethodInterceptor.java:87)
	at org.springframework.data.repository.core.support.RepositoryFactorySupport.getRepository(RepositoryFactorySupport.java:365)
	at org.springframework.data.repository.core.support.RepositoryFactoryBeanSupport.lambda$afterPropertiesSet$5(RepositoryFactoryBeanSupport.java:323)
	at org.springframework.data.util.Lazy.getNullable(Lazy.java:231)
	at org.springframework.data.util.Lazy.get(Lazy.java:115)
	at org.springframework.data.repository.core.support.RepositoryFactoryBeanSupport.afterPropertiesSet(RepositoryFactoryBeanSupport.java:329)
	at org.springframework.data.elasticsearch.repository.support.ElasticsearchRepositoryFactoryBean.afterPropertiesSet(ElasticsearchRepositoryFactoryBean.java:69)
	at org.springframework.beans.factory.support.AbstractAutowireCapableBeanFactory.invokeInitMethods(AbstractAutowireCapableBeanFactory.java:1863)
	at org.springframework.beans.factory.support.AbstractAutowireCapableBeanFactory.initializeBean(AbstractAutowireCapableBeanFactory.java:1800)
	... 58 common frames omitted
Caused by: org.springframework.data.mapping.PropertyReferenceException: No property 'findTestText' found for type 'TwitterIndexModel'
	at org.springframework.data.mapping.PropertyPath.<init>(PropertyPath.java:91)
	at org.springframework.data.mapping.PropertyPath.create(PropertyPath.java:438)
	at org.springframework.data.mapping.PropertyPath.create(PropertyPath.java:414)
	at org.springframework.data.mapping.PropertyPath.lambda$from$0(PropertyPath.java:367)
	at java.base/java.util.concurrent.ConcurrentMap.computeIfAbsent(ConcurrentMap.java:330)
	at org.springframework.data.mapping.PropertyPath.from(PropertyPath.java:349)
	at org.springframework.data.mapping.PropertyPath.from(PropertyPath.java:332)
	at org.springframework.data.repository.query.parser.Part.<init>(Part.java:81)
	at org.springframework.data.repository.query.parser.PartTree$OrPart.lambda$new$0(PartTree.java:250)
	at java.base/java.util.stream.ReferencePipeline$3$1.accept(ReferencePipeline.java:197)
	at java.base/java.util.stream.ReferencePipeline$2$1.accept(ReferencePipeline.java:179)
	at java.base/java.util.Spliterators$ArraySpliterator.forEachRemaining(Spliterators.java:992)
	at java.base/java.util.stream.AbstractPipeline.copyInto(AbstractPipeline.java:509)
	at java.base/java.util.stream.AbstractPipeline.wrapAndCopyInto(AbstractPipeline.java:499)
	at java.base/java.util.stream.ReduceOps$ReduceOp.evaluateSequential(ReduceOps.java:921)
	at java.base/java.util.stream.AbstractPipeline.evaluate(AbstractPipeline.java:234)
	at java.base/java.util.stream.ReferencePipeline.collect(ReferencePipeline.java:682)
	at org.springframework.data.repository.query.parser.PartTree$OrPart.<init>(PartTree.java:251)
	at org.springframework.data.repository.query.parser.PartTree$Predicate.lambda$new$0(PartTree.java:384)
	at java.base/java.util.stream.ReferencePipeline$3$1.accept(ReferencePipeline.java:197)
	at java.base/java.util.stream.ReferencePipeline$2$1.accept(ReferencePipeline.java:179)
	at java.base/java.util.Spliterators$ArraySpliterator.forEachRemaining(Spliterators.java:992)
	at java.base/java.util.stream.AbstractPipeline.copyInto(AbstractPipeline.java:509)
	at java.base/java.util.stream.AbstractPipeline.wrapAndCopyInto(AbstractPipeline.java:499)
	at java.base/java.util.stream.ReduceOps$ReduceOp.evaluateSequential(ReduceOps.java:921)
	at java.base/java.util.stream.AbstractPipeline.evaluate(AbstractPipeline.java:234)
	at java.base/java.util.stream.ReferencePipeline.collect(ReferencePipeline.java:682)
	at org.springframework.data.repository.query.parser.PartTree$Predicate.<init>(PartTree.java:385)
	at org.springframework.data.repository.query.parser.PartTree.<init>(PartTree.java:93)
	at org.springframework.data.elasticsearch.repository.query.ElasticsearchPartQuery.<init>(ElasticsearchPartQuery.java:57)
	at org.springframework.data.elasticsearch.repository.support.ElasticsearchRepositoryFactory$ElasticsearchQueryLookupStrategy.resolveQuery(ElasticsearchRepositoryFactory.java:117)
	at org.springframework.data.repository.core.support.QueryExecutorMethodInterceptor.lookupQuery(QueryExecutorMethodInterceptor.java:103)
	... 80 common frames omitted
2023-03-22 14:37:17 [background-preinit] INFO  o.h.validator.internal.util.Version - HV000001: Hibernate Validator 6.2.5.Final
2023-03-22 14:37:17 [main] INFO  c.m.d.e.q.s.ElasticQueryServiceApplication - Starting ElasticQueryServiceApplication using Java 17.0.6 on MacBook-Pro-cua-luong.local with PID 22066 (/Users/luongvantrong/backend/microservice/java/microservices-demo/microservices-demo/elastic-query-service/target/classes started by luongvantrong in /Users/luongvantrong/backend/microservice/java/microservices-demo/microservices-demo)
2023-03-22 14:37:17 [main] INFO  c.m.d.e.q.s.ElasticQueryServiceApplication - The following 1 profile is active: "elastic_query"
2023-03-22 14:37:17 [main] INFO  o.s.c.c.c.ConfigServerConfigDataLoader - Fetching config from server at : http://localhost:8888
2023-03-22 14:37:17 [main] INFO  o.s.c.c.c.ConfigServerConfigDataLoader - Located environment: name=elastic-query-service,config-client, profiles=[elastic_query], label=null, version=87381ac459289ebba1e94d10f5df1b7658d26e9a, state=null
2023-03-22 14:37:18 [main] INFO  o.s.d.r.c.RepositoryConfigurationDelegate - Bootstrapping Spring Data Elasticsearch repositories in DEFAULT mode.
2023-03-22 14:37:18 [main] INFO  o.s.d.r.c.RepositoryConfigurationDelegate - Finished Spring Data repository scanning in 30 ms. Found 1 Elasticsearch repository interfaces.
2023-03-22 14:37:18 [main] INFO  o.s.d.r.c.RepositoryConfigurationDelegate - Bootstrapping Spring Data Reactive Elasticsearch repositories in DEFAULT mode.
2023-03-22 14:37:18 [main] INFO  o.s.d.r.c.RepositoryConfigurationDelegate - Finished Spring Data repository scanning in 1 ms. Found 0 Reactive Elasticsearch repository interfaces.
2023-03-22 14:37:18 [main] INFO  o.s.cloud.context.scope.GenericScope - BeanFactory id=7c2103b3-35a0-30b8-ba0b-25b84d680ca5
2023-03-22 14:37:18 [main] INFO  o.s.b.w.e.tomcat.TomcatWebServer - Tomcat initialized with port(s): 8183 (http)
2023-03-22 14:37:18 [main] INFO  o.a.coyote.http11.Http11NioProtocol - Initializing ProtocolHandler ["http-nio-8183"]
2023-03-22 14:37:18 [main] INFO  o.a.catalina.core.StandardService - Starting service [Tomcat]
2023-03-22 14:37:18 [main] INFO  o.a.catalina.core.StandardEngine - Starting Servlet engine: [Apache Tomcat/9.0.68]
2023-03-22 14:37:18 [main] INFO  o.a.c.c.C.[.[.[/elastic-query-service] - Initializing Spring embedded WebApplicationContext
2023-03-22 14:37:18 [main] INFO  o.s.b.w.s.c.ServletWebServerApplicationContext - Root WebApplicationContext: initialization completed in 1187 ms
2023-03-22 14:37:19 [I/O dispatcher 1] WARN  org.elasticsearch.client.RestClient - request [GET http://localhost:9200/] returned 1 warnings: [299 Elasticsearch-7.17.4-79878662c54c886ae89206c685d9f1051a9d6411 "Elasticsearch built-in security features are not enabled. Without authentication, your cluster could be accessible to anyone. See https://www.elastic.co/guide/en/elasticsearch/reference/7.17/security-minimal-setup.html to enable security."]
2023-03-22 14:37:19 [main] WARN  org.elasticsearch.client.RestClient - request [HEAD http://localhost:9200/twitter-index] returned 1 warnings: [299 Elasticsearch-7.17.4-79878662c54c886ae89206c685d9f1051a9d6411 "Elasticsearch built-in security features are not enabled. Without authentication, your cluster could be accessible to anyone. See https://www.elastic.co/guide/en/elasticsearch/reference/7.17/security-minimal-setup.html to enable security."]
2023-03-22 14:37:19 [main] WARN  o.s.b.w.s.c.AnnotationConfigServletWebServerApplicationContext - Exception encountered during context initialization - cancelling refresh attempt: org.springframework.beans.factory.UnsatisfiedDependencyException: Error creating bean with name 'elasticDocumentController' defined in file [/Users/luongvantrong/backend/microservice/java/microservices-demo/microservices-demo/elastic-query-service/target/classes/com/microservices/demo/elastic/query/service/api/ElasticDocumentController.class]: Unsatisfied dependency expressed through constructor parameter 0; nested exception is org.springframework.beans.factory.UnsatisfiedDependencyException: Error creating bean with name 'twitterElasticQueryService' defined in file [/Users/luongvantrong/backend/microservice/java/microservices-demo/microservices-demo/elastic-query-service/target/classes/com/microservices/demo/elastic/query/service/business/impl/TwitterElasticQueryService.class]: Unsatisfied dependency expressed through constructor parameter 1; nested exception is org.springframework.beans.factory.UnsatisfiedDependencyException: Error creating bean with name 'twitterElasticRepositoryQueryClient' defined in file [/Users/luongvantrong/backend/microservice/java/microservices-demo/microservices-demo/elastic/elastic-query-client/target/classes/com/microservices/demo/elastic/query/client/service/impl/TwitterElasticRepositoryQueryClient.class]: Unsatisfied dependency expressed through constructor parameter 0; nested exception is org.springframework.beans.factory.BeanCreationException: Error creating bean with name 'twitterElasticsearchQueryRepository' defined in com.microservices.demo.elastic.query.client.repository.TwitterElasticsearchQueryRepository defined in @EnableElasticsearchRepositories declared on ElasticsearchConfig: Invocation of init method failed; nested exception is org.springframework.data.repository.query.QueryCreationException: Could not create query for public abstract java.util.List com.microservices.demo.elastic.query.client.repository.TwitterElasticsearchQueryRepository.findTestText(java.lang.String); Reason: No property 'findTestText' found for type 'TwitterIndexModel'; nested exception is org.springframework.data.mapping.PropertyReferenceException: No property 'findTestText' found for type 'TwitterIndexModel'
2023-03-22 14:37:19 [main] INFO  o.a.catalina.core.StandardService - Stopping service [Tomcat]
2023-03-22 14:37:19 [main] INFO  o.s.b.a.l.ConditionEvaluationReportLoggingListener - 

Error starting ApplicationContext. To display the conditions report re-run your application with 'debug' enabled.
2023-03-22 14:37:19 [main] ERROR o.s.boot.SpringApplication - Application run failed
org.springframework.beans.factory.UnsatisfiedDependencyException: Error creating bean with name 'elasticDocumentController' defined in file [/Users/luongvantrong/backend/microservice/java/microservices-demo/microservices-demo/elastic-query-service/target/classes/com/microservices/demo/elastic/query/service/api/ElasticDocumentController.class]: Unsatisfied dependency expressed through constructor parameter 0; nested exception is org.springframework.beans.factory.UnsatisfiedDependencyException: Error creating bean with name 'twitterElasticQueryService' defined in file [/Users/luongvantrong/backend/microservice/java/microservices-demo/microservices-demo/elastic-query-service/target/classes/com/microservices/demo/elastic/query/service/business/impl/TwitterElasticQueryService.class]: Unsatisfied dependency expressed through constructor parameter 1; nested exception is org.springframework.beans.factory.UnsatisfiedDependencyException: Error creating bean with name 'twitterElasticRepositoryQueryClient' defined in file [/Users/luongvantrong/backend/microservice/java/microservices-demo/microservices-demo/elastic/elastic-query-client/target/classes/com/microservices/demo/elastic/query/client/service/impl/TwitterElasticRepositoryQueryClient.class]: Unsatisfied dependency expressed through constructor parameter 0; nested exception is org.springframework.beans.factory.BeanCreationException: Error creating bean with name 'twitterElasticsearchQueryRepository' defined in com.microservices.demo.elastic.query.client.repository.TwitterElasticsearchQueryRepository defined in @EnableElasticsearchRepositories declared on ElasticsearchConfig: Invocation of init method failed; nested exception is org.springframework.data.repository.query.QueryCreationException: Could not create query for public abstract java.util.List com.microservices.demo.elastic.query.client.repository.TwitterElasticsearchQueryRepository.findTestText(java.lang.String); Reason: No property 'findTestText' found for type 'TwitterIndexModel'; nested exception is org.springframework.data.mapping.PropertyReferenceException: No property 'findTestText' found for type 'TwitterIndexModel'
	at org.springframework.beans.factory.support.ConstructorResolver.createArgumentArray(ConstructorResolver.java:800)
	at org.springframework.beans.factory.support.ConstructorResolver.autowireConstructor(ConstructorResolver.java:229)
	at org.springframework.beans.factory.support.AbstractAutowireCapableBeanFactory.autowireConstructor(AbstractAutowireCapableBeanFactory.java:1372)
	at org.springframework.beans.factory.support.AbstractAutowireCapableBeanFactory.createBeanInstance(AbstractAutowireCapableBeanFactory.java:1222)
	at org.springframework.beans.factory.support.AbstractAutowireCapableBeanFactory.doCreateBean(AbstractAutowireCapableBeanFactory.java:582)
	at org.springframework.beans.factory.support.AbstractAutowireCapableBeanFactory.createBean(AbstractAutowireCapableBeanFactory.java:542)
	at org.springframework.beans.factory.support.AbstractBeanFactory.lambda$doGetBean$0(AbstractBeanFactory.java:335)
	at org.springframework.beans.factory.support.DefaultSingletonBeanRegistry.getSingleton(DefaultSingletonBeanRegistry.java:234)
	at org.springframework.beans.factory.support.AbstractBeanFactory.doGetBean(AbstractBeanFactory.java:333)
	at org.springframework.beans.factory.support.AbstractBeanFactory.getBean(AbstractBeanFactory.java:208)
	at org.springframework.beans.factory.support.DefaultListableBeanFactory.preInstantiateSingletons(DefaultListableBeanFactory.java:955)
	at org.springframework.context.support.AbstractApplicationContext.finishBeanFactoryInitialization(AbstractApplicationContext.java:918)
	at org.springframework.context.support.AbstractApplicationContext.refresh(AbstractApplicationContext.java:583)
	at org.springframework.boot.web.servlet.context.ServletWebServerApplicationContext.refresh(ServletWebServerApplicationContext.java:147)
	at org.springframework.boot.SpringApplication.refresh(SpringApplication.java:734)
	at org.springframework.boot.SpringApplication.refreshContext(SpringApplication.java:408)
	at org.springframework.boot.SpringApplication.run(SpringApplication.java:308)
	at org.springframework.boot.SpringApplication.run(SpringApplication.java:1306)
	at org.springframework.boot.SpringApplication.run(SpringApplication.java:1295)
	at com.microservices.demo.elastic.query.service.ElasticQueryServiceApplication.main(ElasticQueryServiceApplication.java:11)
Caused by: org.springframework.beans.factory.UnsatisfiedDependencyException: Error creating bean with name 'twitterElasticQueryService' defined in file [/Users/luongvantrong/backend/microservice/java/microservices-demo/microservices-demo/elastic-query-service/target/classes/com/microservices/demo/elastic/query/service/business/impl/TwitterElasticQueryService.class]: Unsatisfied dependency expressed through constructor parameter 1; nested exception is org.springframework.beans.factory.UnsatisfiedDependencyException: Error creating bean with name 'twitterElasticRepositoryQueryClient' defined in file [/Users/luongvantrong/backend/microservice/java/microservices-demo/microservices-demo/elastic/elastic-query-client/target/classes/com/microservices/demo/elastic/query/client/service/impl/TwitterElasticRepositoryQueryClient.class]: Unsatisfied dependency expressed through constructor parameter 0; nested exception is org.springframework.beans.factory.BeanCreationException: Error creating bean with name 'twitterElasticsearchQueryRepository' defined in com.microservices.demo.elastic.query.client.repository.TwitterElasticsearchQueryRepository defined in @EnableElasticsearchRepositories declared on ElasticsearchConfig: Invocation of init method failed; nested exception is org.springframework.data.repository.query.QueryCreationException: Could not create query for public abstract java.util.List com.microservices.demo.elastic.query.client.repository.TwitterElasticsearchQueryRepository.findTestText(java.lang.String); Reason: No property 'findTestText' found for type 'TwitterIndexModel'; nested exception is org.springframework.data.mapping.PropertyReferenceException: No property 'findTestText' found for type 'TwitterIndexModel'
	at org.springframework.beans.factory.support.ConstructorResolver.createArgumentArray(ConstructorResolver.java:800)
	at org.springframework.beans.factory.support.ConstructorResolver.autowireConstructor(ConstructorResolver.java:229)
	at org.springframework.beans.factory.support.AbstractAutowireCapableBeanFactory.autowireConstructor(AbstractAutowireCapableBeanFactory.java:1372)
	at org.springframework.beans.factory.support.AbstractAutowireCapableBeanFactory.createBeanInstance(AbstractAutowireCapableBeanFactory.java:1222)
	at org.springframework.beans.factory.support.AbstractAutowireCapableBeanFactory.doCreateBean(AbstractAutowireCapableBeanFactory.java:582)
	at org.springframework.beans.factory.support.AbstractAutowireCapableBeanFactory.createBean(AbstractAutowireCapableBeanFactory.java:542)
	at org.springframework.beans.factory.support.AbstractBeanFactory.lambda$doGetBean$0(AbstractBeanFactory.java:335)
	at org.springframework.beans.factory.support.DefaultSingletonBeanRegistry.getSingleton(DefaultSingletonBeanRegistry.java:234)
	at org.springframework.beans.factory.support.AbstractBeanFactory.doGetBean(AbstractBeanFactory.java:333)
	at org.springframework.beans.factory.support.AbstractBeanFactory.getBean(AbstractBeanFactory.java:208)
	at org.springframework.beans.factory.config.DependencyDescriptor.resolveCandidate(DependencyDescriptor.java:276)
	at org.springframework.beans.factory.support.DefaultListableBeanFactory.doResolveDependency(DefaultListableBeanFactory.java:1391)
	at org.springframework.beans.factory.support.DefaultListableBeanFactory.resolveDependency(DefaultListableBeanFactory.java:1311)
	at org.springframework.beans.factory.support.ConstructorResolver.resolveAutowiredArgument(ConstructorResolver.java:887)
	at org.springframework.beans.factory.support.ConstructorResolver.createArgumentArray(ConstructorResolver.java:791)
	... 19 common frames omitted
Caused by: org.springframework.beans.factory.UnsatisfiedDependencyException: Error creating bean with name 'twitterElasticRepositoryQueryClient' defined in file [/Users/luongvantrong/backend/microservice/java/microservices-demo/microservices-demo/elastic/elastic-query-client/target/classes/com/microservices/demo/elastic/query/client/service/impl/TwitterElasticRepositoryQueryClient.class]: Unsatisfied dependency expressed through constructor parameter 0; nested exception is org.springframework.beans.factory.BeanCreationException: Error creating bean with name 'twitterElasticsearchQueryRepository' defined in com.microservices.demo.elastic.query.client.repository.TwitterElasticsearchQueryRepository defined in @EnableElasticsearchRepositories declared on ElasticsearchConfig: Invocation of init method failed; nested exception is org.springframework.data.repository.query.QueryCreationException: Could not create query for public abstract java.util.List com.microservices.demo.elastic.query.client.repository.TwitterElasticsearchQueryRepository.findTestText(java.lang.String); Reason: No property 'findTestText' found for type 'TwitterIndexModel'; nested exception is org.springframework.data.mapping.PropertyReferenceException: No property 'findTestText' found for type 'TwitterIndexModel'
	at org.springframework.beans.factory.support.ConstructorResolver.createArgumentArray(ConstructorResolver.java:800)
	at org.springframework.beans.factory.support.ConstructorResolver.autowireConstructor(ConstructorResolver.java:229)
	at org.springframework.beans.factory.support.AbstractAutowireCapableBeanFactory.autowireConstructor(AbstractAutowireCapableBeanFactory.java:1372)
	at org.springframework.beans.factory.support.AbstractAutowireCapableBeanFactory.createBeanInstance(AbstractAutowireCapableBeanFactory.java:1222)
	at org.springframework.beans.factory.support.AbstractAutowireCapableBeanFactory.doCreateBean(AbstractAutowireCapableBeanFactory.java:582)
	at org.springframework.beans.factory.support.AbstractAutowireCapableBeanFactory.createBean(AbstractAutowireCapableBeanFactory.java:542)
	at org.springframework.beans.factory.support.AbstractBeanFactory.lambda$doGetBean$0(AbstractBeanFactory.java:335)
	at org.springframework.beans.factory.support.DefaultSingletonBeanRegistry.getSingleton(DefaultSingletonBeanRegistry.java:234)
	at org.springframework.beans.factory.support.AbstractBeanFactory.doGetBean(AbstractBeanFactory.java:333)
	at org.springframework.beans.factory.support.AbstractBeanFactory.getBean(AbstractBeanFactory.java:208)
	at org.springframework.beans.factory.config.DependencyDescriptor.resolveCandidate(DependencyDescriptor.java:276)
	at org.springframework.beans.factory.support.DefaultListableBeanFactory.doResolveDependency(DefaultListableBeanFactory.java:1391)
	at org.springframework.beans.factory.support.DefaultListableBeanFactory.resolveDependency(DefaultListableBeanFactory.java:1311)
	at org.springframework.beans.factory.support.ConstructorResolver.resolveAutowiredArgument(ConstructorResolver.java:887)
	at org.springframework.beans.factory.support.ConstructorResolver.createArgumentArray(ConstructorResolver.java:791)
	... 33 common frames omitted
Caused by: org.springframework.beans.factory.BeanCreationException: Error creating bean with name 'twitterElasticsearchQueryRepository' defined in com.microservices.demo.elastic.query.client.repository.TwitterElasticsearchQueryRepository defined in @EnableElasticsearchRepositories declared on ElasticsearchConfig: Invocation of init method failed; nested exception is org.springframework.data.repository.query.QueryCreationException: Could not create query for public abstract java.util.List com.microservices.demo.elastic.query.client.repository.TwitterElasticsearchQueryRepository.findTestText(java.lang.String); Reason: No property 'findTestText' found for type 'TwitterIndexModel'; nested exception is org.springframework.data.mapping.PropertyReferenceException: No property 'findTestText' found for type 'TwitterIndexModel'
	at org.springframework.beans.factory.support.AbstractAutowireCapableBeanFactory.initializeBean(AbstractAutowireCapableBeanFactory.java:1804)
	at org.springframework.beans.factory.support.AbstractAutowireCapableBeanFactory.doCreateBean(AbstractAutowireCapableBeanFactory.java:620)
	at org.springframework.beans.factory.support.AbstractAutowireCapableBeanFactory.createBean(AbstractAutowireCapableBeanFactory.java:542)
	at org.springframework.beans.factory.support.AbstractBeanFactory.lambda$doGetBean$0(AbstractBeanFactory.java:335)
	at org.springframework.beans.factory.support.DefaultSingletonBeanRegistry.getSingleton(DefaultSingletonBeanRegistry.java:234)
	at org.springframework.beans.factory.support.AbstractBeanFactory.doGetBean(AbstractBeanFactory.java:333)
	at org.springframework.beans.factory.support.AbstractBeanFactory.getBean(AbstractBeanFactory.java:208)
	at org.springframework.beans.factory.config.DependencyDescriptor.resolveCandidate(DependencyDescriptor.java:276)
	at org.springframework.beans.factory.support.DefaultListableBeanFactory.doResolveDependency(DefaultListableBeanFactory.java:1391)
	at org.springframework.beans.factory.support.DefaultListableBeanFactory.resolveDependency(DefaultListableBeanFactory.java:1311)
	at org.springframework.beans.factory.support.ConstructorResolver.resolveAutowiredArgument(ConstructorResolver.java:887)
	at org.springframework.beans.factory.support.ConstructorResolver.createArgumentArray(ConstructorResolver.java:791)
	... 47 common frames omitted
Caused by: org.springframework.data.repository.query.QueryCreationException: Could not create query for public abstract java.util.List com.microservices.demo.elastic.query.client.repository.TwitterElasticsearchQueryRepository.findTestText(java.lang.String); Reason: No property 'findTestText' found for type 'TwitterIndexModel'; nested exception is org.springframework.data.mapping.PropertyReferenceException: No property 'findTestText' found for type 'TwitterIndexModel'
	at org.springframework.data.repository.query.QueryCreationException.create(QueryCreationException.java:101)
	at org.springframework.data.repository.core.support.QueryExecutorMethodInterceptor.lookupQuery(QueryExecutorMethodInterceptor.java:107)
	at org.springframework.data.repository.core.support.QueryExecutorMethodInterceptor.lambda$mapMethodsToQuery$1(QueryExecutorMethodInterceptor.java:95)
	at java.base/java.util.stream.ReferencePipeline$3$1.accept(ReferencePipeline.java:197)
	at java.base/java.util.Iterator.forEachRemaining(Iterator.java:133)
	at java.base/java.util.Collections$UnmodifiableCollection$1.forEachRemaining(Collections.java:1061)
	at java.base/java.util.Spliterators$IteratorSpliterator.forEachRemaining(Spliterators.java:1845)
	at java.base/java.util.stream.AbstractPipeline.copyInto(AbstractPipeline.java:509)
	at java.base/java.util.stream.AbstractPipeline.wrapAndCopyInto(AbstractPipeline.java:499)
	at java.base/java.util.stream.ReduceOps$ReduceOp.evaluateSequential(ReduceOps.java:921)
	at java.base/java.util.stream.AbstractPipeline.evaluate(AbstractPipeline.java:234)
	at java.base/java.util.stream.ReferencePipeline.collect(ReferencePipeline.java:682)
	at org.springframework.data.repository.core.support.QueryExecutorMethodInterceptor.mapMethodsToQuery(QueryExecutorMethodInterceptor.java:97)
	at org.springframework.data.repository.core.support.QueryExecutorMethodInterceptor.lambda$new$0(QueryExecutorMethodInterceptor.java:87)
	at java.base/java.util.Optional.map(Optional.java:260)
	at org.springframework.data.repository.core.support.QueryExecutorMethodInterceptor.<init>(QueryExecutorMethodInterceptor.java:87)
	at org.springframework.data.repository.core.support.RepositoryFactorySupport.getRepository(RepositoryFactorySupport.java:365)
	at org.springframework.data.repository.core.support.RepositoryFactoryBeanSupport.lambda$afterPropertiesSet$5(RepositoryFactoryBeanSupport.java:323)
	at org.springframework.data.util.Lazy.getNullable(Lazy.java:231)
	at org.springframework.data.util.Lazy.get(Lazy.java:115)
	at org.springframework.data.repository.core.support.RepositoryFactoryBeanSupport.afterPropertiesSet(RepositoryFactoryBeanSupport.java:329)
	at org.springframework.data.elasticsearch.repository.support.ElasticsearchRepositoryFactoryBean.afterPropertiesSet(ElasticsearchRepositoryFactoryBean.java:69)
	at org.springframework.beans.factory.support.AbstractAutowireCapableBeanFactory.invokeInitMethods(AbstractAutowireCapableBeanFactory.java:1863)
	at org.springframework.beans.factory.support.AbstractAutowireCapableBeanFactory.initializeBean(AbstractAutowireCapableBeanFactory.java:1800)
	... 58 common frames omitted
Caused by: org.springframework.data.mapping.PropertyReferenceException: No property 'findTestText' found for type 'TwitterIndexModel'
	at org.springframework.data.mapping.PropertyPath.<init>(PropertyPath.java:91)
	at org.springframework.data.mapping.PropertyPath.create(PropertyPath.java:438)
	at org.springframework.data.mapping.PropertyPath.create(PropertyPath.java:414)
	at org.springframework.data.mapping.PropertyPath.lambda$from$0(PropertyPath.java:367)
	at java.base/java.util.concurrent.ConcurrentMap.computeIfAbsent(ConcurrentMap.java:330)
	at org.springframework.data.mapping.PropertyPath.from(PropertyPath.java:349)
	at org.springframework.data.mapping.PropertyPath.from(PropertyPath.java:332)
	at org.springframework.data.repository.query.parser.Part.<init>(Part.java:81)
	at org.springframework.data.repository.query.parser.PartTree$OrPart.lambda$new$0(PartTree.java:250)
	at java.base/java.util.stream.ReferencePipeline$3$1.accept(ReferencePipeline.java:197)
	at java.base/java.util.stream.ReferencePipeline$2$1.accept(ReferencePipeline.java:179)
	at java.base/java.util.Spliterators$ArraySpliterator.forEachRemaining(Spliterators.java:992)
	at java.base/java.util.stream.AbstractPipeline.copyInto(AbstractPipeline.java:509)
	at java.base/java.util.stream.AbstractPipeline.wrapAndCopyInto(AbstractPipeline.java:499)
	at java.base/java.util.stream.ReduceOps$ReduceOp.evaluateSequential(ReduceOps.java:921)
	at java.base/java.util.stream.AbstractPipeline.evaluate(AbstractPipeline.java:234)
	at java.base/java.util.stream.ReferencePipeline.collect(ReferencePipeline.java:682)
	at org.springframework.data.repository.query.parser.PartTree$OrPart.<init>(PartTree.java:251)
	at org.springframework.data.repository.query.parser.PartTree$Predicate.lambda$new$0(PartTree.java:384)
	at java.base/java.util.stream.ReferencePipeline$3$1.accept(ReferencePipeline.java:197)
	at java.base/java.util.stream.ReferencePipeline$2$1.accept(ReferencePipeline.java:179)
	at java.base/java.util.Spliterators$ArraySpliterator.forEachRemaining(Spliterators.java:992)
	at java.base/java.util.stream.AbstractPipeline.copyInto(AbstractPipeline.java:509)
	at java.base/java.util.stream.AbstractPipeline.wrapAndCopyInto(AbstractPipeline.java:499)
	at java.base/java.util.stream.ReduceOps$ReduceOp.evaluateSequential(ReduceOps.java:921)
	at java.base/java.util.stream.AbstractPipeline.evaluate(AbstractPipeline.java:234)
	at java.base/java.util.stream.ReferencePipeline.collect(ReferencePipeline.java:682)
	at org.springframework.data.repository.query.parser.PartTree$Predicate.<init>(PartTree.java:385)
	at org.springframework.data.repository.query.parser.PartTree.<init>(PartTree.java:93)
	at org.springframework.data.elasticsearch.repository.query.ElasticsearchPartQuery.<init>(ElasticsearchPartQuery.java:57)
	at org.springframework.data.elasticsearch.repository.support.ElasticsearchRepositoryFactory$ElasticsearchQueryLookupStrategy.resolveQuery(ElasticsearchRepositoryFactory.java:117)
	at org.springframework.data.repository.core.support.QueryExecutorMethodInterceptor.lookupQuery(QueryExecutorMethodInterceptor.java:103)
	... 80 common frames omitted
2023-03-22 14:42:12 [background-preinit] INFO  o.h.validator.internal.util.Version - HV000001: Hibernate Validator 6.2.5.Final
2023-03-22 14:42:12 [main] INFO  c.m.d.e.q.s.ElasticQueryServiceApplication - Starting ElasticQueryServiceApplication using Java 17.0.6 on MacBook-Pro-cua-luong.local with PID 22199 (/Users/luongvantrong/backend/microservice/java/microservices-demo/microservices-demo/elastic-query-service/target/classes started by luongvantrong in /Users/luongvantrong/backend/microservice/java/microservices-demo/microservices-demo)
2023-03-22 14:42:12 [main] INFO  c.m.d.e.q.s.ElasticQueryServiceApplication - The following 1 profile is active: "elastic_query"
2023-03-22 14:42:12 [main] INFO  o.s.c.c.c.ConfigServerConfigDataLoader - Fetching config from server at : http://localhost:8888
2023-03-22 14:42:12 [main] INFO  o.s.c.c.c.ConfigServerConfigDataLoader - Located environment: name=elastic-query-service,config-client, profiles=[elastic_query], label=null, version=87381ac459289ebba1e94d10f5df1b7658d26e9a, state=null
2023-03-22 14:42:12 [main] INFO  o.s.d.r.c.RepositoryConfigurationDelegate - Bootstrapping Spring Data Elasticsearch repositories in DEFAULT mode.
2023-03-22 14:42:12 [main] INFO  o.s.d.r.c.RepositoryConfigurationDelegate - Finished Spring Data repository scanning in 21 ms. Found 1 Elasticsearch repository interfaces.
2023-03-22 14:42:12 [main] INFO  o.s.d.r.c.RepositoryConfigurationDelegate - Bootstrapping Spring Data Reactive Elasticsearch repositories in DEFAULT mode.
2023-03-22 14:42:12 [main] INFO  o.s.d.r.c.RepositoryConfigurationDelegate - Finished Spring Data repository scanning in 1 ms. Found 0 Reactive Elasticsearch repository interfaces.
2023-03-22 14:42:13 [main] INFO  o.s.cloud.context.scope.GenericScope - BeanFactory id=7c2103b3-35a0-30b8-ba0b-25b84d680ca5
2023-03-22 14:42:13 [main] INFO  o.s.b.w.e.tomcat.TomcatWebServer - Tomcat initialized with port(s): 8183 (http)
2023-03-22 14:42:13 [main] INFO  o.a.coyote.http11.Http11NioProtocol - Initializing ProtocolHandler ["http-nio-8183"]
2023-03-22 14:42:13 [main] INFO  o.a.catalina.core.StandardService - Starting service [Tomcat]
2023-03-22 14:42:13 [main] INFO  o.a.catalina.core.StandardEngine - Starting Servlet engine: [Apache Tomcat/9.0.68]
2023-03-22 14:42:13 [main] INFO  o.a.c.c.C.[.[.[/elastic-query-service] - Initializing Spring embedded WebApplicationContext
2023-03-22 14:42:13 [main] INFO  o.s.b.w.s.c.ServletWebServerApplicationContext - Root WebApplicationContext: initialization completed in 676 ms
2023-03-22 14:42:13 [I/O dispatcher 1] WARN  org.elasticsearch.client.RestClient - request [GET http://localhost:9200/] returned 1 warnings: [299 Elasticsearch-7.17.4-79878662c54c886ae89206c685d9f1051a9d6411 "Elasticsearch built-in security features are not enabled. Without authentication, your cluster could be accessible to anyone. See https://www.elastic.co/guide/en/elasticsearch/reference/7.17/security-minimal-setup.html to enable security."]
2023-03-22 14:42:13 [main] WARN  org.elasticsearch.client.RestClient - request [HEAD http://localhost:9200/twitter-index] returned 1 warnings: [299 Elasticsearch-7.17.4-79878662c54c886ae89206c685d9f1051a9d6411 "Elasticsearch built-in security features are not enabled. Without authentication, your cluster could be accessible to anyone. See https://www.elastic.co/guide/en/elasticsearch/reference/7.17/security-minimal-setup.html to enable security."]
2023-03-22 14:42:13 [main] INFO  c.m.d.e.q.s.config.WebSecurityConfig - userData: UserConfigData(username=test, password=test1234, roles=[USER])
2023-03-22 14:42:13 [main] INFO  c.m.d.e.q.s.config.WebSecurityConfig - userConfigData.getUsername(): test
2023-03-22 14:42:13 [main] WARN  o.s.s.c.a.web.builders.WebSecurity - You are asking Spring Security to ignore Ant [pattern='/api-docs']. This is not recommended -- please use permitAll via HttpSecurity#authorizeHttpRequests instead.
2023-03-22 14:42:13 [main] INFO  o.s.s.web.DefaultSecurityFilterChain - Will not secure Ant [pattern='/api-docs']
2023-03-22 14:42:13 [main] INFO  o.s.s.web.DefaultSecurityFilterChain - Will secure any request with [org.springframework.security.web.session.DisableEncodeUrlFilter@13d1f898, org.springframework.security.web.context.request.async.WebAsyncManagerIntegrationFilter@c87787d, org.springframework.security.web.context.SecurityContextPersistenceFilter@13aa54f1, org.springframework.security.web.header.HeaderWriterFilter@69a76b74, org.springframework.security.web.authentication.logout.LogoutFilter@362cf66, org.springframework.security.web.authentication.www.BasicAuthenticationFilter@1d9ff1e2, org.springframework.security.web.savedrequest.RequestCacheAwareFilter@23e9dd78, org.springframework.security.web.servletapi.SecurityContextHolderAwareRequestFilter@5600a278, org.springframework.security.web.authentication.AnonymousAuthenticationFilter@1bea7b0, org.springframework.security.web.session.SessionManagementFilter@24e2355c, org.springframework.security.web.access.ExceptionTranslationFilter@52eca410, org.springframework.security.web.access.intercept.FilterSecurityInterceptor@31b650e9]
2023-03-22 14:42:14 [main] INFO  o.a.coyote.http11.Http11NioProtocol - Starting ProtocolHandler ["http-nio-8183"]
2023-03-22 14:42:14 [main] INFO  o.s.b.w.e.tomcat.TomcatWebServer - Tomcat started on port(s): 8183 (http) with context path '/elastic-query-service'
2023-03-22 14:42:14 [main] INFO  c.m.d.e.q.s.ElasticQueryServiceApplication - Started ElasticQueryServiceApplication in 4.275 seconds (JVM running for 4.613)
2023-03-22 14:42:31 [http-nio-8183-exec-2] INFO  o.a.c.c.C.[.[.[/elastic-query-service] - Initializing Spring DispatcherServlet 'dispatcherServlet'
2023-03-22 14:42:31 [http-nio-8183-exec-2] INFO  o.s.web.servlet.DispatcherServlet - Initializing Servlet 'dispatcherServlet'
2023-03-22 14:42:31 [http-nio-8183-exec-2] INFO  o.s.web.servlet.DispatcherServlet - Completed initialization in 2 ms
2023-03-22 14:42:32 [http-nio-8183-exec-2] INFO  c.m.d.e.q.s.b.i.TwitterElasticQueryService - Querying all documents in elasticsearch
2023-03-22 14:42:32 [http-nio-8183-exec-2] WARN  org.elasticsearch.client.RestClient - request [POST http://localhost:9200/twitter-index/_search?typed_keys=true&max_concurrent_shard_requests=5&search_type=query_then_fetch&batched_reduce_size=512] returned 1 warnings: [299 Elasticsearch-7.17.4-79878662c54c886ae89206c685d9f1051a9d6411 "Elasticsearch built-in security features are not enabled. Without authentication, your cluster could be accessible to anyone. See https://www.elastic.co/guide/en/elasticsearch/reference/7.17/security-minimal-setup.html to enable security."]
2023-03-22 14:42:32 [http-nio-8183-exec-2] WARN  org.elasticsearch.client.RestClient - request [POST http://localhost:9200/twitter-index/_search?typed_keys=true&max_concurrent_shard_requests=5&search_type=query_then_fetch&batched_reduce_size=512] returned 1 warnings: [299 Elasticsearch-7.17.4-79878662c54c886ae89206c685d9f1051a9d6411 "Elasticsearch built-in security features are not enabled. Without authentication, your cluster could be accessible to anyone. See https://www.elastic.co/guide/en/elasticsearch/reference/7.17/security-minimal-setup.html to enable security."]
2023-03-22 14:42:32 [http-nio-8183-exec-2] INFO  c.m.d.e.q.c.s.i.TwitterElasticRepositoryQueryClient - 518 number of documents retrieved successfully
2023-03-22 14:42:32 [http-nio-8183-exec-2] INFO  c.m.d.e.q.s.a.ElasticDocumentController - Elasticsearch returned 518 of documents on port 8183
2023-03-22 14:42:49 [http-nio-8183-exec-3] INFO  c.m.d.e.q.s.b.i.TwitterElasticQueryService - Querying elasticsearch by text adipiscing
2023-03-22 14:42:49 [http-nio-8183-exec-3] WARN  org.elasticsearch.client.RestClient - request [POST http://localhost:9200/twitter-index/_search?typed_keys=true&max_concurrent_shard_requests=5&search_type=query_then_fetch&batched_reduce_size=512] returned 1 warnings: [299 Elasticsearch-7.17.4-79878662c54c886ae89206c685d9f1051a9d6411 "Elasticsearch built-in security features are not enabled. Without authentication, your cluster could be accessible to anyone. See https://www.elastic.co/guide/en/elasticsearch/reference/7.17/security-minimal-setup.html to enable security."]
2023-03-22 14:42:49 [http-nio-8183-exec-3] ERROR c.m.d.e.q.s.c.a.e.h.ElasticQueryServiceErrorHandler - Service runtime exception!
org.springframework.data.elasticsearch.RestStatusException: Elasticsearch exception [type=search_phase_execution_exception, reason=all shards failed]; nested exception is ElasticsearchStatusException[Elasticsearch exception [type=search_phase_execution_exception, reason=all shards failed]]
	at org.springframework.data.elasticsearch.core.ElasticsearchExceptionTranslator.translateExceptionIfPossible(ElasticsearchExceptionTranslator.java:69)
	at org.springframework.data.elasticsearch.core.ElasticsearchRestTemplate.translateException(ElasticsearchRestTemplate.java:601)
	at org.springframework.data.elasticsearch.core.ElasticsearchRestTemplate.execute(ElasticsearchRestTemplate.java:584)
	at org.springframework.data.elasticsearch.core.ElasticsearchRestTemplate.count(ElasticsearchRestTemplate.java:393)
	at org.springframework.data.elasticsearch.repository.query.ElasticsearchPartQuery.execute(ElasticsearchPartQuery.java:113)
	at org.springframework.data.repository.core.support.RepositoryMethodInvoker.doInvoke(RepositoryMethodInvoker.java:137)
	at org.springframework.data.repository.core.support.RepositoryMethodInvoker.invoke(RepositoryMethodInvoker.java:121)
	at org.springframework.data.repository.core.support.QueryExecutorMethodInterceptor.doInvoke(QueryExecutorMethodInterceptor.java:160)
	at org.springframework.data.repository.core.support.QueryExecutorMethodInterceptor.invoke(QueryExecutorMethodInterceptor.java:139)
	at org.springframework.aop.framework.ReflectiveMethodInvocation.proceed(ReflectiveMethodInvocation.java:186)
	at org.springframework.aop.interceptor.ExposeInvocationInterceptor.invoke(ExposeInvocationInterceptor.java:97)
	at org.springframework.aop.framework.ReflectiveMethodInvocation.proceed(ReflectiveMethodInvocation.java:186)
	at org.springframework.aop.framework.JdkDynamicAopProxy.invoke(JdkDynamicAopProxy.java:215)
	at jdk.proxy2/jdk.proxy2.$Proxy88.findByUserId(Unknown Source)
	at java.base/jdk.internal.reflect.NativeMethodAccessorImpl.invoke0(Native Method)
	at java.base/jdk.internal.reflect.NativeMethodAccessorImpl.invoke(NativeMethodAccessorImpl.java:77)
	at java.base/jdk.internal.reflect.DelegatingMethodAccessorImpl.invoke(DelegatingMethodAccessorImpl.java:43)
	at java.base/java.lang.reflect.Method.invoke(Method.java:568)
	at org.springframework.aop.support.AopUtils.invokeJoinpointUsingReflection(AopUtils.java:344)
	at org.springframework.aop.framework.ReflectiveMethodInvocation.invokeJoinpoint(ReflectiveMethodInvocation.java:198)
	at org.springframework.aop.framework.ReflectiveMethodInvocation.proceed(ReflectiveMethodInvocation.java:163)
	at org.springframework.dao.support.PersistenceExceptionTranslationInterceptor.invoke(PersistenceExceptionTranslationInterceptor.java:137)
	at org.springframework.aop.framework.ReflectiveMethodInvocation.proceed(ReflectiveMethodInvocation.java:186)
	at org.springframework.aop.framework.JdkDynamicAopProxy.invoke(JdkDynamicAopProxy.java:215)
	at jdk.proxy2/jdk.proxy2.$Proxy88.findByUserId(Unknown Source)
	at com.microservices.demo.elastic.query.client.service.impl.TwitterElasticRepositoryQueryClient.getIndexModelByText(TwitterElasticRepositoryQueryClient.java:36)
	at com.microservices.demo.elastic.query.service.business.impl.TwitterElasticQueryService.getDocumentByText(TwitterElasticQueryService.java:38)
	at com.microservices.demo.elastic.query.service.api.ElasticDocumentController.getDocumentByText(ElasticDocumentController.java:103)
	at java.base/jdk.internal.reflect.NativeMethodAccessorImpl.invoke0(Native Method)
	at java.base/jdk.internal.reflect.NativeMethodAccessorImpl.invoke(NativeMethodAccessorImpl.java:77)
	at java.base/jdk.internal.reflect.DelegatingMethodAccessorImpl.invoke(DelegatingMethodAccessorImpl.java:43)
	at java.base/java.lang.reflect.Method.invoke(Method.java:568)
	at org.springframework.web.method.support.InvocableHandlerMethod.doInvoke(InvocableHandlerMethod.java:205)
	at org.springframework.web.method.support.InvocableHandlerMethod.invokeForRequest(InvocableHandlerMethod.java:150)
	at org.springframework.web.servlet.mvc.method.annotation.ServletInvocableHandlerMethod.invokeAndHandle(ServletInvocableHandlerMethod.java:117)
	at org.springframework.web.servlet.mvc.method.annotation.RequestMappingHandlerAdapter.invokeHandlerMethod(RequestMappingHandlerAdapter.java:895)
	at org.springframework.web.servlet.mvc.method.annotation.RequestMappingHandlerAdapter.handleInternal(RequestMappingHandlerAdapter.java:808)
	at org.springframework.web.servlet.mvc.method.AbstractHandlerMethodAdapter.handle(AbstractHandlerMethodAdapter.java:87)
	at org.springframework.web.servlet.DispatcherServlet.doDispatch(DispatcherServlet.java:1071)
	at org.springframework.web.servlet.DispatcherServlet.doService(DispatcherServlet.java:964)
	at org.springframework.web.servlet.FrameworkServlet.processRequest(FrameworkServlet.java:1006)
	at org.springframework.web.servlet.FrameworkServlet.doPost(FrameworkServlet.java:909)
	at javax.servlet.http.HttpServlet.service(HttpServlet.java:696)
	at org.springframework.web.servlet.FrameworkServlet.service(FrameworkServlet.java:883)
	at javax.servlet.http.HttpServlet.service(HttpServlet.java:779)
	at org.apache.catalina.core.ApplicationFilterChain.internalDoFilter(ApplicationFilterChain.java:227)
	at org.apache.catalina.core.ApplicationFilterChain.doFilter(ApplicationFilterChain.java:162)
	at org.apache.tomcat.websocket.server.WsFilter.doFilter(WsFilter.java:53)
	at org.apache.catalina.core.ApplicationFilterChain.internalDoFilter(ApplicationFilterChain.java:189)
	at org.apache.catalina.core.ApplicationFilterChain.doFilter(ApplicationFilterChain.java:162)
	at org.springframework.security.web.FilterChainProxy$VirtualFilterChain.doFilter(FilterChainProxy.java:337)
	at org.springframework.security.web.access.intercept.FilterSecurityInterceptor.invoke(FilterSecurityInterceptor.java:115)
	at org.springframework.security.web.access.intercept.FilterSecurityInterceptor.doFilter(FilterSecurityInterceptor.java:81)
	at org.springframework.security.web.FilterChainProxy$VirtualFilterChain.doFilter(FilterChainProxy.java:346)
	at org.springframework.security.web.access.ExceptionTranslationFilter.doFilter(ExceptionTranslationFilter.java:122)
	at org.springframework.security.web.access.ExceptionTranslationFilter.doFilter(ExceptionTranslationFilter.java:116)
	at org.springframework.security.web.FilterChainProxy$VirtualFilterChain.doFilter(FilterChainProxy.java:346)
	at org.springframework.security.web.session.SessionManagementFilter.doFilter(SessionManagementFilter.java:126)
	at org.springframework.security.web.session.SessionManagementFilter.doFilter(SessionManagementFilter.java:81)
	at org.springframework.security.web.FilterChainProxy$VirtualFilterChain.doFilter(FilterChainProxy.java:346)
	at org.springframework.security.web.authentication.AnonymousAuthenticationFilter.doFilter(AnonymousAuthenticationFilter.java:109)
	at org.springframework.security.web.FilterChainProxy$VirtualFilterChain.doFilter(FilterChainProxy.java:346)
	at org.springframework.security.web.servletapi.SecurityContextHolderAwareRequestFilter.doFilter(SecurityContextHolderAwareRequestFilter.java:149)
	at org.springframework.security.web.FilterChainProxy$VirtualFilterChain.doFilter(FilterChainProxy.java:346)
	at org.springframework.security.web.savedrequest.RequestCacheAwareFilter.doFilter(RequestCacheAwareFilter.java:63)
	at org.springframework.security.web.FilterChainProxy$VirtualFilterChain.doFilter(FilterChainProxy.java:346)
	at org.springframework.security.web.authentication.www.BasicAuthenticationFilter.doFilterInternal(BasicAuthenticationFilter.java:198)
	at org.springframework.web.filter.OncePerRequestFilter.doFilter(OncePerRequestFilter.java:117)
	at org.springframework.security.web.FilterChainProxy$VirtualFilterChain.doFilter(FilterChainProxy.java:346)
	at org.springframework.security.web.authentication.logout.LogoutFilter.doFilter(LogoutFilter.java:103)
	at org.springframework.security.web.authentication.logout.LogoutFilter.doFilter(LogoutFilter.java:89)
	at org.springframework.security.web.FilterChainProxy$VirtualFilterChain.doFilter(FilterChainProxy.java:346)
	at org.springframework.security.web.header.HeaderWriterFilter.doHeadersAfter(HeaderWriterFilter.java:90)
	at org.springframework.security.web.header.HeaderWriterFilter.doFilterInternal(HeaderWriterFilter.java:75)
	at org.springframework.web.filter.OncePerRequestFilter.doFilter(OncePerRequestFilter.java:117)
	at org.springframework.security.web.FilterChainProxy$VirtualFilterChain.doFilter(FilterChainProxy.java:346)
	at org.springframework.security.web.context.SecurityContextPersistenceFilter.doFilter(SecurityContextPersistenceFilter.java:112)
	at org.springframework.security.web.context.SecurityContextPersistenceFilter.doFilter(SecurityContextPersistenceFilter.java:82)
	at org.springframework.security.web.FilterChainProxy$VirtualFilterChain.doFilter(FilterChainProxy.java:346)
	at org.springframework.security.web.context.request.async.WebAsyncManagerIntegrationFilter.doFilterInternal(WebAsyncManagerIntegrationFilter.java:55)
	at org.springframework.web.filter.OncePerRequestFilter.doFilter(OncePerRequestFilter.java:117)
	at org.springframework.security.web.FilterChainProxy$VirtualFilterChain.doFilter(FilterChainProxy.java:346)
	at org.springframework.security.web.session.DisableEncodeUrlFilter.doFilterInternal(DisableEncodeUrlFilter.java:42)
	at org.springframework.web.filter.OncePerRequestFilter.doFilter(OncePerRequestFilter.java:117)
	at org.springframework.security.web.FilterChainProxy$VirtualFilterChain.doFilter(FilterChainProxy.java:346)
	at org.springframework.security.web.FilterChainProxy.doFilterInternal(FilterChainProxy.java:221)
	at org.springframework.security.web.FilterChainProxy.doFilter(FilterChainProxy.java:186)
	at org.springframework.web.filter.DelegatingFilterProxy.invokeDelegate(DelegatingFilterProxy.java:354)
	at org.springframework.web.filter.DelegatingFilterProxy.doFilter(DelegatingFilterProxy.java:267)
	at org.apache.catalina.core.ApplicationFilterChain.internalDoFilter(ApplicationFilterChain.java:189)
	at org.apache.catalina.core.ApplicationFilterChain.doFilter(ApplicationFilterChain.java:162)
	at org.springframework.web.filter.RequestContextFilter.doFilterInternal(RequestContextFilter.java:100)
	at org.springframework.web.filter.OncePerRequestFilter.doFilter(OncePerRequestFilter.java:117)
	at org.apache.catalina.core.ApplicationFilterChain.internalDoFilter(ApplicationFilterChain.java:189)
	at org.apache.catalina.core.ApplicationFilterChain.doFilter(ApplicationFilterChain.java:162)
	at org.springframework.web.filter.FormContentFilter.doFilterInternal(FormContentFilter.java:93)
	at org.springframework.web.filter.OncePerRequestFilter.doFilter(OncePerRequestFilter.java:117)
	at org.apache.catalina.core.ApplicationFilterChain.internalDoFilter(ApplicationFilterChain.java:189)
	at org.apache.catalina.core.ApplicationFilterChain.doFilter(ApplicationFilterChain.java:162)
	at org.springframework.web.filter.CharacterEncodingFilter.doFilterInternal(CharacterEncodingFilter.java:201)
	at org.springframework.web.filter.OncePerRequestFilter.doFilter(OncePerRequestFilter.java:117)
	at org.apache.catalina.core.ApplicationFilterChain.internalDoFilter(ApplicationFilterChain.java:189)
	at org.apache.catalina.core.ApplicationFilterChain.doFilter(ApplicationFilterChain.java:162)
	at org.apache.catalina.core.StandardWrapperValve.invoke(StandardWrapperValve.java:197)
	at org.apache.catalina.core.StandardContextValve.invoke(StandardContextValve.java:97)
	at org.apache.catalina.authenticator.AuthenticatorBase.invoke(AuthenticatorBase.java:541)
	at org.apache.catalina.core.StandardHostValve.invoke(StandardHostValve.java:135)
	at org.apache.catalina.valves.ErrorReportValve.invoke(ErrorReportValve.java:92)
	at org.apache.catalina.core.StandardEngineValve.invoke(StandardEngineValve.java:78)
	at org.apache.catalina.connector.CoyoteAdapter.service(CoyoteAdapter.java:360)
	at org.apache.coyote.http11.Http11Processor.service(Http11Processor.java:399)
	at org.apache.coyote.AbstractProcessorLight.process(AbstractProcessorLight.java:65)
	at org.apache.coyote.AbstractProtocol$ConnectionHandler.process(AbstractProtocol.java:893)
	at org.apache.tomcat.util.net.NioEndpoint$SocketProcessor.doRun(NioEndpoint.java:1789)
	at org.apache.tomcat.util.net.SocketProcessorBase.run(SocketProcessorBase.java:49)
	at org.apache.tomcat.util.threads.ThreadPoolExecutor.runWorker(ThreadPoolExecutor.java:1191)
	at org.apache.tomcat.util.threads.ThreadPoolExecutor$Worker.run(ThreadPoolExecutor.java:659)
	at org.apache.tomcat.util.threads.TaskThread$WrappingRunnable.run(TaskThread.java:61)
	at java.base/java.lang.Thread.run(Thread.java:833)
Caused by: org.elasticsearch.ElasticsearchStatusException: Elasticsearch exception [type=search_phase_execution_exception, reason=all shards failed]
	at org.elasticsearch.rest.BytesRestResponse.errorFromXContent(BytesRestResponse.java:178)
	at org.elasticsearch.client.RestHighLevelClient.parseEntity(RestHighLevelClient.java:2484)
	at org.elasticsearch.client.RestHighLevelClient.parseResponseException(RestHighLevelClient.java:2461)
	at org.elasticsearch.client.RestHighLevelClient.internalPerformRequest(RestHighLevelClient.java:2184)
	at org.elasticsearch.client.RestHighLevelClient.performRequest(RestHighLevelClient.java:2137)
	at org.elasticsearch.client.RestHighLevelClient.performRequestAndParseEntity(RestHighLevelClient.java:2105)
	at org.elasticsearch.client.RestHighLevelClient.search(RestHighLevelClient.java:1367)
	at org.springframework.data.elasticsearch.core.ElasticsearchRestTemplate.lambda$count$13(ElasticsearchRestTemplate.java:393)
	at org.springframework.data.elasticsearch.core.ElasticsearchRestTemplate.execute(ElasticsearchRestTemplate.java:582)
	... 116 common frames omitted
	Suppressed: org.elasticsearch.client.ResponseException: method [POST], host [http://localhost:9200], URI [/twitter-index/_search?typed_keys=true&max_concurrent_shard_requests=5&search_type=query_then_fetch&batched_reduce_size=512], status line [HTTP/1.1 400 Bad Request]
Warnings: [Elasticsearch built-in security features are not enabled. Without authentication, your cluster could be accessible to anyone. See https://www.elastic.co/guide/en/elasticsearch/reference/7.17/security-minimal-setup.html to enable security.]
{"error":{"root_cause":[{"type":"query_shard_exception","reason":"failed to create query: For input string: \"adipiscing\"","index_uuid":"7QzvG8ZERW6h7Ws-xUH42w","index":"twitter-index"}],"type":"search_phase_execution_exception","reason":"all shards failed","phase":"query","grouped":true,"failed_shards":[{"shard":0,"index":"twitter-index","node":"9qqnOCGCS4K8zelDssRMBg","reason":{"type":"query_shard_exception","reason":"failed to create query: For input string: \"adipiscing\"","index_uuid":"7QzvG8ZERW6h7Ws-xUH42w","index":"twitter-index","caused_by":{"type":"number_format_exception","reason":"For input string: \"adipiscing\""}}}]},"status":400}
		at org.elasticsearch.client.RestClient.convertResponse(RestClient.java:347)
		at org.elasticsearch.client.RestClient.performRequest(RestClient.java:313)
		at org.elasticsearch.client.RestClient.performRequest(RestClient.java:288)
		at org.elasticsearch.client.RestHighLevelClient.performClientRequest(RestHighLevelClient.java:2699)
		at org.elasticsearch.client.RestHighLevelClient.internalPerformRequest(RestHighLevelClient.java:2171)
		... 121 common frames omitted
2023-03-22 14:43:05 [http-nio-8183-exec-4] INFO  c.m.d.e.q.s.b.i.TwitterElasticQueryService - Querying elasticsearch by text null
2023-03-22 14:43:05 [http-nio-8183-exec-4] WARN  org.elasticsearch.client.RestClient - request [POST http://localhost:9200/twitter-index/_search?typed_keys=true&max_concurrent_shard_requests=5&search_type=query_then_fetch&batched_reduce_size=512] returned 1 warnings: [299 Elasticsearch-7.17.4-79878662c54c886ae89206c685d9f1051a9d6411 "Elasticsearch built-in security features are not enabled. Without authentication, your cluster could be accessible to anyone. See https://www.elastic.co/guide/en/elasticsearch/reference/7.17/security-minimal-setup.html to enable security."]
2023-03-22 14:43:05 [http-nio-8183-exec-4] INFO  c.m.d.e.q.c.s.i.TwitterElasticRepositoryQueryClient - 0 of documents with text null retrieved successfully
2023-03-22 14:43:05 [http-nio-8183-exec-4] INFO  c.m.d.e.q.s.a.ElasticDocumentController - Elasticsearch returned 0 of documents on port 8183
2023-03-22 14:46:11 [background-preinit] INFO  o.h.validator.internal.util.Version - HV000001: Hibernate Validator 6.2.5.Final
2023-03-22 14:46:11 [main] INFO  c.m.d.e.q.s.ElasticQueryServiceApplication - Starting ElasticQueryServiceApplication using Java 17.0.6 on MacBook-Pro-cua-luong.local with PID 22312 (/Users/luongvantrong/backend/microservice/java/microservices-demo/microservices-demo/elastic-query-service/target/classes started by luongvantrong in /Users/luongvantrong/backend/microservice/java/microservices-demo/microservices-demo)
2023-03-22 14:46:11 [main] INFO  c.m.d.e.q.s.ElasticQueryServiceApplication - The following 1 profile is active: "elastic_query"
2023-03-22 14:46:11 [main] INFO  o.s.c.c.c.ConfigServerConfigDataLoader - Fetching config from server at : http://localhost:8888
2023-03-22 14:46:11 [main] INFO  o.s.c.c.c.ConfigServerConfigDataLoader - Located environment: name=elastic-query-service,config-client, profiles=[elastic_query], label=null, version=87381ac459289ebba1e94d10f5df1b7658d26e9a, state=null
2023-03-22 14:46:11 [main] INFO  o.s.d.r.c.RepositoryConfigurationDelegate - Bootstrapping Spring Data Elasticsearch repositories in DEFAULT mode.
2023-03-22 14:46:11 [main] INFO  o.s.d.r.c.RepositoryConfigurationDelegate - Finished Spring Data repository scanning in 22 ms. Found 1 Elasticsearch repository interfaces.
2023-03-22 14:46:11 [main] INFO  o.s.d.r.c.RepositoryConfigurationDelegate - Bootstrapping Spring Data Reactive Elasticsearch repositories in DEFAULT mode.
2023-03-22 14:46:11 [main] INFO  o.s.d.r.c.RepositoryConfigurationDelegate - Finished Spring Data repository scanning in 1 ms. Found 0 Reactive Elasticsearch repository interfaces.
2023-03-22 14:46:12 [main] INFO  o.s.cloud.context.scope.GenericScope - BeanFactory id=7c2103b3-35a0-30b8-ba0b-25b84d680ca5
2023-03-22 14:46:12 [main] INFO  o.s.b.w.e.tomcat.TomcatWebServer - Tomcat initialized with port(s): 8183 (http)
2023-03-22 14:46:12 [main] INFO  o.a.coyote.http11.Http11NioProtocol - Initializing ProtocolHandler ["http-nio-8183"]
2023-03-22 14:46:12 [main] INFO  o.a.catalina.core.StandardService - Starting service [Tomcat]
2023-03-22 14:46:12 [main] INFO  o.a.catalina.core.StandardEngine - Starting Servlet engine: [Apache Tomcat/9.0.68]
2023-03-22 14:46:12 [main] INFO  o.a.c.c.C.[.[.[/elastic-query-service] - Initializing Spring embedded WebApplicationContext
2023-03-22 14:46:12 [main] INFO  o.s.b.w.s.c.ServletWebServerApplicationContext - Root WebApplicationContext: initialization completed in 788 ms
2023-03-22 14:46:12 [I/O dispatcher 1] WARN  org.elasticsearch.client.RestClient - request [GET http://localhost:9200/] returned 1 warnings: [299 Elasticsearch-7.17.4-79878662c54c886ae89206c685d9f1051a9d6411 "Elasticsearch built-in security features are not enabled. Without authentication, your cluster could be accessible to anyone. See https://www.elastic.co/guide/en/elasticsearch/reference/7.17/security-minimal-setup.html to enable security."]
2023-03-22 14:46:12 [main] WARN  org.elasticsearch.client.RestClient - request [HEAD http://localhost:9200/twitter-index] returned 1 warnings: [299 Elasticsearch-7.17.4-79878662c54c886ae89206c685d9f1051a9d6411 "Elasticsearch built-in security features are not enabled. Without authentication, your cluster could be accessible to anyone. See https://www.elastic.co/guide/en/elasticsearch/reference/7.17/security-minimal-setup.html to enable security."]
2023-03-22 14:46:12 [main] INFO  c.m.d.e.q.s.config.WebSecurityConfig - userData: UserConfigData(username=test, password=test1234, roles=[USER])
2023-03-22 14:46:12 [main] INFO  c.m.d.e.q.s.config.WebSecurityConfig - userConfigData.getUsername(): test
2023-03-22 14:46:12 [main] WARN  o.s.s.c.a.web.builders.WebSecurity - You are asking Spring Security to ignore Ant [pattern='/api-docs']. This is not recommended -- please use permitAll via HttpSecurity#authorizeHttpRequests instead.
2023-03-22 14:46:12 [main] INFO  o.s.s.web.DefaultSecurityFilterChain - Will not secure Ant [pattern='/api-docs']
2023-03-22 14:46:12 [main] INFO  o.s.s.web.DefaultSecurityFilterChain - Will secure any request with [org.springframework.security.web.session.DisableEncodeUrlFilter@321c2a7, org.springframework.security.web.context.request.async.WebAsyncManagerIntegrationFilter@14b48f39, org.springframework.security.web.context.SecurityContextPersistenceFilter@19739906, org.springframework.security.web.header.HeaderWriterFilter@52eca410, org.springframework.security.web.authentication.logout.LogoutFilter@3ef46749, org.springframework.security.web.authentication.www.BasicAuthenticationFilter@783dc0e7, org.springframework.security.web.savedrequest.RequestCacheAwareFilter@13aa54f1, org.springframework.security.web.servletapi.SecurityContextHolderAwareRequestFilter@1e57b783, org.springframework.security.web.authentication.AnonymousAuthenticationFilter@13d1f898, org.springframework.security.web.session.SessionManagementFilter@5b64f771, org.springframework.security.web.access.ExceptionTranslationFilter@48f4f03e, org.springframework.security.web.access.intercept.FilterSecurityInterceptor@67a38]
2023-03-22 14:46:13 [main] INFO  o.a.coyote.http11.Http11NioProtocol - Starting ProtocolHandler ["http-nio-8183"]
2023-03-22 14:46:13 [main] INFO  o.s.b.w.e.tomcat.TomcatWebServer - Tomcat started on port(s): 8183 (http) with context path '/elastic-query-service'
2023-03-22 14:46:13 [main] INFO  c.m.d.e.q.s.ElasticQueryServiceApplication - Started ElasticQueryServiceApplication in 4.764 seconds (JVM running for 5.17)
2023-03-22 14:46:19 [http-nio-8183-exec-2] INFO  o.a.c.c.C.[.[.[/elastic-query-service] - Initializing Spring DispatcherServlet 'dispatcherServlet'
2023-03-22 14:46:19 [http-nio-8183-exec-2] INFO  o.s.web.servlet.DispatcherServlet - Initializing Servlet 'dispatcherServlet'
2023-03-22 14:46:19 [http-nio-8183-exec-2] INFO  o.s.web.servlet.DispatcherServlet - Completed initialization in 1 ms
2023-03-22 14:46:19 [http-nio-8183-exec-2] INFO  c.m.d.e.q.s.b.i.TwitterElasticQueryService - Querying elasticsearch by text null
2023-03-22 14:46:19 [http-nio-8183-exec-2] WARN  org.elasticsearch.client.RestClient - request [POST http://localhost:9200/twitter-index/_search?typed_keys=true&max_concurrent_shard_requests=5&search_type=query_then_fetch&batched_reduce_size=512] returned 1 warnings: [299 Elasticsearch-7.17.4-79878662c54c886ae89206c685d9f1051a9d6411 "Elasticsearch built-in security features are not enabled. Without authentication, your cluster could be accessible to anyone. See https://www.elastic.co/guide/en/elasticsearch/reference/7.17/security-minimal-setup.html to enable security."]
2023-03-22 14:46:19 [http-nio-8183-exec-2] WARN  org.elasticsearch.client.RestClient - request [POST http://localhost:9200/twitter-index/_search?typed_keys=true&max_concurrent_shard_requests=5&search_type=query_then_fetch&batched_reduce_size=512] returned 1 warnings: [299 Elasticsearch-7.17.4-79878662c54c886ae89206c685d9f1051a9d6411 "Elasticsearch built-in security features are not enabled. Without authentication, your cluster could be accessible to anyone. See https://www.elastic.co/guide/en/elasticsearch/reference/7.17/security-minimal-setup.html to enable security."]
2023-03-22 14:46:19 [http-nio-8183-exec-2] INFO  c.m.d.e.q.c.s.i.TwitterElasticRepositoryQueryClient - 1 of documents with text null retrieved successfully
2023-03-22 14:46:19 [http-nio-8183-exec-2] INFO  c.m.d.e.q.s.a.ElasticDocumentController - Elasticsearch returned 1 of documents on port 8183
2023-03-22 15:07:32 [background-preinit] INFO  o.h.validator.internal.util.Version - HV000001: Hibernate Validator 6.2.5.Final
2023-03-22 15:07:32 [main] INFO  c.m.d.e.q.s.ElasticQueryServiceApplication - Starting ElasticQueryServiceApplication using Java 17.0.6 on MacBook-Pro-cua-luong.local with PID 22826 (/Users/luongvantrong/backend/microservice/java/microservices-demo/microservices-demo/elastic-query-service/target/classes started by luongvantrong in /Users/luongvantrong/backend/microservice/java/microservices-demo/microservices-demo)
2023-03-22 15:07:32 [main] INFO  c.m.d.e.q.s.ElasticQueryServiceApplication - The following 1 profile is active: "elastic_query"
2023-03-22 15:07:32 [main] INFO  o.s.c.c.c.ConfigServerConfigDataLoader - Fetching config from server at : http://localhost:8888
2023-03-22 15:07:32 [main] INFO  o.s.c.c.c.ConfigServerConfigDataLoader - Located environment: name=elastic-query-service,config-client, profiles=[elastic_query], label=null, version=87381ac459289ebba1e94d10f5df1b7658d26e9a, state=null
2023-03-22 15:07:32 [main] INFO  o.s.d.r.c.RepositoryConfigurationDelegate - Bootstrapping Spring Data Elasticsearch repositories in DEFAULT mode.
2023-03-22 15:07:32 [main] INFO  o.s.d.r.c.RepositoryConfigurationDelegate - Finished Spring Data repository scanning in 19 ms. Found 1 Elasticsearch repository interfaces.
2023-03-22 15:07:32 [main] INFO  o.s.d.r.c.RepositoryConfigurationDelegate - Bootstrapping Spring Data Reactive Elasticsearch repositories in DEFAULT mode.
2023-03-22 15:07:32 [main] INFO  o.s.d.r.c.RepositoryConfigurationDelegate - Finished Spring Data repository scanning in 1 ms. Found 0 Reactive Elasticsearch repository interfaces.
2023-03-22 15:07:32 [main] INFO  o.s.cloud.context.scope.GenericScope - BeanFactory id=1513370f-f7bc-3b3b-a0d3-c418eac9d6db
2023-03-22 15:07:32 [main] INFO  o.s.b.w.e.tomcat.TomcatWebServer - Tomcat initialized with port(s): 8183 (http)
2023-03-22 15:07:32 [main] INFO  o.a.coyote.http11.Http11NioProtocol - Initializing ProtocolHandler ["http-nio-8183"]
2023-03-22 15:07:32 [main] INFO  o.a.catalina.core.StandardService - Starting service [Tomcat]
2023-03-22 15:07:32 [main] INFO  o.a.catalina.core.StandardEngine - Starting Servlet engine: [Apache Tomcat/9.0.68]
2023-03-22 15:07:32 [main] INFO  o.a.c.c.C.[.[.[/elastic-query-service] - Initializing Spring embedded WebApplicationContext
2023-03-22 15:07:32 [main] INFO  o.s.b.w.s.c.ServletWebServerApplicationContext - Root WebApplicationContext: initialization completed in 789 ms
2023-03-22 15:07:33 [I/O dispatcher 1] WARN  org.elasticsearch.client.RestClient - request [GET http://localhost:9200/] returned 1 warnings: [299 Elasticsearch-7.17.4-79878662c54c886ae89206c685d9f1051a9d6411 "Elasticsearch built-in security features are not enabled. Without authentication, your cluster could be accessible to anyone. See https://www.elastic.co/guide/en/elasticsearch/reference/7.17/security-minimal-setup.html to enable security."]
2023-03-22 15:07:33 [main] WARN  org.elasticsearch.client.RestClient - request [HEAD http://localhost:9200/twitter-index] returned 1 warnings: [299 Elasticsearch-7.17.4-79878662c54c886ae89206c685d9f1051a9d6411 "Elasticsearch built-in security features are not enabled. Without authentication, your cluster could be accessible to anyone. See https://www.elastic.co/guide/en/elasticsearch/reference/7.17/security-minimal-setup.html to enable security."]
2023-03-22 15:07:33 [main] INFO  c.m.d.e.q.s.config.WebSecurityConfig - userData: UserConfigData(username=test, password=test1234, roles=[USER])
2023-03-22 15:07:33 [main] INFO  c.m.d.e.q.s.config.WebSecurityConfig - userConfigData.getUsername(): test
2023-03-22 15:07:33 [main] WARN  o.s.s.c.a.web.builders.WebSecurity - You are asking Spring Security to ignore Ant [pattern='/api-docs']. This is not recommended -- please use permitAll via HttpSecurity#authorizeHttpRequests instead.
2023-03-22 15:07:33 [main] INFO  o.s.s.web.DefaultSecurityFilterChain - Will not secure Ant [pattern='/api-docs']
2023-03-22 15:07:33 [main] INFO  o.s.s.web.DefaultSecurityFilterChain - Will secure any request with [org.springframework.security.web.session.DisableEncodeUrlFilter@1bea7b0, org.springframework.security.web.context.request.async.WebAsyncManagerIntegrationFilter@31433df9, org.springframework.security.web.context.SecurityContextPersistenceFilter@23e9dd78, org.springframework.security.web.header.HeaderWriterFilter@2aafa84f, org.springframework.security.web.authentication.logout.LogoutFilter@65da4a5d, org.springframework.security.web.authentication.www.BasicAuthenticationFilter@6487f7f8, org.springframework.security.web.savedrequest.RequestCacheAwareFilter@6408be5, org.springframework.security.web.servletapi.SecurityContextHolderAwareRequestFilter@77d54a41, org.springframework.security.web.authentication.AnonymousAuthenticationFilter@2d4a0671, org.springframework.security.web.session.SessionManagementFilter@65503a26, org.springframework.security.web.access.ExceptionTranslationFilter@69a76b74, org.springframework.security.web.access.intercept.FilterSecurityInterceptor@5b5b8730]
2023-03-22 15:07:34 [main] INFO  o.a.coyote.http11.Http11NioProtocol - Starting ProtocolHandler ["http-nio-8183"]
2023-03-22 15:07:34 [main] WARN  o.s.b.w.s.c.AnnotationConfigServletWebServerApplicationContext - Exception encountered during context initialization - cancelling refresh attempt: org.springframework.context.ApplicationContextException: Failed to start bean 'webServerStartStop'; nested exception is org.springframework.boot.web.server.PortInUseException: Port 8183 is already in use
2023-03-22 15:07:34 [main] INFO  o.a.coyote.http11.Http11NioProtocol - Pausing ProtocolHandler ["http-nio-8183"]
2023-03-22 15:07:34 [main] INFO  o.a.catalina.core.StandardService - Stopping service [Tomcat]
2023-03-22 15:07:34 [main] INFO  o.a.coyote.http11.Http11NioProtocol - Stopping ProtocolHandler ["http-nio-8183"]
2023-03-22 15:07:34 [main] INFO  o.a.coyote.http11.Http11NioProtocol - Destroying ProtocolHandler ["http-nio-8183"]
2023-03-22 15:07:34 [main] INFO  o.s.b.a.l.ConditionEvaluationReportLoggingListener - 

Error starting ApplicationContext. To display the conditions report re-run your application with 'debug' enabled.
2023-03-22 15:07:34 [main] ERROR o.s.b.d.LoggingFailureAnalysisReporter - 

***************************
APPLICATION FAILED TO START
***************************

Description:

Web server failed to start. Port 8183 was already in use.

Action:

Identify and stop the process that's listening on port 8183 or configure this application to listen on another port.

