2023-03-18 11:18:33 [background-preinit] INFO  o.h.validator.internal.util.Version - HV000001: Hibernate Validator 6.2.0.Final
2023-03-18 11:18:33 [main] INFO  c.m.demo.config.server.ConfigServer - Starting ConfigServer using Java 17.0.6 on 192.168.0.199 with PID 3082 (/Users/luongvantrong/backend/microservice/java/microservices-demo/microservices-demo/config-server/target/classes started by luongvantrong in /Users/luongvantrong/backend/microservice/java/microservices-demo/microservices-demo)
2023-03-18 11:18:33 [main] INFO  c.m.demo.config.server.ConfigServer - No active profile set, falling back to default profiles: default
2023-03-18 11:18:33 [main] INFO  o.s.cloud.context.scope.GenericScope - BeanFactory id=1c7df4a5-d083-3c27-82fd-64180fd3386d
2023-03-18 11:18:33 [main] INFO  o.s.b.w.e.tomcat.TomcatWebServer - Tomcat initialized with port(s): 8888 (http)
2023-03-18 11:18:33 [main] INFO  o.a.coyote.http11.Http11NioProtocol - Initializing ProtocolHandler ["http-nio-8888"]
2023-03-18 11:18:33 [main] INFO  o.a.catalina.core.StandardService - Starting service [Tomcat]
2023-03-18 11:18:33 [main] INFO  o.a.catalina.core.StandardEngine - Starting Servlet engine: [Apache Tomcat/9.0.56]
2023-03-18 11:18:33 [main] INFO  o.a.c.c.C.[Tomcat].[localhost].[/] - Initializing Spring embedded WebApplicationContext
2023-03-18 11:18:33 [main] INFO  o.s.b.w.s.c.ServletWebServerApplicationContext - Root WebApplicationContext: initialization completed in 557 ms
2023-03-18 11:18:33 [main] INFO  o.s.s.web.DefaultSecurityFilterChain - Will secure Ant [pattern='/actuator/**'] with []
2023-03-18 11:18:33 [main] INFO  o.s.s.web.DefaultSecurityFilterChain - Will secure Ant [pattern='/encrypt/**'] with []
2023-03-18 11:18:33 [main] INFO  o.s.s.web.DefaultSecurityFilterChain - Will secure Ant [pattern='/decrypt/**'] with []
2023-03-18 11:18:33 [main] INFO  o.s.s.web.DefaultSecurityFilterChain - Will secure any request with [org.springframework.security.web.context.request.async.WebAsyncManagerIntegrationFilter@4e8b357d, org.springframework.security.web.context.SecurityContextPersistenceFilter@7d0100ea, org.springframework.security.web.header.HeaderWriterFilter@59498d94, org.springframework.security.web.csrf.CsrfFilter@4a070cf0, org.springframework.security.web.authentication.logout.LogoutFilter@65c5bf0e, org.springframework.security.web.authentication.UsernamePasswordAuthenticationFilter@7dee835, org.springframework.security.web.authentication.ui.DefaultLoginPageGeneratingFilter@1af4955e, org.springframework.security.web.authentication.ui.DefaultLogoutPageGeneratingFilter@2e1eb85f, org.springframework.security.web.authentication.www.BasicAuthenticationFilter@2a8b33ba, org.springframework.security.web.savedrequest.RequestCacheAwareFilter@4ea17147, org.springframework.security.web.servletapi.SecurityContextHolderAwareRequestFilter@9a20cbd, org.springframework.security.web.authentication.AnonymousAuthenticationFilter@ea7a4c3, org.springframework.security.web.session.SessionManagementFilter@6b321262, org.springframework.security.web.access.ExceptionTranslationFilter@6367a688, org.springframework.security.web.access.intercept.FilterSecurityInterceptor@28cd2c2]
2023-03-18 11:18:36 [main] INFO  o.a.coyote.http11.Http11NioProtocol - Starting ProtocolHandler ["http-nio-8888"]
2023-03-18 11:18:36 [main] INFO  o.s.b.w.e.tomcat.TomcatWebServer - Tomcat started on port(s): 8888 (http) with context path ''
2023-03-18 11:18:36 [main] INFO  c.m.demo.config.server.ConfigServer - Started ConfigServer in 3.698 seconds (JVM running for 4.139)
2023-03-18 11:18:54 [http-nio-8888-exec-1] INFO  o.a.c.c.C.[Tomcat].[localhost].[/] - Initializing Spring DispatcherServlet 'dispatcherServlet'
2023-03-18 11:18:54 [http-nio-8888-exec-1] INFO  o.s.web.servlet.DispatcherServlet - Initializing Servlet 'dispatcherServlet'
2023-03-18 11:18:54 [http-nio-8888-exec-1] INFO  o.s.web.servlet.DispatcherServlet - Completed initialization in 3 ms
2023-03-18 11:18:56 [http-nio-8888-exec-1] INFO  o.s.c.c.s.e.NativeEnvironmentRepository - Adding property source: Config resource 'file [/var/folders/4z/qmvjh94n4cq6lr5bqr8l9yy00000gn/T/config-repo-5937785069487330075/config-client-twitter_to_kafka.yml]' via location 'file:/var/folders/4z/qmvjh94n4cq6lr5bqr8l9yy00000gn/T/config-repo-5937785069487330075/'
2023-03-18 11:18:56 [http-nio-8888-exec-1] INFO  o.s.c.c.s.e.NativeEnvironmentRepository - Adding property source: Config resource 'file [/var/folders/4z/qmvjh94n4cq6lr5bqr8l9yy00000gn/T/config-repo-5937785069487330075/config-client.yml]' via location 'file:/var/folders/4z/qmvjh94n4cq6lr5bqr8l9yy00000gn/T/config-repo-5937785069487330075/'
2023-03-18 11:19:55 [http-nio-8888-exec-8] INFO  o.s.c.c.s.e.NativeEnvironmentRepository - Adding property source: Config resource 'file [/var/folders/4z/qmvjh94n4cq6lr5bqr8l9yy00000gn/T/config-repo-5937785069487330075/config-client-twitter_to_kafka.yml]' via location 'file:/var/folders/4z/qmvjh94n4cq6lr5bqr8l9yy00000gn/T/config-repo-5937785069487330075/'
2023-03-18 11:19:55 [http-nio-8888-exec-8] INFO  o.s.c.c.s.e.NativeEnvironmentRepository - Adding property source: Config resource 'file [/var/folders/4z/qmvjh94n4cq6lr5bqr8l9yy00000gn/T/config-repo-5937785069487330075/config-client.yml]' via location 'file:/var/folders/4z/qmvjh94n4cq6lr5bqr8l9yy00000gn/T/config-repo-5937785069487330075/'
2023-03-18 11:20:09 [http-nio-8888-exec-10] INFO  o.s.c.c.s.e.NativeEnvironmentRepository - Adding property source: Config resource 'file [/var/folders/4z/qmvjh94n4cq6lr5bqr8l9yy00000gn/T/config-repo-5937785069487330075/config-client-twitter_to_kafka.yml]' via location 'file:/var/folders/4z/qmvjh94n4cq6lr5bqr8l9yy00000gn/T/config-repo-5937785069487330075/'
2023-03-18 11:20:09 [http-nio-8888-exec-10] INFO  o.s.c.c.s.e.NativeEnvironmentRepository - Adding property source: Config resource 'file [/var/folders/4z/qmvjh94n4cq6lr5bqr8l9yy00000gn/T/config-repo-5937785069487330075/config-client.yml]' via location 'file:/var/folders/4z/qmvjh94n4cq6lr5bqr8l9yy00000gn/T/config-repo-5937785069487330075/'
2023-03-18 11:24:20 [http-nio-8888-exec-4] INFO  o.s.c.c.s.e.NativeEnvironmentRepository - Adding property source: Config resource 'file [/var/folders/4z/qmvjh94n4cq6lr5bqr8l9yy00000gn/T/config-repo-5937785069487330075/config-client-twitter_to_kafka.yml]' via location 'file:/var/folders/4z/qmvjh94n4cq6lr5bqr8l9yy00000gn/T/config-repo-5937785069487330075/'
2023-03-18 11:24:20 [http-nio-8888-exec-4] INFO  o.s.c.c.s.e.NativeEnvironmentRepository - Adding property source: Config resource 'file [/var/folders/4z/qmvjh94n4cq6lr5bqr8l9yy00000gn/T/config-repo-5937785069487330075/config-client.yml]' via location 'file:/var/folders/4z/qmvjh94n4cq6lr5bqr8l9yy00000gn/T/config-repo-5937785069487330075/'
2023-03-18 11:25:58 [http-nio-8888-exec-6] INFO  o.s.c.c.s.e.NativeEnvironmentRepository - Adding property source: Config resource 'file [/var/folders/4z/qmvjh94n4cq6lr5bqr8l9yy00000gn/T/config-repo-5937785069487330075/config-client-twitter_to_kafka.yml]' via location 'file:/var/folders/4z/qmvjh94n4cq6lr5bqr8l9yy00000gn/T/config-repo-5937785069487330075/'
2023-03-18 11:25:58 [http-nio-8888-exec-6] INFO  o.s.c.c.s.e.NativeEnvironmentRepository - Adding property source: Config resource 'file [/var/folders/4z/qmvjh94n4cq6lr5bqr8l9yy00000gn/T/config-repo-5937785069487330075/config-client.yml]' via location 'file:/var/folders/4z/qmvjh94n4cq6lr5bqr8l9yy00000gn/T/config-repo-5937785069487330075/'
2023-03-18 11:30:59 [background-preinit] INFO  o.h.validator.internal.util.Version - HV000001: Hibernate Validator 6.2.0.Final
2023-03-18 11:30:59 [main] INFO  c.m.demo.config.server.ConfigServer - Starting ConfigServer using Java 17.0.6 on 192.168.0.199 with PID 3350 (/Users/luongvantrong/backend/microservice/java/microservices-demo/microservices-demo/config-server/target/classes started by luongvantrong in /Users/luongvantrong/backend/microservice/java/microservices-demo/microservices-demo)
2023-03-18 11:30:59 [main] INFO  c.m.demo.config.server.ConfigServer - No active profile set, falling back to default profiles: default
2023-03-18 11:30:59 [main] INFO  o.s.cloud.context.scope.GenericScope - BeanFactory id=1c7df4a5-d083-3c27-82fd-64180fd3386d
2023-03-18 11:30:59 [main] INFO  o.s.b.w.e.tomcat.TomcatWebServer - Tomcat initialized with port(s): 8888 (http)
2023-03-18 11:30:59 [main] INFO  o.a.coyote.http11.Http11NioProtocol - Initializing ProtocolHandler ["http-nio-8888"]
2023-03-18 11:30:59 [main] INFO  o.a.catalina.core.StandardService - Starting service [Tomcat]
2023-03-18 11:30:59 [main] INFO  o.a.catalina.core.StandardEngine - Starting Servlet engine: [Apache Tomcat/9.0.56]
2023-03-18 11:31:00 [main] INFO  o.a.c.c.C.[Tomcat].[localhost].[/] - Initializing Spring embedded WebApplicationContext
2023-03-18 11:31:00 [main] INFO  o.s.b.w.s.c.ServletWebServerApplicationContext - Root WebApplicationContext: initialization completed in 558 ms
2023-03-18 11:31:00 [main] INFO  o.s.s.web.DefaultSecurityFilterChain - Will secure Ant [pattern='/actuator/**'] with []
2023-03-18 11:31:00 [main] INFO  o.s.s.web.DefaultSecurityFilterChain - Will secure Ant [pattern='/encrypt/**'] with []
2023-03-18 11:31:00 [main] INFO  o.s.s.web.DefaultSecurityFilterChain - Will secure Ant [pattern='/decrypt/**'] with []
2023-03-18 11:31:00 [main] INFO  o.s.s.web.DefaultSecurityFilterChain - Will secure any request with [org.springframework.security.web.context.request.async.WebAsyncManagerIntegrationFilter@3bb9ca38, org.springframework.security.web.context.SecurityContextPersistenceFilter@5efeb117, org.springframework.security.web.header.HeaderWriterFilter@52ca2652, org.springframework.security.web.csrf.CsrfFilter@7573b9ee, org.springframework.security.web.authentication.logout.LogoutFilter@b4732dc, org.springframework.security.web.authentication.UsernamePasswordAuthenticationFilter@32a4ecbe, org.springframework.security.web.authentication.ui.DefaultLoginPageGeneratingFilter@f2b90fc, org.springframework.security.web.authentication.ui.DefaultLogoutPageGeneratingFilter@160e99e0, org.springframework.security.web.authentication.www.BasicAuthenticationFilter@5934153e, org.springframework.security.web.savedrequest.RequestCacheAwareFilter@149b4d20, org.springframework.security.web.servletapi.SecurityContextHolderAwareRequestFilter@5d508d22, org.springframework.security.web.authentication.AnonymousAuthenticationFilter@4f3e9fbb, org.springframework.security.web.session.SessionManagementFilter@697d6ded, org.springframework.security.web.access.ExceptionTranslationFilter@3a1f2a1, org.springframework.security.web.access.intercept.FilterSecurityInterceptor@69a024a0]
2023-03-18 11:31:02 [main] INFO  o.a.coyote.http11.Http11NioProtocol - Starting ProtocolHandler ["http-nio-8888"]
2023-03-18 11:31:02 [main] INFO  o.s.b.w.e.tomcat.TomcatWebServer - Tomcat started on port(s): 8888 (http) with context path ''
2023-03-18 11:31:02 [main] INFO  c.m.demo.config.server.ConfigServer - Started ConfigServer in 3.626 seconds (JVM running for 3.989)
2023-03-18 11:31:12 [http-nio-8888-exec-1] INFO  o.a.c.c.C.[Tomcat].[localhost].[/] - Initializing Spring DispatcherServlet 'dispatcherServlet'
2023-03-18 11:31:12 [http-nio-8888-exec-1] INFO  o.s.web.servlet.DispatcherServlet - Initializing Servlet 'dispatcherServlet'
2023-03-18 11:31:12 [http-nio-8888-exec-1] INFO  o.s.web.servlet.DispatcherServlet - Completed initialization in 0 ms
2023-03-18 11:31:13 [http-nio-8888-exec-1] INFO  o.s.c.c.s.e.NativeEnvironmentRepository - Adding property source: Config resource 'file [/var/folders/4z/qmvjh94n4cq6lr5bqr8l9yy00000gn/T/config-repo-16746082429259994915/config-client-twitter_to_kafka.yml]' via location 'file:/var/folders/4z/qmvjh94n4cq6lr5bqr8l9yy00000gn/T/config-repo-16746082429259994915/'
2023-03-18 11:31:13 [http-nio-8888-exec-1] INFO  o.s.c.c.s.e.NativeEnvironmentRepository - Adding property source: Config resource 'file [/var/folders/4z/qmvjh94n4cq6lr5bqr8l9yy00000gn/T/config-repo-16746082429259994915/config-client.yml]' via location 'file:/var/folders/4z/qmvjh94n4cq6lr5bqr8l9yy00000gn/T/config-repo-16746082429259994915/'
2023-03-18 11:31:48 [http-nio-8888-exec-2] INFO  o.s.c.c.s.e.NativeEnvironmentRepository - Adding property source: Config resource 'file [/var/folders/4z/qmvjh94n4cq6lr5bqr8l9yy00000gn/T/config-repo-16746082429259994915/config-client-kafka_to_elastic.yml]' via location 'file:/var/folders/4z/qmvjh94n4cq6lr5bqr8l9yy00000gn/T/config-repo-16746082429259994915/'
2023-03-18 11:31:48 [http-nio-8888-exec-2] INFO  o.s.c.c.s.e.NativeEnvironmentRepository - Adding property source: Config resource 'file [/var/folders/4z/qmvjh94n4cq6lr5bqr8l9yy00000gn/T/config-repo-16746082429259994915/config-client.yml]' via location 'file:/var/folders/4z/qmvjh94n4cq6lr5bqr8l9yy00000gn/T/config-repo-16746082429259994915/'
2023-03-18 11:57:28 [http-nio-8888-exec-5] INFO  o.s.c.c.s.e.NativeEnvironmentRepository - Adding property source: Config resource 'file [/var/folders/4z/qmvjh94n4cq6lr5bqr8l9yy00000gn/T/config-repo-16746082429259994915/config-client-kafka_to_elastic.yml]' via location 'file:/var/folders/4z/qmvjh94n4cq6lr5bqr8l9yy00000gn/T/config-repo-16746082429259994915/'
2023-03-18 11:57:28 [http-nio-8888-exec-5] INFO  o.s.c.c.s.e.NativeEnvironmentRepository - Adding property source: Config resource 'file [/var/folders/4z/qmvjh94n4cq6lr5bqr8l9yy00000gn/T/config-repo-16746082429259994915/config-client.yml]' via location 'file:/var/folders/4z/qmvjh94n4cq6lr5bqr8l9yy00000gn/T/config-repo-16746082429259994915/'
2023-03-18 12:06:19 [http-nio-8888-exec-7] INFO  o.s.c.c.s.e.NativeEnvironmentRepository - Adding property source: Config resource 'file [/var/folders/4z/qmvjh94n4cq6lr5bqr8l9yy00000gn/T/config-repo-16746082429259994915/config-client-kafka_to_elastic.yml]' via location 'file:/var/folders/4z/qmvjh94n4cq6lr5bqr8l9yy00000gn/T/config-repo-16746082429259994915/'
2023-03-18 12:06:19 [http-nio-8888-exec-7] INFO  o.s.c.c.s.e.NativeEnvironmentRepository - Adding property source: Config resource 'file [/var/folders/4z/qmvjh94n4cq6lr5bqr8l9yy00000gn/T/config-repo-16746082429259994915/config-client.yml]' via location 'file:/var/folders/4z/qmvjh94n4cq6lr5bqr8l9yy00000gn/T/config-repo-16746082429259994915/'
2023-03-18 13:39:55 [http-nio-8888-exec-9] INFO  o.s.c.c.s.e.NativeEnvironmentRepository - Adding property source: Config resource 'file [/var/folders/4z/qmvjh94n4cq6lr5bqr8l9yy00000gn/T/config-repo-16746082429259994915/config-client-kafka_to_elastic.yml]' via location 'file:/var/folders/4z/qmvjh94n4cq6lr5bqr8l9yy00000gn/T/config-repo-16746082429259994915/'
2023-03-18 13:39:55 [http-nio-8888-exec-9] INFO  o.s.c.c.s.e.NativeEnvironmentRepository - Adding property source: Config resource 'file [/var/folders/4z/qmvjh94n4cq6lr5bqr8l9yy00000gn/T/config-repo-16746082429259994915/config-client.yml]' via location 'file:/var/folders/4z/qmvjh94n4cq6lr5bqr8l9yy00000gn/T/config-repo-16746082429259994915/'
2023-03-18 13:41:01 [http-nio-8888-exec-1] INFO  o.s.c.c.s.e.NativeEnvironmentRepository - Adding property source: Config resource 'file [/var/folders/4z/qmvjh94n4cq6lr5bqr8l9yy00000gn/T/config-repo-16746082429259994915/config-client-kafka_to_elastic.yml]' via location 'file:/var/folders/4z/qmvjh94n4cq6lr5bqr8l9yy00000gn/T/config-repo-16746082429259994915/'
2023-03-18 13:41:01 [http-nio-8888-exec-1] INFO  o.s.c.c.s.e.NativeEnvironmentRepository - Adding property source: Config resource 'file [/var/folders/4z/qmvjh94n4cq6lr5bqr8l9yy00000gn/T/config-repo-16746082429259994915/config-client.yml]' via location 'file:/var/folders/4z/qmvjh94n4cq6lr5bqr8l9yy00000gn/T/config-repo-16746082429259994915/'
2023-03-18 13:47:43 [http-nio-8888-exec-3] INFO  o.s.c.c.s.e.NativeEnvironmentRepository - Adding property source: Config resource 'file [/var/folders/4z/qmvjh94n4cq6lr5bqr8l9yy00000gn/T/config-repo-16746082429259994915/config-client-kafka_to_elastic.yml]' via location 'file:/var/folders/4z/qmvjh94n4cq6lr5bqr8l9yy00000gn/T/config-repo-16746082429259994915/'
2023-03-18 13:47:43 [http-nio-8888-exec-3] INFO  o.s.c.c.s.e.NativeEnvironmentRepository - Adding property source: Config resource 'file [/var/folders/4z/qmvjh94n4cq6lr5bqr8l9yy00000gn/T/config-repo-16746082429259994915/config-client.yml]' via location 'file:/var/folders/4z/qmvjh94n4cq6lr5bqr8l9yy00000gn/T/config-repo-16746082429259994915/'
2023-03-18 13:52:10 [http-nio-8888-exec-5] INFO  o.s.c.c.s.e.NativeEnvironmentRepository - Adding property source: Config resource 'file [/var/folders/4z/qmvjh94n4cq6lr5bqr8l9yy00000gn/T/config-repo-16746082429259994915/config-client-kafka_to_elastic.yml]' via location 'file:/var/folders/4z/qmvjh94n4cq6lr5bqr8l9yy00000gn/T/config-repo-16746082429259994915/'
2023-03-18 13:52:10 [http-nio-8888-exec-5] INFO  o.s.c.c.s.e.NativeEnvironmentRepository - Adding property source: Config resource 'file [/var/folders/4z/qmvjh94n4cq6lr5bqr8l9yy00000gn/T/config-repo-16746082429259994915/config-client.yml]' via location 'file:/var/folders/4z/qmvjh94n4cq6lr5bqr8l9yy00000gn/T/config-repo-16746082429259994915/'
2023-03-18 13:55:00 [http-nio-8888-exec-7] INFO  o.s.c.c.s.e.NativeEnvironmentRepository - Adding property source: Config resource 'file [/var/folders/4z/qmvjh94n4cq6lr5bqr8l9yy00000gn/T/config-repo-16746082429259994915/config-client-kafka_to_elastic.yml]' via location 'file:/var/folders/4z/qmvjh94n4cq6lr5bqr8l9yy00000gn/T/config-repo-16746082429259994915/'
2023-03-18 13:55:00 [http-nio-8888-exec-7] INFO  o.s.c.c.s.e.NativeEnvironmentRepository - Adding property source: Config resource 'file [/var/folders/4z/qmvjh94n4cq6lr5bqr8l9yy00000gn/T/config-repo-16746082429259994915/config-client.yml]' via location 'file:/var/folders/4z/qmvjh94n4cq6lr5bqr8l9yy00000gn/T/config-repo-16746082429259994915/'
