2023-03-16 10:43:09 [background-preinit] INFO  o.h.validator.internal.util.Version - HV000001: Hibernate Validator 6.2.0.Final
2023-03-16 10:43:09 [main] INFO  c.m.demo.config.server.ConfigServer - Starting ConfigServer using Java 17.0.6 on MacBook-Pro-cua-luong.local with PID 2541 (/Users/luongvantrong/backend/microservice/java/microservices-demo/microservices-demo/config-server/target/classes started by luongvantrong in /Users/luongvantrong/backend/microservice/java/microservices-demo/microservices-demo)
2023-03-16 10:43:09 [main] INFO  c.m.demo.config.server.ConfigServer - No active profile set, falling back to default profiles: default
2023-03-16 10:43:10 [main] INFO  o.s.cloud.context.scope.GenericScope - BeanFactory id=1c7df4a5-d083-3c27-82fd-64180fd3386d
2023-03-16 10:43:10 [main] INFO  o.s.b.w.e.tomcat.TomcatWebServer - Tomcat initialized with port(s): 8888 (http)
2023-03-16 10:43:10 [main] INFO  o.a.coyote.http11.Http11NioProtocol - Initializing ProtocolHandler ["http-nio-8888"]
2023-03-16 10:43:10 [main] INFO  o.a.catalina.core.StandardService - Starting service [Tomcat]
2023-03-16 10:43:10 [main] INFO  o.a.catalina.core.StandardEngine - Starting Servlet engine: [Apache Tomcat/9.0.56]
2023-03-16 10:43:10 [main] INFO  o.a.c.c.C.[Tomcat].[localhost].[/] - Initializing Spring embedded WebApplicationContext
2023-03-16 10:43:10 [main] INFO  o.s.b.w.s.c.ServletWebServerApplicationContext - Root WebApplicationContext: initialization completed in 562 ms
2023-03-16 10:43:10 [main] INFO  o.s.s.web.DefaultSecurityFilterChain - Will secure Ant [pattern='/actuator/**'] with []
2023-03-16 10:43:10 [main] INFO  o.s.s.web.DefaultSecurityFilterChain - Will secure Ant [pattern='/encrypt/**'] with []
2023-03-16 10:43:10 [main] INFO  o.s.s.web.DefaultSecurityFilterChain - Will secure Ant [pattern='/decrypt/**'] with []
2023-03-16 10:43:10 [main] INFO  o.s.s.web.DefaultSecurityFilterChain - Will secure any request with [org.springframework.security.web.context.request.async.WebAsyncManagerIntegrationFilter@48268eec, org.springframework.security.web.context.SecurityContextPersistenceFilter@bb25753, org.springframework.security.web.header.HeaderWriterFilter@1af4955e, org.springframework.security.web.csrf.CsrfFilter@713a35c5, org.springframework.security.web.authentication.logout.LogoutFilter@2bb41f5c, org.springframework.security.web.authentication.UsernamePasswordAuthenticationFilter@2e1eb85f, org.springframework.security.web.authentication.ui.DefaultLoginPageGeneratingFilter@35dece42, org.springframework.security.web.authentication.ui.DefaultLogoutPageGeneratingFilter@69a024a0, org.springframework.security.web.authentication.www.BasicAuthenticationFilter@1e3f0aea, org.springframework.security.web.savedrequest.RequestCacheAwareFilter@40c06358, org.springframework.security.web.servletapi.SecurityContextHolderAwareRequestFilter@543d5863, org.springframework.security.web.authentication.AnonymousAuthenticationFilter@4bf80c29, org.springframework.security.web.session.SessionManagementFilter@2c0c4c0a, org.springframework.security.web.access.ExceptionTranslationFilter@7573b9ee, org.springframework.security.web.access.intercept.FilterSecurityInterceptor@3f9b7fe1]
2023-03-16 10:43:10 [main] WARN  org.eclipse.jgit.util.FS_POSIX - null
2023-03-16 10:43:13 [main] INFO  o.a.coyote.http11.Http11NioProtocol - Starting ProtocolHandler ["http-nio-8888"]
2023-03-16 10:43:13 [main] INFO  o.s.b.w.e.tomcat.TomcatWebServer - Tomcat started on port(s): 8888 (http) with context path ''
2023-03-16 10:43:13 [main] INFO  c.m.demo.config.server.ConfigServer - Started ConfigServer in 4.281 seconds (JVM running for 4.666)
2023-03-16 11:30:21 [background-preinit] INFO  o.h.validator.internal.util.Version - HV000001: Hibernate Validator 6.2.0.Final
2023-03-16 11:30:21 [main] INFO  c.m.demo.config.server.ConfigServer - Starting ConfigServer using Java 17.0.6 on MacBook-Pro-cua-luong.local with PID 10286 (/Users/luongvantrong/backend/microservice/java/microservices-demo/microservices-demo/config-server/target/classes started by luongvantrong in /Users/luongvantrong/backend/microservice/java/microservices-demo/microservices-demo)
2023-03-16 11:30:21 [main] INFO  c.m.demo.config.server.ConfigServer - No active profile set, falling back to default profiles: default
2023-03-16 11:30:22 [main] INFO  o.s.cloud.context.scope.GenericScope - BeanFactory id=1c7df4a5-d083-3c27-82fd-64180fd3386d
2023-03-16 11:30:22 [main] INFO  o.s.b.w.e.tomcat.TomcatWebServer - Tomcat initialized with port(s): 8888 (http)
2023-03-16 11:30:22 [main] INFO  o.a.coyote.http11.Http11NioProtocol - Initializing ProtocolHandler ["http-nio-8888"]
2023-03-16 11:30:22 [main] INFO  o.a.catalina.core.StandardService - Starting service [Tomcat]
2023-03-16 11:30:22 [main] INFO  o.a.catalina.core.StandardEngine - Starting Servlet engine: [Apache Tomcat/9.0.56]
2023-03-16 11:30:22 [main] INFO  o.a.c.c.C.[Tomcat].[localhost].[/] - Initializing Spring embedded WebApplicationContext
2023-03-16 11:30:22 [main] INFO  o.s.b.w.s.c.ServletWebServerApplicationContext - Root WebApplicationContext: initialization completed in 558 ms
2023-03-16 11:30:22 [main] INFO  o.s.s.web.DefaultSecurityFilterChain - Will secure Ant [pattern='/actuator/**'] with []
2023-03-16 11:30:22 [main] INFO  o.s.s.web.DefaultSecurityFilterChain - Will secure Ant [pattern='/encrypt/**'] with []
2023-03-16 11:30:22 [main] INFO  o.s.s.web.DefaultSecurityFilterChain - Will secure Ant [pattern='/decrypt/**'] with []
2023-03-16 11:30:22 [main] INFO  o.s.s.web.DefaultSecurityFilterChain - Will secure any request with [org.springframework.security.web.context.request.async.WebAsyncManagerIntegrationFilter@31723307, org.springframework.security.web.context.SecurityContextPersistenceFilter@309dcdf3, org.springframework.security.web.header.HeaderWriterFilter@357bc488, org.springframework.security.web.csrf.CsrfFilter@432af457, org.springframework.security.web.authentication.logout.LogoutFilter@149b4d20, org.springframework.security.web.authentication.UsernamePasswordAuthenticationFilter@5c059a68, org.springframework.security.web.authentication.ui.DefaultLoginPageGeneratingFilter@ee21292, org.springframework.security.web.authentication.ui.DefaultLogoutPageGeneratingFilter@2401856, org.springframework.security.web.authentication.www.BasicAuthenticationFilter@6af5b246, org.springframework.security.web.savedrequest.RequestCacheAwareFilter@9a20cbd, org.springframework.security.web.servletapi.SecurityContextHolderAwareRequestFilter@bb25753, org.springframework.security.web.authentication.AnonymousAuthenticationFilter@6d6f6860, org.springframework.security.web.session.SessionManagementFilter@2eda4eeb, org.springframework.security.web.access.ExceptionTranslationFilter@68b11545, org.springframework.security.web.access.intercept.FilterSecurityInterceptor@7dee835]
2023-03-16 11:30:22 [main] WARN  org.eclipse.jgit.util.FS_POSIX - null
2023-03-16 11:30:25 [main] INFO  o.a.coyote.http11.Http11NioProtocol - Starting ProtocolHandler ["http-nio-8888"]
2023-03-16 11:30:25 [main] INFO  o.s.b.w.e.tomcat.TomcatWebServer - Tomcat started on port(s): 8888 (http) with context path ''
2023-03-16 11:30:25 [main] INFO  c.m.demo.config.server.ConfigServer - Started ConfigServer in 3.977 seconds (JVM running for 4.298)
2023-03-16 11:30:55 [http-nio-8888-exec-1] INFO  o.a.c.c.C.[Tomcat].[localhost].[/] - Initializing Spring DispatcherServlet 'dispatcherServlet'
2023-03-16 11:30:55 [http-nio-8888-exec-1] INFO  o.s.web.servlet.DispatcherServlet - Initializing Servlet 'dispatcherServlet'
2023-03-16 11:30:55 [http-nio-8888-exec-1] INFO  o.s.web.servlet.DispatcherServlet - Completed initialization in 2 ms
2023-03-16 11:37:51 [background-preinit] INFO  o.h.validator.internal.util.Version - HV000001: Hibernate Validator 6.2.0.Final
2023-03-16 11:37:51 [main] INFO  c.m.demo.config.server.ConfigServer - Starting ConfigServer using Java 17.0.6 on MacBook-Pro-cua-luong.local with PID 11546 (/Users/luongvantrong/backend/microservice/java/microservices-demo/microservices-demo/config-server/target/classes started by luongvantrong in /Users/luongvantrong/backend/microservice/java/microservices-demo/microservices-demo)
2023-03-16 11:37:51 [main] INFO  c.m.demo.config.server.ConfigServer - No active profile set, falling back to default profiles: default
2023-03-16 11:37:51 [main] INFO  o.s.cloud.context.scope.GenericScope - BeanFactory id=1c7df4a5-d083-3c27-82fd-64180fd3386d
2023-03-16 11:37:52 [main] INFO  o.s.b.w.e.tomcat.TomcatWebServer - Tomcat initialized with port(s): 8888 (http)
2023-03-16 11:37:52 [main] INFO  o.a.coyote.http11.Http11NioProtocol - Initializing ProtocolHandler ["http-nio-8888"]
2023-03-16 11:37:52 [main] INFO  o.a.catalina.core.StandardService - Starting service [Tomcat]
2023-03-16 11:37:52 [main] INFO  o.a.catalina.core.StandardEngine - Starting Servlet engine: [Apache Tomcat/9.0.56]
2023-03-16 11:37:52 [main] INFO  o.a.c.c.C.[Tomcat].[localhost].[/] - Initializing Spring embedded WebApplicationContext
2023-03-16 11:37:52 [main] INFO  o.s.b.w.s.c.ServletWebServerApplicationContext - Root WebApplicationContext: initialization completed in 565 ms
2023-03-16 11:37:52 [main] INFO  o.s.s.web.DefaultSecurityFilterChain - Will secure Ant [pattern='/actuator/**'] with []
2023-03-16 11:37:52 [main] INFO  o.s.s.web.DefaultSecurityFilterChain - Will secure Ant [pattern='/encrypt/**'] with []
2023-03-16 11:37:52 [main] INFO  o.s.s.web.DefaultSecurityFilterChain - Will secure Ant [pattern='/decrypt/**'] with []
2023-03-16 11:37:52 [main] INFO  o.s.s.web.DefaultSecurityFilterChain - Will secure any request with [org.springframework.security.web.context.request.async.WebAsyncManagerIntegrationFilter@69a024a0, org.springframework.security.web.context.SecurityContextPersistenceFilter@ee21292, org.springframework.security.web.header.HeaderWriterFilter@445821a6, org.springframework.security.web.csrf.CsrfFilter@62aeddc8, org.springframework.security.web.authentication.logout.LogoutFilter@24c685e7, org.springframework.security.web.authentication.UsernamePasswordAuthenticationFilter@ea7a4c3, org.springframework.security.web.authentication.ui.DefaultLoginPageGeneratingFilter@dd3f8aa, org.springframework.security.web.authentication.ui.DefaultLogoutPageGeneratingFilter@4bf80c29, org.springframework.security.web.authentication.www.BasicAuthenticationFilter@48268eec, org.springframework.security.web.savedrequest.RequestCacheAwareFilter@66e21568, org.springframework.security.web.servletapi.SecurityContextHolderAwareRequestFilter@35dece42, org.springframework.security.web.authentication.AnonymousAuthenticationFilter@2d7637e6, org.springframework.security.web.session.SessionManagementFilter@35d26ad2, org.springframework.security.web.access.ExceptionTranslationFilter@9a20cbd, org.springframework.security.web.access.intercept.FilterSecurityInterceptor@2f79f192]
2023-03-16 11:37:52 [main] WARN  org.eclipse.jgit.util.FS_POSIX - null
2023-03-16 11:37:54 [main] INFO  o.a.coyote.http11.Http11NioProtocol - Starting ProtocolHandler ["http-nio-8888"]
2023-03-16 11:37:54 [main] INFO  o.s.b.w.e.tomcat.TomcatWebServer - Tomcat started on port(s): 8888 (http) with context path ''
2023-03-16 11:37:54 [main] INFO  c.m.demo.config.server.ConfigServer - Started ConfigServer in 3.641 seconds (JVM running for 4.014)
2023-03-16 11:38:40 [http-nio-8888-exec-1] INFO  o.a.c.c.C.[Tomcat].[localhost].[/] - Initializing Spring DispatcherServlet 'dispatcherServlet'
2023-03-16 11:38:40 [http-nio-8888-exec-1] INFO  o.s.web.servlet.DispatcherServlet - Initializing Servlet 'dispatcherServlet'
2023-03-16 11:38:40 [http-nio-8888-exec-1] INFO  o.s.web.servlet.DispatcherServlet - Completed initialization in 3 ms
2023-03-16 11:39:55 [http-nio-8888-exec-3] INFO  o.s.c.c.s.e.NativeEnvironmentRepository - Adding property source: Config resource 'file [/var/folders/4z/qmvjh94n4cq6lr5bqr8l9yy00000gn/T/config-repo-595422417672500262/config-client-twitter_to_kafka.yml]' via location 'file:/var/folders/4z/qmvjh94n4cq6lr5bqr8l9yy00000gn/T/config-repo-595422417672500262/'
2023-03-16 11:39:55 [http-nio-8888-exec-3] INFO  o.s.c.c.s.e.NativeEnvironmentRepository - Adding property source: Config resource 'file [/var/folders/4z/qmvjh94n4cq6lr5bqr8l9yy00000gn/T/config-repo-595422417672500262/config-client.yml]' via location 'file:/var/folders/4z/qmvjh94n4cq6lr5bqr8l9yy00000gn/T/config-repo-595422417672500262/'
2023-03-16 13:39:19 [background-preinit] INFO  o.h.validator.internal.util.Version - HV000001: Hibernate Validator 6.2.0.Final
2023-03-16 13:39:19 [main] INFO  c.m.demo.config.server.ConfigServer - Starting ConfigServer using Java 17.0.6 on MacBook-Pro-cua-luong.local with PID 22464 (/Users/luongvantrong/backend/microservice/java/microservices-demo/microservices-demo/config-server/target/classes started by luongvantrong in /Users/luongvantrong/backend/microservice/java/microservices-demo/microservices-demo)
2023-03-16 13:39:19 [main] INFO  c.m.demo.config.server.ConfigServer - No active profile set, falling back to default profiles: default
2023-03-16 13:39:20 [main] INFO  o.s.cloud.context.scope.GenericScope - BeanFactory id=1c7df4a5-d083-3c27-82fd-64180fd3386d
2023-03-16 13:39:20 [main] INFO  o.s.b.w.e.tomcat.TomcatWebServer - Tomcat initialized with port(s): 8888 (http)
2023-03-16 13:39:20 [main] INFO  o.a.coyote.http11.Http11NioProtocol - Initializing ProtocolHandler ["http-nio-8888"]
2023-03-16 13:39:20 [main] INFO  o.a.catalina.core.StandardService - Starting service [Tomcat]
2023-03-16 13:39:20 [main] INFO  o.a.catalina.core.StandardEngine - Starting Servlet engine: [Apache Tomcat/9.0.56]
2023-03-16 13:39:20 [main] INFO  o.a.c.c.C.[Tomcat].[localhost].[/] - Initializing Spring embedded WebApplicationContext
2023-03-16 13:39:20 [main] INFO  o.s.b.w.s.c.ServletWebServerApplicationContext - Root WebApplicationContext: initialization completed in 742 ms
2023-03-16 13:39:20 [main] INFO  o.s.s.web.DefaultSecurityFilterChain - Will secure Ant [pattern='/actuator/**'] with []
2023-03-16 13:39:20 [main] INFO  o.s.s.web.DefaultSecurityFilterChain - Will secure Ant [pattern='/encrypt/**'] with []
2023-03-16 13:39:20 [main] INFO  o.s.s.web.DefaultSecurityFilterChain - Will secure Ant [pattern='/decrypt/**'] with []
2023-03-16 13:39:20 [main] INFO  o.s.s.web.DefaultSecurityFilterChain - Will secure any request with [org.springframework.security.web.context.request.async.WebAsyncManagerIntegrationFilter@3bb9ca38, org.springframework.security.web.context.SecurityContextPersistenceFilter@5efeb117, org.springframework.security.web.header.HeaderWriterFilter@52ca2652, org.springframework.security.web.csrf.CsrfFilter@7573b9ee, org.springframework.security.web.authentication.logout.LogoutFilter@b4732dc, org.springframework.security.web.authentication.UsernamePasswordAuthenticationFilter@32a4ecbe, org.springframework.security.web.authentication.ui.DefaultLoginPageGeneratingFilter@f2b90fc, org.springframework.security.web.authentication.ui.DefaultLogoutPageGeneratingFilter@160e99e0, org.springframework.security.web.authentication.www.BasicAuthenticationFilter@5934153e, org.springframework.security.web.savedrequest.RequestCacheAwareFilter@149b4d20, org.springframework.security.web.servletapi.SecurityContextHolderAwareRequestFilter@5d508d22, org.springframework.security.web.authentication.AnonymousAuthenticationFilter@4f3e9fbb, org.springframework.security.web.session.SessionManagementFilter@697d6ded, org.springframework.security.web.access.ExceptionTranslationFilter@3a1f2a1, org.springframework.security.web.access.intercept.FilterSecurityInterceptor@69a024a0]
2023-03-16 13:39:20 [main] WARN  org.eclipse.jgit.util.FS_POSIX - null
2023-03-16 13:39:23 [main] INFO  o.a.coyote.http11.Http11NioProtocol - Starting ProtocolHandler ["http-nio-8888"]
2023-03-16 13:39:23 [main] INFO  o.s.b.w.e.tomcat.TomcatWebServer - Tomcat started on port(s): 8888 (http) with context path ''
2023-03-16 13:39:23 [main] INFO  c.m.demo.config.server.ConfigServer - Started ConfigServer in 4.875 seconds (JVM running for 5.308)
2023-03-16 13:39:36 [http-nio-8888-exec-1] INFO  o.a.c.c.C.[Tomcat].[localhost].[/] - Initializing Spring DispatcherServlet 'dispatcherServlet'
2023-03-16 13:39:36 [http-nio-8888-exec-1] INFO  o.s.web.servlet.DispatcherServlet - Initializing Servlet 'dispatcherServlet'
2023-03-16 13:39:36 [http-nio-8888-exec-1] INFO  o.s.web.servlet.DispatcherServlet - Completed initialization in 1 ms
2023-03-16 13:40:18 [http-nio-8888-exec-4] INFO  o.s.c.c.s.e.NativeEnvironmentRepository - Adding property source: Config resource 'file [/var/folders/4z/qmvjh94n4cq6lr5bqr8l9yy00000gn/T/config-repo-13311341786831082858/config-client-twitter_to_kafka.yml]' via location 'file:/var/folders/4z/qmvjh94n4cq6lr5bqr8l9yy00000gn/T/config-repo-13311341786831082858/'
2023-03-16 13:40:18 [http-nio-8888-exec-4] INFO  o.s.c.c.s.e.NativeEnvironmentRepository - Adding property source: Config resource 'file [/var/folders/4z/qmvjh94n4cq6lr5bqr8l9yy00000gn/T/config-repo-13311341786831082858/config-client.yml]' via location 'file:/var/folders/4z/qmvjh94n4cq6lr5bqr8l9yy00000gn/T/config-repo-13311341786831082858/'
