2023-03-19 23:14:47 [background-preinit] INFO  o.h.validator.internal.util.Version - HV000001: Hibernate Validator 6.2.5.Final
2023-03-19 23:14:47 [main] INFO  c.m.demo.config.server.ConfigServer - Starting ConfigServer using Java 17.0.6 on 192.168.0.199 with PID 17555 (/Users/luongvantrong/backend/microservice/java/microservices-demo/microservices-demo/config-server/target/classes started by luongvantrong in /Users/luongvantrong/backend/microservice/java/microservices-demo/microservices-demo)
2023-03-19 23:14:47 [main] INFO  c.m.demo.config.server.ConfigServer - No active profile set, falling back to 1 default profile: "default"
2023-03-19 23:14:47 [main] INFO  o.s.cloud.context.scope.GenericScope - BeanFactory id=5661a031-9c92-3b67-a98a-91252b007904
2023-03-19 23:14:47 [main] INFO  o.s.b.w.e.tomcat.TomcatWebServer - Tomcat initialized with port(s): 8888 (http)
2023-03-19 23:14:47 [main] INFO  o.a.coyote.http11.Http11NioProtocol - Initializing ProtocolHandler ["http-nio-8888"]
2023-03-19 23:14:47 [main] INFO  o.a.catalina.core.StandardService - Starting service [Tomcat]
2023-03-19 23:14:47 [main] INFO  o.a.catalina.core.StandardEngine - Starting Servlet engine: [Apache Tomcat/9.0.68]
2023-03-19 23:14:47 [main] INFO  o.a.c.c.C.[Tomcat].[localhost].[/] - Initializing Spring embedded WebApplicationContext
2023-03-19 23:14:47 [main] INFO  o.s.b.w.s.c.ServletWebServerApplicationContext - Root WebApplicationContext: initialization completed in 549 ms
2023-03-19 23:14:48 [main] WARN  o.s.s.c.a.web.builders.WebSecurity - You are asking Spring Security to ignore Ant [pattern='/actuator/**']. This is not recommended -- please use permitAll via HttpSecurity#authorizeHttpRequests instead.
2023-03-19 23:14:48 [main] INFO  o.s.s.web.DefaultSecurityFilterChain - Will not secure Ant [pattern='/actuator/**']
2023-03-19 23:14:48 [main] WARN  o.s.s.c.a.web.builders.WebSecurity - You are asking Spring Security to ignore Ant [pattern='/encrypt/**']. This is not recommended -- please use permitAll via HttpSecurity#authorizeHttpRequests instead.
2023-03-19 23:14:48 [main] INFO  o.s.s.web.DefaultSecurityFilterChain - Will not secure Ant [pattern='/encrypt/**']
2023-03-19 23:14:48 [main] WARN  o.s.s.c.a.web.builders.WebSecurity - You are asking Spring Security to ignore Ant [pattern='/decrypt/**']. This is not recommended -- please use permitAll via HttpSecurity#authorizeHttpRequests instead.
2023-03-19 23:14:48 [main] INFO  o.s.s.web.DefaultSecurityFilterChain - Will not secure Ant [pattern='/decrypt/**']
2023-03-19 23:14:48 [main] INFO  o.s.s.web.DefaultSecurityFilterChain - Will secure any request with [org.springframework.security.web.session.DisableEncodeUrlFilter@1283ca23, org.springframework.security.web.context.request.async.WebAsyncManagerIntegrationFilter@740fefc6, org.springframework.security.web.context.SecurityContextPersistenceFilter@245253d8, org.springframework.security.web.header.HeaderWriterFilter@733fb462, org.springframework.security.web.csrf.CsrfFilter@55acec99, org.springframework.security.web.authentication.logout.LogoutFilter@4e8b357d, org.springframework.security.web.authentication.UsernamePasswordAuthenticationFilter@2c1f8dbd, org.springframework.security.web.authentication.ui.DefaultLoginPageGeneratingFilter@392781e, org.springframework.security.web.authentication.ui.DefaultLogoutPageGeneratingFilter@aa61e4e, org.springframework.security.web.authentication.www.BasicAuthenticationFilter@4b56b031, org.springframework.security.web.savedrequest.RequestCacheAwareFilter@459003a0, org.springframework.security.web.servletapi.SecurityContextHolderAwareRequestFilter@787e4357, org.springframework.security.web.authentication.AnonymousAuthenticationFilter@733e6df7, org.springframework.security.web.session.SessionManagementFilter@359066bc, org.springframework.security.web.access.ExceptionTranslationFilter@6c977dcf, org.springframework.security.web.access.intercept.FilterSecurityInterceptor@499ee966]
2023-03-19 23:14:50 [main] INFO  o.a.coyote.http11.Http11NioProtocol - Starting ProtocolHandler ["http-nio-8888"]
2023-03-19 23:14:50 [main] INFO  o.s.b.w.e.tomcat.TomcatWebServer - Tomcat started on port(s): 8888 (http) with context path ''
2023-03-19 23:14:51 [main] INFO  c.m.demo.config.server.ConfigServer - Started ConfigServer in 4.004 seconds (JVM running for 4.287)
2023-03-19 23:14:51 [http-nio-8888-exec-1] INFO  o.a.c.c.C.[Tomcat].[localhost].[/] - Initializing Spring DispatcherServlet 'dispatcherServlet'
2023-03-19 23:14:51 [http-nio-8888-exec-1] INFO  o.s.web.servlet.DispatcherServlet - Initializing Servlet 'dispatcherServlet'
2023-03-19 23:14:51 [http-nio-8888-exec-1] INFO  o.s.web.servlet.DispatcherServlet - Completed initialization in 0 ms
2023-03-19 23:14:51 [http-nio-8888-exec-1] INFO  o.s.c.c.s.e.EncryptionController - Encrypted data
2023-03-19 23:14:56 [http-nio-8888-exec-3] INFO  o.s.c.c.s.e.EncryptionController - Encrypted data
2023-03-19 23:15:03 [http-nio-8888-exec-4] INFO  o.s.c.c.s.e.EncryptionController - Decrypted cipher data
2023-03-19 23:15:16 [background-preinit] INFO  o.h.validator.internal.util.Version - HV000001: Hibernate Validator 6.2.5.Final
2023-03-19 23:15:16 [main] INFO  c.m.demo.config.server.ConfigServer - Starting ConfigServer using Java 17.0.6 on 192.168.0.199 with PID 17595 (/Users/luongvantrong/backend/microservice/java/microservices-demo/microservices-demo/config-server/target/classes started by luongvantrong in /Users/luongvantrong/backend/microservice/java/microservices-demo/microservices-demo)
2023-03-19 23:15:16 [main] INFO  c.m.demo.config.server.ConfigServer - No active profile set, falling back to 1 default profile: "default"
2023-03-19 23:15:17 [main] INFO  o.s.cloud.context.scope.GenericScope - BeanFactory id=5661a031-9c92-3b67-a98a-91252b007904
2023-03-19 23:15:17 [main] INFO  o.s.b.w.e.tomcat.TomcatWebServer - Tomcat initialized with port(s): 8888 (http)
2023-03-19 23:15:17 [main] INFO  o.a.coyote.http11.Http11NioProtocol - Initializing ProtocolHandler ["http-nio-8888"]
2023-03-19 23:15:17 [main] INFO  o.a.catalina.core.StandardService - Starting service [Tomcat]
2023-03-19 23:15:17 [main] INFO  o.a.catalina.core.StandardEngine - Starting Servlet engine: [Apache Tomcat/9.0.68]
2023-03-19 23:15:17 [main] INFO  o.a.c.c.C.[Tomcat].[localhost].[/] - Initializing Spring embedded WebApplicationContext
2023-03-19 23:15:17 [main] INFO  o.s.b.w.s.c.ServletWebServerApplicationContext - Root WebApplicationContext: initialization completed in 529 ms
2023-03-19 23:15:17 [main] WARN  o.s.s.c.a.web.builders.WebSecurity - You are asking Spring Security to ignore Ant [pattern='/actuator/**']. This is not recommended -- please use permitAll via HttpSecurity#authorizeHttpRequests instead.
2023-03-19 23:15:17 [main] INFO  o.s.s.web.DefaultSecurityFilterChain - Will not secure Ant [pattern='/actuator/**']
2023-03-19 23:15:17 [main] WARN  o.s.s.c.a.web.builders.WebSecurity - You are asking Spring Security to ignore Ant [pattern='/encrypt/**']. This is not recommended -- please use permitAll via HttpSecurity#authorizeHttpRequests instead.
2023-03-19 23:15:17 [main] INFO  o.s.s.web.DefaultSecurityFilterChain - Will not secure Ant [pattern='/encrypt/**']
2023-03-19 23:15:17 [main] WARN  o.s.s.c.a.web.builders.WebSecurity - You are asking Spring Security to ignore Ant [pattern='/decrypt/**']. This is not recommended -- please use permitAll via HttpSecurity#authorizeHttpRequests instead.
2023-03-19 23:15:17 [main] INFO  o.s.s.web.DefaultSecurityFilterChain - Will not secure Ant [pattern='/decrypt/**']
2023-03-19 23:15:17 [main] INFO  o.s.s.web.DefaultSecurityFilterChain - Will secure any request with [org.springframework.security.web.session.DisableEncodeUrlFilter@4ea56bdb, org.springframework.security.web.context.request.async.WebAsyncManagerIntegrationFilter@32227215, org.springframework.security.web.context.SecurityContextPersistenceFilter@787e4357, org.springframework.security.web.header.HeaderWriterFilter@459003a0, org.springframework.security.web.csrf.CsrfFilter@3f8dfe74, org.springframework.security.web.authentication.logout.LogoutFilter@6d6f6860, org.springframework.security.web.authentication.UsernamePasswordAuthenticationFilter@64502326, org.springframework.security.web.authentication.ui.DefaultLoginPageGeneratingFilter@7dee835, org.springframework.security.web.authentication.ui.DefaultLogoutPageGeneratingFilter@108e9837, org.springframework.security.web.authentication.www.BasicAuthenticationFilter@741ac284, org.springframework.security.web.savedrequest.RequestCacheAwareFilter@3fcbc766, org.springframework.security.web.servletapi.SecurityContextHolderAwareRequestFilter@1d4f5506, org.springframework.security.web.authentication.AnonymousAuthenticationFilter@79a201cf, org.springframework.security.web.session.SessionManagementFilter@3b481bf5, org.springframework.security.web.access.ExceptionTranslationFilter@245253d8, org.springframework.security.web.access.intercept.FilterSecurityInterceptor@22825e1e]
2023-03-19 23:15:19 [main] INFO  o.a.coyote.http11.Http11NioProtocol - Starting ProtocolHandler ["http-nio-8888"]
2023-03-19 23:15:19 [main] INFO  o.s.b.w.e.tomcat.TomcatWebServer - Tomcat started on port(s): 8888 (http) with context path ''
2023-03-19 23:15:19 [main] INFO  c.m.demo.config.server.ConfigServer - Started ConfigServer in 3.386 seconds (JVM running for 3.647)
2023-03-19 23:15:23 [http-nio-8888-exec-2] INFO  o.a.c.c.C.[Tomcat].[localhost].[/] - Initializing Spring DispatcherServlet 'dispatcherServlet'
2023-03-19 23:15:23 [http-nio-8888-exec-2] INFO  o.s.web.servlet.DispatcherServlet - Initializing Servlet 'dispatcherServlet'
2023-03-19 23:15:23 [http-nio-8888-exec-2] INFO  o.s.web.servlet.DispatcherServlet - Completed initialization in 1 ms
2023-03-19 23:15:23 [http-nio-8888-exec-2] INFO  o.s.c.c.s.e.EncryptionController - Decrypted cipher data
2023-03-19 23:15:40 [main] ERROR o.s.boot.SpringApplication - Application run failed
java.lang.IllegalStateException: Cannot decrypt: key=spring.security.user.password
	at org.springframework.cloud.bootstrap.encrypt.AbstractEnvironmentDecrypt.decrypt(AbstractEnvironmentDecrypt.java:159)
	at org.springframework.cloud.bootstrap.encrypt.AbstractEnvironmentDecrypt.lambda$decrypt$0(AbstractEnvironmentDecrypt.java:137)
	at java.base/java.util.LinkedHashMap.replaceAll(LinkedHashMap.java:731)
	at org.springframework.cloud.bootstrap.encrypt.AbstractEnvironmentDecrypt.decrypt(AbstractEnvironmentDecrypt.java:132)
	at org.springframework.cloud.bootstrap.encrypt.AbstractEnvironmentDecrypt.decrypt(AbstractEnvironmentDecrypt.java:70)
	at org.springframework.cloud.bootstrap.encrypt.TextEncryptorUtils.decrypt(TextEncryptorUtils.java:52)
	at org.springframework.cloud.bootstrap.encrypt.DecryptEnvironmentPostProcessor.postProcessEnvironment(DecryptEnvironmentPostProcessor.java:66)
	at org.springframework.boot.env.EnvironmentPostProcessorApplicationListener.onApplicationEnvironmentPreparedEvent(EnvironmentPostProcessorApplicationListener.java:102)
	at org.springframework.boot.env.EnvironmentPostProcessorApplicationListener.onApplicationEvent(EnvironmentPostProcessorApplicationListener.java:87)
	at org.springframework.context.event.SimpleApplicationEventMulticaster.doInvokeListener(SimpleApplicationEventMulticaster.java:176)
	at org.springframework.context.event.SimpleApplicationEventMulticaster.invokeListener(SimpleApplicationEventMulticaster.java:169)
	at org.springframework.context.event.SimpleApplicationEventMulticaster.multicastEvent(SimpleApplicationEventMulticaster.java:143)
	at org.springframework.context.event.SimpleApplicationEventMulticaster.multicastEvent(SimpleApplicationEventMulticaster.java:131)
	at org.springframework.boot.context.event.EventPublishingRunListener.environmentPrepared(EventPublishingRunListener.java:85)
	at org.springframework.boot.SpringApplicationRunListeners.lambda$environmentPrepared$2(SpringApplicationRunListeners.java:66)
	at java.base/java.util.ArrayList.forEach(ArrayList.java:1511)
	at org.springframework.boot.SpringApplicationRunListeners.doWithListeners(SpringApplicationRunListeners.java:120)
	at org.springframework.boot.SpringApplicationRunListeners.doWithListeners(SpringApplicationRunListeners.java:114)
	at org.springframework.boot.SpringApplicationRunListeners.environmentPrepared(SpringApplicationRunListeners.java:65)
	at org.springframework.boot.SpringApplication.prepareEnvironment(SpringApplication.java:344)
	at org.springframework.boot.SpringApplication.run(SpringApplication.java:302)
	at org.springframework.boot.SpringApplication.run(SpringApplication.java:1306)
	at org.springframework.boot.SpringApplication.run(SpringApplication.java:1295)
	at com.microservices.demo.config.server.ConfigServer.main(ConfigServer.java:11)
Caused by: java.lang.IllegalStateException: Unable to invoke Cipher due to bad padding
	at org.springframework.security.crypto.encrypt.CipherUtils.doFinal(CipherUtils.java:141)
	at org.springframework.security.crypto.encrypt.AesBytesEncryptor.decrypt(AesBytesEncryptor.java:134)
	at org.springframework.security.crypto.encrypt.HexEncodingTextEncryptor.decrypt(HexEncodingTextEncryptor.java:44)
	at org.springframework.cloud.bootstrap.encrypt.AbstractEnvironmentDecrypt.decrypt(AbstractEnvironmentDecrypt.java:144)
	... 23 common frames omitted
Caused by: javax.crypto.BadPaddingException: Given final block not properly padded. Such issues can arise if a bad key is used during decryption.
	at java.base/com.sun.crypto.provider.CipherCore.unpad(CipherCore.java:859)
	at java.base/com.sun.crypto.provider.CipherCore.fillOutputBuffer(CipherCore.java:939)
	at java.base/com.sun.crypto.provider.CipherCore.doFinal(CipherCore.java:735)
	at java.base/com.sun.crypto.provider.AESCipher.engineDoFinal(AESCipher.java:436)
	at java.base/javax.crypto.Cipher.doFinal(Cipher.java:2205)
	at org.springframework.security.crypto.encrypt.CipherUtils.doFinal(CipherUtils.java:135)
	... 26 common frames omitted
2023-03-19 23:16:14 [background-preinit] INFO  o.h.validator.internal.util.Version - HV000001: Hibernate Validator 6.2.5.Final
2023-03-19 23:16:14 [main] INFO  c.m.demo.config.server.ConfigServer - Starting ConfigServer using Java 17.0.6 on 192.168.0.199 with PID 17638 (/Users/luongvantrong/backend/microservice/java/microservices-demo/microservices-demo/config-server/target/classes started by luongvantrong in /Users/luongvantrong/backend/microservice/java/microservices-demo/microservices-demo)
2023-03-19 23:16:14 [main] INFO  c.m.demo.config.server.ConfigServer - No active profile set, falling back to 1 default profile: "default"
2023-03-19 23:16:15 [main] INFO  o.s.cloud.context.scope.GenericScope - BeanFactory id=5661a031-9c92-3b67-a98a-91252b007904
2023-03-19 23:16:15 [main] INFO  o.s.b.w.e.tomcat.TomcatWebServer - Tomcat initialized with port(s): 8888 (http)
2023-03-19 23:16:15 [main] INFO  o.a.coyote.http11.Http11NioProtocol - Initializing ProtocolHandler ["http-nio-8888"]
2023-03-19 23:16:15 [main] INFO  o.a.catalina.core.StandardService - Starting service [Tomcat]
2023-03-19 23:16:15 [main] INFO  o.a.catalina.core.StandardEngine - Starting Servlet engine: [Apache Tomcat/9.0.68]
2023-03-19 23:16:15 [main] INFO  o.a.c.c.C.[Tomcat].[localhost].[/] - Initializing Spring embedded WebApplicationContext
2023-03-19 23:16:15 [main] INFO  o.s.b.w.s.c.ServletWebServerApplicationContext - Root WebApplicationContext: initialization completed in 574 ms
2023-03-19 23:16:15 [main] WARN  o.s.b.a.s.s.UserDetailsServiceAutoConfiguration - 

Using generated security password: 735d7c7d-801d-44c9-ac62-64961d548419

This generated password is for development use only. Your security configuration must be updated before running your application in production.

2023-03-19 23:16:15 [main] WARN  o.s.s.c.a.web.builders.WebSecurity - You are asking Spring Security to ignore Ant [pattern='/actuator/**']. This is not recommended -- please use permitAll via HttpSecurity#authorizeHttpRequests instead.
2023-03-19 23:16:15 [main] INFO  o.s.s.web.DefaultSecurityFilterChain - Will not secure Ant [pattern='/actuator/**']
2023-03-19 23:16:15 [main] WARN  o.s.s.c.a.web.builders.WebSecurity - You are asking Spring Security to ignore Ant [pattern='/encrypt/**']. This is not recommended -- please use permitAll via HttpSecurity#authorizeHttpRequests instead.
2023-03-19 23:16:15 [main] INFO  o.s.s.web.DefaultSecurityFilterChain - Will not secure Ant [pattern='/encrypt/**']
2023-03-19 23:16:15 [main] WARN  o.s.s.c.a.web.builders.WebSecurity - You are asking Spring Security to ignore Ant [pattern='/decrypt/**']. This is not recommended -- please use permitAll via HttpSecurity#authorizeHttpRequests instead.
2023-03-19 23:16:15 [main] INFO  o.s.s.web.DefaultSecurityFilterChain - Will not secure Ant [pattern='/decrypt/**']
2023-03-19 23:16:15 [main] INFO  o.s.s.web.DefaultSecurityFilterChain - Will secure any request with [org.springframework.security.web.session.DisableEncodeUrlFilter@5f61371d, org.springframework.security.web.context.request.async.WebAsyncManagerIntegrationFilter@420a8042, org.springframework.security.web.context.SecurityContextPersistenceFilter@7c90b7b7, org.springframework.security.web.header.HeaderWriterFilter@5232e3f1, org.springframework.security.web.csrf.CsrfFilter@7b5cc918, org.springframework.security.web.authentication.logout.LogoutFilter@316cda31, org.springframework.security.web.authentication.UsernamePasswordAuthenticationFilter@114a5e0, org.springframework.security.web.authentication.ui.DefaultLoginPageGeneratingFilter@5c6a5192, org.springframework.security.web.authentication.ui.DefaultLogoutPageGeneratingFilter@3292d91a, org.springframework.security.web.authentication.www.BasicAuthenticationFilter@79a13920, org.springframework.security.web.savedrequest.RequestCacheAwareFilter@3ba1308d, org.springframework.security.web.servletapi.SecurityContextHolderAwareRequestFilter@1b3ab4f9, org.springframework.security.web.authentication.AnonymousAuthenticationFilter@5921b93c, org.springframework.security.web.session.SessionManagementFilter@2047981, org.springframework.security.web.access.ExceptionTranslationFilter@75d366c2, org.springframework.security.web.access.intercept.FilterSecurityInterceptor@5efeb117]
2023-03-19 23:16:17 [main] INFO  o.a.coyote.http11.Http11NioProtocol - Starting ProtocolHandler ["http-nio-8888"]
2023-03-19 23:16:17 [main] INFO  o.s.b.w.e.tomcat.TomcatWebServer - Tomcat started on port(s): 8888 (http) with context path ''
2023-03-19 23:16:17 [main] INFO  c.m.demo.config.server.ConfigServer - Started ConfigServer in 3.403 seconds (JVM running for 3.689)
2023-03-19 23:16:21 [http-nio-8888-exec-2] INFO  o.a.c.c.C.[Tomcat].[localhost].[/] - Initializing Spring DispatcherServlet 'dispatcherServlet'
2023-03-19 23:16:21 [http-nio-8888-exec-2] INFO  o.s.web.servlet.DispatcherServlet - Initializing Servlet 'dispatcherServlet'
2023-03-19 23:16:21 [http-nio-8888-exec-2] INFO  o.s.web.servlet.DispatcherServlet - Completed initialization in 1 ms
2023-03-19 23:16:21 [http-nio-8888-exec-2] ERROR o.a.c.c.C.[.[.[.[dispatcherServlet] - Servlet.service() for servlet [dispatcherServlet] in context with path [] threw exception [Request processing failed; nested exception is java.lang.UnsupportedOperationException: No encryption for FailsafeTextEncryptor. Did you configure the keystore correctly?] with root cause
java.lang.UnsupportedOperationException: No encryption for FailsafeTextEncryptor. Did you configure the keystore correctly?
	at org.springframework.cloud.bootstrap.encrypt.TextEncryptorUtils$FailsafeTextEncryptor.encrypt(TextEncryptorUtils.java:182)
	at org.springframework.cloud.config.server.encryption.EncryptionController.validateEncryptionWeakness(EncryptionController.java:164)
	at org.springframework.cloud.config.server.encryption.EncryptionController.encrypt(EncryptionController.java:107)
	at org.springframework.cloud.config.server.encryption.EncryptionController.encrypt(EncryptionController.java:100)
	at java.base/jdk.internal.reflect.NativeMethodAccessorImpl.invoke0(Native Method)
	at java.base/jdk.internal.reflect.NativeMethodAccessorImpl.invoke(NativeMethodAccessorImpl.java:77)
	at java.base/jdk.internal.reflect.DelegatingMethodAccessorImpl.invoke(DelegatingMethodAccessorImpl.java:43)
	at java.base/java.lang.reflect.Method.invoke(Method.java:568)
	at org.springframework.web.method.support.InvocableHandlerMethod.doInvoke(InvocableHandlerMethod.java:205)
	at org.springframework.web.method.support.InvocableHandlerMethod.invokeForRequest(InvocableHandlerMethod.java:150)
	at org.springframework.web.servlet.mvc.method.annotation.ServletInvocableHandlerMethod.invokeAndHandle(ServletInvocableHandlerMethod.java:117)
	at org.springframework.web.servlet.mvc.method.annotation.RequestMappingHandlerAdapter.invokeHandlerMethod(RequestMappingHandlerAdapter.java:895)
	at org.springframework.web.servlet.mvc.method.annotation.RequestMappingHandlerAdapter.handleInternal(RequestMappingHandlerAdapter.java:808)
	at org.springframework.web.servlet.mvc.method.AbstractHandlerMethodAdapter.handle(AbstractHandlerMethodAdapter.java:87)
	at org.springframework.web.servlet.DispatcherServlet.doDispatch(DispatcherServlet.java:1071)
	at org.springframework.web.servlet.DispatcherServlet.doService(DispatcherServlet.java:964)
	at org.springframework.web.servlet.FrameworkServlet.processRequest(FrameworkServlet.java:1006)
	at org.springframework.web.servlet.FrameworkServlet.doPost(FrameworkServlet.java:909)
	at javax.servlet.http.HttpServlet.service(HttpServlet.java:696)
	at org.springframework.web.servlet.FrameworkServlet.service(FrameworkServlet.java:883)
	at javax.servlet.http.HttpServlet.service(HttpServlet.java:779)
	at org.apache.catalina.core.ApplicationFilterChain.internalDoFilter(ApplicationFilterChain.java:227)
	at org.apache.catalina.core.ApplicationFilterChain.doFilter(ApplicationFilterChain.java:162)
	at org.apache.tomcat.websocket.server.WsFilter.doFilter(WsFilter.java:53)
	at org.apache.catalina.core.ApplicationFilterChain.internalDoFilter(ApplicationFilterChain.java:189)
	at org.apache.catalina.core.ApplicationFilterChain.doFilter(ApplicationFilterChain.java:162)
	at org.springframework.security.web.FilterChainProxy.doFilterInternal(FilterChainProxy.java:214)
	at org.springframework.security.web.FilterChainProxy.doFilter(FilterChainProxy.java:186)
	at org.springframework.web.filter.DelegatingFilterProxy.invokeDelegate(DelegatingFilterProxy.java:354)
	at org.springframework.web.filter.DelegatingFilterProxy.doFilter(DelegatingFilterProxy.java:267)
	at org.apache.catalina.core.ApplicationFilterChain.internalDoFilter(ApplicationFilterChain.java:189)
	at org.apache.catalina.core.ApplicationFilterChain.doFilter(ApplicationFilterChain.java:162)
	at org.springframework.web.filter.RequestContextFilter.doFilterInternal(RequestContextFilter.java:100)
	at org.springframework.web.filter.OncePerRequestFilter.doFilter(OncePerRequestFilter.java:117)
	at org.apache.catalina.core.ApplicationFilterChain.internalDoFilter(ApplicationFilterChain.java:189)
	at org.apache.catalina.core.ApplicationFilterChain.doFilter(ApplicationFilterChain.java:162)
	at org.springframework.web.filter.FormContentFilter.doFilterInternal(FormContentFilter.java:93)
	at org.springframework.web.filter.OncePerRequestFilter.doFilter(OncePerRequestFilter.java:117)
	at org.apache.catalina.core.ApplicationFilterChain.internalDoFilter(ApplicationFilterChain.java:189)
	at org.apache.catalina.core.ApplicationFilterChain.doFilter(ApplicationFilterChain.java:162)
	at org.springframework.web.filter.CharacterEncodingFilter.doFilterInternal(CharacterEncodingFilter.java:201)
	at org.springframework.web.filter.OncePerRequestFilter.doFilter(OncePerRequestFilter.java:117)
	at org.apache.catalina.core.ApplicationFilterChain.internalDoFilter(ApplicationFilterChain.java:189)
	at org.apache.catalina.core.ApplicationFilterChain.doFilter(ApplicationFilterChain.java:162)
	at org.apache.catalina.core.StandardWrapperValve.invoke(StandardWrapperValve.java:197)
	at org.apache.catalina.core.StandardContextValve.invoke(StandardContextValve.java:97)
	at org.apache.catalina.authenticator.AuthenticatorBase.invoke(AuthenticatorBase.java:541)
	at org.apache.catalina.core.StandardHostValve.invoke(StandardHostValve.java:135)
	at org.apache.catalina.valves.ErrorReportValve.invoke(ErrorReportValve.java:92)
	at org.apache.catalina.core.StandardEngineValve.invoke(StandardEngineValve.java:78)
	at org.apache.catalina.connector.CoyoteAdapter.service(CoyoteAdapter.java:360)
	at org.apache.coyote.http11.Http11Processor.service(Http11Processor.java:399)
	at org.apache.coyote.AbstractProcessorLight.process(AbstractProcessorLight.java:65)
	at org.apache.coyote.AbstractProtocol$ConnectionHandler.process(AbstractProtocol.java:893)
	at org.apache.tomcat.util.net.NioEndpoint$SocketProcessor.doRun(NioEndpoint.java:1789)
	at org.apache.tomcat.util.net.SocketProcessorBase.run(SocketProcessorBase.java:49)
	at org.apache.tomcat.util.threads.ThreadPoolExecutor.runWorker(ThreadPoolExecutor.java:1191)
	at org.apache.tomcat.util.threads.ThreadPoolExecutor$Worker.run(ThreadPoolExecutor.java:659)
	at org.apache.tomcat.util.threads.TaskThread$WrappingRunnable.run(TaskThread.java:61)
	at java.base/java.lang.Thread.run(Thread.java:833)
