2023-03-14 15:26:56 [background-preinit] INFO  o.h.validator.internal.util.Version - HV000001: Hibernate Validator 6.2.0.Final
2023-03-14 15:26:56 [main] INFO  c.m.demo.config.server.ConfigServer - Starting ConfigServer using Java 17.0.6 on MacBook-Pro-cua-luong.local with PID 31140 (/Users/luongvantrong/backend/microservice/java/microservices-demo/microservices-demo/config-server/target/classes started by luongvantrong in /Users/luongvantrong/backend/microservice/java/microservices-demo/microservices-demo)
2023-03-14 15:26:56 [main] INFO  c.m.demo.config.server.ConfigServer - No active profile set, falling back to default profiles: default
2023-03-14 15:26:57 [main] INFO  o.s.cloud.context.scope.GenericScope - BeanFactory id=4203d57d-7515-37c3-887c-c79e721e8373
2023-03-14 15:26:57 [main] INFO  o.s.b.w.e.tomcat.TomcatWebServer - Tomcat initialized with port(s): 8888 (http)
2023-03-14 15:26:57 [main] INFO  o.a.coyote.http11.Http11NioProtocol - Initializing ProtocolHandler ["http-nio-8888"]
2023-03-14 15:26:57 [main] INFO  o.a.catalina.core.StandardService - Starting service [Tomcat]
2023-03-14 15:26:57 [main] INFO  o.a.catalina.core.StandardEngine - Starting Servlet engine: [Apache Tomcat/9.0.56]
2023-03-14 15:26:57 [main] INFO  o.a.c.c.C.[Tomcat].[localhost].[/] - Initializing Spring embedded WebApplicationContext
2023-03-14 15:26:57 [main] INFO  o.s.b.w.s.c.ServletWebServerApplicationContext - Root WebApplicationContext: initialization completed in 545 ms
2023-03-14 15:26:57 [main] WARN  org.eclipse.jgit.util.FS_POSIX - null
2023-03-14 15:27:03 [main] INFO  o.s.c.c.s.e.MultipleJGitEnvironmentRepository - Could not checkout default label main
org.eclipse.jgit.api.errors.RefNotFoundException: Ref main cannot be resolved
	at org.eclipse.jgit.api.CheckoutCommand.call(CheckoutCommand.java:223)
	at org.springframework.cloud.config.server.environment.JGitEnvironmentRepository.checkout(JGitEnvironmentRepository.java:461)
	at org.springframework.cloud.config.server.environment.JGitEnvironmentRepository.checkoutDefaultBranchWithRetry(JGitEnvironmentRepository.java:386)
	at org.springframework.cloud.config.server.environment.JGitEnvironmentRepository.initClonedRepository(JGitEnvironmentRepository.java:373)
	at org.springframework.cloud.config.server.environment.JGitEnvironmentRepository.afterPropertiesSet(JGitEnvironmentRepository.java:277)
	at org.springframework.cloud.config.server.environment.MultipleJGitEnvironmentRepository.afterPropertiesSet(MultipleJGitEnvironmentRepository.java:66)
	at org.springframework.beans.factory.support.AbstractAutowireCapableBeanFactory.invokeInitMethods(AbstractAutowireCapableBeanFactory.java:1863)
	at org.springframework.beans.factory.support.AbstractAutowireCapableBeanFactory.initializeBean(AbstractAutowireCapableBeanFactory.java:1800)
	at org.springframework.beans.factory.support.AbstractAutowireCapableBeanFactory.doCreateBean(AbstractAutowireCapableBeanFactory.java:620)
	at org.springframework.beans.factory.support.AbstractAutowireCapableBeanFactory.createBean(AbstractAutowireCapableBeanFactory.java:542)
	at org.springframework.beans.factory.support.AbstractBeanFactory.lambda$doGetBean$0(AbstractBeanFactory.java:335)
	at org.springframework.beans.factory.support.DefaultSingletonBeanRegistry.getSingleton(DefaultSingletonBeanRegistry.java:234)
	at org.springframework.beans.factory.support.AbstractBeanFactory.doGetBean(AbstractBeanFactory.java:333)
	at org.springframework.beans.factory.support.AbstractBeanFactory.getBean(AbstractBeanFactory.java:208)
	at org.springframework.beans.factory.support.DefaultListableBeanFactory.preInstantiateSingletons(DefaultListableBeanFactory.java:953)
	at org.springframework.context.support.AbstractApplicationContext.finishBeanFactoryInitialization(AbstractApplicationContext.java:918)
	at org.springframework.context.support.AbstractApplicationContext.refresh(AbstractApplicationContext.java:583)
	at org.springframework.boot.web.servlet.context.ServletWebServerApplicationContext.refresh(ServletWebServerApplicationContext.java:145)
	at org.springframework.boot.SpringApplication.refresh(SpringApplication.java:732)
	at org.springframework.boot.SpringApplication.refreshContext(SpringApplication.java:414)
	at org.springframework.boot.SpringApplication.run(SpringApplication.java:302)
	at org.springframework.boot.SpringApplication.run(SpringApplication.java:1303)
	at org.springframework.boot.SpringApplication.run(SpringApplication.java:1292)
	at com.microservices.demo.config.server.ConfigServer.main(ConfigServer.java:11)
2023-03-14 15:27:03 [main] INFO  o.s.c.c.s.e.MultipleJGitEnvironmentRepository - Will try to checkout master label instead.
2023-03-14 15:27:03 [main] INFO  o.a.coyote.http11.Http11NioProtocol - Starting ProtocolHandler ["http-nio-8888"]
2023-03-14 15:27:03 [main] INFO  o.s.b.w.e.tomcat.TomcatWebServer - Tomcat started on port(s): 8888 (http) with context path ''
2023-03-14 15:27:03 [main] INFO  c.m.demo.config.server.ConfigServer - Started ConfigServer in 6.852 seconds (JVM running for 7.102)
2023-03-14 15:30:13 [background-preinit] INFO  o.h.validator.internal.util.Version - HV000001: Hibernate Validator 6.2.0.Final
2023-03-14 15:30:13 [main] INFO  c.m.demo.config.server.ConfigServer - Starting ConfigServer using Java 17.0.6 on MacBook-Pro-cua-luong.local with PID 31209 (/Users/luongvantrong/backend/microservice/java/microservices-demo/microservices-demo/config-server/target/classes started by luongvantrong in /Users/luongvantrong/backend/microservice/java/microservices-demo/microservices-demo)
2023-03-14 15:30:13 [main] INFO  c.m.demo.config.server.ConfigServer - No active profile set, falling back to default profiles: default
2023-03-14 15:30:14 [main] INFO  o.s.cloud.context.scope.GenericScope - BeanFactory id=4203d57d-7515-37c3-887c-c79e721e8373
2023-03-14 15:30:14 [main] INFO  o.s.b.w.e.tomcat.TomcatWebServer - Tomcat initialized with port(s): 8888 (http)
2023-03-14 15:30:14 [main] INFO  o.a.coyote.http11.Http11NioProtocol - Initializing ProtocolHandler ["http-nio-8888"]
2023-03-14 15:30:14 [main] INFO  o.a.catalina.core.StandardService - Starting service [Tomcat]
2023-03-14 15:30:14 [main] INFO  o.a.catalina.core.StandardEngine - Starting Servlet engine: [Apache Tomcat/9.0.56]
2023-03-14 15:30:14 [main] INFO  o.a.c.c.C.[Tomcat].[localhost].[/] - Initializing Spring embedded WebApplicationContext
2023-03-14 15:30:14 [main] INFO  o.s.b.w.s.c.ServletWebServerApplicationContext - Root WebApplicationContext: initialization completed in 554 ms
2023-03-14 15:30:14 [main] WARN  org.eclipse.jgit.util.FS_POSIX - null
2023-03-14 15:30:17 [main] INFO  o.a.coyote.http11.Http11NioProtocol - Starting ProtocolHandler ["http-nio-8888"]
2023-03-14 15:30:17 [main] INFO  o.s.b.w.e.tomcat.TomcatWebServer - Tomcat started on port(s): 8888 (http) with context path ''
2023-03-14 15:30:17 [main] INFO  c.m.demo.config.server.ConfigServer - Started ConfigServer in 3.771 seconds (JVM running for 4.078)
2023-03-14 15:31:56 [http-nio-8888-exec-1] INFO  o.a.c.c.C.[Tomcat].[localhost].[/] - Initializing Spring DispatcherServlet 'dispatcherServlet'
2023-03-14 15:31:56 [http-nio-8888-exec-1] INFO  o.s.web.servlet.DispatcherServlet - Initializing Servlet 'dispatcherServlet'
2023-03-14 15:31:56 [http-nio-8888-exec-1] INFO  o.s.web.servlet.DispatcherServlet - Completed initialization in 2 ms
2023-03-14 15:31:57 [http-nio-8888-exec-1] INFO  o.s.c.c.s.e.NativeEnvironmentRepository - Adding property source: Config resource 'file [/var/folders/4z/qmvjh94n4cq6lr5bqr8l9yy00000gn/T/config-repo-10949765375906220166/config-client-twitter_to_kafka.yml]' via location 'file:/var/folders/4z/qmvjh94n4cq6lr5bqr8l9yy00000gn/T/config-repo-10949765375906220166/'
2023-03-14 15:31:57 [http-nio-8888-exec-1] INFO  o.s.c.c.s.e.NativeEnvironmentRepository - Adding property source: Config resource 'file [/var/folders/4z/qmvjh94n4cq6lr5bqr8l9yy00000gn/T/config-repo-10949765375906220166/config-client.yml]' via location 'file:/var/folders/4z/qmvjh94n4cq6lr5bqr8l9yy00000gn/T/config-repo-10949765375906220166/'
2023-03-14 15:32:31 [http-nio-8888-exec-3] INFO  o.s.c.c.s.e.NativeEnvironmentRepository - Adding property source: Config resource 'file [/var/folders/4z/qmvjh94n4cq6lr5bqr8l9yy00000gn/T/config-repo-10949765375906220166/config-client-twitter_to_kafka.yml]' via location 'file:/var/folders/4z/qmvjh94n4cq6lr5bqr8l9yy00000gn/T/config-repo-10949765375906220166/'
2023-03-14 15:32:31 [http-nio-8888-exec-3] INFO  o.s.c.c.s.e.NativeEnvironmentRepository - Adding property source: Config resource 'file [/var/folders/4z/qmvjh94n4cq6lr5bqr8l9yy00000gn/T/config-repo-10949765375906220166/config-client.yml]' via location 'file:/var/folders/4z/qmvjh94n4cq6lr5bqr8l9yy00000gn/T/config-repo-10949765375906220166/'
2023-03-14 15:39:38 [background-preinit] INFO  o.h.validator.internal.util.Version - HV000001: Hibernate Validator 6.2.0.Final
2023-03-14 15:39:38 [main] INFO  c.m.demo.config.server.ConfigServer - Starting ConfigServer using Java 17.0.6 on MacBook-Pro-cua-luong.local with PID 32310 (/Users/luongvantrong/backend/microservice/java/microservices-demo/microservices-demo/config-server/target/classes started by luongvantrong in /Users/luongvantrong/backend/microservice/java/microservices-demo/microservices-demo)
2023-03-14 15:39:38 [main] INFO  c.m.demo.config.server.ConfigServer - No active profile set, falling back to default profiles: default
2023-03-14 15:39:38 [main] INFO  o.s.cloud.context.scope.GenericScope - BeanFactory id=4203d57d-7515-37c3-887c-c79e721e8373
2023-03-14 15:39:38 [main] INFO  o.s.b.w.e.tomcat.TomcatWebServer - Tomcat initialized with port(s): 8888 (http)
2023-03-14 15:39:38 [main] INFO  o.a.coyote.http11.Http11NioProtocol - Initializing ProtocolHandler ["http-nio-8888"]
2023-03-14 15:39:38 [main] INFO  o.a.catalina.core.StandardService - Starting service [Tomcat]
2023-03-14 15:39:38 [main] INFO  o.a.catalina.core.StandardEngine - Starting Servlet engine: [Apache Tomcat/9.0.56]
2023-03-14 15:39:38 [main] INFO  o.a.c.c.C.[Tomcat].[localhost].[/] - Initializing Spring embedded WebApplicationContext
2023-03-14 15:39:38 [main] INFO  o.s.b.w.s.c.ServletWebServerApplicationContext - Root WebApplicationContext: initialization completed in 617 ms
2023-03-14 15:39:39 [main] WARN  org.eclipse.jgit.util.FS_POSIX - null
2023-03-14 15:39:41 [main] INFO  o.a.coyote.http11.Http11NioProtocol - Starting ProtocolHandler ["http-nio-8888"]
2023-03-14 15:39:41 [main] INFO  o.s.b.w.e.tomcat.TomcatWebServer - Tomcat started on port(s): 8888 (http) with context path ''
2023-03-14 15:39:41 [main] INFO  c.m.demo.config.server.ConfigServer - Started ConfigServer in 3.66 seconds (JVM running for 4.098)
2023-03-14 15:39:47 [http-nio-8888-exec-1] INFO  o.a.c.c.C.[Tomcat].[localhost].[/] - Initializing Spring DispatcherServlet 'dispatcherServlet'
2023-03-14 15:39:47 [http-nio-8888-exec-1] INFO  o.s.web.servlet.DispatcherServlet - Initializing Servlet 'dispatcherServlet'
2023-03-14 15:39:47 [http-nio-8888-exec-1] INFO  o.s.web.servlet.DispatcherServlet - Completed initialization in 2 ms
2023-03-14 15:39:49 [http-nio-8888-exec-1] INFO  o.s.c.c.s.e.NativeEnvironmentRepository - Adding property source: Config resource 'file [/var/folders/4z/qmvjh94n4cq6lr5bqr8l9yy00000gn/T/config-repo-4504469889702325924/config-client-twitter_to_kafka.yml]' via location 'file:/var/folders/4z/qmvjh94n4cq6lr5bqr8l9yy00000gn/T/config-repo-4504469889702325924/'
2023-03-14 15:39:49 [http-nio-8888-exec-1] INFO  o.s.c.c.s.e.NativeEnvironmentRepository - Adding property source: Config resource 'file [/var/folders/4z/qmvjh94n4cq6lr5bqr8l9yy00000gn/T/config-repo-4504469889702325924/config-client.yml]' via location 'file:/var/folders/4z/qmvjh94n4cq6lr5bqr8l9yy00000gn/T/config-repo-4504469889702325924/'
2023-03-14 15:43:24 [background-preinit] INFO  o.h.validator.internal.util.Version - HV000001: Hibernate Validator 6.2.0.Final
2023-03-14 15:43:24 [main] INFO  c.m.demo.config.server.ConfigServer - Starting ConfigServer using Java 17.0.6 on MacBook-Pro-cua-luong.local with PID 32839 (/Users/luongvantrong/backend/microservice/java/microservices-demo/microservices-demo/config-server/target/classes started by luongvantrong in /Users/luongvantrong/backend/microservice/java/microservices-demo/microservices-demo)
2023-03-14 15:43:24 [main] INFO  c.m.demo.config.server.ConfigServer - No active profile set, falling back to default profiles: default
2023-03-14 15:43:24 [main] INFO  o.s.cloud.context.scope.GenericScope - BeanFactory id=4203d57d-7515-37c3-887c-c79e721e8373
2023-03-14 15:43:25 [main] INFO  o.s.b.w.e.tomcat.TomcatWebServer - Tomcat initialized with port(s): 8888 (http)
2023-03-14 15:43:25 [main] INFO  o.a.coyote.http11.Http11NioProtocol - Initializing ProtocolHandler ["http-nio-8888"]
2023-03-14 15:43:25 [main] INFO  o.a.catalina.core.StandardService - Starting service [Tomcat]
2023-03-14 15:43:25 [main] INFO  o.a.catalina.core.StandardEngine - Starting Servlet engine: [Apache Tomcat/9.0.56]
2023-03-14 15:43:25 [main] INFO  o.a.c.c.C.[Tomcat].[localhost].[/] - Initializing Spring embedded WebApplicationContext
2023-03-14 15:43:25 [main] INFO  o.s.b.w.s.c.ServletWebServerApplicationContext - Root WebApplicationContext: initialization completed in 657 ms
2023-03-14 15:43:25 [main] WARN  org.eclipse.jgit.util.FS_POSIX - null
2023-03-14 15:43:27 [main] INFO  o.a.coyote.http11.Http11NioProtocol - Starting ProtocolHandler ["http-nio-8888"]
2023-03-14 15:43:27 [main] INFO  o.s.b.w.e.tomcat.TomcatWebServer - Tomcat started on port(s): 8888 (http) with context path ''
2023-03-14 15:43:27 [main] INFO  c.m.demo.config.server.ConfigServer - Started ConfigServer in 3.797 seconds (JVM running for 4.172)
2023-03-14 15:43:31 [http-nio-8888-exec-1] INFO  o.a.c.c.C.[Tomcat].[localhost].[/] - Initializing Spring DispatcherServlet 'dispatcherServlet'
2023-03-14 15:43:31 [http-nio-8888-exec-1] INFO  o.s.web.servlet.DispatcherServlet - Initializing Servlet 'dispatcherServlet'
2023-03-14 15:43:31 [http-nio-8888-exec-1] INFO  o.s.web.servlet.DispatcherServlet - Completed initialization in 1 ms
2023-03-14 15:43:32 [http-nio-8888-exec-1] INFO  o.s.c.c.s.e.NativeEnvironmentRepository - Adding property source: Config resource 'file [/var/folders/4z/qmvjh94n4cq6lr5bqr8l9yy00000gn/T/config-repo-15624061441352695510/config-client-twitter_to_kafka.yml]' via location 'file:/var/folders/4z/qmvjh94n4cq6lr5bqr8l9yy00000gn/T/config-repo-15624061441352695510/'
2023-03-14 15:43:32 [http-nio-8888-exec-1] INFO  o.s.c.c.s.e.NativeEnvironmentRepository - Adding property source: Config resource 'file [/var/folders/4z/qmvjh94n4cq6lr5bqr8l9yy00000gn/T/config-repo-15624061441352695510/config-client.yml]' via location 'file:/var/folders/4z/qmvjh94n4cq6lr5bqr8l9yy00000gn/T/config-repo-15624061441352695510/'
2023-03-14 15:43:58 [http-nio-8888-exec-2] INFO  o.s.c.c.s.e.NativeEnvironmentRepository - Adding property source: Config resource 'file [/var/folders/4z/qmvjh94n4cq6lr5bqr8l9yy00000gn/T/config-repo-15624061441352695510/config-client-twitter_to_kafka.yml]' via location 'file:/var/folders/4z/qmvjh94n4cq6lr5bqr8l9yy00000gn/T/config-repo-15624061441352695510/'
2023-03-14 15:43:58 [http-nio-8888-exec-2] INFO  o.s.c.c.s.e.NativeEnvironmentRepository - Adding property source: Config resource 'file [/var/folders/4z/qmvjh94n4cq6lr5bqr8l9yy00000gn/T/config-repo-15624061441352695510/config-client.yml]' via location 'file:/var/folders/4z/qmvjh94n4cq6lr5bqr8l9yy00000gn/T/config-repo-15624061441352695510/'
2023-03-14 21:56:51 [background-preinit] INFO  o.h.validator.internal.util.Version - HV000001: Hibernate Validator 6.2.0.Final
2023-03-14 21:56:51 [main] INFO  c.m.demo.config.server.ConfigServer - Starting ConfigServer using Java 17.0.6 on 192.168.0.200 with PID 3700 (/Users/luongvantrong/backend/microservice/java/microservices-demo/microservices-demo/config-server/target/classes started by luongvantrong in /Users/luongvantrong/backend/microservice/java/microservices-demo/microservices-demo)
2023-03-14 21:56:51 [main] INFO  c.m.demo.config.server.ConfigServer - No active profile set, falling back to default profiles: default
2023-03-14 21:56:52 [main] INFO  o.s.cloud.context.scope.GenericScope - BeanFactory id=4203d57d-7515-37c3-887c-c79e721e8373
2023-03-14 21:56:52 [main] INFO  o.s.b.w.e.tomcat.TomcatWebServer - Tomcat initialized with port(s): 8888 (http)
2023-03-14 21:56:52 [main] INFO  o.a.coyote.http11.Http11NioProtocol - Initializing ProtocolHandler ["http-nio-8888"]
2023-03-14 21:56:52 [main] INFO  o.a.catalina.core.StandardService - Starting service [Tomcat]
2023-03-14 21:56:52 [main] INFO  o.a.catalina.core.StandardEngine - Starting Servlet engine: [Apache Tomcat/9.0.56]
2023-03-14 21:56:52 [main] INFO  o.a.c.c.C.[Tomcat].[localhost].[/] - Initializing Spring embedded WebApplicationContext
2023-03-14 21:56:52 [main] INFO  o.s.b.w.s.c.ServletWebServerApplicationContext - Root WebApplicationContext: initialization completed in 635 ms
2023-03-14 21:56:53 [main] WARN  org.eclipse.jgit.util.FS_POSIX - null
2023-03-14 21:56:55 [main] INFO  o.a.coyote.http11.Http11NioProtocol - Starting ProtocolHandler ["http-nio-8888"]
2023-03-14 21:56:55 [main] INFO  o.s.b.w.e.tomcat.TomcatWebServer - Tomcat started on port(s): 8888 (http) with context path ''
2023-03-14 21:56:55 [main] INFO  c.m.demo.config.server.ConfigServer - Started ConfigServer in 3.785 seconds (JVM running for 4.121)
2023-03-14 21:57:05 [http-nio-8888-exec-1] INFO  o.a.c.c.C.[Tomcat].[localhost].[/] - Initializing Spring DispatcherServlet 'dispatcherServlet'
2023-03-14 21:57:05 [http-nio-8888-exec-1] INFO  o.s.web.servlet.DispatcherServlet - Initializing Servlet 'dispatcherServlet'
2023-03-14 21:57:05 [http-nio-8888-exec-1] INFO  o.s.web.servlet.DispatcherServlet - Completed initialization in 0 ms
2023-03-14 21:57:06 [http-nio-8888-exec-1] INFO  o.s.c.c.s.e.NativeEnvironmentRepository - Adding property source: Config resource 'file [/var/folders/4z/qmvjh94n4cq6lr5bqr8l9yy00000gn/T/config-repo-13601714700236951604/config-client-twitter_to_kafka.yml]' via location 'file:/var/folders/4z/qmvjh94n4cq6lr5bqr8l9yy00000gn/T/config-repo-13601714700236951604/'
2023-03-14 21:57:06 [http-nio-8888-exec-1] INFO  o.s.c.c.s.e.NativeEnvironmentRepository - Adding property source: Config resource 'file [/var/folders/4z/qmvjh94n4cq6lr5bqr8l9yy00000gn/T/config-repo-13601714700236951604/config-client.yml]' via location 'file:/var/folders/4z/qmvjh94n4cq6lr5bqr8l9yy00000gn/T/config-repo-13601714700236951604/'
2023-03-15 14:36:15 [main] ERROR o.s.boot.SpringApplication - Application run failed
java.lang.IllegalStateException: Cannot decrypt: key=spring.security.user.password
	at org.springframework.cloud.bootstrap.encrypt.AbstractEnvironmentDecrypt.decrypt(AbstractEnvironmentDecrypt.java:159)
	at org.springframework.cloud.bootstrap.encrypt.AbstractEnvironmentDecrypt.lambda$decrypt$0(AbstractEnvironmentDecrypt.java:137)
	at java.base/java.util.LinkedHashMap.replaceAll(LinkedHashMap.java:731)
	at org.springframework.cloud.bootstrap.encrypt.AbstractEnvironmentDecrypt.decrypt(AbstractEnvironmentDecrypt.java:132)
	at org.springframework.cloud.bootstrap.encrypt.AbstractEnvironmentDecrypt.decrypt(AbstractEnvironmentDecrypt.java:70)
	at org.springframework.cloud.bootstrap.encrypt.TextEncryptorUtils.decrypt(TextEncryptorUtils.java:52)
	at org.springframework.cloud.bootstrap.encrypt.DecryptEnvironmentPostProcessor.postProcessEnvironment(DecryptEnvironmentPostProcessor.java:66)
	at org.springframework.boot.env.EnvironmentPostProcessorApplicationListener.onApplicationEnvironmentPreparedEvent(EnvironmentPostProcessorApplicationListener.java:102)
	at org.springframework.boot.env.EnvironmentPostProcessorApplicationListener.onApplicationEvent(EnvironmentPostProcessorApplicationListener.java:87)
	at org.springframework.context.event.SimpleApplicationEventMulticaster.doInvokeListener(SimpleApplicationEventMulticaster.java:176)
	at org.springframework.context.event.SimpleApplicationEventMulticaster.invokeListener(SimpleApplicationEventMulticaster.java:169)
	at org.springframework.context.event.SimpleApplicationEventMulticaster.multicastEvent(SimpleApplicationEventMulticaster.java:143)
	at org.springframework.context.event.SimpleApplicationEventMulticaster.multicastEvent(SimpleApplicationEventMulticaster.java:131)
	at org.springframework.boot.context.event.EventPublishingRunListener.environmentPrepared(EventPublishingRunListener.java:85)
	at org.springframework.boot.SpringApplicationRunListeners.lambda$environmentPrepared$2(SpringApplicationRunListeners.java:66)
	at java.base/java.util.ArrayList.forEach(ArrayList.java:1511)
	at org.springframework.boot.SpringApplicationRunListeners.doWithListeners(SpringApplicationRunListeners.java:120)
	at org.springframework.boot.SpringApplicationRunListeners.doWithListeners(SpringApplicationRunListeners.java:114)
	at org.springframework.boot.SpringApplicationRunListeners.environmentPrepared(SpringApplicationRunListeners.java:65)
	at org.springframework.boot.SpringApplication.prepareEnvironment(SpringApplication.java:338)
	at org.springframework.boot.SpringApplication.run(SpringApplication.java:296)
	at org.springframework.boot.SpringApplication.run(SpringApplication.java:1303)
	at org.springframework.boot.SpringApplication.run(SpringApplication.java:1292)
	at com.microservices.demo.config.server.ConfigServer.main(ConfigServer.java:11)
Caused by: java.lang.IllegalArgumentException: Hex-encoded string must have an even number of characters
	at org.springframework.security.crypto.codec.Hex.decode(Hex.java:51)
	at org.springframework.security.crypto.encrypt.HexEncodingTextEncryptor.decrypt(HexEncodingTextEncryptor.java:44)
	at org.springframework.cloud.bootstrap.encrypt.AbstractEnvironmentDecrypt.decrypt(AbstractEnvironmentDecrypt.java:144)
	... 23 common frames omitted
2023-03-15 14:49:02 [main] ERROR o.s.boot.SpringApplication - Application run failed
java.lang.IllegalStateException: Cannot decrypt: key=spring.security.user.password
	at org.springframework.cloud.bootstrap.encrypt.AbstractEnvironmentDecrypt.decrypt(AbstractEnvironmentDecrypt.java:159)
	at org.springframework.cloud.bootstrap.encrypt.AbstractEnvironmentDecrypt.lambda$decrypt$0(AbstractEnvironmentDecrypt.java:137)
	at java.base/java.util.LinkedHashMap.replaceAll(LinkedHashMap.java:731)
	at org.springframework.cloud.bootstrap.encrypt.AbstractEnvironmentDecrypt.decrypt(AbstractEnvironmentDecrypt.java:132)
	at org.springframework.cloud.bootstrap.encrypt.AbstractEnvironmentDecrypt.decrypt(AbstractEnvironmentDecrypt.java:70)
	at org.springframework.cloud.bootstrap.encrypt.TextEncryptorUtils.decrypt(TextEncryptorUtils.java:52)
	at org.springframework.cloud.bootstrap.encrypt.DecryptEnvironmentPostProcessor.postProcessEnvironment(DecryptEnvironmentPostProcessor.java:66)
	at org.springframework.boot.env.EnvironmentPostProcessorApplicationListener.onApplicationEnvironmentPreparedEvent(EnvironmentPostProcessorApplicationListener.java:102)
	at org.springframework.boot.env.EnvironmentPostProcessorApplicationListener.onApplicationEvent(EnvironmentPostProcessorApplicationListener.java:87)
	at org.springframework.context.event.SimpleApplicationEventMulticaster.doInvokeListener(SimpleApplicationEventMulticaster.java:176)
	at org.springframework.context.event.SimpleApplicationEventMulticaster.invokeListener(SimpleApplicationEventMulticaster.java:169)
	at org.springframework.context.event.SimpleApplicationEventMulticaster.multicastEvent(SimpleApplicationEventMulticaster.java:143)
	at org.springframework.context.event.SimpleApplicationEventMulticaster.multicastEvent(SimpleApplicationEventMulticaster.java:131)
	at org.springframework.boot.context.event.EventPublishingRunListener.environmentPrepared(EventPublishingRunListener.java:85)
	at org.springframework.boot.SpringApplicationRunListeners.lambda$environmentPrepared$2(SpringApplicationRunListeners.java:66)
	at java.base/java.util.ArrayList.forEach(ArrayList.java:1511)
	at org.springframework.boot.SpringApplicationRunListeners.doWithListeners(SpringApplicationRunListeners.java:120)
	at org.springframework.boot.SpringApplicationRunListeners.doWithListeners(SpringApplicationRunListeners.java:114)
	at org.springframework.boot.SpringApplicationRunListeners.environmentPrepared(SpringApplicationRunListeners.java:65)
	at org.springframework.boot.SpringApplication.prepareEnvironment(SpringApplication.java:338)
	at org.springframework.boot.SpringApplication.run(SpringApplication.java:296)
	at org.springframework.boot.SpringApplication.run(SpringApplication.java:1303)
	at org.springframework.boot.SpringApplication.run(SpringApplication.java:1292)
	at com.microservices.demo.config.server.ConfigServer.main(ConfigServer.java:11)
Caused by: java.lang.IllegalStateException: Unable to invoke Cipher due to illegal block size
	at org.springframework.security.crypto.encrypt.CipherUtils.doFinal(CipherUtils.java:138)
	at org.springframework.security.crypto.encrypt.AesBytesEncryptor.decrypt(AesBytesEncryptor.java:134)
	at org.springframework.security.crypto.encrypt.HexEncodingTextEncryptor.decrypt(HexEncodingTextEncryptor.java:44)
	at org.springframework.cloud.bootstrap.encrypt.AbstractEnvironmentDecrypt.decrypt(AbstractEnvironmentDecrypt.java:144)
	... 23 common frames omitted
Caused by: javax.crypto.IllegalBlockSizeException: Input length must be multiple of 16 when decrypting with padded cipher
	at java.base/com.sun.crypto.provider.CipherCore.prepareInputBuffer(CipherCore.java:888)
	at java.base/com.sun.crypto.provider.CipherCore.doFinal(CipherCore.java:730)
	at java.base/com.sun.crypto.provider.AESCipher.engineDoFinal(AESCipher.java:436)
	at java.base/javax.crypto.Cipher.doFinal(Cipher.java:2205)
	at org.springframework.security.crypto.encrypt.CipherUtils.doFinal(CipherUtils.java:135)
	... 26 common frames omitted
2023-03-15 14:53:54 [main] ERROR o.s.boot.SpringApplication - Application run failed
java.lang.IllegalStateException: Cannot decrypt: key=spring.security.user.password
	at org.springframework.cloud.bootstrap.encrypt.AbstractEnvironmentDecrypt.decrypt(AbstractEnvironmentDecrypt.java:159)
	at org.springframework.cloud.bootstrap.encrypt.AbstractEnvironmentDecrypt.lambda$decrypt$0(AbstractEnvironmentDecrypt.java:137)
	at java.base/java.util.LinkedHashMap.replaceAll(LinkedHashMap.java:731)
	at org.springframework.cloud.bootstrap.encrypt.AbstractEnvironmentDecrypt.decrypt(AbstractEnvironmentDecrypt.java:132)
	at org.springframework.cloud.bootstrap.encrypt.AbstractEnvironmentDecrypt.decrypt(AbstractEnvironmentDecrypt.java:70)
	at org.springframework.cloud.bootstrap.encrypt.TextEncryptorUtils.decrypt(TextEncryptorUtils.java:52)
	at org.springframework.cloud.bootstrap.encrypt.DecryptEnvironmentPostProcessor.postProcessEnvironment(DecryptEnvironmentPostProcessor.java:66)
	at org.springframework.boot.env.EnvironmentPostProcessorApplicationListener.onApplicationEnvironmentPreparedEvent(EnvironmentPostProcessorApplicationListener.java:102)
	at org.springframework.boot.env.EnvironmentPostProcessorApplicationListener.onApplicationEvent(EnvironmentPostProcessorApplicationListener.java:87)
	at org.springframework.context.event.SimpleApplicationEventMulticaster.doInvokeListener(SimpleApplicationEventMulticaster.java:176)
	at org.springframework.context.event.SimpleApplicationEventMulticaster.invokeListener(SimpleApplicationEventMulticaster.java:169)
	at org.springframework.context.event.SimpleApplicationEventMulticaster.multicastEvent(SimpleApplicationEventMulticaster.java:143)
	at org.springframework.context.event.SimpleApplicationEventMulticaster.multicastEvent(SimpleApplicationEventMulticaster.java:131)
	at org.springframework.boot.context.event.EventPublishingRunListener.environmentPrepared(EventPublishingRunListener.java:85)
	at org.springframework.boot.SpringApplicationRunListeners.lambda$environmentPrepared$2(SpringApplicationRunListeners.java:66)
	at java.base/java.util.ArrayList.forEach(ArrayList.java:1511)
	at org.springframework.boot.SpringApplicationRunListeners.doWithListeners(SpringApplicationRunListeners.java:120)
	at org.springframework.boot.SpringApplicationRunListeners.doWithListeners(SpringApplicationRunListeners.java:114)
	at org.springframework.boot.SpringApplicationRunListeners.environmentPrepared(SpringApplicationRunListeners.java:65)
	at org.springframework.boot.SpringApplication.prepareEnvironment(SpringApplication.java:338)
	at org.springframework.boot.SpringApplication.run(SpringApplication.java:296)
	at org.springframework.boot.SpringApplication.run(SpringApplication.java:1303)
	at org.springframework.boot.SpringApplication.run(SpringApplication.java:1292)
	at com.microservices.demo.config.server.ConfigServer.main(ConfigServer.java:11)
Caused by: java.lang.IllegalStateException: Unable to invoke Cipher due to bad padding
	at org.springframework.security.crypto.encrypt.CipherUtils.doFinal(CipherUtils.java:141)
	at org.springframework.security.crypto.encrypt.AesBytesEncryptor.decrypt(AesBytesEncryptor.java:134)
	at org.springframework.security.crypto.encrypt.HexEncodingTextEncryptor.decrypt(HexEncodingTextEncryptor.java:44)
	at org.springframework.cloud.bootstrap.encrypt.AbstractEnvironmentDecrypt.decrypt(AbstractEnvironmentDecrypt.java:144)
	... 23 common frames omitted
Caused by: javax.crypto.BadPaddingException: Given final block not properly padded. Such issues can arise if a bad key is used during decryption.
	at java.base/com.sun.crypto.provider.CipherCore.unpad(CipherCore.java:859)
	at java.base/com.sun.crypto.provider.CipherCore.fillOutputBuffer(CipherCore.java:939)
	at java.base/com.sun.crypto.provider.CipherCore.doFinal(CipherCore.java:735)
	at java.base/com.sun.crypto.provider.AESCipher.engineDoFinal(AESCipher.java:436)
	at java.base/javax.crypto.Cipher.doFinal(Cipher.java:2205)
	at org.springframework.security.crypto.encrypt.CipherUtils.doFinal(CipherUtils.java:135)
	... 26 common frames omitted
2023-03-15 15:08:25 [background-preinit] INFO  o.h.validator.internal.util.Version - HV000001: Hibernate Validator 6.2.0.Final
2023-03-15 15:08:25 [main] INFO  c.m.demo.config.server.ConfigServer - Starting ConfigServer using Java 17.0.6 on MacBook-Pro-cua-luong.local with PID 32390 (/Users/luongvantrong/backend/microservice/java/microservices-demo/microservices-demo/config-server/target/classes started by luongvantrong in /Users/luongvantrong/backend/microservice/java/microservices-demo/microservices-demo)
2023-03-15 15:08:25 [main] INFO  c.m.demo.config.server.ConfigServer - No active profile set, falling back to default profiles: default
2023-03-15 15:08:25 [main] INFO  o.s.cloud.context.scope.GenericScope - BeanFactory id=4203d57d-7515-37c3-887c-c79e721e8373
2023-03-15 15:08:25 [main] INFO  o.s.b.w.e.tomcat.TomcatWebServer - Tomcat initialized with port(s): 8888 (http)
2023-03-15 15:08:25 [main] INFO  o.a.coyote.http11.Http11NioProtocol - Initializing ProtocolHandler ["http-nio-8888"]
2023-03-15 15:08:25 [main] INFO  o.a.catalina.core.StandardService - Starting service [Tomcat]
2023-03-15 15:08:25 [main] INFO  o.a.catalina.core.StandardEngine - Starting Servlet engine: [Apache Tomcat/9.0.56]
2023-03-15 15:08:25 [main] INFO  o.a.c.c.C.[Tomcat].[localhost].[/] - Initializing Spring embedded WebApplicationContext
2023-03-15 15:08:25 [main] INFO  o.s.b.w.s.c.ServletWebServerApplicationContext - Root WebApplicationContext: initialization completed in 532 ms
2023-03-15 15:08:26 [main] WARN  org.eclipse.jgit.util.FS_POSIX - null
2023-03-15 15:08:28 [main] WARN  o.s.c.c.s.e.MultipleJGitEnvironmentRepository - Error occured cloning to base directory.
org.eclipse.jgit.api.errors.TransportException: https://github.com/tronglv92/config-server-repository: not authorized
	at org.eclipse.jgit.api.FetchCommand.call(FetchCommand.java:224)
	at org.eclipse.jgit.api.CloneCommand.fetch(CloneCommand.java:311)
	at org.eclipse.jgit.api.CloneCommand.call(CloneCommand.java:182)
	at org.springframework.cloud.config.server.environment.JGitEnvironmentRepository.cloneToBasedir(JGitEnvironmentRepository.java:651)
	at org.springframework.cloud.config.server.environment.JGitEnvironmentRepository.initClonedRepository(JGitEnvironmentRepository.java:356)
	at org.springframework.cloud.config.server.environment.JGitEnvironmentRepository.afterPropertiesSet(JGitEnvironmentRepository.java:277)
	at org.springframework.cloud.config.server.environment.MultipleJGitEnvironmentRepository.afterPropertiesSet(MultipleJGitEnvironmentRepository.java:66)
	at org.springframework.beans.factory.support.AbstractAutowireCapableBeanFactory.invokeInitMethods(AbstractAutowireCapableBeanFactory.java:1863)
	at org.springframework.beans.factory.support.AbstractAutowireCapableBeanFactory.initializeBean(AbstractAutowireCapableBeanFactory.java:1800)
	at org.springframework.beans.factory.support.AbstractAutowireCapableBeanFactory.doCreateBean(AbstractAutowireCapableBeanFactory.java:620)
	at org.springframework.beans.factory.support.AbstractAutowireCapableBeanFactory.createBean(AbstractAutowireCapableBeanFactory.java:542)
	at org.springframework.beans.factory.support.AbstractBeanFactory.lambda$doGetBean$0(AbstractBeanFactory.java:335)
	at org.springframework.beans.factory.support.DefaultSingletonBeanRegistry.getSingleton(DefaultSingletonBeanRegistry.java:234)
	at org.springframework.beans.factory.support.AbstractBeanFactory.doGetBean(AbstractBeanFactory.java:333)
	at org.springframework.beans.factory.support.AbstractBeanFactory.getBean(AbstractBeanFactory.java:208)
	at org.springframework.beans.factory.support.DefaultListableBeanFactory.preInstantiateSingletons(DefaultListableBeanFactory.java:953)
	at org.springframework.context.support.AbstractApplicationContext.finishBeanFactoryInitialization(AbstractApplicationContext.java:918)
	at org.springframework.context.support.AbstractApplicationContext.refresh(AbstractApplicationContext.java:583)
	at org.springframework.boot.web.servlet.context.ServletWebServerApplicationContext.refresh(ServletWebServerApplicationContext.java:145)
	at org.springframework.boot.SpringApplication.refresh(SpringApplication.java:732)
	at org.springframework.boot.SpringApplication.refreshContext(SpringApplication.java:414)
	at org.springframework.boot.SpringApplication.run(SpringApplication.java:302)
	at org.springframework.boot.SpringApplication.run(SpringApplication.java:1303)
	at org.springframework.boot.SpringApplication.run(SpringApplication.java:1292)
	at com.microservices.demo.config.server.ConfigServer.main(ConfigServer.java:11)
Caused by: org.eclipse.jgit.errors.TransportException: https://github.com/tronglv92/config-server-repository: not authorized
	at org.eclipse.jgit.transport.TransportHttp.connect(TransportHttp.java:685)
	at org.eclipse.jgit.transport.TransportHttp.openFetch(TransportHttp.java:465)
	at org.eclipse.jgit.transport.FetchProcess.executeImp(FetchProcess.java:142)
	at org.eclipse.jgit.transport.FetchProcess.execute(FetchProcess.java:94)
	at org.eclipse.jgit.transport.Transport.fetch(Transport.java:1309)
	at org.eclipse.jgit.api.FetchCommand.call(FetchCommand.java:213)
	... 24 common frames omitted
2023-03-15 15:08:28 [main] WARN  o.s.b.w.s.c.AnnotationConfigServletWebServerApplicationContext - Exception encountered during context initialization - cancelling refresh attempt: org.springframework.beans.factory.BeanCreationException: Error creating bean with name 'defaultEnvironmentRepository' defined in class path resource [org/springframework/cloud/config/server/config/DefaultRepositoryConfiguration.class]: Invocation of init method failed; nested exception is org.eclipse.jgit.api.errors.TransportException: https://github.com/tronglv92/config-server-repository: not authorized
2023-03-15 15:08:28 [main] INFO  o.a.catalina.core.StandardService - Stopping service [Tomcat]
2023-03-15 15:08:28 [main] INFO  o.s.b.a.l.ConditionEvaluationReportLoggingListener - 

Error starting ApplicationContext. To display the conditions report re-run your application with 'debug' enabled.
2023-03-15 15:08:28 [main] ERROR o.s.boot.SpringApplication - Application run failed
org.springframework.beans.factory.BeanCreationException: Error creating bean with name 'defaultEnvironmentRepository' defined in class path resource [org/springframework/cloud/config/server/config/DefaultRepositoryConfiguration.class]: Invocation of init method failed; nested exception is org.eclipse.jgit.api.errors.TransportException: https://github.com/tronglv92/config-server-repository: not authorized
	at org.springframework.beans.factory.support.AbstractAutowireCapableBeanFactory.initializeBean(AbstractAutowireCapableBeanFactory.java:1804)
	at org.springframework.beans.factory.support.AbstractAutowireCapableBeanFactory.doCreateBean(AbstractAutowireCapableBeanFactory.java:620)
	at org.springframework.beans.factory.support.AbstractAutowireCapableBeanFactory.createBean(AbstractAutowireCapableBeanFactory.java:542)
	at org.springframework.beans.factory.support.AbstractBeanFactory.lambda$doGetBean$0(AbstractBeanFactory.java:335)
	at org.springframework.beans.factory.support.DefaultSingletonBeanRegistry.getSingleton(DefaultSingletonBeanRegistry.java:234)
	at org.springframework.beans.factory.support.AbstractBeanFactory.doGetBean(AbstractBeanFactory.java:333)
	at org.springframework.beans.factory.support.AbstractBeanFactory.getBean(AbstractBeanFactory.java:208)
	at org.springframework.beans.factory.support.DefaultListableBeanFactory.preInstantiateSingletons(DefaultListableBeanFactory.java:953)
	at org.springframework.context.support.AbstractApplicationContext.finishBeanFactoryInitialization(AbstractApplicationContext.java:918)
	at org.springframework.context.support.AbstractApplicationContext.refresh(AbstractApplicationContext.java:583)
	at org.springframework.boot.web.servlet.context.ServletWebServerApplicationContext.refresh(ServletWebServerApplicationContext.java:145)
	at org.springframework.boot.SpringApplication.refresh(SpringApplication.java:732)
	at org.springframework.boot.SpringApplication.refreshContext(SpringApplication.java:414)
	at org.springframework.boot.SpringApplication.run(SpringApplication.java:302)
	at org.springframework.boot.SpringApplication.run(SpringApplication.java:1303)
	at org.springframework.boot.SpringApplication.run(SpringApplication.java:1292)
	at com.microservices.demo.config.server.ConfigServer.main(ConfigServer.java:11)
Caused by: org.eclipse.jgit.api.errors.TransportException: https://github.com/tronglv92/config-server-repository: not authorized
	at org.eclipse.jgit.api.FetchCommand.call(FetchCommand.java:224)
	at org.eclipse.jgit.api.CloneCommand.fetch(CloneCommand.java:311)
	at org.eclipse.jgit.api.CloneCommand.call(CloneCommand.java:182)
	at org.springframework.cloud.config.server.environment.JGitEnvironmentRepository.cloneToBasedir(JGitEnvironmentRepository.java:651)
	at org.springframework.cloud.config.server.environment.JGitEnvironmentRepository.initClonedRepository(JGitEnvironmentRepository.java:356)
	at org.springframework.cloud.config.server.environment.JGitEnvironmentRepository.afterPropertiesSet(JGitEnvironmentRepository.java:277)
	at org.springframework.cloud.config.server.environment.MultipleJGitEnvironmentRepository.afterPropertiesSet(MultipleJGitEnvironmentRepository.java:66)
	at org.springframework.beans.factory.support.AbstractAutowireCapableBeanFactory.invokeInitMethods(AbstractAutowireCapableBeanFactory.java:1863)
	at org.springframework.beans.factory.support.AbstractAutowireCapableBeanFactory.initializeBean(AbstractAutowireCapableBeanFactory.java:1800)
	... 16 common frames omitted
Caused by: org.eclipse.jgit.errors.TransportException: https://github.com/tronglv92/config-server-repository: not authorized
	at org.eclipse.jgit.transport.TransportHttp.connect(TransportHttp.java:685)
	at org.eclipse.jgit.transport.TransportHttp.openFetch(TransportHttp.java:465)
	at org.eclipse.jgit.transport.FetchProcess.executeImp(FetchProcess.java:142)
	at org.eclipse.jgit.transport.FetchProcess.execute(FetchProcess.java:94)
	at org.eclipse.jgit.transport.Transport.fetch(Transport.java:1309)
	at org.eclipse.jgit.api.FetchCommand.call(FetchCommand.java:213)
	... 24 common frames omitted
2023-03-15 15:09:24 [background-preinit] INFO  o.h.validator.internal.util.Version - HV000001: Hibernate Validator 6.2.0.Final
2023-03-15 15:09:24 [main] INFO  c.m.demo.config.server.ConfigServer - Starting ConfigServer using Java 17.0.6 on MacBook-Pro-cua-luong.local with PID 32459 (/Users/luongvantrong/backend/microservice/java/microservices-demo/microservices-demo/config-server/target/classes started by luongvantrong in /Users/luongvantrong/backend/microservice/java/microservices-demo/microservices-demo)
2023-03-15 15:09:24 [main] INFO  c.m.demo.config.server.ConfigServer - No active profile set, falling back to default profiles: default
2023-03-15 15:09:24 [main] INFO  o.s.cloud.context.scope.GenericScope - BeanFactory id=4203d57d-7515-37c3-887c-c79e721e8373
2023-03-15 15:09:24 [main] INFO  o.s.b.w.e.tomcat.TomcatWebServer - Tomcat initialized with port(s): 8888 (http)
2023-03-15 15:09:24 [main] INFO  o.a.coyote.http11.Http11NioProtocol - Initializing ProtocolHandler ["http-nio-8888"]
2023-03-15 15:09:24 [main] INFO  o.a.catalina.core.StandardService - Starting service [Tomcat]
2023-03-15 15:09:24 [main] INFO  o.a.catalina.core.StandardEngine - Starting Servlet engine: [Apache Tomcat/9.0.56]
2023-03-15 15:09:24 [main] INFO  o.a.c.c.C.[Tomcat].[localhost].[/] - Initializing Spring embedded WebApplicationContext
2023-03-15 15:09:24 [main] INFO  o.s.b.w.s.c.ServletWebServerApplicationContext - Root WebApplicationContext: initialization completed in 516 ms
2023-03-15 15:09:25 [main] WARN  org.eclipse.jgit.util.FS_POSIX - null
2023-03-15 15:09:27 [main] WARN  o.s.c.c.s.e.MultipleJGitEnvironmentRepository - Error occured cloning to base directory.
org.eclipse.jgit.api.errors.TransportException: https://github.com/tronglv92/config-server-repository: not authorized
	at org.eclipse.jgit.api.FetchCommand.call(FetchCommand.java:224)
	at org.eclipse.jgit.api.CloneCommand.fetch(CloneCommand.java:311)
	at org.eclipse.jgit.api.CloneCommand.call(CloneCommand.java:182)
	at org.springframework.cloud.config.server.environment.JGitEnvironmentRepository.cloneToBasedir(JGitEnvironmentRepository.java:651)
	at org.springframework.cloud.config.server.environment.JGitEnvironmentRepository.initClonedRepository(JGitEnvironmentRepository.java:356)
	at org.springframework.cloud.config.server.environment.JGitEnvironmentRepository.afterPropertiesSet(JGitEnvironmentRepository.java:277)
	at org.springframework.cloud.config.server.environment.MultipleJGitEnvironmentRepository.afterPropertiesSet(MultipleJGitEnvironmentRepository.java:66)
	at org.springframework.beans.factory.support.AbstractAutowireCapableBeanFactory.invokeInitMethods(AbstractAutowireCapableBeanFactory.java:1863)
	at org.springframework.beans.factory.support.AbstractAutowireCapableBeanFactory.initializeBean(AbstractAutowireCapableBeanFactory.java:1800)
	at org.springframework.beans.factory.support.AbstractAutowireCapableBeanFactory.doCreateBean(AbstractAutowireCapableBeanFactory.java:620)
	at org.springframework.beans.factory.support.AbstractAutowireCapableBeanFactory.createBean(AbstractAutowireCapableBeanFactory.java:542)
	at org.springframework.beans.factory.support.AbstractBeanFactory.lambda$doGetBean$0(AbstractBeanFactory.java:335)
	at org.springframework.beans.factory.support.DefaultSingletonBeanRegistry.getSingleton(DefaultSingletonBeanRegistry.java:234)
	at org.springframework.beans.factory.support.AbstractBeanFactory.doGetBean(AbstractBeanFactory.java:333)
	at org.springframework.beans.factory.support.AbstractBeanFactory.getBean(AbstractBeanFactory.java:208)
	at org.springframework.beans.factory.support.DefaultListableBeanFactory.preInstantiateSingletons(DefaultListableBeanFactory.java:953)
	at org.springframework.context.support.AbstractApplicationContext.finishBeanFactoryInitialization(AbstractApplicationContext.java:918)
	at org.springframework.context.support.AbstractApplicationContext.refresh(AbstractApplicationContext.java:583)
	at org.springframework.boot.web.servlet.context.ServletWebServerApplicationContext.refresh(ServletWebServerApplicationContext.java:145)
	at org.springframework.boot.SpringApplication.refresh(SpringApplication.java:732)
	at org.springframework.boot.SpringApplication.refreshContext(SpringApplication.java:414)
	at org.springframework.boot.SpringApplication.run(SpringApplication.java:302)
	at org.springframework.boot.SpringApplication.run(SpringApplication.java:1303)
	at org.springframework.boot.SpringApplication.run(SpringApplication.java:1292)
	at com.microservices.demo.config.server.ConfigServer.main(ConfigServer.java:11)
Caused by: org.eclipse.jgit.errors.TransportException: https://github.com/tronglv92/config-server-repository: not authorized
	at org.eclipse.jgit.transport.TransportHttp.connect(TransportHttp.java:685)
	at org.eclipse.jgit.transport.TransportHttp.openFetch(TransportHttp.java:465)
	at org.eclipse.jgit.transport.FetchProcess.executeImp(FetchProcess.java:142)
	at org.eclipse.jgit.transport.FetchProcess.execute(FetchProcess.java:94)
	at org.eclipse.jgit.transport.Transport.fetch(Transport.java:1309)
	at org.eclipse.jgit.api.FetchCommand.call(FetchCommand.java:213)
	... 24 common frames omitted
2023-03-15 15:09:27 [main] WARN  o.s.b.w.s.c.AnnotationConfigServletWebServerApplicationContext - Exception encountered during context initialization - cancelling refresh attempt: org.springframework.beans.factory.BeanCreationException: Error creating bean with name 'defaultEnvironmentRepository' defined in class path resource [org/springframework/cloud/config/server/config/DefaultRepositoryConfiguration.class]: Invocation of init method failed; nested exception is org.eclipse.jgit.api.errors.TransportException: https://github.com/tronglv92/config-server-repository: not authorized
2023-03-15 15:09:27 [main] INFO  o.a.catalina.core.StandardService - Stopping service [Tomcat]
2023-03-15 15:09:27 [main] INFO  o.s.b.a.l.ConditionEvaluationReportLoggingListener - 

Error starting ApplicationContext. To display the conditions report re-run your application with 'debug' enabled.
2023-03-15 15:09:27 [main] ERROR o.s.boot.SpringApplication - Application run failed
org.springframework.beans.factory.BeanCreationException: Error creating bean with name 'defaultEnvironmentRepository' defined in class path resource [org/springframework/cloud/config/server/config/DefaultRepositoryConfiguration.class]: Invocation of init method failed; nested exception is org.eclipse.jgit.api.errors.TransportException: https://github.com/tronglv92/config-server-repository: not authorized
	at org.springframework.beans.factory.support.AbstractAutowireCapableBeanFactory.initializeBean(AbstractAutowireCapableBeanFactory.java:1804)
	at org.springframework.beans.factory.support.AbstractAutowireCapableBeanFactory.doCreateBean(AbstractAutowireCapableBeanFactory.java:620)
	at org.springframework.beans.factory.support.AbstractAutowireCapableBeanFactory.createBean(AbstractAutowireCapableBeanFactory.java:542)
	at org.springframework.beans.factory.support.AbstractBeanFactory.lambda$doGetBean$0(AbstractBeanFactory.java:335)
	at org.springframework.beans.factory.support.DefaultSingletonBeanRegistry.getSingleton(DefaultSingletonBeanRegistry.java:234)
	at org.springframework.beans.factory.support.AbstractBeanFactory.doGetBean(AbstractBeanFactory.java:333)
	at org.springframework.beans.factory.support.AbstractBeanFactory.getBean(AbstractBeanFactory.java:208)
	at org.springframework.beans.factory.support.DefaultListableBeanFactory.preInstantiateSingletons(DefaultListableBeanFactory.java:953)
	at org.springframework.context.support.AbstractApplicationContext.finishBeanFactoryInitialization(AbstractApplicationContext.java:918)
	at org.springframework.context.support.AbstractApplicationContext.refresh(AbstractApplicationContext.java:583)
	at org.springframework.boot.web.servlet.context.ServletWebServerApplicationContext.refresh(ServletWebServerApplicationContext.java:145)
	at org.springframework.boot.SpringApplication.refresh(SpringApplication.java:732)
	at org.springframework.boot.SpringApplication.refreshContext(SpringApplication.java:414)
	at org.springframework.boot.SpringApplication.run(SpringApplication.java:302)
	at org.springframework.boot.SpringApplication.run(SpringApplication.java:1303)
	at org.springframework.boot.SpringApplication.run(SpringApplication.java:1292)
	at com.microservices.demo.config.server.ConfigServer.main(ConfigServer.java:11)
Caused by: org.eclipse.jgit.api.errors.TransportException: https://github.com/tronglv92/config-server-repository: not authorized
	at org.eclipse.jgit.api.FetchCommand.call(FetchCommand.java:224)
	at org.eclipse.jgit.api.CloneCommand.fetch(CloneCommand.java:311)
	at org.eclipse.jgit.api.CloneCommand.call(CloneCommand.java:182)
	at org.springframework.cloud.config.server.environment.JGitEnvironmentRepository.cloneToBasedir(JGitEnvironmentRepository.java:651)
	at org.springframework.cloud.config.server.environment.JGitEnvironmentRepository.initClonedRepository(JGitEnvironmentRepository.java:356)
	at org.springframework.cloud.config.server.environment.JGitEnvironmentRepository.afterPropertiesSet(JGitEnvironmentRepository.java:277)
	at org.springframework.cloud.config.server.environment.MultipleJGitEnvironmentRepository.afterPropertiesSet(MultipleJGitEnvironmentRepository.java:66)
	at org.springframework.beans.factory.support.AbstractAutowireCapableBeanFactory.invokeInitMethods(AbstractAutowireCapableBeanFactory.java:1863)
	at org.springframework.beans.factory.support.AbstractAutowireCapableBeanFactory.initializeBean(AbstractAutowireCapableBeanFactory.java:1800)
	... 16 common frames omitted
Caused by: org.eclipse.jgit.errors.TransportException: https://github.com/tronglv92/config-server-repository: not authorized
	at org.eclipse.jgit.transport.TransportHttp.connect(TransportHttp.java:685)
	at org.eclipse.jgit.transport.TransportHttp.openFetch(TransportHttp.java:465)
	at org.eclipse.jgit.transport.FetchProcess.executeImp(FetchProcess.java:142)
	at org.eclipse.jgit.transport.FetchProcess.execute(FetchProcess.java:94)
	at org.eclipse.jgit.transport.Transport.fetch(Transport.java:1309)
	at org.eclipse.jgit.api.FetchCommand.call(FetchCommand.java:213)
	... 24 common frames omitted
2023-03-15 15:10:27 [background-preinit] INFO  o.h.validator.internal.util.Version - HV000001: Hibernate Validator 6.2.0.Final
2023-03-15 15:10:27 [main] INFO  c.m.demo.config.server.ConfigServer - Starting ConfigServer using Java 17.0.6 on MacBook-Pro-cua-luong.local with PID 32533 (/Users/luongvantrong/backend/microservice/java/microservices-demo/microservices-demo/config-server/target/classes started by luongvantrong in /Users/luongvantrong/backend/microservice/java/microservices-demo/microservices-demo)
2023-03-15 15:10:27 [main] INFO  c.m.demo.config.server.ConfigServer - No active profile set, falling back to default profiles: default
2023-03-15 15:10:28 [main] INFO  o.s.cloud.context.scope.GenericScope - BeanFactory id=4203d57d-7515-37c3-887c-c79e721e8373
2023-03-15 15:10:28 [main] INFO  o.s.b.w.e.tomcat.TomcatWebServer - Tomcat initialized with port(s): 8888 (http)
2023-03-15 15:10:28 [main] INFO  o.a.coyote.http11.Http11NioProtocol - Initializing ProtocolHandler ["http-nio-8888"]
2023-03-15 15:10:28 [main] INFO  o.a.catalina.core.StandardService - Starting service [Tomcat]
2023-03-15 15:10:28 [main] INFO  o.a.catalina.core.StandardEngine - Starting Servlet engine: [Apache Tomcat/9.0.56]
2023-03-15 15:10:28 [main] INFO  o.a.c.c.C.[Tomcat].[localhost].[/] - Initializing Spring embedded WebApplicationContext
2023-03-15 15:10:28 [main] INFO  o.s.b.w.s.c.ServletWebServerApplicationContext - Root WebApplicationContext: initialization completed in 548 ms
2023-03-15 15:10:28 [main] WARN  org.eclipse.jgit.util.FS_POSIX - null
2023-03-15 15:10:30 [main] WARN  o.s.c.c.s.e.MultipleJGitEnvironmentRepository - Error occured cloning to base directory.
org.eclipse.jgit.api.errors.TransportException: https://github.com/tronglv92/config-server-repository: not authorized
	at org.eclipse.jgit.api.FetchCommand.call(FetchCommand.java:224)
	at org.eclipse.jgit.api.CloneCommand.fetch(CloneCommand.java:311)
	at org.eclipse.jgit.api.CloneCommand.call(CloneCommand.java:182)
	at org.springframework.cloud.config.server.environment.JGitEnvironmentRepository.cloneToBasedir(JGitEnvironmentRepository.java:651)
	at org.springframework.cloud.config.server.environment.JGitEnvironmentRepository.initClonedRepository(JGitEnvironmentRepository.java:356)
	at org.springframework.cloud.config.server.environment.JGitEnvironmentRepository.afterPropertiesSet(JGitEnvironmentRepository.java:277)
	at org.springframework.cloud.config.server.environment.MultipleJGitEnvironmentRepository.afterPropertiesSet(MultipleJGitEnvironmentRepository.java:66)
	at org.springframework.beans.factory.support.AbstractAutowireCapableBeanFactory.invokeInitMethods(AbstractAutowireCapableBeanFactory.java:1863)
	at org.springframework.beans.factory.support.AbstractAutowireCapableBeanFactory.initializeBean(AbstractAutowireCapableBeanFactory.java:1800)
	at org.springframework.beans.factory.support.AbstractAutowireCapableBeanFactory.doCreateBean(AbstractAutowireCapableBeanFactory.java:620)
	at org.springframework.beans.factory.support.AbstractAutowireCapableBeanFactory.createBean(AbstractAutowireCapableBeanFactory.java:542)
	at org.springframework.beans.factory.support.AbstractBeanFactory.lambda$doGetBean$0(AbstractBeanFactory.java:335)
	at org.springframework.beans.factory.support.DefaultSingletonBeanRegistry.getSingleton(DefaultSingletonBeanRegistry.java:234)
	at org.springframework.beans.factory.support.AbstractBeanFactory.doGetBean(AbstractBeanFactory.java:333)
	at org.springframework.beans.factory.support.AbstractBeanFactory.getBean(AbstractBeanFactory.java:208)
	at org.springframework.beans.factory.support.DefaultListableBeanFactory.preInstantiateSingletons(DefaultListableBeanFactory.java:953)
	at org.springframework.context.support.AbstractApplicationContext.finishBeanFactoryInitialization(AbstractApplicationContext.java:918)
	at org.springframework.context.support.AbstractApplicationContext.refresh(AbstractApplicationContext.java:583)
	at org.springframework.boot.web.servlet.context.ServletWebServerApplicationContext.refresh(ServletWebServerApplicationContext.java:145)
	at org.springframework.boot.SpringApplication.refresh(SpringApplication.java:732)
	at org.springframework.boot.SpringApplication.refreshContext(SpringApplication.java:414)
	at org.springframework.boot.SpringApplication.run(SpringApplication.java:302)
	at org.springframework.boot.SpringApplication.run(SpringApplication.java:1303)
	at org.springframework.boot.SpringApplication.run(SpringApplication.java:1292)
	at com.microservices.demo.config.server.ConfigServer.main(ConfigServer.java:11)
Caused by: org.eclipse.jgit.errors.TransportException: https://github.com/tronglv92/config-server-repository: not authorized
	at org.eclipse.jgit.transport.TransportHttp.connect(TransportHttp.java:685)
	at org.eclipse.jgit.transport.TransportHttp.openFetch(TransportHttp.java:465)
	at org.eclipse.jgit.transport.FetchProcess.executeImp(FetchProcess.java:142)
	at org.eclipse.jgit.transport.FetchProcess.execute(FetchProcess.java:94)
	at org.eclipse.jgit.transport.Transport.fetch(Transport.java:1309)
	at org.eclipse.jgit.api.FetchCommand.call(FetchCommand.java:213)
	... 24 common frames omitted
2023-03-15 15:10:30 [main] WARN  o.s.b.w.s.c.AnnotationConfigServletWebServerApplicationContext - Exception encountered during context initialization - cancelling refresh attempt: org.springframework.beans.factory.BeanCreationException: Error creating bean with name 'defaultEnvironmentRepository' defined in class path resource [org/springframework/cloud/config/server/config/DefaultRepositoryConfiguration.class]: Invocation of init method failed; nested exception is org.eclipse.jgit.api.errors.TransportException: https://github.com/tronglv92/config-server-repository: not authorized
2023-03-15 15:10:30 [main] INFO  o.a.catalina.core.StandardService - Stopping service [Tomcat]
2023-03-15 15:10:30 [main] INFO  o.s.b.a.l.ConditionEvaluationReportLoggingListener - 

Error starting ApplicationContext. To display the conditions report re-run your application with 'debug' enabled.
2023-03-15 15:10:30 [main] ERROR o.s.boot.SpringApplication - Application run failed
org.springframework.beans.factory.BeanCreationException: Error creating bean with name 'defaultEnvironmentRepository' defined in class path resource [org/springframework/cloud/config/server/config/DefaultRepositoryConfiguration.class]: Invocation of init method failed; nested exception is org.eclipse.jgit.api.errors.TransportException: https://github.com/tronglv92/config-server-repository: not authorized
	at org.springframework.beans.factory.support.AbstractAutowireCapableBeanFactory.initializeBean(AbstractAutowireCapableBeanFactory.java:1804)
	at org.springframework.beans.factory.support.AbstractAutowireCapableBeanFactory.doCreateBean(AbstractAutowireCapableBeanFactory.java:620)
	at org.springframework.beans.factory.support.AbstractAutowireCapableBeanFactory.createBean(AbstractAutowireCapableBeanFactory.java:542)
	at org.springframework.beans.factory.support.AbstractBeanFactory.lambda$doGetBean$0(AbstractBeanFactory.java:335)
	at org.springframework.beans.factory.support.DefaultSingletonBeanRegistry.getSingleton(DefaultSingletonBeanRegistry.java:234)
	at org.springframework.beans.factory.support.AbstractBeanFactory.doGetBean(AbstractBeanFactory.java:333)
	at org.springframework.beans.factory.support.AbstractBeanFactory.getBean(AbstractBeanFactory.java:208)
	at org.springframework.beans.factory.support.DefaultListableBeanFactory.preInstantiateSingletons(DefaultListableBeanFactory.java:953)
	at org.springframework.context.support.AbstractApplicationContext.finishBeanFactoryInitialization(AbstractApplicationContext.java:918)
	at org.springframework.context.support.AbstractApplicationContext.refresh(AbstractApplicationContext.java:583)
	at org.springframework.boot.web.servlet.context.ServletWebServerApplicationContext.refresh(ServletWebServerApplicationContext.java:145)
	at org.springframework.boot.SpringApplication.refresh(SpringApplication.java:732)
	at org.springframework.boot.SpringApplication.refreshContext(SpringApplication.java:414)
	at org.springframework.boot.SpringApplication.run(SpringApplication.java:302)
	at org.springframework.boot.SpringApplication.run(SpringApplication.java:1303)
	at org.springframework.boot.SpringApplication.run(SpringApplication.java:1292)
	at com.microservices.demo.config.server.ConfigServer.main(ConfigServer.java:11)
Caused by: org.eclipse.jgit.api.errors.TransportException: https://github.com/tronglv92/config-server-repository: not authorized
	at org.eclipse.jgit.api.FetchCommand.call(FetchCommand.java:224)
	at org.eclipse.jgit.api.CloneCommand.fetch(CloneCommand.java:311)
	at org.eclipse.jgit.api.CloneCommand.call(CloneCommand.java:182)
	at org.springframework.cloud.config.server.environment.JGitEnvironmentRepository.cloneToBasedir(JGitEnvironmentRepository.java:651)
	at org.springframework.cloud.config.server.environment.JGitEnvironmentRepository.initClonedRepository(JGitEnvironmentRepository.java:356)
	at org.springframework.cloud.config.server.environment.JGitEnvironmentRepository.afterPropertiesSet(JGitEnvironmentRepository.java:277)
	at org.springframework.cloud.config.server.environment.MultipleJGitEnvironmentRepository.afterPropertiesSet(MultipleJGitEnvironmentRepository.java:66)
	at org.springframework.beans.factory.support.AbstractAutowireCapableBeanFactory.invokeInitMethods(AbstractAutowireCapableBeanFactory.java:1863)
	at org.springframework.beans.factory.support.AbstractAutowireCapableBeanFactory.initializeBean(AbstractAutowireCapableBeanFactory.java:1800)
	... 16 common frames omitted
Caused by: org.eclipse.jgit.errors.TransportException: https://github.com/tronglv92/config-server-repository: not authorized
	at org.eclipse.jgit.transport.TransportHttp.connect(TransportHttp.java:685)
	at org.eclipse.jgit.transport.TransportHttp.openFetch(TransportHttp.java:465)
	at org.eclipse.jgit.transport.FetchProcess.executeImp(FetchProcess.java:142)
	at org.eclipse.jgit.transport.FetchProcess.execute(FetchProcess.java:94)
	at org.eclipse.jgit.transport.Transport.fetch(Transport.java:1309)
	at org.eclipse.jgit.api.FetchCommand.call(FetchCommand.java:213)
	... 24 common frames omitted
2023-03-15 15:13:05 [background-preinit] INFO  o.h.validator.internal.util.Version - HV000001: Hibernate Validator 6.2.0.Final
2023-03-15 15:13:05 [main] INFO  c.m.demo.config.server.ConfigServer - Starting ConfigServer using Java 17.0.6 on MacBook-Pro-cua-luong.local with PID 32642 (/Users/luongvantrong/backend/microservice/java/microservices-demo/microservices-demo/config-server/target/classes started by luongvantrong in /Users/luongvantrong/backend/microservice/java/microservices-demo/microservices-demo)
2023-03-15 15:13:05 [main] INFO  c.m.demo.config.server.ConfigServer - No active profile set, falling back to default profiles: default
2023-03-15 15:13:06 [main] INFO  o.s.cloud.context.scope.GenericScope - BeanFactory id=4203d57d-7515-37c3-887c-c79e721e8373
2023-03-15 15:13:06 [main] INFO  o.s.b.w.e.tomcat.TomcatWebServer - Tomcat initialized with port(s): 8888 (http)
2023-03-15 15:13:06 [main] INFO  o.a.coyote.http11.Http11NioProtocol - Initializing ProtocolHandler ["http-nio-8888"]
2023-03-15 15:13:06 [main] INFO  o.a.catalina.core.StandardService - Starting service [Tomcat]
2023-03-15 15:13:06 [main] INFO  o.a.catalina.core.StandardEngine - Starting Servlet engine: [Apache Tomcat/9.0.56]
2023-03-15 15:13:06 [main] INFO  o.a.c.c.C.[Tomcat].[localhost].[/] - Initializing Spring embedded WebApplicationContext
2023-03-15 15:13:06 [main] INFO  o.s.b.w.s.c.ServletWebServerApplicationContext - Root WebApplicationContext: initialization completed in 525 ms
2023-03-15 15:13:06 [main] WARN  org.eclipse.jgit.util.FS_POSIX - null
2023-03-15 15:13:09 [main] INFO  o.a.coyote.http11.Http11NioProtocol - Starting ProtocolHandler ["http-nio-8888"]
2023-03-15 15:13:09 [main] INFO  o.s.b.w.e.tomcat.TomcatWebServer - Tomcat started on port(s): 8888 (http) with context path ''
2023-03-15 15:13:09 [main] INFO  c.m.demo.config.server.ConfigServer - Started ConfigServer in 3.675 seconds (JVM running for 3.957)
2023-03-15 15:13:22 [http-nio-8888-exec-1] INFO  o.a.c.c.C.[Tomcat].[localhost].[/] - Initializing Spring DispatcherServlet 'dispatcherServlet'
2023-03-15 15:13:22 [http-nio-8888-exec-1] INFO  o.s.web.servlet.DispatcherServlet - Initializing Servlet 'dispatcherServlet'
2023-03-15 15:13:22 [http-nio-8888-exec-1] INFO  o.s.web.servlet.DispatcherServlet - Completed initialization in 0 ms
2023-03-15 15:13:23 [http-nio-8888-exec-1] INFO  o.s.c.c.s.e.NativeEnvironmentRepository - Adding property source: Config resource 'file [/var/folders/4z/qmvjh94n4cq6lr5bqr8l9yy00000gn/T/config-repo-15398280054251870012/config-client-twitter_to_kafka.yml]' via location 'file:/var/folders/4z/qmvjh94n4cq6lr5bqr8l9yy00000gn/T/config-repo-15398280054251870012/'
2023-03-15 15:13:23 [http-nio-8888-exec-1] INFO  o.s.c.c.s.e.NativeEnvironmentRepository - Adding property source: Config resource 'file [/var/folders/4z/qmvjh94n4cq6lr5bqr8l9yy00000gn/T/config-repo-15398280054251870012/config-client.yml]' via location 'file:/var/folders/4z/qmvjh94n4cq6lr5bqr8l9yy00000gn/T/config-repo-15398280054251870012/'
2023-03-15 15:19:56 [background-preinit] INFO  o.h.validator.internal.util.Version - HV000001: Hibernate Validator 6.2.0.Final
2023-03-15 15:19:56 [main] INFO  c.m.demo.config.server.ConfigServer - Starting ConfigServer using Java 17.0.6 on MacBook-Pro-cua-luong.local with PID 34372 (/Users/luongvantrong/backend/microservice/java/microservices-demo/microservices-demo/config-server/target/classes started by luongvantrong in /Users/luongvantrong/backend/microservice/java/microservices-demo/microservices-demo)
2023-03-15 15:19:56 [main] INFO  c.m.demo.config.server.ConfigServer - No active profile set, falling back to default profiles: default
2023-03-15 15:19:57 [main] INFO  o.s.cloud.context.scope.GenericScope - BeanFactory id=4203d57d-7515-37c3-887c-c79e721e8373
2023-03-15 15:19:57 [main] INFO  o.s.b.w.e.tomcat.TomcatWebServer - Tomcat initialized with port(s): 8888 (http)
2023-03-15 15:19:57 [main] INFO  o.a.coyote.http11.Http11NioProtocol - Initializing ProtocolHandler ["http-nio-8888"]
2023-03-15 15:19:57 [main] INFO  o.a.catalina.core.StandardService - Starting service [Tomcat]
2023-03-15 15:19:57 [main] INFO  o.a.catalina.core.StandardEngine - Starting Servlet engine: [Apache Tomcat/9.0.56]
2023-03-15 15:19:57 [main] INFO  o.a.c.c.C.[Tomcat].[localhost].[/] - Initializing Spring embedded WebApplicationContext
2023-03-15 15:19:57 [main] INFO  o.s.b.w.s.c.ServletWebServerApplicationContext - Root WebApplicationContext: initialization completed in 536 ms
2023-03-15 15:19:57 [main] WARN  org.eclipse.jgit.util.FS_POSIX - null
2023-03-15 15:20:00 [main] INFO  o.a.coyote.http11.Http11NioProtocol - Starting ProtocolHandler ["http-nio-8888"]
2023-03-15 15:20:00 [main] INFO  o.s.b.w.e.tomcat.TomcatWebServer - Tomcat started on port(s): 8888 (http) with context path ''
2023-03-15 15:20:00 [main] INFO  c.m.demo.config.server.ConfigServer - Started ConfigServer in 4.037 seconds (JVM running for 4.341)
2023-03-15 15:20:04 [http-nio-8888-exec-1] INFO  o.a.c.c.C.[Tomcat].[localhost].[/] - Initializing Spring DispatcherServlet 'dispatcherServlet'
2023-03-15 15:20:04 [http-nio-8888-exec-1] INFO  o.s.web.servlet.DispatcherServlet - Initializing Servlet 'dispatcherServlet'
2023-03-15 15:20:04 [http-nio-8888-exec-1] INFO  o.s.web.servlet.DispatcherServlet - Completed initialization in 0 ms
2023-03-15 15:20:05 [http-nio-8888-exec-1] INFO  o.s.c.c.s.e.NativeEnvironmentRepository - Adding property source: Config resource 'file [/var/folders/4z/qmvjh94n4cq6lr5bqr8l9yy00000gn/T/config-repo-16092373539033093185/config-client-twitter_to_kafka.yml]' via location 'file:/var/folders/4z/qmvjh94n4cq6lr5bqr8l9yy00000gn/T/config-repo-16092373539033093185/'
2023-03-15 15:20:05 [http-nio-8888-exec-1] INFO  o.s.c.c.s.e.NativeEnvironmentRepository - Adding property source: Config resource 'file [/var/folders/4z/qmvjh94n4cq6lr5bqr8l9yy00000gn/T/config-repo-16092373539033093185/config-client.yml]' via location 'file:/var/folders/4z/qmvjh94n4cq6lr5bqr8l9yy00000gn/T/config-repo-16092373539033093185/'
2023-03-15 16:16:39 [background-preinit] INFO  o.h.validator.internal.util.Version - HV000001: Hibernate Validator 6.2.0.Final
2023-03-15 16:16:39 [main] INFO  c.m.demo.config.server.ConfigServer - Starting ConfigServer using Java 17.0.6 on MacBook-Pro-cua-luong.local with PID 36718 (/Users/luongvantrong/backend/microservice/java/microservices-demo/microservices-demo/config-server/target/classes started by luongvantrong in /Users/luongvantrong/backend/microservice/java/microservices-demo/microservices-demo)
2023-03-15 16:16:39 [main] INFO  c.m.demo.config.server.ConfigServer - No active profile set, falling back to default profiles: default
2023-03-15 16:16:39 [main] INFO  o.s.cloud.context.scope.GenericScope - BeanFactory id=1c7df4a5-d083-3c27-82fd-64180fd3386d
2023-03-15 16:16:39 [main] INFO  o.s.b.w.e.tomcat.TomcatWebServer - Tomcat initialized with port(s): 8888 (http)
2023-03-15 16:16:39 [main] INFO  o.a.coyote.http11.Http11NioProtocol - Initializing ProtocolHandler ["http-nio-8888"]
2023-03-15 16:16:39 [main] INFO  o.a.catalina.core.StandardService - Starting service [Tomcat]
2023-03-15 16:16:39 [main] INFO  o.a.catalina.core.StandardEngine - Starting Servlet engine: [Apache Tomcat/9.0.56]
2023-03-15 16:16:40 [main] INFO  o.a.c.c.C.[Tomcat].[localhost].[/] - Initializing Spring embedded WebApplicationContext
2023-03-15 16:16:40 [main] INFO  o.s.b.w.s.c.ServletWebServerApplicationContext - Root WebApplicationContext: initialization completed in 573 ms
2023-03-15 16:16:40 [main] INFO  o.s.s.web.DefaultSecurityFilterChain - Will secure Ant [pattern='/actuator/**'] with []
2023-03-15 16:16:40 [main] INFO  o.s.s.web.DefaultSecurityFilterChain - Will secure Ant [pattern='/encrypt/**'] with []
2023-03-15 16:16:40 [main] INFO  o.s.s.web.DefaultSecurityFilterChain - Will secure Ant [pattern='/decrypt/**'] with []
2023-03-15 16:16:40 [main] INFO  o.s.s.web.DefaultSecurityFilterChain - Will secure any request with [org.springframework.security.web.context.request.async.WebAsyncManagerIntegrationFilter@7d42404e, org.springframework.security.web.context.SecurityContextPersistenceFilter@2eda4eeb, org.springframework.security.web.header.HeaderWriterFilter@68b11545, org.springframework.security.web.csrf.CsrfFilter@1f782c05, org.springframework.security.web.authentication.logout.LogoutFilter@5efeb117, org.springframework.security.web.authentication.UsernamePasswordAuthenticationFilter@902fdbe, org.springframework.security.web.authentication.ui.DefaultLoginPageGeneratingFilter@35d26ad2, org.springframework.security.web.authentication.ui.DefaultLogoutPageGeneratingFilter@6af5b246, org.springframework.security.web.authentication.www.BasicAuthenticationFilter@ea7a4c3, org.springframework.security.web.savedrequest.RequestCacheAwareFilter@309dcdf3, org.springframework.security.web.servletapi.SecurityContextHolderAwareRequestFilter@2c0c4c0a, org.springframework.security.web.authentication.AnonymousAuthenticationFilter@31723307, org.springframework.security.web.session.SessionManagementFilter@357bc488, org.springframework.security.web.access.ExceptionTranslationFilter@35bfa1bb, org.springframework.security.web.access.intercept.FilterSecurityInterceptor@79b18230]
2023-03-15 16:16:40 [main] WARN  org.eclipse.jgit.util.FS_POSIX - null
2023-03-15 16:16:42 [main] INFO  o.a.coyote.http11.Http11NioProtocol - Starting ProtocolHandler ["http-nio-8888"]
2023-03-15 16:16:42 [main] INFO  o.s.b.w.e.tomcat.TomcatWebServer - Tomcat started on port(s): 8888 (http) with context path ''
2023-03-15 16:16:42 [main] INFO  c.m.demo.config.server.ConfigServer - Started ConfigServer in 4.075 seconds (JVM running for 4.415)
2023-03-15 16:17:31 [http-nio-8888-exec-1] INFO  o.a.c.c.C.[Tomcat].[localhost].[/] - Initializing Spring DispatcherServlet 'dispatcherServlet'
2023-03-15 16:17:31 [http-nio-8888-exec-1] INFO  o.s.web.servlet.DispatcherServlet - Initializing Servlet 'dispatcherServlet'
2023-03-15 16:17:31 [http-nio-8888-exec-1] INFO  o.s.web.servlet.DispatcherServlet - Completed initialization in 3 ms
2023-03-15 16:17:31 [http-nio-8888-exec-1] INFO  o.s.c.c.s.e.EncryptionController - Encrypted data
2023-03-15 16:19:03 [http-nio-8888-exec-5] INFO  o.s.c.c.s.e.EncryptionController - Decrypted cipher data
2023-03-15 16:19:33 [http-nio-8888-exec-6] INFO  o.s.c.c.s.e.EncryptionController - Encrypted data
2023-03-15 16:19:34 [http-nio-8888-exec-7] INFO  o.s.c.c.s.e.EncryptionController - Encrypted data
2023-03-15 16:19:34 [http-nio-8888-exec-8] INFO  o.s.c.c.s.e.EncryptionController - Encrypted data
2023-03-15 16:19:36 [http-nio-8888-exec-9] INFO  o.s.c.c.s.e.EncryptionController - Encrypted data
2023-03-15 16:19:42 [http-nio-8888-exec-10] INFO  o.s.c.c.s.e.EncryptionController - Decrypted cipher data
2023-03-15 16:20:14 [background-preinit] INFO  o.h.validator.internal.util.Version - HV000001: Hibernate Validator 6.2.0.Final
2023-03-15 16:20:14 [main] INFO  c.m.demo.config.server.ConfigServer - Starting ConfigServer using Java 17.0.6 on MacBook-Pro-cua-luong.local with PID 36904 (/Users/luongvantrong/backend/microservice/java/microservices-demo/microservices-demo/config-server/target/classes started by luongvantrong in /Users/luongvantrong/backend/microservice/java/microservices-demo/microservices-demo)
2023-03-15 16:20:14 [main] INFO  c.m.demo.config.server.ConfigServer - No active profile set, falling back to default profiles: default
2023-03-15 16:20:14 [main] INFO  o.s.cloud.context.scope.GenericScope - BeanFactory id=1c7df4a5-d083-3c27-82fd-64180fd3386d
2023-03-15 16:20:14 [main] INFO  o.s.b.w.e.tomcat.TomcatWebServer - Tomcat initialized with port(s): 8888 (http)
2023-03-15 16:20:14 [main] INFO  o.a.coyote.http11.Http11NioProtocol - Initializing ProtocolHandler ["http-nio-8888"]
2023-03-15 16:20:14 [main] INFO  o.a.catalina.core.StandardService - Starting service [Tomcat]
2023-03-15 16:20:14 [main] INFO  o.a.catalina.core.StandardEngine - Starting Servlet engine: [Apache Tomcat/9.0.56]
2023-03-15 16:20:14 [main] INFO  o.a.c.c.C.[Tomcat].[localhost].[/] - Initializing Spring embedded WebApplicationContext
2023-03-15 16:20:14 [main] INFO  o.s.b.w.s.c.ServletWebServerApplicationContext - Root WebApplicationContext: initialization completed in 511 ms
2023-03-15 16:20:14 [main] INFO  o.s.s.web.DefaultSecurityFilterChain - Will secure Ant [pattern='/actuator/**'] with []
2023-03-15 16:20:14 [main] INFO  o.s.s.web.DefaultSecurityFilterChain - Will secure Ant [pattern='/encrypt/**'] with []
2023-03-15 16:20:14 [main] INFO  o.s.s.web.DefaultSecurityFilterChain - Will secure Ant [pattern='/decrypt/**'] with []
2023-03-15 16:20:14 [main] INFO  o.s.s.web.DefaultSecurityFilterChain - Will secure any request with [org.springframework.security.web.context.request.async.WebAsyncManagerIntegrationFilter@3f9b7fe1, org.springframework.security.web.context.SecurityContextPersistenceFilter@59498d94, org.springframework.security.web.header.HeaderWriterFilter@5707f613, org.springframework.security.web.csrf.CsrfFilter@3421debd, org.springframework.security.web.authentication.logout.LogoutFilter@3d615b2e, org.springframework.security.web.authentication.UsernamePasswordAuthenticationFilter@8e25d3f, org.springframework.security.web.authentication.ui.DefaultLoginPageGeneratingFilter@5ba90d8a, org.springframework.security.web.authentication.ui.DefaultLogoutPageGeneratingFilter@2f79f192, org.springframework.security.web.authentication.www.BasicAuthenticationFilter@21ea996f, org.springframework.security.web.savedrequest.RequestCacheAwareFilter@6b321262, org.springframework.security.web.servletapi.SecurityContextHolderAwareRequestFilter@2eda4eeb, org.springframework.security.web.authentication.AnonymousAuthenticationFilter@5fdfe8cf, org.springframework.security.web.session.SessionManagementFilter@6367a688, org.springframework.security.web.access.ExceptionTranslationFilter@62aeddc8, org.springframework.security.web.access.intercept.FilterSecurityInterceptor@67fb5025]
2023-03-15 16:20:15 [main] WARN  org.eclipse.jgit.util.FS_POSIX - null
2023-03-15 16:20:17 [main] INFO  o.a.coyote.http11.Http11NioProtocol - Starting ProtocolHandler ["http-nio-8888"]
2023-03-15 16:20:17 [main] INFO  o.s.b.w.e.tomcat.TomcatWebServer - Tomcat started on port(s): 8888 (http) with context path ''
2023-03-15 16:20:17 [main] INFO  c.m.demo.config.server.ConfigServer - Started ConfigServer in 3.497 seconds (JVM running for 3.808)
2023-03-15 16:20:46 [http-nio-8888-exec-1] INFO  o.a.c.c.C.[Tomcat].[localhost].[/] - Initializing Spring DispatcherServlet 'dispatcherServlet'
2023-03-15 16:20:46 [http-nio-8888-exec-1] INFO  o.s.web.servlet.DispatcherServlet - Initializing Servlet 'dispatcherServlet'
2023-03-15 16:20:46 [http-nio-8888-exec-1] INFO  o.s.web.servlet.DispatcherServlet - Completed initialization in 8 ms
2023-03-15 16:20:48 [http-nio-8888-exec-1] INFO  o.s.c.c.s.e.NativeEnvironmentRepository - Adding property source: Config resource 'file [/var/folders/4z/qmvjh94n4cq6lr5bqr8l9yy00000gn/T/config-repo-5573935431083531013/config-client-twitter_to_kafka.yml]' via location 'file:/var/folders/4z/qmvjh94n4cq6lr5bqr8l9yy00000gn/T/config-repo-5573935431083531013/'
2023-03-15 16:20:48 [http-nio-8888-exec-1] INFO  o.s.c.c.s.e.NativeEnvironmentRepository - Adding property source: Config resource 'file [/var/folders/4z/qmvjh94n4cq6lr5bqr8l9yy00000gn/T/config-repo-5573935431083531013/config-client.yml]' via location 'file:/var/folders/4z/qmvjh94n4cq6lr5bqr8l9yy00000gn/T/config-repo-5573935431083531013/'
2023-03-15 16:22:22 [http-nio-8888-exec-3] INFO  o.s.c.c.s.e.NativeEnvironmentRepository - Adding property source: Config resource 'file [/var/folders/4z/qmvjh94n4cq6lr5bqr8l9yy00000gn/T/config-repo-5573935431083531013/config-client-twitter_to_kafka.yml]' via location 'file:/var/folders/4z/qmvjh94n4cq6lr5bqr8l9yy00000gn/T/config-repo-5573935431083531013/'
2023-03-15 16:22:22 [http-nio-8888-exec-3] INFO  o.s.c.c.s.e.NativeEnvironmentRepository - Adding property source: Config resource 'file [/var/folders/4z/qmvjh94n4cq6lr5bqr8l9yy00000gn/T/config-repo-5573935431083531013/config-client.yml]' via location 'file:/var/folders/4z/qmvjh94n4cq6lr5bqr8l9yy00000gn/T/config-repo-5573935431083531013/'
2023-03-15 17:20:50 [background-preinit] INFO  o.h.validator.internal.util.Version - HV000001: Hibernate Validator 6.2.0.Final
2023-03-15 17:20:50 [main] INFO  c.m.demo.config.server.ConfigServer - Starting ConfigServer using Java 17.0.6 on MacBook-Pro-cua-luong.local with PID 43097 (/Users/luongvantrong/backend/microservice/java/microservices-demo/microservices-demo/config-server/target/classes started by luongvantrong in /Users/luongvantrong/backend/microservice/java/microservices-demo/microservices-demo)
2023-03-15 17:20:50 [main] INFO  c.m.demo.config.server.ConfigServer - No active profile set, falling back to default profiles: default
2023-03-15 17:20:51 [main] INFO  o.s.cloud.context.scope.GenericScope - BeanFactory id=1c7df4a5-d083-3c27-82fd-64180fd3386d
2023-03-15 17:20:51 [main] INFO  o.s.b.w.e.tomcat.TomcatWebServer - Tomcat initialized with port(s): 8888 (http)
2023-03-15 17:20:51 [main] INFO  o.a.coyote.http11.Http11NioProtocol - Initializing ProtocolHandler ["http-nio-8888"]
2023-03-15 17:20:51 [main] INFO  o.a.catalina.core.StandardService - Starting service [Tomcat]
2023-03-15 17:20:51 [main] INFO  o.a.catalina.core.StandardEngine - Starting Servlet engine: [Apache Tomcat/9.0.56]
2023-03-15 17:20:51 [main] INFO  o.a.c.c.C.[Tomcat].[localhost].[/] - Initializing Spring embedded WebApplicationContext
2023-03-15 17:20:51 [main] INFO  o.s.b.w.s.c.ServletWebServerApplicationContext - Root WebApplicationContext: initialization completed in 655 ms
2023-03-15 17:20:51 [main] INFO  o.s.s.web.DefaultSecurityFilterChain - Will secure Ant [pattern='/actuator/**'] with []
2023-03-15 17:20:51 [main] INFO  o.s.s.web.DefaultSecurityFilterChain - Will secure Ant [pattern='/encrypt/**'] with []
2023-03-15 17:20:51 [main] INFO  o.s.s.web.DefaultSecurityFilterChain - Will secure Ant [pattern='/decrypt/**'] with []
2023-03-15 17:20:51 [main] INFO  o.s.s.web.DefaultSecurityFilterChain - Will secure any request with [org.springframework.security.web.context.request.async.WebAsyncManagerIntegrationFilter@4f3e9fbb, org.springframework.security.web.context.SecurityContextPersistenceFilter@149b4d20, org.springframework.security.web.header.HeaderWriterFilter@697d6ded, org.springframework.security.web.csrf.CsrfFilter@1af4955e, org.springframework.security.web.authentication.logout.LogoutFilter@3a7c678b, org.springframework.security.web.authentication.UsernamePasswordAuthenticationFilter@23cd5d42, org.springframework.security.web.authentication.ui.DefaultLoginPageGeneratingFilter@24c685e7, org.springframework.security.web.authentication.ui.DefaultLogoutPageGeneratingFilter@365afe87, org.springframework.security.web.authentication.www.BasicAuthenticationFilter@160e99e0, org.springframework.security.web.savedrequest.RequestCacheAwareFilter@4d93f75b, org.springframework.security.web.servletapi.SecurityContextHolderAwareRequestFilter@2bb41f5c, org.springframework.security.web.authentication.AnonymousAuthenticationFilter@43471a7e, org.springframework.security.web.session.SessionManagementFilter@5efeb117, org.springframework.security.web.access.ExceptionTranslationFilter@52ca2652, org.springframework.security.web.access.intercept.FilterSecurityInterceptor@2d7637e6]
2023-03-15 17:20:51 [main] WARN  org.eclipse.jgit.util.FS_POSIX - null
2023-03-15 17:20:54 [main] INFO  o.a.coyote.http11.Http11NioProtocol - Starting ProtocolHandler ["http-nio-8888"]
2023-03-15 17:20:54 [main] INFO  o.s.b.w.e.tomcat.TomcatWebServer - Tomcat started on port(s): 8888 (http) with context path ''
2023-03-15 17:20:54 [main] INFO  c.m.demo.config.server.ConfigServer - Started ConfigServer in 4.146 seconds (JVM running for 4.505)
