2023-03-28 09:23:40 [background-preinit] INFO  o.h.validator.internal.util.Version - HV000001: Hibernate Validator 6.2.5.Final
2023-03-28 09:23:40 [main] INFO  c.m.demo.config.server.ConfigServer - Starting ConfigServer using Java 17.0.6 on MacBook-Pro-cua-luong.local with PID 2015 (/Users/luongvantrong/backend/microservice/java/microservices-demo/microservices-demo/config-server/target/classes started by luongvantrong in /Users/luongvantrong/backend/microservice/java/microservices-demo/microservices-demo)
2023-03-28 09:23:40 [main] INFO  c.m.demo.config.server.ConfigServer - No active profile set, falling back to 1 default profile: "default"
2023-03-28 09:23:41 [main] INFO  o.s.cloud.context.scope.GenericScope - BeanFactory id=5661a031-9c92-3b67-a98a-91252b007904
2023-03-28 09:23:41 [main] INFO  o.s.b.w.e.tomcat.TomcatWebServer - Tomcat initialized with port(s): 8888 (http)
2023-03-28 09:23:41 [main] INFO  o.a.coyote.http11.Http11NioProtocol - Initializing ProtocolHandler ["http-nio-8888"]
2023-03-28 09:23:41 [main] INFO  o.a.catalina.core.StandardService - Starting service [Tomcat]
2023-03-28 09:23:41 [main] INFO  o.a.catalina.core.StandardEngine - Starting Servlet engine: [Apache Tomcat/9.0.68]
2023-03-28 09:23:41 [main] INFO  o.a.c.c.C.[Tomcat].[localhost].[/] - Initializing Spring embedded WebApplicationContext
2023-03-28 09:23:41 [main] INFO  o.s.b.w.s.c.ServletWebServerApplicationContext - Root WebApplicationContext: initialization completed in 568 ms
2023-03-28 09:23:41 [main] WARN  o.s.s.c.a.web.builders.WebSecurity - You are asking Spring Security to ignore Ant [pattern='/actuator/**']. This is not recommended -- please use permitAll via HttpSecurity#authorizeHttpRequests instead.
2023-03-28 09:23:41 [main] INFO  o.s.s.web.DefaultSecurityFilterChain - Will not secure Ant [pattern='/actuator/**']
2023-03-28 09:23:41 [main] WARN  o.s.s.c.a.web.builders.WebSecurity - You are asking Spring Security to ignore Ant [pattern='/encrypt/**']. This is not recommended -- please use permitAll via HttpSecurity#authorizeHttpRequests instead.
2023-03-28 09:23:41 [main] INFO  o.s.s.web.DefaultSecurityFilterChain - Will not secure Ant [pattern='/encrypt/**']
2023-03-28 09:23:41 [main] WARN  o.s.s.c.a.web.builders.WebSecurity - You are asking Spring Security to ignore Ant [pattern='/decrypt/**']. This is not recommended -- please use permitAll via HttpSecurity#authorizeHttpRequests instead.
2023-03-28 09:23:41 [main] INFO  o.s.s.web.DefaultSecurityFilterChain - Will not secure Ant [pattern='/decrypt/**']
2023-03-28 09:23:41 [main] INFO  o.s.s.web.DefaultSecurityFilterChain - Will secure any request with [org.springframework.security.web.session.DisableEncodeUrlFilter@285005b8, org.springframework.security.web.context.request.async.WebAsyncManagerIntegrationFilter@5b1efaaf, org.springframework.security.web.context.SecurityContextPersistenceFilter@2401856, org.springframework.security.web.header.HeaderWriterFilter@2e1eb85f, org.springframework.security.web.csrf.CsrfFilter@392781e, org.springframework.security.web.authentication.logout.LogoutFilter@365afe87, org.springframework.security.web.authentication.UsernamePasswordAuthenticationFilter@2443abd6, org.springframework.security.web.authentication.ui.DefaultLoginPageGeneratingFilter@4bf80c29, org.springframework.security.web.authentication.ui.DefaultLogoutPageGeneratingFilter@27585351, org.springframework.security.web.authentication.www.BasicAuthenticationFilter@d3e3085, org.springframework.security.web.savedrequest.RequestCacheAwareFilter@2a4f8009, org.springframework.security.web.servletapi.SecurityContextHolderAwareRequestFilter@69a024a0, org.springframework.security.web.authentication.AnonymousAuthenticationFilter@2de6f1bc, org.springframework.security.web.session.SessionManagementFilter@7d42404e, org.springframework.security.web.access.ExceptionTranslationFilter@2a8b33ba, org.springframework.security.web.access.intercept.FilterSecurityInterceptor@4e375bba]
2023-03-28 09:23:44 [main] INFO  o.a.coyote.http11.Http11NioProtocol - Starting ProtocolHandler ["http-nio-8888"]
2023-03-28 09:23:44 [main] INFO  o.s.b.w.e.tomcat.TomcatWebServer - Tomcat started on port(s): 8888 (http) with context path ''
2023-03-28 09:23:44 [main] INFO  c.m.demo.config.server.ConfigServer - Started ConfigServer in 3.86 seconds (JVM running for 4.261)
2023-03-28 09:24:15 [http-nio-8888-exec-2] INFO  o.a.c.c.C.[Tomcat].[localhost].[/] - Initializing Spring DispatcherServlet 'dispatcherServlet'
2023-03-28 09:24:15 [http-nio-8888-exec-2] INFO  o.s.web.servlet.DispatcherServlet - Initializing Servlet 'dispatcherServlet'
2023-03-28 09:24:15 [http-nio-8888-exec-2] INFO  o.s.web.servlet.DispatcherServlet - Completed initialization in 0 ms
2023-03-28 09:24:15 [http-nio-8888-exec-2] INFO  o.s.c.c.s.e.EncryptionController - Encrypted data
2023-03-28 09:24:55 [http-nio-8888-exec-3] INFO  o.s.c.c.s.e.EncryptionController - Encrypted data
2023-03-28 10:30:41 [background-preinit] INFO  o.h.validator.internal.util.Version - HV000001: Hibernate Validator 6.2.5.Final
2023-03-28 10:30:41 [main] INFO  c.m.demo.config.server.ConfigServer - Starting ConfigServer using Java 17.0.6 on MacBook-Pro-cua-luong.local with PID 5487 (/Users/luongvantrong/backend/microservice/java/microservices-demo/microservices-demo/config-server/target/classes started by luongvantrong in /Users/luongvantrong/backend/microservice/java/microservices-demo/microservices-demo)
2023-03-28 10:30:41 [main] INFO  c.m.demo.config.server.ConfigServer - No active profile set, falling back to 1 default profile: "default"
2023-03-28 10:30:42 [main] INFO  o.s.cloud.context.scope.GenericScope - BeanFactory id=5661a031-9c92-3b67-a98a-91252b007904
2023-03-28 10:30:42 [main] INFO  o.s.b.w.e.tomcat.TomcatWebServer - Tomcat initialized with port(s): 8888 (http)
2023-03-28 10:30:42 [main] INFO  o.a.coyote.http11.Http11NioProtocol - Initializing ProtocolHandler ["http-nio-8888"]
2023-03-28 10:30:42 [main] INFO  o.a.catalina.core.StandardService - Starting service [Tomcat]
2023-03-28 10:30:42 [main] INFO  o.a.catalina.core.StandardEngine - Starting Servlet engine: [Apache Tomcat/9.0.68]
2023-03-28 10:30:42 [main] INFO  o.a.c.c.C.[Tomcat].[localhost].[/] - Initializing Spring embedded WebApplicationContext
2023-03-28 10:30:42 [main] INFO  o.s.b.w.s.c.ServletWebServerApplicationContext - Root WebApplicationContext: initialization completed in 564 ms
2023-03-28 10:30:42 [main] WARN  o.s.s.c.a.web.builders.WebSecurity - You are asking Spring Security to ignore Ant [pattern='/actuator/**']. This is not recommended -- please use permitAll via HttpSecurity#authorizeHttpRequests instead.
2023-03-28 10:30:42 [main] INFO  o.s.s.web.DefaultSecurityFilterChain - Will not secure Ant [pattern='/actuator/**']
2023-03-28 10:30:42 [main] WARN  o.s.s.c.a.web.builders.WebSecurity - You are asking Spring Security to ignore Ant [pattern='/encrypt/**']. This is not recommended -- please use permitAll via HttpSecurity#authorizeHttpRequests instead.
2023-03-28 10:30:42 [main] INFO  o.s.s.web.DefaultSecurityFilterChain - Will not secure Ant [pattern='/encrypt/**']
2023-03-28 10:30:42 [main] WARN  o.s.s.c.a.web.builders.WebSecurity - You are asking Spring Security to ignore Ant [pattern='/decrypt/**']. This is not recommended -- please use permitAll via HttpSecurity#authorizeHttpRequests instead.
2023-03-28 10:30:42 [main] INFO  o.s.s.web.DefaultSecurityFilterChain - Will not secure Ant [pattern='/decrypt/**']
2023-03-28 10:30:42 [main] INFO  o.s.s.web.DefaultSecurityFilterChain - Will secure any request with [org.springframework.security.web.session.DisableEncodeUrlFilter@79a201cf, org.springframework.security.web.context.request.async.WebAsyncManagerIntegrationFilter@1cbc5693, org.springframework.security.web.context.SecurityContextPersistenceFilter@28cd2c2, org.springframework.security.web.header.HeaderWriterFilter@2233cac0, org.springframework.security.web.csrf.CsrfFilter@77724cbe, org.springframework.security.web.authentication.logout.LogoutFilter@8054fe2, org.springframework.security.web.authentication.UsernamePasswordAuthenticationFilter@4b56b031, org.springframework.security.web.authentication.ui.DefaultLoginPageGeneratingFilter@902fdbe, org.springframework.security.web.authentication.ui.DefaultLogoutPageGeneratingFilter@3d2f3dcb, org.springframework.security.web.authentication.www.BasicAuthenticationFilter@32227215, org.springframework.security.web.savedrequest.RequestCacheAwareFilter@18a096b5, org.springframework.security.web.servletapi.SecurityContextHolderAwareRequestFilter@6e02721d, org.springframework.security.web.authentication.AnonymousAuthenticationFilter@59845579, org.springframework.security.web.session.SessionManagementFilter@787e4357, org.springframework.security.web.access.ExceptionTranslationFilter@d325518, org.springframework.security.web.access.intercept.FilterSecurityInterceptor@1d6751e3]
2023-03-28 10:30:45 [main] INFO  o.a.coyote.http11.Http11NioProtocol - Starting ProtocolHandler ["http-nio-8888"]
2023-03-28 10:30:45 [main] INFO  o.s.b.w.e.tomcat.TomcatWebServer - Tomcat started on port(s): 8888 (http) with context path ''
2023-03-28 10:30:45 [main] INFO  c.m.demo.config.server.ConfigServer - Started ConfigServer in 4.204 seconds (JVM running for 4.524)
2023-03-28 10:30:54 [http-nio-8888-exec-1] INFO  o.a.c.c.C.[Tomcat].[localhost].[/] - Initializing Spring DispatcherServlet 'dispatcherServlet'
2023-03-28 10:30:54 [http-nio-8888-exec-1] INFO  o.s.web.servlet.DispatcherServlet - Initializing Servlet 'dispatcherServlet'
2023-03-28 10:30:54 [http-nio-8888-exec-1] INFO  o.s.web.servlet.DispatcherServlet - Completed initialization in 1 ms
2023-03-28 10:30:56 [http-nio-8888-exec-1] INFO  o.s.c.c.s.e.NativeEnvironmentRepository - Adding property source: Config resource 'file [/var/folders/4z/qmvjh94n4cq6lr5bqr8l9yy00000gn/T/config-repo-16877135949771112245/config-client-elastic_query.yml]' via location 'file:/var/folders/4z/qmvjh94n4cq6lr5bqr8l9yy00000gn/T/config-repo-16877135949771112245/'
2023-03-28 10:30:56 [http-nio-8888-exec-1] INFO  o.s.c.c.s.e.NativeEnvironmentRepository - Adding property source: Config resource 'file [/var/folders/4z/qmvjh94n4cq6lr5bqr8l9yy00000gn/T/config-repo-16877135949771112245/config-client.yml]' via location 'file:/var/folders/4z/qmvjh94n4cq6lr5bqr8l9yy00000gn/T/config-repo-16877135949771112245/'
2023-03-28 10:31:06 [http-nio-8888-exec-2] INFO  o.s.c.c.s.e.NativeEnvironmentRepository - Adding property source: Config resource 'file [/var/folders/4z/qmvjh94n4cq6lr5bqr8l9yy00000gn/T/config-repo-16877135949771112245/config-client-elastic_query_web.yml]' via location 'file:/var/folders/4z/qmvjh94n4cq6lr5bqr8l9yy00000gn/T/config-repo-16877135949771112245/'
2023-03-28 10:31:06 [http-nio-8888-exec-2] INFO  o.s.c.c.s.e.NativeEnvironmentRepository - Adding property source: Config resource 'file [/var/folders/4z/qmvjh94n4cq6lr5bqr8l9yy00000gn/T/config-repo-16877135949771112245/config-client.yml]' via location 'file:/var/folders/4z/qmvjh94n4cq6lr5bqr8l9yy00000gn/T/config-repo-16877135949771112245/'
2023-03-28 10:33:05 [http-nio-8888-exec-5] INFO  o.s.c.c.s.e.MultipleJGitEnvironmentRepository - Fetched for remote master and found 1 updates
2023-03-28 10:33:05 [http-nio-8888-exec-5] INFO  o.s.c.c.s.e.NativeEnvironmentRepository - Adding property source: Config resource 'file [/var/folders/4z/qmvjh94n4cq6lr5bqr8l9yy00000gn/T/config-repo-16877135949771112245/config-client-elastic_query_web.yml]' via location 'file:/var/folders/4z/qmvjh94n4cq6lr5bqr8l9yy00000gn/T/config-repo-16877135949771112245/'
2023-03-28 10:33:05 [http-nio-8888-exec-5] INFO  o.s.c.c.s.e.NativeEnvironmentRepository - Adding property source: Config resource 'file [/var/folders/4z/qmvjh94n4cq6lr5bqr8l9yy00000gn/T/config-repo-16877135949771112245/config-client.yml]' via location 'file:/var/folders/4z/qmvjh94n4cq6lr5bqr8l9yy00000gn/T/config-repo-16877135949771112245/'
2023-03-28 10:43:21 [background-preinit] INFO  o.h.validator.internal.util.Version - HV000001: Hibernate Validator 6.2.5.Final
2023-03-28 10:43:21 [main] INFO  c.m.demo.config.server.ConfigServer - Starting ConfigServer using Java 17.0.6 on MacBook-Pro-cua-luong.local with PID 7229 (/Users/luongvantrong/backend/microservice/java/microservices-demo/microservices-demo/config-server/target/classes started by luongvantrong in /Users/luongvantrong/backend/microservice/java/microservices-demo/microservices-demo)
2023-03-28 10:43:21 [main] INFO  c.m.demo.config.server.ConfigServer - No active profile set, falling back to 1 default profile: "default"
2023-03-28 10:43:21 [main] INFO  o.s.cloud.context.scope.GenericScope - BeanFactory id=5661a031-9c92-3b67-a98a-91252b007904
2023-03-28 10:43:21 [main] INFO  o.s.b.w.e.tomcat.TomcatWebServer - Tomcat initialized with port(s): 8888 (http)
2023-03-28 10:43:21 [main] INFO  o.a.coyote.http11.Http11NioProtocol - Initializing ProtocolHandler ["http-nio-8888"]
2023-03-28 10:43:21 [main] INFO  o.a.catalina.core.StandardService - Starting service [Tomcat]
2023-03-28 10:43:21 [main] INFO  o.a.catalina.core.StandardEngine - Starting Servlet engine: [Apache Tomcat/9.0.68]
2023-03-28 10:43:21 [main] INFO  o.a.c.c.C.[Tomcat].[localhost].[/] - Initializing Spring embedded WebApplicationContext
2023-03-28 10:43:21 [main] INFO  o.s.b.w.s.c.ServletWebServerApplicationContext - Root WebApplicationContext: initialization completed in 557 ms
2023-03-28 10:43:22 [main] WARN  o.s.s.c.a.web.builders.WebSecurity - You are asking Spring Security to ignore Ant [pattern='/actuator/**']. This is not recommended -- please use permitAll via HttpSecurity#authorizeHttpRequests instead.
2023-03-28 10:43:22 [main] INFO  o.s.s.web.DefaultSecurityFilterChain - Will not secure Ant [pattern='/actuator/**']
2023-03-28 10:43:22 [main] WARN  o.s.s.c.a.web.builders.WebSecurity - You are asking Spring Security to ignore Ant [pattern='/encrypt/**']. This is not recommended -- please use permitAll via HttpSecurity#authorizeHttpRequests instead.
2023-03-28 10:43:22 [main] INFO  o.s.s.web.DefaultSecurityFilterChain - Will not secure Ant [pattern='/encrypt/**']
2023-03-28 10:43:22 [main] WARN  o.s.s.c.a.web.builders.WebSecurity - You are asking Spring Security to ignore Ant [pattern='/decrypt/**']. This is not recommended -- please use permitAll via HttpSecurity#authorizeHttpRequests instead.
2023-03-28 10:43:22 [main] INFO  o.s.s.web.DefaultSecurityFilterChain - Will not secure Ant [pattern='/decrypt/**']
2023-03-28 10:43:22 [main] INFO  o.s.s.web.DefaultSecurityFilterChain - Will secure any request with [org.springframework.security.web.session.DisableEncodeUrlFilter@4d4436d0, org.springframework.security.web.context.request.async.WebAsyncManagerIntegrationFilter@39da5e49, org.springframework.security.web.context.SecurityContextPersistenceFilter@902fdbe, org.springframework.security.web.header.HeaderWriterFilter@79b18230, org.springframework.security.web.csrf.CsrfFilter@661d6bb6, org.springframework.security.web.authentication.logout.LogoutFilter@32a4ecbe, org.springframework.security.web.authentication.UsernamePasswordAuthenticationFilter@4ef4f627, org.springframework.security.web.authentication.ui.DefaultLoginPageGeneratingFilter@4e8b357d, org.springframework.security.web.authentication.ui.DefaultLogoutPageGeneratingFilter@2443abd6, org.springframework.security.web.authentication.www.BasicAuthenticationFilter@ab2e6d2, org.springframework.security.web.savedrequest.RequestCacheAwareFilter@5c059a68, org.springframework.security.web.servletapi.SecurityContextHolderAwareRequestFilter@2a8b33ba, org.springframework.security.web.authentication.AnonymousAuthenticationFilter@674da77b, org.springframework.security.web.session.SessionManagementFilter@7dee835, org.springframework.security.web.access.ExceptionTranslationFilter@8e25d3f, org.springframework.security.web.access.intercept.FilterSecurityInterceptor@740fefc6]
2023-03-28 10:43:24 [main] INFO  o.a.coyote.http11.Http11NioProtocol - Starting ProtocolHandler ["http-nio-8888"]
2023-03-28 10:43:24 [main] INFO  o.s.b.w.e.tomcat.TomcatWebServer - Tomcat started on port(s): 8888 (http) with context path ''
2023-03-28 10:43:24 [main] INFO  c.m.demo.config.server.ConfigServer - Started ConfigServer in 3.896 seconds (JVM running for 4.26)
2023-03-28 10:43:27 [http-nio-8888-exec-1] INFO  o.a.c.c.C.[Tomcat].[localhost].[/] - Initializing Spring DispatcherServlet 'dispatcherServlet'
2023-03-28 10:43:27 [http-nio-8888-exec-1] INFO  o.s.web.servlet.DispatcherServlet - Initializing Servlet 'dispatcherServlet'
2023-03-28 10:43:27 [http-nio-8888-exec-1] INFO  o.s.web.servlet.DispatcherServlet - Completed initialization in 0 ms
2023-03-28 10:43:29 [http-nio-8888-exec-1] INFO  o.s.c.c.s.e.NativeEnvironmentRepository - Adding property source: Config resource 'file [/var/folders/4z/qmvjh94n4cq6lr5bqr8l9yy00000gn/T/config-repo-10630218040503768116/config-client-elastic_query.yml]' via location 'file:/var/folders/4z/qmvjh94n4cq6lr5bqr8l9yy00000gn/T/config-repo-10630218040503768116/'
2023-03-28 10:43:29 [http-nio-8888-exec-1] INFO  o.s.c.c.s.e.NativeEnvironmentRepository - Adding property source: Config resource 'file [/var/folders/4z/qmvjh94n4cq6lr5bqr8l9yy00000gn/T/config-repo-10630218040503768116/config-client.yml]' via location 'file:/var/folders/4z/qmvjh94n4cq6lr5bqr8l9yy00000gn/T/config-repo-10630218040503768116/'
2023-03-28 10:43:37 [http-nio-8888-exec-2] INFO  o.s.c.c.s.e.NativeEnvironmentRepository - Adding property source: Config resource 'file [/var/folders/4z/qmvjh94n4cq6lr5bqr8l9yy00000gn/T/config-repo-10630218040503768116/config-client-elastic_query_web.yml]' via location 'file:/var/folders/4z/qmvjh94n4cq6lr5bqr8l9yy00000gn/T/config-repo-10630218040503768116/'
2023-03-28 10:43:37 [http-nio-8888-exec-2] INFO  o.s.c.c.s.e.NativeEnvironmentRepository - Adding property source: Config resource 'file [/var/folders/4z/qmvjh94n4cq6lr5bqr8l9yy00000gn/T/config-repo-10630218040503768116/config-client.yml]' via location 'file:/var/folders/4z/qmvjh94n4cq6lr5bqr8l9yy00000gn/T/config-repo-10630218040503768116/'
2023-03-28 10:47:44 [http-nio-8888-exec-5] INFO  o.s.c.c.s.e.NativeEnvironmentRepository - Adding property source: Config resource 'file [/var/folders/4z/qmvjh94n4cq6lr5bqr8l9yy00000gn/T/config-repo-10630218040503768116/config-client-elastic_query_web.yml]' via location 'file:/var/folders/4z/qmvjh94n4cq6lr5bqr8l9yy00000gn/T/config-repo-10630218040503768116/'
2023-03-28 10:47:44 [http-nio-8888-exec-5] INFO  o.s.c.c.s.e.NativeEnvironmentRepository - Adding property source: Config resource 'file [/var/folders/4z/qmvjh94n4cq6lr5bqr8l9yy00000gn/T/config-repo-10630218040503768116/config-client.yml]' via location 'file:/var/folders/4z/qmvjh94n4cq6lr5bqr8l9yy00000gn/T/config-repo-10630218040503768116/'
2023-03-28 10:57:48 [background-preinit] INFO  o.h.validator.internal.util.Version - HV000001: Hibernate Validator 6.2.5.Final
2023-03-28 10:57:48 [main] INFO  c.m.demo.config.server.ConfigServer - Starting ConfigServer using Java 17.0.6 on MacBook-Pro-cua-luong.local with PID 7848 (/Users/luongvantrong/backend/microservice/java/microservices-demo/microservices-demo/config-server/target/classes started by luongvantrong in /Users/luongvantrong/backend/microservice/java/microservices-demo/microservices-demo)
2023-03-28 10:57:48 [main] INFO  c.m.demo.config.server.ConfigServer - No active profile set, falling back to 1 default profile: "default"
2023-03-28 10:57:48 [main] INFO  o.s.cloud.context.scope.GenericScope - BeanFactory id=5661a031-9c92-3b67-a98a-91252b007904
2023-03-28 10:57:48 [main] INFO  o.s.b.w.e.tomcat.TomcatWebServer - Tomcat initialized with port(s): 8888 (http)
2023-03-28 10:57:48 [main] INFO  o.a.coyote.http11.Http11NioProtocol - Initializing ProtocolHandler ["http-nio-8888"]
2023-03-28 10:57:48 [main] INFO  o.a.catalina.core.StandardService - Starting service [Tomcat]
2023-03-28 10:57:48 [main] INFO  o.a.catalina.core.StandardEngine - Starting Servlet engine: [Apache Tomcat/9.0.68]
2023-03-28 10:57:48 [main] INFO  o.a.c.c.C.[Tomcat].[localhost].[/] - Initializing Spring embedded WebApplicationContext
2023-03-28 10:57:48 [main] INFO  o.s.b.w.s.c.ServletWebServerApplicationContext - Root WebApplicationContext: initialization completed in 582 ms
2023-03-28 10:57:49 [main] WARN  o.s.s.c.a.web.builders.WebSecurity - You are asking Spring Security to ignore Ant [pattern='/actuator/**']. This is not recommended -- please use permitAll via HttpSecurity#authorizeHttpRequests instead.
2023-03-28 10:57:49 [main] INFO  o.s.s.web.DefaultSecurityFilterChain - Will not secure Ant [pattern='/actuator/**']
2023-03-28 10:57:49 [main] WARN  o.s.s.c.a.web.builders.WebSecurity - You are asking Spring Security to ignore Ant [pattern='/encrypt/**']. This is not recommended -- please use permitAll via HttpSecurity#authorizeHttpRequests instead.
2023-03-28 10:57:49 [main] INFO  o.s.s.web.DefaultSecurityFilterChain - Will not secure Ant [pattern='/encrypt/**']
2023-03-28 10:57:49 [main] WARN  o.s.s.c.a.web.builders.WebSecurity - You are asking Spring Security to ignore Ant [pattern='/decrypt/**']. This is not recommended -- please use permitAll via HttpSecurity#authorizeHttpRequests instead.
2023-03-28 10:57:49 [main] INFO  o.s.s.web.DefaultSecurityFilterChain - Will not secure Ant [pattern='/decrypt/**']
2023-03-28 10:57:49 [main] INFO  o.s.s.web.DefaultSecurityFilterChain - Will secure any request with [org.springframework.security.web.session.DisableEncodeUrlFilter@6010d0d1, org.springframework.security.web.context.request.async.WebAsyncManagerIntegrationFilter@5934ca1e, org.springframework.security.web.context.SecurityContextPersistenceFilter@2f79f192, org.springframework.security.web.header.HeaderWriterFilter@902fdbe, org.springframework.security.web.csrf.CsrfFilter@364fd4ae, org.springframework.security.web.authentication.logout.LogoutFilter@196624bf, org.springframework.security.web.authentication.UsernamePasswordAuthenticationFilter@1cbc5693, org.springframework.security.web.authentication.ui.DefaultLoginPageGeneratingFilter@31723307, org.springframework.security.web.authentication.ui.DefaultLogoutPageGeneratingFilter@5348d83c, org.springframework.security.web.authentication.www.BasicAuthenticationFilter@674da77b, org.springframework.security.web.savedrequest.RequestCacheAwareFilter@2a8b33ba, org.springframework.security.web.servletapi.SecurityContextHolderAwareRequestFilter@6af5b246, org.springframework.security.web.authentication.AnonymousAuthenticationFilter@477021ee, org.springframework.security.web.session.SessionManagementFilter@5c059a68, org.springframework.security.web.access.ExceptionTranslationFilter@1b57c345, org.springframework.security.web.access.intercept.FilterSecurityInterceptor@4ef4f627]
2023-03-28 10:57:51 [main] INFO  o.a.coyote.http11.Http11NioProtocol - Starting ProtocolHandler ["http-nio-8888"]
2023-03-28 10:57:51 [main] INFO  o.s.b.w.e.tomcat.TomcatWebServer - Tomcat started on port(s): 8888 (http) with context path ''
2023-03-28 10:57:51 [main] INFO  c.m.demo.config.server.ConfigServer - Started ConfigServer in 3.87 seconds (JVM running for 4.166)
2023-03-28 10:57:56 [http-nio-8888-exec-1] INFO  o.a.c.c.C.[Tomcat].[localhost].[/] - Initializing Spring DispatcherServlet 'dispatcherServlet'
2023-03-28 10:57:56 [http-nio-8888-exec-1] INFO  o.s.web.servlet.DispatcherServlet - Initializing Servlet 'dispatcherServlet'
2023-03-28 10:57:56 [http-nio-8888-exec-1] INFO  o.s.web.servlet.DispatcherServlet - Completed initialization in 0 ms
2023-03-28 10:57:58 [http-nio-8888-exec-1] INFO  o.s.c.c.s.e.NativeEnvironmentRepository - Adding property source: Config resource 'file [/var/folders/4z/qmvjh94n4cq6lr5bqr8l9yy00000gn/T/config-repo-4242180924479049825/config-client-elastic_query.yml]' via location 'file:/var/folders/4z/qmvjh94n4cq6lr5bqr8l9yy00000gn/T/config-repo-4242180924479049825/'
2023-03-28 10:57:58 [http-nio-8888-exec-1] INFO  o.s.c.c.s.e.NativeEnvironmentRepository - Adding property source: Config resource 'file [/var/folders/4z/qmvjh94n4cq6lr5bqr8l9yy00000gn/T/config-repo-4242180924479049825/config-client.yml]' via location 'file:/var/folders/4z/qmvjh94n4cq6lr5bqr8l9yy00000gn/T/config-repo-4242180924479049825/'
2023-03-28 10:58:08 [http-nio-8888-exec-2] INFO  o.s.c.c.s.e.NativeEnvironmentRepository - Adding property source: Config resource 'file [/var/folders/4z/qmvjh94n4cq6lr5bqr8l9yy00000gn/T/config-repo-4242180924479049825/config-client-elastic_query_web.yml]' via location 'file:/var/folders/4z/qmvjh94n4cq6lr5bqr8l9yy00000gn/T/config-repo-4242180924479049825/'
2023-03-28 10:58:08 [http-nio-8888-exec-2] INFO  o.s.c.c.s.e.NativeEnvironmentRepository - Adding property source: Config resource 'file [/var/folders/4z/qmvjh94n4cq6lr5bqr8l9yy00000gn/T/config-repo-4242180924479049825/config-client.yml]' via location 'file:/var/folders/4z/qmvjh94n4cq6lr5bqr8l9yy00000gn/T/config-repo-4242180924479049825/'
2023-03-28 10:59:00 [background-preinit] INFO  o.h.validator.internal.util.Version - HV000001: Hibernate Validator 6.2.5.Final
2023-03-28 10:59:00 [main] INFO  c.m.demo.config.server.ConfigServer - Starting ConfigServer using Java 17.0.6 on MacBook-Pro-cua-luong.local with PID 8112 (/Users/luongvantrong/backend/microservice/java/microservices-demo/microservices-demo/config-server/target/classes started by luongvantrong in /Users/luongvantrong/backend/microservice/java/microservices-demo/microservices-demo)
2023-03-28 10:59:00 [main] INFO  c.m.demo.config.server.ConfigServer - No active profile set, falling back to 1 default profile: "default"
2023-03-28 10:59:01 [main] INFO  o.s.cloud.context.scope.GenericScope - BeanFactory id=5661a031-9c92-3b67-a98a-91252b007904
2023-03-28 10:59:01 [main] INFO  o.s.b.w.e.tomcat.TomcatWebServer - Tomcat initialized with port(s): 8888 (http)
2023-03-28 10:59:01 [main] INFO  o.a.coyote.http11.Http11NioProtocol - Initializing ProtocolHandler ["http-nio-8888"]
2023-03-28 10:59:01 [main] INFO  o.a.catalina.core.StandardService - Starting service [Tomcat]
2023-03-28 10:59:01 [main] INFO  o.a.catalina.core.StandardEngine - Starting Servlet engine: [Apache Tomcat/9.0.68]
2023-03-28 10:59:01 [main] INFO  o.a.c.c.C.[Tomcat].[localhost].[/] - Initializing Spring embedded WebApplicationContext
2023-03-28 10:59:01 [main] INFO  o.s.b.w.s.c.ServletWebServerApplicationContext - Root WebApplicationContext: initialization completed in 565 ms
2023-03-28 10:59:01 [main] WARN  o.s.s.c.a.web.builders.WebSecurity - You are asking Spring Security to ignore Ant [pattern='/actuator/**']. This is not recommended -- please use permitAll via HttpSecurity#authorizeHttpRequests instead.
2023-03-28 10:59:01 [main] INFO  o.s.s.web.DefaultSecurityFilterChain - Will not secure Ant [pattern='/actuator/**']
2023-03-28 10:59:01 [main] WARN  o.s.s.c.a.web.builders.WebSecurity - You are asking Spring Security to ignore Ant [pattern='/encrypt/**']. This is not recommended -- please use permitAll via HttpSecurity#authorizeHttpRequests instead.
2023-03-28 10:59:01 [main] INFO  o.s.s.web.DefaultSecurityFilterChain - Will not secure Ant [pattern='/encrypt/**']
2023-03-28 10:59:01 [main] WARN  o.s.s.c.a.web.builders.WebSecurity - You are asking Spring Security to ignore Ant [pattern='/decrypt/**']. This is not recommended -- please use permitAll via HttpSecurity#authorizeHttpRequests instead.
2023-03-28 10:59:01 [main] INFO  o.s.s.web.DefaultSecurityFilterChain - Will not secure Ant [pattern='/decrypt/**']
2023-03-28 10:59:01 [main] INFO  o.s.s.web.DefaultSecurityFilterChain - Will secure any request with [org.springframework.security.web.session.DisableEncodeUrlFilter@674da77b, org.springframework.security.web.context.request.async.WebAsyncManagerIntegrationFilter@bd3eff4, org.springframework.security.web.context.SecurityContextPersistenceFilter@21ea996f, org.springframework.security.web.header.HeaderWriterFilter@1b57c345, org.springframework.security.web.csrf.CsrfFilter@359066bc, org.springframework.security.web.authentication.logout.LogoutFilter@2b44d6d0, org.springframework.security.web.authentication.UsernamePasswordAuthenticationFilter@108e9837, org.springframework.security.web.authentication.ui.DefaultLoginPageGeneratingFilter@7d42404e, org.springframework.security.web.authentication.ui.DefaultLogoutPageGeneratingFilter@6010d0d1, org.springframework.security.web.authentication.www.BasicAuthenticationFilter@39da5e49, org.springframework.security.web.savedrequest.RequestCacheAwareFilter@2f79f192, org.springframework.security.web.servletapi.SecurityContextHolderAwareRequestFilter@ea7a4c3, org.springframework.security.web.authentication.AnonymousAuthenticationFilter@5934ca1e, org.springframework.security.web.session.SessionManagementFilter@902fdbe, org.springframework.security.web.access.ExceptionTranslationFilter@1d4f5506, org.springframework.security.web.access.intercept.FilterSecurityInterceptor@7fe07361]
2023-03-28 10:59:04 [main] INFO  o.a.coyote.http11.Http11NioProtocol - Starting ProtocolHandler ["http-nio-8888"]
2023-03-28 10:59:04 [main] INFO  o.s.b.w.e.tomcat.TomcatWebServer - Tomcat started on port(s): 8888 (http) with context path ''
2023-03-28 10:59:04 [main] INFO  c.m.demo.config.server.ConfigServer - Started ConfigServer in 4.179 seconds (JVM running for 4.653)
2023-03-28 10:59:09 [http-nio-8888-exec-1] INFO  o.a.c.c.C.[Tomcat].[localhost].[/] - Initializing Spring DispatcherServlet 'dispatcherServlet'
2023-03-28 10:59:09 [http-nio-8888-exec-1] INFO  o.s.web.servlet.DispatcherServlet - Initializing Servlet 'dispatcherServlet'
2023-03-28 10:59:09 [http-nio-8888-exec-1] INFO  o.s.web.servlet.DispatcherServlet - Completed initialization in 0 ms
2023-03-28 10:59:10 [http-nio-8888-exec-1] INFO  o.s.c.c.s.e.NativeEnvironmentRepository - Adding property source: Config resource 'file [/var/folders/4z/qmvjh94n4cq6lr5bqr8l9yy00000gn/T/config-repo-2830813589973794203/config-client-elastic_query.yml]' via location 'file:/var/folders/4z/qmvjh94n4cq6lr5bqr8l9yy00000gn/T/config-repo-2830813589973794203/'
2023-03-28 10:59:10 [http-nio-8888-exec-1] INFO  o.s.c.c.s.e.NativeEnvironmentRepository - Adding property source: Config resource 'file [/var/folders/4z/qmvjh94n4cq6lr5bqr8l9yy00000gn/T/config-repo-2830813589973794203/config-client.yml]' via location 'file:/var/folders/4z/qmvjh94n4cq6lr5bqr8l9yy00000gn/T/config-repo-2830813589973794203/'
2023-03-28 10:59:41 [http-nio-8888-exec-2] INFO  o.s.c.c.s.e.NativeEnvironmentRepository - Adding property source: Config resource 'file [/var/folders/4z/qmvjh94n4cq6lr5bqr8l9yy00000gn/T/config-repo-2830813589973794203/config-client-elastic_query_web.yml]' via location 'file:/var/folders/4z/qmvjh94n4cq6lr5bqr8l9yy00000gn/T/config-repo-2830813589973794203/'
2023-03-28 10:59:41 [http-nio-8888-exec-2] INFO  o.s.c.c.s.e.NativeEnvironmentRepository - Adding property source: Config resource 'file [/var/folders/4z/qmvjh94n4cq6lr5bqr8l9yy00000gn/T/config-repo-2830813589973794203/config-client.yml]' via location 'file:/var/folders/4z/qmvjh94n4cq6lr5bqr8l9yy00000gn/T/config-repo-2830813589973794203/'
2023-03-28 13:39:16 [http-nio-8888-exec-6] INFO  o.s.c.c.s.e.EncryptionController - Encrypted data
2023-03-28 13:40:44 [background-preinit] INFO  o.h.validator.internal.util.Version - HV000001: Hibernate Validator 6.2.5.Final
2023-03-28 13:40:44 [main] INFO  c.m.demo.config.server.ConfigServer - Starting ConfigServer using Java 17.0.6 on MacBook-Pro-cua-luong.local with PID 13644 (/Users/luongvantrong/backend/microservice/java/microservices-demo/microservices-demo/config-server/target/classes started by luongvantrong in /Users/luongvantrong/backend/microservice/java/microservices-demo/microservices-demo)
2023-03-28 13:40:44 [main] INFO  c.m.demo.config.server.ConfigServer - No active profile set, falling back to 1 default profile: "default"
2023-03-28 13:40:44 [main] INFO  o.s.cloud.context.scope.GenericScope - BeanFactory id=5661a031-9c92-3b67-a98a-91252b007904
2023-03-28 13:40:44 [main] INFO  o.s.b.w.e.tomcat.TomcatWebServer - Tomcat initialized with port(s): 8888 (http)
2023-03-28 13:40:44 [main] INFO  o.a.coyote.http11.Http11NioProtocol - Initializing ProtocolHandler ["http-nio-8888"]
2023-03-28 13:40:44 [main] INFO  o.a.catalina.core.StandardService - Starting service [Tomcat]
2023-03-28 13:40:44 [main] INFO  o.a.catalina.core.StandardEngine - Starting Servlet engine: [Apache Tomcat/9.0.68]
2023-03-28 13:40:44 [main] INFO  o.a.c.c.C.[Tomcat].[localhost].[/] - Initializing Spring embedded WebApplicationContext
2023-03-28 13:40:44 [main] INFO  o.s.b.w.s.c.ServletWebServerApplicationContext - Root WebApplicationContext: initialization completed in 579 ms
2023-03-28 13:40:45 [main] WARN  o.s.s.c.a.web.builders.WebSecurity - You are asking Spring Security to ignore Ant [pattern='/actuator/**']. This is not recommended -- please use permitAll via HttpSecurity#authorizeHttpRequests instead.
2023-03-28 13:40:45 [main] INFO  o.s.s.web.DefaultSecurityFilterChain - Will not secure Ant [pattern='/actuator/**']
2023-03-28 13:40:45 [main] WARN  o.s.s.c.a.web.builders.WebSecurity - You are asking Spring Security to ignore Ant [pattern='/encrypt/**']. This is not recommended -- please use permitAll via HttpSecurity#authorizeHttpRequests instead.
2023-03-28 13:40:45 [main] INFO  o.s.s.web.DefaultSecurityFilterChain - Will not secure Ant [pattern='/encrypt/**']
2023-03-28 13:40:45 [main] WARN  o.s.s.c.a.web.builders.WebSecurity - You are asking Spring Security to ignore Ant [pattern='/decrypt/**']. This is not recommended -- please use permitAll via HttpSecurity#authorizeHttpRequests instead.
2023-03-28 13:40:45 [main] INFO  o.s.s.web.DefaultSecurityFilterChain - Will not secure Ant [pattern='/decrypt/**']
2023-03-28 13:40:45 [main] INFO  o.s.s.web.DefaultSecurityFilterChain - Will secure any request with [org.springframework.security.web.session.DisableEncodeUrlFilter@5b1efaaf, org.springframework.security.web.context.request.async.WebAsyncManagerIntegrationFilter@27585351, org.springframework.security.web.context.SecurityContextPersistenceFilter@6d6f6860, org.springframework.security.web.header.HeaderWriterFilter@ea7a4c3, org.springframework.security.web.csrf.CsrfFilter@3fcbc766, org.springframework.security.web.authentication.logout.LogoutFilter@43471a7e, org.springframework.security.web.authentication.UsernamePasswordAuthenticationFilter@674da77b, org.springframework.security.web.authentication.ui.DefaultLoginPageGeneratingFilter@2d7637e6, org.springframework.security.web.authentication.ui.DefaultLogoutPageGeneratingFilter@2de6f1bc, org.springframework.security.web.authentication.www.BasicAuthenticationFilter@2ba42204, org.springframework.security.web.savedrequest.RequestCacheAwareFilter@a85644c, org.springframework.security.web.servletapi.SecurityContextHolderAwareRequestFilter@4bf80c29, org.springframework.security.web.authentication.AnonymousAuthenticationFilter@5b35c7d, org.springframework.security.web.session.SessionManagementFilter@6af5b246, org.springframework.security.web.access.ExceptionTranslationFilter@4e8b357d, org.springframework.security.web.access.intercept.FilterSecurityInterceptor@ab2e6d2]
2023-03-28 13:40:47 [main] INFO  o.a.coyote.http11.Http11NioProtocol - Starting ProtocolHandler ["http-nio-8888"]
2023-03-28 13:40:47 [main] INFO  o.s.b.w.e.tomcat.TomcatWebServer - Tomcat started on port(s): 8888 (http) with context path ''
2023-03-28 13:40:47 [main] INFO  c.m.demo.config.server.ConfigServer - Started ConfigServer in 4.11 seconds (JVM running for 4.519)
2023-03-28 13:41:25 [http-nio-8888-exec-1] INFO  o.a.c.c.C.[Tomcat].[localhost].[/] - Initializing Spring DispatcherServlet 'dispatcherServlet'
2023-03-28 13:41:25 [http-nio-8888-exec-1] INFO  o.s.web.servlet.DispatcherServlet - Initializing Servlet 'dispatcherServlet'
2023-03-28 13:41:25 [http-nio-8888-exec-1] INFO  o.s.web.servlet.DispatcherServlet - Completed initialization in 2 ms
2023-03-28 13:41:26 [http-nio-8888-exec-1] INFO  o.s.c.c.s.e.NativeEnvironmentRepository - Adding property source: Config resource 'file [/var/folders/4z/qmvjh94n4cq6lr5bqr8l9yy00000gn/T/config-repo-10057923621933045745/config-client-elastic_query.yml]' via location 'file:/var/folders/4z/qmvjh94n4cq6lr5bqr8l9yy00000gn/T/config-repo-10057923621933045745/'
2023-03-28 13:41:26 [http-nio-8888-exec-1] INFO  o.s.c.c.s.e.NativeEnvironmentRepository - Adding property source: Config resource 'file [/var/folders/4z/qmvjh94n4cq6lr5bqr8l9yy00000gn/T/config-repo-10057923621933045745/config-client.yml]' via location 'file:/var/folders/4z/qmvjh94n4cq6lr5bqr8l9yy00000gn/T/config-repo-10057923621933045745/'
2023-03-28 13:41:37 [http-nio-8888-exec-2] INFO  o.s.c.c.s.e.NativeEnvironmentRepository - Adding property source: Config resource 'file [/var/folders/4z/qmvjh94n4cq6lr5bqr8l9yy00000gn/T/config-repo-10057923621933045745/config-client-elastic_query_web.yml]' via location 'file:/var/folders/4z/qmvjh94n4cq6lr5bqr8l9yy00000gn/T/config-repo-10057923621933045745/'
2023-03-28 13:41:37 [http-nio-8888-exec-2] INFO  o.s.c.c.s.e.NativeEnvironmentRepository - Adding property source: Config resource 'file [/var/folders/4z/qmvjh94n4cq6lr5bqr8l9yy00000gn/T/config-repo-10057923621933045745/config-client.yml]' via location 'file:/var/folders/4z/qmvjh94n4cq6lr5bqr8l9yy00000gn/T/config-repo-10057923621933045745/'
2023-03-28 13:41:49 [http-nio-8888-exec-3] INFO  o.s.c.c.s.e.NativeEnvironmentRepository - Adding property source: Config resource 'file [/var/folders/4z/qmvjh94n4cq6lr5bqr8l9yy00000gn/T/config-repo-10057923621933045745/config-client-elastic_query_web_2.yml]' via location 'file:/var/folders/4z/qmvjh94n4cq6lr5bqr8l9yy00000gn/T/config-repo-10057923621933045745/'
2023-03-28 13:41:49 [http-nio-8888-exec-3] INFO  o.s.c.c.s.e.NativeEnvironmentRepository - Adding property source: Config resource 'file [/var/folders/4z/qmvjh94n4cq6lr5bqr8l9yy00000gn/T/config-repo-10057923621933045745/config-client.yml]' via location 'file:/var/folders/4z/qmvjh94n4cq6lr5bqr8l9yy00000gn/T/config-repo-10057923621933045745/'
2023-03-28 13:42:46 [background-preinit] INFO  o.h.validator.internal.util.Version - HV000001: Hibernate Validator 6.2.5.Final
2023-03-28 13:42:46 [main] INFO  c.m.demo.config.server.ConfigServer - Starting ConfigServer using Java 17.0.6 on MacBook-Pro-cua-luong.local with PID 13891 (/Users/luongvantrong/backend/microservice/java/microservices-demo/microservices-demo/config-server/target/classes started by luongvantrong in /Users/luongvantrong/backend/microservice/java/microservices-demo/microservices-demo)
2023-03-28 13:42:46 [main] INFO  c.m.demo.config.server.ConfigServer - No active profile set, falling back to 1 default profile: "default"
2023-03-28 13:42:46 [main] INFO  o.s.cloud.context.scope.GenericScope - BeanFactory id=5661a031-9c92-3b67-a98a-91252b007904
2023-03-28 13:42:46 [main] INFO  o.s.b.w.e.tomcat.TomcatWebServer - Tomcat initialized with port(s): 8888 (http)
2023-03-28 13:42:46 [main] INFO  o.a.coyote.http11.Http11NioProtocol - Initializing ProtocolHandler ["http-nio-8888"]
2023-03-28 13:42:46 [main] INFO  o.a.catalina.core.StandardService - Starting service [Tomcat]
2023-03-28 13:42:46 [main] INFO  o.a.catalina.core.StandardEngine - Starting Servlet engine: [Apache Tomcat/9.0.68]
2023-03-28 13:42:46 [main] INFO  o.a.c.c.C.[Tomcat].[localhost].[/] - Initializing Spring embedded WebApplicationContext
2023-03-28 13:42:46 [main] INFO  o.s.b.w.s.c.ServletWebServerApplicationContext - Root WebApplicationContext: initialization completed in 544 ms
2023-03-28 13:42:46 [main] WARN  o.s.s.c.a.web.builders.WebSecurity - You are asking Spring Security to ignore Ant [pattern='/actuator/**']. This is not recommended -- please use permitAll via HttpSecurity#authorizeHttpRequests instead.
2023-03-28 13:42:46 [main] INFO  o.s.s.web.DefaultSecurityFilterChain - Will not secure Ant [pattern='/actuator/**']
2023-03-28 13:42:46 [main] WARN  o.s.s.c.a.web.builders.WebSecurity - You are asking Spring Security to ignore Ant [pattern='/encrypt/**']. This is not recommended -- please use permitAll via HttpSecurity#authorizeHttpRequests instead.
2023-03-28 13:42:46 [main] INFO  o.s.s.web.DefaultSecurityFilterChain - Will not secure Ant [pattern='/encrypt/**']
2023-03-28 13:42:46 [main] WARN  o.s.s.c.a.web.builders.WebSecurity - You are asking Spring Security to ignore Ant [pattern='/decrypt/**']. This is not recommended -- please use permitAll via HttpSecurity#authorizeHttpRequests instead.
2023-03-28 13:42:46 [main] INFO  o.s.s.web.DefaultSecurityFilterChain - Will not secure Ant [pattern='/decrypt/**']
2023-03-28 13:42:46 [main] INFO  o.s.s.web.DefaultSecurityFilterChain - Will secure any request with [org.springframework.security.web.session.DisableEncodeUrlFilter@32227215, org.springframework.security.web.context.request.async.WebAsyncManagerIntegrationFilter@108e9837, org.springframework.security.web.context.SecurityContextPersistenceFilter@392781e, org.springframework.security.web.header.HeaderWriterFilter@d325518, org.springframework.security.web.csrf.CsrfFilter@401c4250, org.springframework.security.web.authentication.logout.LogoutFilter@2a4f8009, org.springframework.security.web.authentication.UsernamePasswordAuthenticationFilter@6dca31eb, org.springframework.security.web.authentication.ui.DefaultLoginPageGeneratingFilter@1b57c345, org.springframework.security.web.authentication.ui.DefaultLogoutPageGeneratingFilter@79a201cf, org.springframework.security.web.authentication.www.BasicAuthenticationFilter@4ef4f627, org.springframework.security.web.savedrequest.RequestCacheAwareFilter@28cd2c2, org.springframework.security.web.servletapi.SecurityContextHolderAwareRequestFilter@7dee835, org.springframework.security.web.authentication.AnonymousAuthenticationFilter@1cbc5693, org.springframework.security.web.session.SessionManagementFilter@2233cac0, org.springframework.security.web.access.ExceptionTranslationFilter@12417468, org.springframework.security.web.access.intercept.FilterSecurityInterceptor@335f5c69]
2023-03-28 13:42:49 [main] INFO  o.a.coyote.http11.Http11NioProtocol - Starting ProtocolHandler ["http-nio-8888"]
2023-03-28 13:42:49 [main] INFO  o.s.b.w.e.tomcat.TomcatWebServer - Tomcat started on port(s): 8888 (http) with context path ''
2023-03-28 13:42:49 [main] INFO  c.m.demo.config.server.ConfigServer - Started ConfigServer in 3.864 seconds (JVM running for 4.127)
2023-03-28 13:43:03 [http-nio-8888-exec-1] INFO  o.a.c.c.C.[Tomcat].[localhost].[/] - Initializing Spring DispatcherServlet 'dispatcherServlet'
2023-03-28 13:43:03 [http-nio-8888-exec-1] INFO  o.s.web.servlet.DispatcherServlet - Initializing Servlet 'dispatcherServlet'
2023-03-28 13:43:03 [http-nio-8888-exec-1] INFO  o.s.web.servlet.DispatcherServlet - Completed initialization in 0 ms
2023-03-28 13:43:05 [http-nio-8888-exec-1] INFO  o.s.c.c.s.e.NativeEnvironmentRepository - Adding property source: Config resource 'file [/var/folders/4z/qmvjh94n4cq6lr5bqr8l9yy00000gn/T/config-repo-4742159206063119939/config-client-elastic_query.yml]' via location 'file:/var/folders/4z/qmvjh94n4cq6lr5bqr8l9yy00000gn/T/config-repo-4742159206063119939/'
2023-03-28 13:43:05 [http-nio-8888-exec-1] INFO  o.s.c.c.s.e.NativeEnvironmentRepository - Adding property source: Config resource 'file [/var/folders/4z/qmvjh94n4cq6lr5bqr8l9yy00000gn/T/config-repo-4742159206063119939/config-client.yml]' via location 'file:/var/folders/4z/qmvjh94n4cq6lr5bqr8l9yy00000gn/T/config-repo-4742159206063119939/'
2023-03-28 13:43:13 [http-nio-8888-exec-2] INFO  o.s.c.c.s.e.NativeEnvironmentRepository - Adding property source: Config resource 'file [/var/folders/4z/qmvjh94n4cq6lr5bqr8l9yy00000gn/T/config-repo-4742159206063119939/config-client-elastic_query_web.yml]' via location 'file:/var/folders/4z/qmvjh94n4cq6lr5bqr8l9yy00000gn/T/config-repo-4742159206063119939/'
2023-03-28 13:43:13 [http-nio-8888-exec-2] INFO  o.s.c.c.s.e.NativeEnvironmentRepository - Adding property source: Config resource 'file [/var/folders/4z/qmvjh94n4cq6lr5bqr8l9yy00000gn/T/config-repo-4742159206063119939/config-client.yml]' via location 'file:/var/folders/4z/qmvjh94n4cq6lr5bqr8l9yy00000gn/T/config-repo-4742159206063119939/'
2023-03-28 13:43:22 [http-nio-8888-exec-3] INFO  o.s.c.c.s.e.NativeEnvironmentRepository - Adding property source: Config resource 'file [/var/folders/4z/qmvjh94n4cq6lr5bqr8l9yy00000gn/T/config-repo-4742159206063119939/config-client-elastic_query_web_2.yml]' via location 'file:/var/folders/4z/qmvjh94n4cq6lr5bqr8l9yy00000gn/T/config-repo-4742159206063119939/'
2023-03-28 13:43:22 [http-nio-8888-exec-3] INFO  o.s.c.c.s.e.NativeEnvironmentRepository - Adding property source: Config resource 'file [/var/folders/4z/qmvjh94n4cq6lr5bqr8l9yy00000gn/T/config-repo-4742159206063119939/config-client.yml]' via location 'file:/var/folders/4z/qmvjh94n4cq6lr5bqr8l9yy00000gn/T/config-repo-4742159206063119939/'
2023-03-28 14:20:17 [background-preinit] INFO  o.h.validator.internal.util.Version - HV000001: Hibernate Validator 6.2.5.Final
2023-03-28 14:20:17 [main] INFO  c.m.demo.config.server.ConfigServer - Starting ConfigServer using Java 17.0.6 on MacBook-Pro-cua-luong.local with PID 15767 (/Users/luongvantrong/backend/microservice/java/microservices-demo/microservices-demo/config-server/target/classes started by luongvantrong in /Users/luongvantrong/backend/microservice/java/microservices-demo/microservices-demo)
2023-03-28 14:20:17 [main] INFO  c.m.demo.config.server.ConfigServer - No active profile set, falling back to 1 default profile: "default"
2023-03-28 14:20:17 [main] INFO  o.s.cloud.context.scope.GenericScope - BeanFactory id=5661a031-9c92-3b67-a98a-91252b007904
2023-03-28 14:20:17 [main] INFO  o.s.b.w.e.tomcat.TomcatWebServer - Tomcat initialized with port(s): 8888 (http)
2023-03-28 14:20:17 [main] INFO  o.a.coyote.http11.Http11NioProtocol - Initializing ProtocolHandler ["http-nio-8888"]
2023-03-28 14:20:17 [main] INFO  o.a.catalina.core.StandardService - Starting service [Tomcat]
2023-03-28 14:20:17 [main] INFO  o.a.catalina.core.StandardEngine - Starting Servlet engine: [Apache Tomcat/9.0.68]
2023-03-28 14:20:17 [main] INFO  o.a.c.c.C.[Tomcat].[localhost].[/] - Initializing Spring embedded WebApplicationContext
2023-03-28 14:20:17 [main] INFO  o.s.b.w.s.c.ServletWebServerApplicationContext - Root WebApplicationContext: initialization completed in 544 ms
2023-03-28 14:20:18 [main] WARN  o.s.s.c.a.web.builders.WebSecurity - You are asking Spring Security to ignore Ant [pattern='/actuator/**']. This is not recommended -- please use permitAll via HttpSecurity#authorizeHttpRequests instead.
2023-03-28 14:20:18 [main] INFO  o.s.s.web.DefaultSecurityFilterChain - Will not secure Ant [pattern='/actuator/**']
2023-03-28 14:20:18 [main] WARN  o.s.s.c.a.web.builders.WebSecurity - You are asking Spring Security to ignore Ant [pattern='/encrypt/**']. This is not recommended -- please use permitAll via HttpSecurity#authorizeHttpRequests instead.
2023-03-28 14:20:18 [main] INFO  o.s.s.web.DefaultSecurityFilterChain - Will not secure Ant [pattern='/encrypt/**']
2023-03-28 14:20:18 [main] WARN  o.s.s.c.a.web.builders.WebSecurity - You are asking Spring Security to ignore Ant [pattern='/decrypt/**']. This is not recommended -- please use permitAll via HttpSecurity#authorizeHttpRequests instead.
2023-03-28 14:20:18 [main] INFO  o.s.s.web.DefaultSecurityFilterChain - Will not secure Ant [pattern='/decrypt/**']
2023-03-28 14:20:18 [main] INFO  o.s.s.web.DefaultSecurityFilterChain - Will secure any request with [org.springframework.security.web.session.DisableEncodeUrlFilter@2ba42204, org.springframework.security.web.context.request.async.WebAsyncManagerIntegrationFilter@285005b8, org.springframework.security.web.context.SecurityContextPersistenceFilter@31723307, org.springframework.security.web.header.HeaderWriterFilter@4e8b357d, org.springframework.security.web.csrf.CsrfFilter@787e4357, org.springframework.security.web.authentication.logout.LogoutFilter@4f3e9fbb, org.springframework.security.web.authentication.UsernamePasswordAuthenticationFilter@39da5e49, org.springframework.security.web.authentication.ui.DefaultLoginPageGeneratingFilter@69a024a0, org.springframework.security.web.authentication.ui.DefaultLogoutPageGeneratingFilter@5b1efaaf, org.springframework.security.web.authentication.www.BasicAuthenticationFilter@4b87074a, org.springframework.security.web.savedrequest.RequestCacheAwareFilter@6d6f6860, org.springframework.security.web.servletapi.SecurityContextHolderAwareRequestFilter@48268eec, org.springframework.security.web.authentication.AnonymousAuthenticationFilter@27585351, org.springframework.security.web.session.SessionManagementFilter@ea7a4c3, org.springframework.security.web.access.ExceptionTranslationFilter@5fdfe8cf, org.springframework.security.web.access.intercept.FilterSecurityInterceptor@30c19bff]
2023-03-28 14:20:20 [main] INFO  o.a.coyote.http11.Http11NioProtocol - Starting ProtocolHandler ["http-nio-8888"]
2023-03-28 14:20:20 [main] INFO  o.s.b.w.e.tomcat.TomcatWebServer - Tomcat started on port(s): 8888 (http) with context path ''
2023-03-28 14:20:20 [main] INFO  c.m.demo.config.server.ConfigServer - Started ConfigServer in 4.085 seconds (JVM running for 4.391)
2023-03-28 14:20:25 [http-nio-8888-exec-1] INFO  o.a.c.c.C.[Tomcat].[localhost].[/] - Initializing Spring DispatcherServlet 'dispatcherServlet'
2023-03-28 14:20:25 [http-nio-8888-exec-1] INFO  o.s.web.servlet.DispatcherServlet - Initializing Servlet 'dispatcherServlet'
2023-03-28 14:20:25 [http-nio-8888-exec-1] INFO  o.s.web.servlet.DispatcherServlet - Completed initialization in 1 ms
2023-03-28 14:20:26 [http-nio-8888-exec-1] INFO  o.s.c.c.s.e.NativeEnvironmentRepository - Adding property source: Config resource 'file [/var/folders/4z/qmvjh94n4cq6lr5bqr8l9yy00000gn/T/config-repo-13771732026113813129/config-client-elastic_query.yml]' via location 'file:/var/folders/4z/qmvjh94n4cq6lr5bqr8l9yy00000gn/T/config-repo-13771732026113813129/'
2023-03-28 14:20:26 [http-nio-8888-exec-1] INFO  o.s.c.c.s.e.NativeEnvironmentRepository - Adding property source: Config resource 'file [/var/folders/4z/qmvjh94n4cq6lr5bqr8l9yy00000gn/T/config-repo-13771732026113813129/config-client.yml]' via location 'file:/var/folders/4z/qmvjh94n4cq6lr5bqr8l9yy00000gn/T/config-repo-13771732026113813129/'
2023-03-28 14:20:37 [http-nio-8888-exec-2] INFO  o.s.c.c.s.e.NativeEnvironmentRepository - Adding property source: Config resource 'file [/var/folders/4z/qmvjh94n4cq6lr5bqr8l9yy00000gn/T/config-repo-13771732026113813129/config-client-elastic_query_web.yml]' via location 'file:/var/folders/4z/qmvjh94n4cq6lr5bqr8l9yy00000gn/T/config-repo-13771732026113813129/'
2023-03-28 14:20:37 [http-nio-8888-exec-2] INFO  o.s.c.c.s.e.NativeEnvironmentRepository - Adding property source: Config resource 'file [/var/folders/4z/qmvjh94n4cq6lr5bqr8l9yy00000gn/T/config-repo-13771732026113813129/config-client.yml]' via location 'file:/var/folders/4z/qmvjh94n4cq6lr5bqr8l9yy00000gn/T/config-repo-13771732026113813129/'
2023-03-28 14:20:46 [http-nio-8888-exec-3] INFO  o.s.c.c.s.e.NativeEnvironmentRepository - Adding property source: Config resource 'file [/var/folders/4z/qmvjh94n4cq6lr5bqr8l9yy00000gn/T/config-repo-13771732026113813129/config-client-elastic_query_web_2.yml]' via location 'file:/var/folders/4z/qmvjh94n4cq6lr5bqr8l9yy00000gn/T/config-repo-13771732026113813129/'
2023-03-28 14:20:46 [http-nio-8888-exec-3] INFO  o.s.c.c.s.e.NativeEnvironmentRepository - Adding property source: Config resource 'file [/var/folders/4z/qmvjh94n4cq6lr5bqr8l9yy00000gn/T/config-repo-13771732026113813129/config-client.yml]' via location 'file:/var/folders/4z/qmvjh94n4cq6lr5bqr8l9yy00000gn/T/config-repo-13771732026113813129/'
