2023-03-20 10:31:50 [main] INFO  c.m.d.t.t.k.s.TwitterToKafkaServiceApplication - Starting TwitterToKafkaServiceApplication v1.0-SNAPSHOT using Java 17.0.6 on dd50fea08622 with PID 1298 (/workspace/BOOT-INF/classes started by root in /workspace)
2023-03-20 10:31:50 [main] INFO  c.m.d.t.t.k.s.TwitterToKafkaServiceApplication - The following 1 profile is active: "twitter_to_kafka"
2023-03-20 10:31:51 [main] INFO  o.s.c.c.c.ConfigServerConfigDataLoader - Fetching config from server at : http://config-server:8888
2023-03-20 10:31:51 [main] INFO  o.s.c.c.c.ConfigServerConfigDataLoader - Located environment: name=twitter-to-kafka-service,config-client, profiles=[twitter_to_kafka], label=null, version=ab6430f3a237168d319273bdae850986ec1645a0, state=null
2023-03-20 10:32:08 [main] INFO  o.s.cloud.context.scope.GenericScope - BeanFactory id=d96cb1a3-f31d-352c-848e-1b5fbd2ae3f6
2023-03-20 10:32:17 [main] INFO  o.a.k.c.admin.AdminClientConfig - AdminClientConfig values: 
	bootstrap.servers = [kafka-broker-1:9092, kafka-broker-2:9092, kafka-broker-3:9092]
	client.dns.lookup = use_all_dns_ips
	client.id = 
	connections.max.idle.ms = 300000
	default.api.timeout.ms = 60000
	metadata.max.age.ms = 300000
	metric.reporters = []
	metrics.num.samples = 2
	metrics.recording.level = INFO
	metrics.sample.window.ms = 30000
	receive.buffer.bytes = 65536
	reconnect.backoff.max.ms = 1000
	reconnect.backoff.ms = 50
	request.timeout.ms = 30000
	retries = 2147483647
	retry.backoff.ms = 100
	sasl.client.callback.handler.class = null
	sasl.jaas.config = null
	sasl.kerberos.kinit.cmd = /usr/bin/kinit
	sasl.kerberos.min.time.before.relogin = 60000
	sasl.kerberos.service.name = null
	sasl.kerberos.ticket.renew.jitter = 0.05
	sasl.kerberos.ticket.renew.window.factor = 0.8
	sasl.login.callback.handler.class = null
	sasl.login.class = null
	sasl.login.connect.timeout.ms = null
	sasl.login.read.timeout.ms = null
	sasl.login.refresh.buffer.seconds = 300
	sasl.login.refresh.min.period.seconds = 60
	sasl.login.refresh.window.factor = 0.8
	sasl.login.refresh.window.jitter = 0.05
	sasl.login.retry.backoff.max.ms = 10000
	sasl.login.retry.backoff.ms = 100
	sasl.mechanism = GSSAPI
	sasl.oauthbearer.clock.skew.seconds = 30
	sasl.oauthbearer.expected.audience = null
	sasl.oauthbearer.expected.issuer = null
	sasl.oauthbearer.jwks.endpoint.refresh.ms = 3600000
	sasl.oauthbearer.jwks.endpoint.retry.backoff.max.ms = 10000
	sasl.oauthbearer.jwks.endpoint.retry.backoff.ms = 100
	sasl.oauthbearer.jwks.endpoint.url = null
	sasl.oauthbearer.scope.claim.name = scope
	sasl.oauthbearer.sub.claim.name = sub
	sasl.oauthbearer.token.endpoint.url = null
	security.protocol = PLAINTEXT
	security.providers = null
	send.buffer.bytes = 131072
	socket.connection.setup.timeout.max.ms = 30000
	socket.connection.setup.timeout.ms = 10000
	ssl.cipher.suites = null
	ssl.enabled.protocols = [TLSv1.2, TLSv1.3]
	ssl.endpoint.identification.algorithm = https
	ssl.engine.factory.class = null
	ssl.key.password = null
	ssl.keymanager.algorithm = SunX509
	ssl.keystore.certificate.chain = null
	ssl.keystore.key = null
	ssl.keystore.location = null
	ssl.keystore.password = null
	ssl.keystore.type = JKS
	ssl.protocol = TLSv1.3
	ssl.provider = null
	ssl.secure.random.implementation = null
	ssl.trustmanager.algorithm = PKIX
	ssl.truststore.certificates = null
	ssl.truststore.location = null
	ssl.truststore.password = null
	ssl.truststore.type = JKS

2023-03-20 10:32:20 [main] INFO  o.a.kafka.common.utils.AppInfoParser - Kafka version: 3.1.2
2023-03-20 10:32:20 [main] INFO  o.a.kafka.common.utils.AppInfoParser - Kafka commitId: f8c67dc3ae0a3265
2023-03-20 10:32:20 [main] INFO  o.a.kafka.common.utils.AppInfoParser - Kafka startTimeMs: 1679308340047
2023-03-20 10:32:29 [main] INFO  o.s.b.a.s.r.ReactiveUserDetailsServiceAutoConfiguration - 

Using generated security password: 82f47ade-b8f8-4236-8f38-439910e207f4

2023-03-20 10:32:37 [main] INFO  o.s.b.w.e.netty.NettyWebServer - Netty started on port 8080
2023-03-20 10:32:38 [main] INFO  c.m.d.t.t.k.s.TwitterToKafkaServiceApplication - Started TwitterToKafkaServiceApplication in 77.203 seconds (JVM running for 95.487)
2023-03-20 10:32:38 [main] INFO  c.m.d.t.t.k.s.TwitterToKafkaServiceApplication - App starts...
2023-03-20 10:32:38 [main] INFO  c.m.d.k.a.client.KafkaAdminClient - Creating 1 topics(s), attempt 0
2023-03-20 10:32:38 [main] INFO  c.m.d.k.a.client.KafkaAdminClient - Create topic result [KafkaFuture{value=null,exception=null,done=false}]
2023-03-20 10:32:38 [main] INFO  c.m.d.k.a.client.KafkaAdminClient - Reading kafka topic [twitter-topic], attempt 0
2023-03-20 10:32:40 [main] INFO  c.m.d.k.a.client.KafkaAdminClient - Reading kafka topic [twitter-topic], attempt 0
2023-03-20 10:32:47 [main] INFO  c.m.d.t.t.k.s.i.i.KafkaStreamInitializer - Topics with name twitter-topic is ready for operations!
2023-03-20 10:32:47 [main] INFO  c.m.d.t.t.k.s.r.i.MockKafkaStreamRunner - Starting mock filtering twitter streams for keywords [Java, Microservices, Kafka, Elasticsearch]
2023-03-20 10:32:49 [pool-4-thread-1] INFO  c.m.d.t.t.k.s.l.TwitterKafkaStatusListener - Received status text ultricies porttitor Fusce elit Fusce pulvinar Lorem Microservices pulvinar massa Fusce Fusce purus sending to kafka topic twitter-topic
2023-03-20 10:32:51 [pool-4-thread-1] INFO  c.m.d.k.p.c.s.i.TwitterKafkaProducer - Sending message='{"userId": 8465697474489218404, "id": 7940429040454345910, "text": "ultricies porttitor Fusce elit Fusce pulvinar Lorem Microservices pulvinar massa Fusce Fusce purus", "createdAt": 1679308367000}' to topic='twitter-topic'
2023-03-20 10:32:51 [pool-4-thread-1] INFO  o.a.k.c.producer.ProducerConfig - ProducerConfig values: 
	acks = -1
	batch.size = 1638400
	bootstrap.servers = [kafka-broker-1:9092, kafka-broker-2:9092, kafka-broker-3:9092]
	buffer.memory = 33554432
	client.dns.lookup = use_all_dns_ips
	client.id = producer-1
	compression.type = gzip
	connections.max.idle.ms = 540000
	delivery.timeout.ms = 120000
	enable.idempotence = true
	interceptor.classes = []
	key.serializer = class org.apache.kafka.common.serialization.LongSerializer
	linger.ms = 5
	max.block.ms = 60000
	max.in.flight.requests.per.connection = 5
	max.request.size = 1048576
	metadata.max.age.ms = 300000
	metadata.max.idle.ms = 300000
	metric.reporters = []
	metrics.num.samples = 2
	metrics.recording.level = INFO
	metrics.sample.window.ms = 30000
	partitioner.class = class org.apache.kafka.clients.producer.internals.DefaultPartitioner
	receive.buffer.bytes = 32768
	reconnect.backoff.max.ms = 1000
	reconnect.backoff.ms = 50
	request.timeout.ms = 60000
	retries = 5
	retry.backoff.ms = 100
	sasl.client.callback.handler.class = null
	sasl.jaas.config = null
	sasl.kerberos.kinit.cmd = /usr/bin/kinit
	sasl.kerberos.min.time.before.relogin = 60000
	sasl.kerberos.service.name = null
	sasl.kerberos.ticket.renew.jitter = 0.05
	sasl.kerberos.ticket.renew.window.factor = 0.8
	sasl.login.callback.handler.class = null
	sasl.login.class = null
	sasl.login.connect.timeout.ms = null
	sasl.login.read.timeout.ms = null
	sasl.login.refresh.buffer.seconds = 300
	sasl.login.refresh.min.period.seconds = 60
	sasl.login.refresh.window.factor = 0.8
	sasl.login.refresh.window.jitter = 0.05
	sasl.login.retry.backoff.max.ms = 10000
	sasl.login.retry.backoff.ms = 100
	sasl.mechanism = GSSAPI
	sasl.oauthbearer.clock.skew.seconds = 30
	sasl.oauthbearer.expected.audience = null
	sasl.oauthbearer.expected.issuer = null
	sasl.oauthbearer.jwks.endpoint.refresh.ms = 3600000
	sasl.oauthbearer.jwks.endpoint.retry.backoff.max.ms = 10000
	sasl.oauthbearer.jwks.endpoint.retry.backoff.ms = 100
	sasl.oauthbearer.jwks.endpoint.url = null
	sasl.oauthbearer.scope.claim.name = scope
	sasl.oauthbearer.sub.claim.name = sub
	sasl.oauthbearer.token.endpoint.url = null
	security.protocol = PLAINTEXT
	security.providers = null
	send.buffer.bytes = 131072
	socket.connection.setup.timeout.max.ms = 30000
	socket.connection.setup.timeout.ms = 10000
	ssl.cipher.suites = null
	ssl.enabled.protocols = [TLSv1.2, TLSv1.3]
	ssl.endpoint.identification.algorithm = https
	ssl.engine.factory.class = null
	ssl.key.password = null
	ssl.keymanager.algorithm = SunX509
	ssl.keystore.certificate.chain = null
	ssl.keystore.key = null
	ssl.keystore.location = null
	ssl.keystore.password = null
	ssl.keystore.type = JKS
	ssl.protocol = TLSv1.3
	ssl.provider = null
	ssl.secure.random.implementation = null
	ssl.trustmanager.algorithm = PKIX
	ssl.truststore.certificates = null
	ssl.truststore.location = null
	ssl.truststore.password = null
	ssl.truststore.type = JKS
	transaction.timeout.ms = 60000
	transactional.id = null
	value.serializer = class io.confluent.kafka.serializers.KafkaAvroSerializer

2023-03-20 10:32:51 [pool-4-thread-1] INFO  i.c.k.s.KafkaAvroSerializerConfig - KafkaAvroSerializerConfig values: 
	bearer.auth.token = [hidden]
	proxy.port = -1
	schema.reflection = false
	auto.register.schemas = true
	max.schemas.per.subject = 1000
	basic.auth.credentials.source = URL
	value.subject.name.strategy = class io.confluent.kafka.serializers.subject.TopicNameStrategy
	schema.registry.url = [http://schema-registry:8081]
	basic.auth.user.info = [hidden]
	proxy.host = 
	use.latest.version = false
	schema.registry.basic.auth.user.info = [hidden]
	bearer.auth.credentials.source = STATIC_TOKEN
	key.subject.name.strategy = class io.confluent.kafka.serializers.subject.TopicNameStrategy

2023-03-20 10:32:52 [pool-4-thread-1] INFO  o.a.k.clients.producer.KafkaProducer - [Producer clientId=producer-1] Instantiated an idempotent producer.
2023-03-20 10:32:52 [pool-4-thread-1] INFO  o.a.kafka.common.utils.AppInfoParser - Kafka version: 3.1.2
2023-03-20 10:32:52 [pool-4-thread-1] INFO  o.a.kafka.common.utils.AppInfoParser - Kafka commitId: f8c67dc3ae0a3265
2023-03-20 10:32:52 [pool-4-thread-1] INFO  o.a.kafka.common.utils.AppInfoParser - Kafka startTimeMs: 1679308372800
2023-03-20 10:32:53 [kafka-producer-network-thread | producer-1] INFO  org.apache.kafka.clients.Metadata - [Producer clientId=producer-1] Cluster ID: IOMRlx-VTM2QZv6RXfhHig
2023-03-20 10:32:53 [kafka-producer-network-thread | producer-1] INFO  org.apache.kafka.clients.Metadata - [Producer clientId=producer-1] Resetting the last seen epoch of partition twitter-topic-0 to 0 since the associated topicId changed from null to 0CNFVPZHR2CwhjpUwFV3HQ
2023-03-20 10:32:53 [kafka-producer-network-thread | producer-1] INFO  org.apache.kafka.clients.Metadata - [Producer clientId=producer-1] Resetting the last seen epoch of partition twitter-topic-1 to 0 since the associated topicId changed from null to 0CNFVPZHR2CwhjpUwFV3HQ
2023-03-20 10:32:53 [kafka-producer-network-thread | producer-1] INFO  org.apache.kafka.clients.Metadata - [Producer clientId=producer-1] Resetting the last seen epoch of partition twitter-topic-2 to 0 since the associated topicId changed from null to 0CNFVPZHR2CwhjpUwFV3HQ
2023-03-20 10:32:53 [kafka-producer-network-thread | producer-1] INFO  o.a.k.c.p.i.TransactionManager - [Producer clientId=producer-1] ProducerId set to 0 with epoch 0
2023-03-20 10:33:06 [pool-4-thread-1] INFO  c.m.d.t.t.k.s.l.TwitterKafkaStatusListener - Received status text consectetuer ipsum purus massa Kafka lectus porttitor sed sending to kafka topic twitter-topic
2023-03-20 10:33:07 [pool-4-thread-1] INFO  c.m.d.k.p.c.s.i.TwitterKafkaProducer - Sending message='{"userId": 7910921282839338004, "id": 769488778154355766, "text": "consectetuer ipsum purus massa Kafka lectus porttitor sed", "createdAt": 1679308386000}' to topic='twitter-topic'
2023-03-20 10:33:17 [pool-4-thread-1] INFO  c.m.d.t.t.k.s.l.TwitterKafkaStatusListener - Received status text elit Lorem congue Kafka Fusce posuere sending to kafka topic twitter-topic
2023-03-20 10:33:17 [pool-4-thread-1] INFO  c.m.d.k.p.c.s.i.TwitterKafkaProducer - Sending message='{"userId": 1954828271387245888, "id": 2589397785256161697, "text": "elit Lorem congue Kafka Fusce posuere", "createdAt": 1679308397000}' to topic='twitter-topic'
2023-03-20 10:33:27 [pool-4-thread-1] INFO  c.m.d.t.t.k.s.l.TwitterKafkaStatusListener - Received status text malesuada consectetuer purus adipiscing posuere Microservices massa magna purus sending to kafka topic twitter-topic
2023-03-20 10:33:27 [pool-4-thread-1] INFO  c.m.d.k.p.c.s.i.TwitterKafkaProducer - Sending message='{"userId": 7710473609878137472, "id": 2625620390268473607, "text": "malesuada consectetuer purus adipiscing posuere Microservices massa magna purus", "createdAt": 1679308407000}' to topic='twitter-topic'
2023-03-20 10:33:37 [pool-4-thread-1] INFO  c.m.d.t.t.k.s.l.TwitterKafkaStatusListener - Received status text libero porttitor adipiscing dolor magna purus Kafka elit dolor Maecenas lectus sending to kafka topic twitter-topic
2023-03-20 10:33:37 [pool-4-thread-1] INFO  c.m.d.k.p.c.s.i.TwitterKafkaProducer - Sending message='{"userId": 3354719797727149656, "id": 8564586657648282255, "text": "libero porttitor adipiscing dolor magna purus Kafka elit dolor Maecenas lectus", "createdAt": 1679308417000}' to topic='twitter-topic'
2023-03-20 10:33:47 [pool-4-thread-1] INFO  c.m.d.t.t.k.s.l.TwitterKafkaStatusListener - Received status text magna libero ultricies sit massa adipiscing magna Maecenas Elasticsearch ultricies adipiscing Fusce adipiscing purus porttitor sending to kafka topic twitter-topic
2023-03-20 10:33:47 [pool-4-thread-1] INFO  c.m.d.k.p.c.s.i.TwitterKafkaProducer - Sending message='{"userId": 5210261211149718472, "id": 3543034234569607975, "text": "magna libero ultricies sit massa adipiscing magna Maecenas Elasticsearch ultricies adipiscing Fusce adipiscing purus porttitor", "createdAt": 1679308427000}' to topic='twitter-topic'
2023-03-20 10:33:57 [pool-4-thread-1] INFO  c.m.d.t.t.k.s.l.TwitterKafkaStatusListener - Received status text Maecenas pulvinar pulvinar sed sed purus ipsum sed Microservices ultricies ultricies elit ultricies elit lectus sending to kafka topic twitter-topic
2023-03-20 10:33:57 [pool-4-thread-1] INFO  c.m.d.k.p.c.s.i.TwitterKafkaProducer - Sending message='{"userId": 2232038181902213720, "id": 4499528544080635384, "text": "Maecenas pulvinar pulvinar sed sed purus ipsum sed Microservices ultricies ultricies elit ultricies elit lectus", "createdAt": 1679308437000}' to topic='twitter-topic'
2023-03-20 10:34:07 [pool-4-thread-1] INFO  c.m.d.t.t.k.s.l.TwitterKafkaStatusListener - Received status text sit pulvinar adipiscing posuere elit Microservices malesuada porttitor purus Fusce sending to kafka topic twitter-topic
2023-03-20 10:34:07 [pool-4-thread-1] INFO  c.m.d.k.p.c.s.i.TwitterKafkaProducer - Sending message='{"userId": 2568434466866074075, "id": 7622825984595263715, "text": "sit pulvinar adipiscing posuere elit Microservices malesuada porttitor purus Fusce", "createdAt": 1679308447000}' to topic='twitter-topic'
2023-03-20 10:34:17 [pool-4-thread-1] INFO  c.m.d.t.t.k.s.l.TwitterKafkaStatusListener - Received status text congue elit libero sed Kafka sit Fusce sending to kafka topic twitter-topic
2023-03-20 10:34:17 [pool-4-thread-1] INFO  c.m.d.k.p.c.s.i.TwitterKafkaProducer - Sending message='{"userId": 2765741713237233559, "id": 3620846360977285080, "text": "congue elit libero sed Kafka sit Fusce", "createdAt": 1679308457000}' to topic='twitter-topic'
2023-03-20 10:34:27 [pool-4-thread-1] INFO  c.m.d.t.t.k.s.l.TwitterKafkaStatusListener - Received status text lectus congue malesuada lectus Elasticsearch libero Maecenas sending to kafka topic twitter-topic
2023-03-20 10:34:27 [pool-4-thread-1] INFO  c.m.d.k.p.c.s.i.TwitterKafkaProducer - Sending message='{"userId": 192890108159860884, "id": 4544976298138644323, "text": "lectus congue malesuada lectus Elasticsearch libero Maecenas", "createdAt": 1679308467000}' to topic='twitter-topic'
2023-03-20 10:34:37 [pool-4-thread-1] INFO  c.m.d.t.t.k.s.l.TwitterKafkaStatusListener - Received status text purus Fusce libero magna pulvinar Maecenas consectetuer purus Microservices magna dolor Maecenas sed Fusce amet sending to kafka topic twitter-topic
2023-03-20 10:34:37 [pool-4-thread-1] INFO  c.m.d.k.p.c.s.i.TwitterKafkaProducer - Sending message='{"userId": 903068631884195862, "id": 7391300039552182151, "text": "purus Fusce libero magna pulvinar Maecenas consectetuer purus Microservices magna dolor Maecenas sed Fusce amet", "createdAt": 1679308477000}' to topic='twitter-topic'
2023-03-20 10:34:47 [pool-4-thread-1] INFO  c.m.d.t.t.k.s.l.TwitterKafkaStatusListener - Received status text lectus dolor dolor Lorem massa congue magna Elasticsearch purus ultricies consectetuer elit massa consectetuer sending to kafka topic twitter-topic
2023-03-20 10:34:47 [pool-4-thread-1] INFO  c.m.d.k.p.c.s.i.TwitterKafkaProducer - Sending message='{"userId": 1068354443238698759, "id": 7935744529506448756, "text": "lectus dolor dolor Lorem massa congue magna Elasticsearch purus ultricies consectetuer elit massa consectetuer", "createdAt": 1679308487000}' to topic='twitter-topic'
2023-03-20 10:34:58 [pool-4-thread-1] INFO  c.m.d.t.t.k.s.l.TwitterKafkaStatusListener - Received status text adipiscing adipiscing porttitor posuere massa Maecenas ipsum Microservices massa magna consectetuer elit dolor sending to kafka topic twitter-topic
2023-03-20 10:34:58 [pool-4-thread-1] INFO  c.m.d.k.p.c.s.i.TwitterKafkaProducer - Sending message='{"userId": 5261034211523081735, "id": 1725407918492351099, "text": "adipiscing adipiscing porttitor posuere massa Maecenas ipsum Microservices massa magna consectetuer elit dolor", "createdAt": 1679308497000}' to topic='twitter-topic'
2023-03-20 10:35:08 [pool-4-thread-1] INFO  c.m.d.t.t.k.s.l.TwitterKafkaStatusListener - Received status text pulvinar sed magna posuere posuere malesuada sit Microservices pulvinar dolor congue ipsum Lorem sending to kafka topic twitter-topic
2023-03-20 10:35:08 [pool-4-thread-1] INFO  c.m.d.k.p.c.s.i.TwitterKafkaProducer - Sending message='{"userId": 6893176951176449257, "id": 405147341625623303, "text": "pulvinar sed magna posuere posuere malesuada sit Microservices pulvinar dolor congue ipsum Lorem", "createdAt": 1679308508000}' to topic='twitter-topic'
2023-03-20 10:35:18 [pool-4-thread-1] INFO  c.m.d.t.t.k.s.l.TwitterKafkaStatusListener - Received status text adipiscing consectetuer Maecenas Kafka Lorem sit sending to kafka topic twitter-topic
2023-03-20 10:35:18 [pool-4-thread-1] INFO  c.m.d.k.p.c.s.i.TwitterKafkaProducer - Sending message='{"userId": 8356226248969891877, "id": 723395192488130628, "text": "adipiscing consectetuer Maecenas Kafka Lorem sit", "createdAt": 1679308518000}' to topic='twitter-topic'
2023-03-20 10:35:28 [pool-4-thread-1] INFO  c.m.d.t.t.k.s.l.TwitterKafkaStatusListener - Received status text ultricies consectetuer elit porttitor porttitor lectus congue massa Kafka pulvinar Fusce pulvinar adipiscing lectus Fusce sending to kafka topic twitter-topic
2023-03-20 10:35:28 [pool-4-thread-1] INFO  c.m.d.k.p.c.s.i.TwitterKafkaProducer - Sending message='{"userId": 8861389344086085454, "id": 7859253707817473188, "text": "ultricies consectetuer elit porttitor porttitor lectus congue massa Kafka pulvinar Fusce pulvinar adipiscing lectus Fusce", "createdAt": 1679308528000}' to topic='twitter-topic'
2023-03-20 10:35:38 [pool-4-thread-1] INFO  c.m.d.t.t.k.s.l.TwitterKafkaStatusListener - Received status text amet malesuada massa malesuada purus Lorem Lorem Microservices consectetuer congue porttitor ultricies dolor sending to kafka topic twitter-topic
2023-03-20 10:35:38 [pool-4-thread-1] INFO  c.m.d.k.p.c.s.i.TwitterKafkaProducer - Sending message='{"userId": 5002373510398006198, "id": 4803606674081555898, "text": "amet malesuada massa malesuada purus Lorem Lorem Microservices consectetuer congue porttitor ultricies dolor", "createdAt": 1679308538000}' to topic='twitter-topic'
2023-03-20 10:35:48 [pool-4-thread-1] INFO  c.m.d.t.t.k.s.l.TwitterKafkaStatusListener - Received status text libero magna Maecenas Lorem porttitor purus Elasticsearch malesuada Fusce Fusce congue sending to kafka topic twitter-topic
2023-03-20 10:35:48 [pool-4-thread-1] INFO  c.m.d.k.p.c.s.i.TwitterKafkaProducer - Sending message='{"userId": 765285459345837485, "id": 3087752783657012964, "text": "libero magna Maecenas Lorem porttitor purus Elasticsearch malesuada Fusce Fusce congue", "createdAt": 1679308548000}' to topic='twitter-topic'
2023-03-20 10:35:58 [pool-4-thread-1] INFO  c.m.d.t.t.k.s.l.TwitterKafkaStatusListener - Received status text purus posuere malesuada posuere Kafka congue ipsum elit sending to kafka topic twitter-topic
2023-03-20 10:35:58 [pool-4-thread-1] INFO  c.m.d.k.p.c.s.i.TwitterKafkaProducer - Sending message='{"userId": 8954312131455507073, "id": 6640272100632271114, "text": "purus posuere malesuada posuere Kafka congue ipsum elit", "createdAt": 1679308558000}' to topic='twitter-topic'
2023-03-20 10:36:08 [pool-4-thread-1] INFO  c.m.d.t.t.k.s.l.TwitterKafkaStatusListener - Received status text libero purus pulvinar libero lectus sit Microservices ipsum sed lectus libero sending to kafka topic twitter-topic
2023-03-20 10:36:08 [pool-4-thread-1] INFO  c.m.d.k.p.c.s.i.TwitterKafkaProducer - Sending message='{"userId": 1944319068542868674, "id": 7097608887943907599, "text": "libero purus pulvinar libero lectus sit Microservices ipsum sed lectus libero", "createdAt": 1679308568000}' to topic='twitter-topic'
2023-03-20 10:36:18 [pool-4-thread-1] INFO  c.m.d.t.t.k.s.l.TwitterKafkaStatusListener - Received status text dolor lectus Lorem ultricies sit consectetuer sed adipiscing Elasticsearch sit lectus purus consectetuer posuere Fusce sending to kafka topic twitter-topic
2023-03-20 10:36:18 [pool-4-thread-1] INFO  c.m.d.k.p.c.s.i.TwitterKafkaProducer - Sending message='{"userId": 8940851102475113264, "id": 2855563663377790334, "text": "dolor lectus Lorem ultricies sit consectetuer sed adipiscing Elasticsearch sit lectus purus consectetuer posuere Fusce", "createdAt": 1679308578000}' to topic='twitter-topic'
2023-03-20 10:36:28 [pool-4-thread-1] INFO  c.m.d.t.t.k.s.l.TwitterKafkaStatusListener - Received status text Maecenas purus elit sed Maecenas Microservices pulvinar Lorem purus libero sending to kafka topic twitter-topic
2023-03-20 10:36:28 [pool-4-thread-1] INFO  c.m.d.k.p.c.s.i.TwitterKafkaProducer - Sending message='{"userId": 2156873654654221514, "id": 4535198636548708664, "text": "Maecenas purus elit sed Maecenas Microservices pulvinar Lorem purus libero", "createdAt": 1679308588000}' to topic='twitter-topic'
2023-03-20 10:36:39 [pool-4-thread-1] INFO  c.m.d.t.t.k.s.l.TwitterKafkaStatusListener - Received status text Maecenas ipsum lectus libero Java posuere massa porttitor sending to kafka topic twitter-topic
2023-03-20 10:36:39 [pool-4-thread-1] INFO  c.m.d.k.p.c.s.i.TwitterKafkaProducer - Sending message='{"userId": 6556202749891906794, "id": 3169403022320440434, "text": "Maecenas ipsum lectus libero Java posuere massa porttitor", "createdAt": 1679308598000}' to topic='twitter-topic'
2023-03-20 10:36:49 [pool-4-thread-1] INFO  c.m.d.t.t.k.s.l.TwitterKafkaStatusListener - Received status text elit sit ultricies massa Fusce Maecenas Kafka malesuada ipsum congue lectus sending to kafka topic twitter-topic
2023-03-20 10:36:49 [pool-4-thread-1] INFO  c.m.d.k.p.c.s.i.TwitterKafkaProducer - Sending message='{"userId": 1616985767762525142, "id": 610360669372942757, "text": "elit sit ultricies massa Fusce Maecenas Kafka malesuada ipsum congue lectus", "createdAt": 1679308609000}' to topic='twitter-topic'
2023-03-20 10:36:59 [pool-4-thread-1] INFO  c.m.d.t.t.k.s.l.TwitterKafkaStatusListener - Received status text sed lectus dolor amet pulvinar ultricies lectus lectus Elasticsearch adipiscing ultricies libero amet adipiscing adipiscing ultricies sending to kafka topic twitter-topic
2023-03-20 10:36:59 [pool-4-thread-1] INFO  c.m.d.k.p.c.s.i.TwitterKafkaProducer - Sending message='{"userId": 9207235199086767838, "id": 3254996314228375890, "text": "sed lectus dolor amet pulvinar ultricies lectus lectus Elasticsearch adipiscing ultricies libero amet adipiscing adipiscing ultricies", "createdAt": 1679308619000}' to topic='twitter-topic'
2023-03-20 10:37:09 [pool-4-thread-1] INFO  c.m.d.t.t.k.s.l.TwitterKafkaStatusListener - Received status text massa sed porttitor Fusce dolor adipiscing sit Microservices ultricies adipiscing sed sit porttitor sending to kafka topic twitter-topic
2023-03-20 10:37:09 [pool-4-thread-1] INFO  c.m.d.k.p.c.s.i.TwitterKafkaProducer - Sending message='{"userId": 8983943876749934076, "id": 4832716785900208766, "text": "massa sed porttitor Fusce dolor adipiscing sit Microservices ultricies adipiscing sed sit porttitor", "createdAt": 1679308629000}' to topic='twitter-topic'
2023-03-20 10:37:19 [pool-4-thread-1] INFO  c.m.d.t.t.k.s.l.TwitterKafkaStatusListener - Received status text porttitor elit elit massa dolor malesuada porttitor dolor Kafka sed consectetuer Maecenas porttitor lectus congue ipsum sending to kafka topic twitter-topic
2023-03-20 10:37:19 [pool-4-thread-1] INFO  c.m.d.k.p.c.s.i.TwitterKafkaProducer - Sending message='{"userId": 1919089280551738582, "id": 8461933715540952730, "text": "porttitor elit elit massa dolor malesuada porttitor dolor Kafka sed consectetuer Maecenas porttitor lectus congue ipsum", "createdAt": 1679308639000}' to topic='twitter-topic'
2023-03-20 10:37:28 [kafka-admin-client-thread | adminclient-1] INFO  o.apache.kafka.clients.NetworkClient - [AdminClient clientId=adminclient-1] Node -3 disconnected.
2023-03-20 10:37:29 [pool-4-thread-1] INFO  c.m.d.t.t.k.s.l.TwitterKafkaStatusListener - Received status text purus pulvinar magna sed consectetuer Microservices lectus pulvinar elit sending to kafka topic twitter-topic
2023-03-20 10:37:29 [pool-4-thread-1] INFO  c.m.d.k.p.c.s.i.TwitterKafkaProducer - Sending message='{"userId": 1086646484317411001, "id": 7049068943912284753, "text": "purus pulvinar magna sed consectetuer Microservices lectus pulvinar elit", "createdAt": 1679308649000}' to topic='twitter-topic'
2023-03-20 10:37:39 [pool-4-thread-1] INFO  c.m.d.t.t.k.s.l.TwitterKafkaStatusListener - Received status text Lorem adipiscing consectetuer consectetuer amet lectus malesuada sit Microservices posuere congue malesuada pulvinar Fusce pulvinar dolor sending to kafka topic twitter-topic
2023-03-20 10:37:39 [pool-4-thread-1] INFO  c.m.d.k.p.c.s.i.TwitterKafkaProducer - Sending message='{"userId": 7657310582617848228, "id": 4605235215618565445, "text": "Lorem adipiscing consectetuer consectetuer amet lectus malesuada sit Microservices posuere congue malesuada pulvinar Fusce pulvinar dolor", "createdAt": 1679308659000}' to topic='twitter-topic'
2023-03-20 10:37:49 [pool-4-thread-1] INFO  c.m.d.t.t.k.s.l.TwitterKafkaStatusListener - Received status text amet consectetuer dolor dolor consectetuer adipiscing adipiscing Java pulvinar Lorem elit Fusce Maecenas sending to kafka topic twitter-topic
2023-03-20 10:37:49 [pool-4-thread-1] INFO  c.m.d.k.p.c.s.i.TwitterKafkaProducer - Sending message='{"userId": 4507660059404809438, "id": 3585991059062720278, "text": "amet consectetuer dolor dolor consectetuer adipiscing adipiscing Java pulvinar Lorem elit Fusce Maecenas", "createdAt": 1679308669000}' to topic='twitter-topic'
2023-03-20 10:37:59 [pool-4-thread-1] INFO  c.m.d.t.t.k.s.l.TwitterKafkaStatusListener - Received status text posuere dolor ipsum amet magna Kafka purus Fusce purus pulvinar sending to kafka topic twitter-topic
2023-03-20 10:37:59 [pool-4-thread-1] INFO  c.m.d.k.p.c.s.i.TwitterKafkaProducer - Sending message='{"userId": 6464794331708233672, "id": 3249615631218589403, "text": "posuere dolor ipsum amet magna Kafka purus Fusce purus pulvinar", "createdAt": 1679308679000}' to topic='twitter-topic'
2023-03-20 10:38:09 [pool-4-thread-1] INFO  c.m.d.t.t.k.s.l.TwitterKafkaStatusListener - Received status text ultricies purus Fusce libero lectus Lorem porttitor purus Microservices libero sed Fusce massa magna purus ultricies sending to kafka topic twitter-topic
2023-03-20 10:38:09 [pool-4-thread-1] INFO  c.m.d.k.p.c.s.i.TwitterKafkaProducer - Sending message='{"userId": 3948066876589785356, "id": 6025842368484091468, "text": "ultricies purus Fusce libero lectus Lorem porttitor purus Microservices libero sed Fusce massa magna purus ultricies", "createdAt": 1679308689000}' to topic='twitter-topic'
2023-03-20 10:38:19 [pool-4-thread-1] INFO  c.m.d.t.t.k.s.l.TwitterKafkaStatusListener - Received status text sed ipsum lectus posuere Lorem sit elit malesuada Java malesuada sed elit elit posuere ipsum elit sending to kafka topic twitter-topic
2023-03-20 10:38:19 [pool-4-thread-1] INFO  c.m.d.k.p.c.s.i.TwitterKafkaProducer - Sending message='{"userId": 5530748337711240235, "id": 7226830524997103200, "text": "sed ipsum lectus posuere Lorem sit elit malesuada Java malesuada sed elit elit posuere ipsum elit", "createdAt": 1679308699000}' to topic='twitter-topic'
2023-03-20 10:38:29 [pool-4-thread-1] INFO  c.m.d.t.t.k.s.l.TwitterKafkaStatusListener - Received status text porttitor congue sed adipiscing adipiscing Kafka massa ipsum massa sending to kafka topic twitter-topic
2023-03-20 10:38:29 [pool-4-thread-1] INFO  c.m.d.k.p.c.s.i.TwitterKafkaProducer - Sending message='{"userId": 1652635327314709688, "id": 1689597367010236323, "text": "porttitor congue sed adipiscing adipiscing Kafka massa ipsum massa", "createdAt": 1679308709000}' to topic='twitter-topic'
2023-03-20 10:38:39 [pool-4-thread-1] INFO  c.m.d.t.t.k.s.l.TwitterKafkaStatusListener - Received status text libero sed Fusce consectetuer Elasticsearch consectetuer posuere sending to kafka topic twitter-topic
2023-03-20 10:38:39 [pool-4-thread-1] INFO  c.m.d.k.p.c.s.i.TwitterKafkaProducer - Sending message='{"userId": 1818433362342397810, "id": 8521502998301024838, "text": "libero sed Fusce consectetuer Elasticsearch consectetuer posuere", "createdAt": 1679308719000}' to topic='twitter-topic'
2023-03-20 10:38:49 [pool-4-thread-1] INFO  c.m.d.t.t.k.s.l.TwitterKafkaStatusListener - Received status text magna Lorem porttitor porttitor ultricies lectus Fusce Kafka elit amet adipiscing magna sed sending to kafka topic twitter-topic
2023-03-20 10:38:49 [pool-4-thread-1] INFO  c.m.d.k.p.c.s.i.TwitterKafkaProducer - Sending message='{"userId": 8602056161376919537, "id": 576139605650675079, "text": "magna Lorem porttitor porttitor ultricies lectus Fusce Kafka elit amet adipiscing magna sed", "createdAt": 1679308729000}' to topic='twitter-topic'
2023-03-20 10:39:00 [pool-4-thread-1] INFO  c.m.d.t.t.k.s.l.TwitterKafkaStatusListener - Received status text porttitor ipsum pulvinar lectus magna Elasticsearch Maecenas lectus sit ultricies sending to kafka topic twitter-topic
2023-03-20 10:39:00 [pool-4-thread-1] INFO  c.m.d.k.p.c.s.i.TwitterKafkaProducer - Sending message='{"userId": 8262842423843760725, "id": 2195173856537089701, "text": "porttitor ipsum pulvinar lectus magna Elasticsearch Maecenas lectus sit ultricies", "createdAt": 1679308739000}' to topic='twitter-topic'
2023-03-20 10:39:10 [pool-4-thread-1] INFO  c.m.d.t.t.k.s.l.TwitterKafkaStatusListener - Received status text dolor amet magna porttitor libero congue Fusce Elasticsearch ipsum lectus pulvinar massa Maecenas massa sending to kafka topic twitter-topic
2023-03-20 10:39:10 [pool-4-thread-1] INFO  c.m.d.k.p.c.s.i.TwitterKafkaProducer - Sending message='{"userId": 8511165193551374097, "id": 7371554215255185832, "text": "dolor amet magna porttitor libero congue Fusce Elasticsearch ipsum lectus pulvinar massa Maecenas massa", "createdAt": 1679308750000}' to topic='twitter-topic'
2023-03-20 10:39:20 [pool-4-thread-1] INFO  c.m.d.t.t.k.s.l.TwitterKafkaStatusListener - Received status text magna congue Maecenas amet posuere dolor Java elit adipiscing dolor pulvinar sending to kafka topic twitter-topic
2023-03-20 10:39:20 [pool-4-thread-1] INFO  c.m.d.k.p.c.s.i.TwitterKafkaProducer - Sending message='{"userId": 7433179791519215680, "id": 5121418570921752950, "text": "magna congue Maecenas amet posuere dolor Java elit adipiscing dolor pulvinar", "createdAt": 1679308760000}' to topic='twitter-topic'
2023-03-20 10:39:31 [pool-4-thread-1] INFO  c.m.d.t.t.k.s.l.TwitterKafkaStatusListener - Received status text pulvinar magna posuere elit adipiscing purus amet Microservices adipiscing libero consectetuer sit congue sending to kafka topic twitter-topic
2023-03-20 10:39:31 [pool-4-thread-1] INFO  c.m.d.k.p.c.s.i.TwitterKafkaProducer - Sending message='{"userId": 5068445659479345300, "id": 4147536438161047815, "text": "pulvinar magna posuere elit adipiscing purus amet Microservices adipiscing libero consectetuer sit congue", "createdAt": 1679308771000}' to topic='twitter-topic'
2023-03-20 10:39:41 [pool-4-thread-1] INFO  c.m.d.t.t.k.s.l.TwitterKafkaStatusListener - Received status text malesuada elit amet magna ipsum purus Fusce Java dolor adipiscing magna Maecenas libero sending to kafka topic twitter-topic
2023-03-20 10:39:41 [pool-4-thread-1] INFO  c.m.d.k.p.c.s.i.TwitterKafkaProducer - Sending message='{"userId": 4352425711143235985, "id": 2393925591057980581, "text": "malesuada elit amet magna ipsum purus Fusce Java dolor adipiscing magna Maecenas libero", "createdAt": 1679308781000}' to topic='twitter-topic'
2023-03-20 10:39:51 [pool-4-thread-1] INFO  c.m.d.t.t.k.s.l.TwitterKafkaStatusListener - Received status text consectetuer sed sit magna sit Kafka elit elit porttitor ultricies sending to kafka topic twitter-topic
2023-03-20 10:39:51 [pool-4-thread-1] INFO  c.m.d.k.p.c.s.i.TwitterKafkaProducer - Sending message='{"userId": 111459430580966509, "id": 3797031213098571445, "text": "consectetuer sed sit magna sit Kafka elit elit porttitor ultricies", "createdAt": 1679308791000}' to topic='twitter-topic'
2023-03-20 10:40:01 [pool-4-thread-1] INFO  c.m.d.t.t.k.s.l.TwitterKafkaStatusListener - Received status text malesuada pulvinar massa Fusce posuere massa magna Java Fusce porttitor pulvinar pulvinar malesuada sit sending to kafka topic twitter-topic
2023-03-20 10:40:01 [pool-4-thread-1] INFO  c.m.d.k.p.c.s.i.TwitterKafkaProducer - Sending message='{"userId": 1243275176360226200, "id": 2158034200417766698, "text": "malesuada pulvinar massa Fusce posuere massa magna Java Fusce porttitor pulvinar pulvinar malesuada sit", "createdAt": 1679308801000}' to topic='twitter-topic'
2023-03-20 10:40:11 [pool-4-thread-1] INFO  c.m.d.t.t.k.s.l.TwitterKafkaStatusListener - Received status text dolor libero Maecenas malesuada porttitor Fusce ultricies Microservices ipsum magna malesuada purus magna lectus sending to kafka topic twitter-topic
2023-03-20 10:40:11 [pool-4-thread-1] INFO  c.m.d.k.p.c.s.i.TwitterKafkaProducer - Sending message='{"userId": 5225875844764747862, "id": 8482104373943218251, "text": "dolor libero Maecenas malesuada porttitor Fusce ultricies Microservices ipsum magna malesuada purus magna lectus", "createdAt": 1679308811000}' to topic='twitter-topic'
2023-03-20 10:40:21 [pool-4-thread-1] INFO  c.m.d.t.t.k.s.l.TwitterKafkaStatusListener - Received status text purus sed Maecenas Fusce Java porttitor purus adipiscing sending to kafka topic twitter-topic
2023-03-20 10:40:21 [pool-4-thread-1] INFO  c.m.d.k.p.c.s.i.TwitterKafkaProducer - Sending message='{"userId": 147702313933663142, "id": 3501838291760058198, "text": "purus sed Maecenas Fusce Java porttitor purus adipiscing", "createdAt": 1679308821000}' to topic='twitter-topic'
2023-03-20 10:40:31 [pool-4-thread-1] INFO  c.m.d.t.t.k.s.l.TwitterKafkaStatusListener - Received status text amet ultricies congue purus massa elit Kafka congue Lorem pulvinar dolor massa sending to kafka topic twitter-topic
2023-03-20 10:40:31 [pool-4-thread-1] INFO  c.m.d.k.p.c.s.i.TwitterKafkaProducer - Sending message='{"userId": 4072613312431311339, "id": 7407832352507889278, "text": "amet ultricies congue purus massa elit Kafka congue Lorem pulvinar dolor massa", "createdAt": 1679308831000}' to topic='twitter-topic'
2023-03-20 10:40:41 [pool-4-thread-1] INFO  c.m.d.t.t.k.s.l.TwitterKafkaStatusListener - Received status text sit purus elit ultricies Lorem dolor Maecenas Microservices elit consectetuer Maecenas congue Fusce sending to kafka topic twitter-topic
2023-03-20 10:40:41 [pool-4-thread-1] INFO  c.m.d.k.p.c.s.i.TwitterKafkaProducer - Sending message='{"userId": 4514705299120933878, "id": 2923447939356835115, "text": "sit purus elit ultricies Lorem dolor Maecenas Microservices elit consectetuer Maecenas congue Fusce", "createdAt": 1679308841000}' to topic='twitter-topic'
2023-03-20 10:40:51 [pool-4-thread-1] INFO  c.m.d.t.t.k.s.l.TwitterKafkaStatusListener - Received status text magna congue congue massa ultricies congue consectetuer ultricies Elasticsearch Maecenas lectus massa ultricies porttitor lectus sending to kafka topic twitter-topic
2023-03-20 10:40:51 [pool-4-thread-1] INFO  c.m.d.k.p.c.s.i.TwitterKafkaProducer - Sending message='{"userId": 6116493162168472089, "id": 2642618803391065655, "text": "magna congue congue massa ultricies congue consectetuer ultricies Elasticsearch Maecenas lectus massa ultricies porttitor lectus", "createdAt": 1679308851000}' to topic='twitter-topic'
2023-03-20 10:41:01 [pool-4-thread-1] INFO  c.m.d.t.t.k.s.l.TwitterKafkaStatusListener - Received status text purus Maecenas Lorem Maecenas congue Fusce elit Microservices posuere sed ipsum sed Fusce dolor sending to kafka topic twitter-topic
2023-03-20 10:41:01 [pool-4-thread-1] INFO  c.m.d.k.p.c.s.i.TwitterKafkaProducer - Sending message='{"userId": 1459313319374105932, "id": 2506642456230685719, "text": "purus Maecenas Lorem Maecenas congue Fusce elit Microservices posuere sed ipsum sed Fusce dolor", "createdAt": 1679308861000}' to topic='twitter-topic'
2023-03-20 10:41:11 [pool-4-thread-1] INFO  c.m.d.t.t.k.s.l.TwitterKafkaStatusListener - Received status text porttitor Lorem porttitor Lorem massa massa congue ipsum Kafka purus dolor massa lectus elit Lorem elit sending to kafka topic twitter-topic
2023-03-20 10:41:11 [pool-4-thread-1] INFO  c.m.d.k.p.c.s.i.TwitterKafkaProducer - Sending message='{"userId": 1139589935088514849, "id": 5562802422585021696, "text": "porttitor Lorem porttitor Lorem massa massa congue ipsum Kafka purus dolor massa lectus elit Lorem elit", "createdAt": 1679308871000}' to topic='twitter-topic'
2023-03-20 10:41:21 [pool-4-thread-1] INFO  c.m.d.t.t.k.s.l.TwitterKafkaStatusListener - Received status text elit malesuada posuere adipiscing libero purus pulvinar ultricies Elasticsearch Fusce purus dolor sit massa purus sending to kafka topic twitter-topic
2023-03-20 10:41:21 [pool-4-thread-1] INFO  c.m.d.k.p.c.s.i.TwitterKafkaProducer - Sending message='{"userId": 888948009973904321, "id": 2595963852087503888, "text": "elit malesuada posuere adipiscing libero purus pulvinar ultricies Elasticsearch Fusce purus dolor sit massa purus", "createdAt": 1679308881000}' to topic='twitter-topic'
2023-03-20 10:41:32 [pool-4-thread-1] INFO  c.m.d.t.t.k.s.l.TwitterKafkaStatusListener - Received status text ipsum massa Fusce adipiscing libero pulvinar Lorem Microservices Lorem malesuada ipsum pulvinar sed elit sending to kafka topic twitter-topic
2023-03-20 10:41:32 [pool-4-thread-1] INFO  c.m.d.k.p.c.s.i.TwitterKafkaProducer - Sending message='{"userId": 1223569143613574060, "id": 4896635091216937813, "text": "ipsum massa Fusce adipiscing libero pulvinar Lorem Microservices Lorem malesuada ipsum pulvinar sed elit", "createdAt": 1679308891000}' to topic='twitter-topic'
2023-03-20 10:41:42 [pool-4-thread-1] INFO  c.m.d.t.t.k.s.l.TwitterKafkaStatusListener - Received status text purus posuere congue magna Java porttitor Maecenas porttitor sending to kafka topic twitter-topic
2023-03-20 10:41:42 [pool-4-thread-1] INFO  c.m.d.k.p.c.s.i.TwitterKafkaProducer - Sending message='{"userId": 6477517008741232849, "id": 8713793899930865211, "text": "purus posuere congue magna Java porttitor Maecenas porttitor", "createdAt": 1679308902000}' to topic='twitter-topic'
2023-03-20 10:41:52 [pool-4-thread-1] INFO  c.m.d.t.t.k.s.l.TwitterKafkaStatusListener - Received status text Lorem Fusce Fusce Maecenas Lorem Elasticsearch Maecenas libero elit sending to kafka topic twitter-topic
2023-03-20 10:41:52 [pool-4-thread-1] INFO  c.m.d.k.p.c.s.i.TwitterKafkaProducer - Sending message='{"userId": 8381192684571505376, "id": 8163539282048823197, "text": "Lorem Fusce Fusce Maecenas Lorem Elasticsearch Maecenas libero elit", "createdAt": 1679308912000}' to topic='twitter-topic'
2023-03-20 10:42:02 [pool-4-thread-1] INFO  c.m.d.t.t.k.s.l.TwitterKafkaStatusListener - Received status text amet consectetuer pulvinar Fusce consectetuer adipiscing Microservices Lorem ultricies elit magna sending to kafka topic twitter-topic
2023-03-20 10:42:02 [pool-4-thread-1] INFO  c.m.d.k.p.c.s.i.TwitterKafkaProducer - Sending message='{"userId": 5849205920265589774, "id": 898485488926947412, "text": "amet consectetuer pulvinar Fusce consectetuer adipiscing Microservices Lorem ultricies elit magna", "createdAt": 1679308922000}' to topic='twitter-topic'
2023-03-20 10:42:02 [kafka-producer-network-thread | producer-1] INFO  o.apache.kafka.clients.NetworkClient - [Producer clientId=producer-1] Node -1 disconnected.
2023-03-20 10:42:02 [kafka-producer-network-thread | producer-1] INFO  o.apache.kafka.clients.NetworkClient - [Producer clientId=producer-1] Node -3 disconnected.
2023-03-20 10:42:12 [pool-4-thread-1] INFO  c.m.d.t.t.k.s.l.TwitterKafkaStatusListener - Received status text elit adipiscing sit pulvinar Microservices porttitor Fusce sending to kafka topic twitter-topic
2023-03-20 10:42:12 [pool-4-thread-1] INFO  c.m.d.k.p.c.s.i.TwitterKafkaProducer - Sending message='{"userId": 2759528674153042269, "id": 1215233161266983341, "text": "elit adipiscing sit pulvinar Microservices porttitor Fusce", "createdAt": 1679308932000}' to topic='twitter-topic'
2023-03-20 10:42:22 [pool-4-thread-1] INFO  c.m.d.t.t.k.s.l.TwitterKafkaStatusListener - Received status text Lorem Fusce posuere ultricies posuere purus Kafka ipsum magna libero dolor Lorem sending to kafka topic twitter-topic
2023-03-20 10:42:22 [pool-4-thread-1] INFO  c.m.d.k.p.c.s.i.TwitterKafkaProducer - Sending message='{"userId": 672612979011691812, "id": 4042122142577943978, "text": "Lorem Fusce posuere ultricies posuere purus Kafka ipsum magna libero dolor Lorem", "createdAt": 1679308942000}' to topic='twitter-topic'
2023-03-20 10:42:28 [kafka-admin-client-thread | adminclient-1] INFO  o.apache.kafka.clients.NetworkClient - [AdminClient clientId=adminclient-1] Node 1 disconnected.
2023-03-20 10:42:32 [pool-4-thread-1] INFO  c.m.d.t.t.k.s.l.TwitterKafkaStatusListener - Received status text Fusce sed malesuada magna Maecenas pulvinar Microservices adipiscing adipiscing sed dolor sending to kafka topic twitter-topic
2023-03-20 10:42:32 [pool-4-thread-1] INFO  c.m.d.k.p.c.s.i.TwitterKafkaProducer - Sending message='{"userId": 2703316025970566325, "id": 3950186723719794435, "text": "Fusce sed malesuada magna Maecenas pulvinar Microservices adipiscing adipiscing sed dolor", "createdAt": 1679308952000}' to topic='twitter-topic'
2023-03-20 10:42:42 [pool-4-thread-1] INFO  c.m.d.t.t.k.s.l.TwitterKafkaStatusListener - Received status text Maecenas massa sed massa ipsum elit dolor Java purus Maecenas lectus congue amet sending to kafka topic twitter-topic
2023-03-20 10:42:42 [pool-4-thread-1] INFO  c.m.d.k.p.c.s.i.TwitterKafkaProducer - Sending message='{"userId": 220415455644212422, "id": 2997782844933504818, "text": "Maecenas massa sed massa ipsum elit dolor Java purus Maecenas lectus congue amet", "createdAt": 1679308962000}' to topic='twitter-topic'
2023-03-20 10:42:52 [pool-4-thread-1] INFO  c.m.d.t.t.k.s.l.TwitterKafkaStatusListener - Received status text dolor magna magna Lorem amet Elasticsearch Maecenas sit massa sending to kafka topic twitter-topic
2023-03-20 10:42:52 [pool-4-thread-1] INFO  c.m.d.k.p.c.s.i.TwitterKafkaProducer - Sending message='{"userId": 8787313375934255647, "id": 9050738138453903988, "text": "dolor magna magna Lorem amet Elasticsearch Maecenas sit massa", "createdAt": 1679308972000}' to topic='twitter-topic'
2023-03-20 10:43:02 [pool-4-thread-1] INFO  c.m.d.t.t.k.s.l.TwitterKafkaStatusListener - Received status text malesuada sed malesuada congue posuere posuere Kafka consectetuer consectetuer pulvinar Maecenas porttitor sending to kafka topic twitter-topic
2023-03-20 10:43:02 [pool-4-thread-1] INFO  c.m.d.k.p.c.s.i.TwitterKafkaProducer - Sending message='{"userId": 7674511184732780879, "id": 4437657516077816060, "text": "malesuada sed malesuada congue posuere posuere Kafka consectetuer consectetuer pulvinar Maecenas porttitor", "createdAt": 1679308982000}' to topic='twitter-topic'
2023-03-20 10:43:12 [pool-4-thread-1] INFO  c.m.d.t.t.k.s.l.TwitterKafkaStatusListener - Received status text elit adipiscing lectus libero posuere consectetuer porttitor magna Microservices lectus purus magna Lorem adipiscing lectus lectus sending to kafka topic twitter-topic
2023-03-20 10:43:12 [pool-4-thread-1] INFO  c.m.d.k.p.c.s.i.TwitterKafkaProducer - Sending message='{"userId": 1467920078948426867, "id": 6686887771798106290, "text": "elit adipiscing lectus libero posuere consectetuer porttitor magna Microservices lectus purus magna Lorem adipiscing lectus lectus", "createdAt": 1679308992000}' to topic='twitter-topic'
2023-03-20 10:43:22 [pool-4-thread-1] INFO  c.m.d.t.t.k.s.l.TwitterKafkaStatusListener - Received status text Maecenas ultricies Fusce sit ipsum Elasticsearch malesuada Maecenas ipsum sending to kafka topic twitter-topic
2023-03-20 10:43:22 [pool-4-thread-1] INFO  c.m.d.k.p.c.s.i.TwitterKafkaProducer - Sending message='{"userId": 430996505489370052, "id": 8973036183866036160, "text": "Maecenas ultricies Fusce sit ipsum Elasticsearch malesuada Maecenas ipsum", "createdAt": 1679309002000}' to topic='twitter-topic'
2023-03-20 10:43:32 [pool-4-thread-1] INFO  c.m.d.t.t.k.s.l.TwitterKafkaStatusListener - Received status text adipiscing ipsum sit Lorem lectus ultricies malesuada Kafka Maecenas Lorem porttitor Maecenas pulvinar Lorem sending to kafka topic twitter-topic
2023-03-20 10:43:32 [pool-4-thread-1] INFO  c.m.d.k.p.c.s.i.TwitterKafkaProducer - Sending message='{"userId": 4656050222811611724, "id": 2195691979149716612, "text": "adipiscing ipsum sit Lorem lectus ultricies malesuada Kafka Maecenas Lorem porttitor Maecenas pulvinar Lorem", "createdAt": 1679309012000}' to topic='twitter-topic'
2023-03-20 10:43:42 [pool-4-thread-1] INFO  c.m.d.t.t.k.s.l.TwitterKafkaStatusListener - Received status text Lorem purus malesuada posuere elit Maecenas ultricies elit Elasticsearch amet malesuada purus purus magna consectetuer malesuada sending to kafka topic twitter-topic
2023-03-20 10:43:42 [pool-4-thread-1] INFO  c.m.d.k.p.c.s.i.TwitterKafkaProducer - Sending message='{"userId": 6748219143312526414, "id": 7379777175822831863, "text": "Lorem purus malesuada posuere elit Maecenas ultricies elit Elasticsearch amet malesuada purus purus magna consectetuer malesuada", "createdAt": 1679309022000}' to topic='twitter-topic'
2023-03-20 10:43:52 [pool-4-thread-1] INFO  c.m.d.t.t.k.s.l.TwitterKafkaStatusListener - Received status text sed malesuada malesuada massa Elasticsearch purus Maecenas amet sending to kafka topic twitter-topic
2023-03-20 10:43:52 [pool-4-thread-1] INFO  c.m.d.k.p.c.s.i.TwitterKafkaProducer - Sending message='{"userId": 8054539876185444750, "id": 3298563591843163163, "text": "sed malesuada malesuada massa Elasticsearch purus Maecenas amet", "createdAt": 1679309032000}' to topic='twitter-topic'
2023-03-20 10:44:03 [pool-4-thread-1] INFO  c.m.d.t.t.k.s.l.TwitterKafkaStatusListener - Received status text porttitor Lorem pulvinar congue posuere posuere Fusce malesuada Java dolor ultricies malesuada sit pulvinar Maecenas sending to kafka topic twitter-topic
2023-03-20 10:44:03 [pool-4-thread-1] INFO  c.m.d.k.p.c.s.i.TwitterKafkaProducer - Sending message='{"userId": 3671028594670350534, "id": 5402490596377579367, "text": "porttitor Lorem pulvinar congue posuere posuere Fusce malesuada Java dolor ultricies malesuada sit pulvinar Maecenas", "createdAt": 1679309042000}' to topic='twitter-topic'
2023-03-20 10:44:13 [pool-4-thread-1] INFO  c.m.d.t.t.k.s.l.TwitterKafkaStatusListener - Received status text elit lectus posuere Fusce massa Fusce Java consectetuer lectus amet massa Maecenas sending to kafka topic twitter-topic
2023-03-20 10:44:13 [pool-4-thread-1] INFO  c.m.d.k.p.c.s.i.TwitterKafkaProducer - Sending message='{"userId": 5632505326087842954, "id": 3630827332215710808, "text": "elit lectus posuere Fusce massa Fusce Java consectetuer lectus amet massa Maecenas", "createdAt": 1679309053000}' to topic='twitter-topic'
