2023-03-15 10:16:54 [main] ERROR o.s.boot.SpringApplication - Application run failed
java.lang.IllegalStateException: Cannot decrypt: key=spring.security.user.password
	at org.springframework.cloud.bootstrap.encrypt.AbstractEnvironmentDecrypt.decrypt(AbstractEnvironmentDecrypt.java:159)
	at org.springframework.cloud.bootstrap.encrypt.AbstractEnvironmentDecrypt.lambda$decrypt$0(AbstractEnvironmentDecrypt.java:137)
	at java.base/java.util.LinkedHashMap.replaceAll(Unknown Source)
	at org.springframework.cloud.bootstrap.encrypt.AbstractEnvironmentDecrypt.decrypt(AbstractEnvironmentDecrypt.java:132)
	at org.springframework.cloud.bootstrap.encrypt.AbstractEnvironmentDecrypt.decrypt(AbstractEnvironmentDecrypt.java:70)
	at org.springframework.cloud.bootstrap.encrypt.TextEncryptorUtils.decrypt(TextEncryptorUtils.java:52)
	at org.springframework.cloud.bootstrap.encrypt.DecryptEnvironmentPostProcessor.postProcessEnvironment(DecryptEnvironmentPostProcessor.java:66)
	at org.springframework.boot.env.EnvironmentPostProcessorApplicationListener.onApplicationEnvironmentPreparedEvent(EnvironmentPostProcessorApplicationListener.java:102)
	at org.springframework.boot.env.EnvironmentPostProcessorApplicationListener.onApplicationEvent(EnvironmentPostProcessorApplicationListener.java:87)
	at org.springframework.context.event.SimpleApplicationEventMulticaster.doInvokeListener(SimpleApplicationEventMulticaster.java:176)
	at org.springframework.context.event.SimpleApplicationEventMulticaster.invokeListener(SimpleApplicationEventMulticaster.java:169)
	at org.springframework.context.event.SimpleApplicationEventMulticaster.multicastEvent(SimpleApplicationEventMulticaster.java:143)
	at org.springframework.context.event.SimpleApplicationEventMulticaster.multicastEvent(SimpleApplicationEventMulticaster.java:131)
	at org.springframework.boot.context.event.EventPublishingRunListener.environmentPrepared(EventPublishingRunListener.java:85)
	at org.springframework.boot.SpringApplicationRunListeners.lambda$environmentPrepared$2(SpringApplicationRunListeners.java:66)
	at java.base/java.util.ArrayList.forEach(Unknown Source)
	at org.springframework.boot.SpringApplicationRunListeners.doWithListeners(SpringApplicationRunListeners.java:120)
	at org.springframework.boot.SpringApplicationRunListeners.doWithListeners(SpringApplicationRunListeners.java:114)
	at org.springframework.boot.SpringApplicationRunListeners.environmentPrepared(SpringApplicationRunListeners.java:65)
	at org.springframework.boot.SpringApplication.prepareEnvironment(SpringApplication.java:338)
	at org.springframework.boot.SpringApplication.run(SpringApplication.java:296)
	at org.springframework.boot.SpringApplication.run(SpringApplication.java:1303)
	at org.springframework.boot.SpringApplication.run(SpringApplication.java:1292)
	at com.microservices.demo.config.server.ConfigServer.main(ConfigServer.java:11)
	at java.base/jdk.internal.reflect.NativeMethodAccessorImpl.invoke0(Native Method)
	at java.base/jdk.internal.reflect.NativeMethodAccessorImpl.invoke(Unknown Source)
	at java.base/jdk.internal.reflect.DelegatingMethodAccessorImpl.invoke(Unknown Source)
	at java.base/java.lang.reflect.Method.invoke(Unknown Source)
	at org.springframework.boot.loader.MainMethodRunner.run(MainMethodRunner.java:49)
	at org.springframework.boot.loader.Launcher.launch(Launcher.java:108)
	at org.springframework.boot.loader.Launcher.launch(Launcher.java:58)
	at org.springframework.boot.loader.JarLauncher.main(JarLauncher.java:65)
Caused by: java.lang.UnsupportedOperationException: No decryption for FailsafeTextEncryptor. Did you configure the keystore correctly?
	at org.springframework.cloud.bootstrap.encrypt.TextEncryptorUtils$FailsafeTextEncryptor.decrypt(TextEncryptorUtils.java:188)
	at org.springframework.cloud.bootstrap.encrypt.AbstractEnvironmentDecrypt.decrypt(AbstractEnvironmentDecrypt.java:144)
	... 31 common frames omitted
