2023-03-17 09:06:34 [background-preinit] INFO  o.h.validator.internal.util.Version - HV000001: Hibernate Validator 6.2.0.Final
2023-03-17 09:06:35 [main] INFO  c.m.demo.config.server.ConfigServer - Starting ConfigServer v1.0-SNAPSHOT using Java 17.0.6 on 12059c96aac9 with PID 1 (/workspace/BOOT-INF/classes started by cnb in /workspace)
2023-03-17 09:06:35 [main] INFO  c.m.demo.config.server.ConfigServer - No active profile set, falling back to default profiles: default
2023-03-17 09:06:58 [main] INFO  o.s.cloud.context.scope.GenericScope - BeanFactory id=1c7df4a5-d083-3c27-82fd-64180fd3386d
2023-03-17 09:07:04 [main] INFO  o.s.b.w.e.tomcat.TomcatWebServer - Tomcat initialized with port(s): 8888 (http)
2023-03-17 09:07:04 [main] INFO  o.a.coyote.http11.Http11NioProtocol - Initializing ProtocolHandler ["http-nio-8888"]
2023-03-17 09:07:04 [main] INFO  o.a.catalina.core.StandardService - Starting service [Tomcat]
2023-03-17 09:07:04 [main] INFO  o.a.catalina.core.StandardEngine - Starting Servlet engine: [Apache Tomcat/9.0.56]
2023-03-17 09:07:05 [main] INFO  o.a.c.c.C.[Tomcat].[localhost].[/] - Initializing Spring embedded WebApplicationContext
2023-03-17 09:07:05 [main] INFO  o.s.b.w.s.c.ServletWebServerApplicationContext - Root WebApplicationContext: initialization completed in 26286 ms
2023-03-17 09:07:15 [main] INFO  o.s.s.web.DefaultSecurityFilterChain - Will secure Ant [pattern='/actuator/**'] with []
2023-03-17 09:07:15 [main] INFO  o.s.s.web.DefaultSecurityFilterChain - Will secure Ant [pattern='/encrypt/**'] with []
2023-03-17 09:07:15 [main] INFO  o.s.s.web.DefaultSecurityFilterChain - Will secure Ant [pattern='/decrypt/**'] with []
2023-03-17 09:07:16 [main] INFO  o.s.s.web.DefaultSecurityFilterChain - Will secure any request with [org.springframework.security.web.context.request.async.WebAsyncManagerIntegrationFilter@6f9ab79d, org.springframework.security.web.context.SecurityContextPersistenceFilter@13803a94, org.springframework.security.web.header.HeaderWriterFilter@faea4da, org.springframework.security.web.csrf.CsrfFilter@149b4d20, org.springframework.security.web.authentication.logout.LogoutFilter@525b1b70, org.springframework.security.web.authentication.UsernamePasswordAuthenticationFilter@2ce03e86, org.springframework.security.web.authentication.ui.DefaultLoginPageGeneratingFilter@322204dc, org.springframework.security.web.authentication.ui.DefaultLogoutPageGeneratingFilter@64ae105d, org.springframework.security.web.authentication.www.BasicAuthenticationFilter@47a7c93e, org.springframework.security.web.savedrequest.RequestCacheAwareFilter@45292ec1, org.springframework.security.web.servletapi.SecurityContextHolderAwareRequestFilter@4f93bf0a, org.springframework.security.web.authentication.AnonymousAuthenticationFilter@10a18e3e, org.springframework.security.web.session.SessionManagementFilter@3dce6dd8, org.springframework.security.web.access.ExceptionTranslationFilter@3292d91a, org.springframework.security.web.access.intercept.FilterSecurityInterceptor@388c519]
2023-03-17 09:07:45 [main] INFO  o.a.coyote.http11.Http11NioProtocol - Starting ProtocolHandler ["http-nio-8888"]
2023-03-17 09:07:46 [main] INFO  o.s.b.w.e.tomcat.TomcatWebServer - Tomcat started on port(s): 8888 (http) with context path ''
2023-03-17 09:07:46 [main] INFO  c.m.demo.config.server.ConfigServer - Started ConfigServer in 94.566 seconds (JVM running for 107.496)
2023-03-17 09:07:46 [http-nio-8888-exec-1] INFO  o.a.c.c.C.[Tomcat].[localhost].[/] - Initializing Spring DispatcherServlet 'dispatcherServlet'
2023-03-17 09:07:46 [http-nio-8888-exec-1] INFO  o.s.web.servlet.DispatcherServlet - Initializing Servlet 'dispatcherServlet'
2023-03-17 09:07:46 [http-nio-8888-exec-1] INFO  o.s.web.servlet.DispatcherServlet - Completed initialization in 8 ms
2023-03-17 09:08:07 [http-nio-8888-exec-3] INFO  o.s.c.c.s.e.NativeEnvironmentRepository - Adding property source: Config resource 'file [/tmp/config-repo-3225133378422719015/config-client-twitter_to_kafka.yml]' via location 'file:/tmp/config-repo-3225133378422719015/'
2023-03-17 09:08:07 [http-nio-8888-exec-3] INFO  o.s.c.c.s.e.NativeEnvironmentRepository - Adding property source: Config resource 'file [/tmp/config-repo-3225133378422719015/config-client.yml]' via location 'file:/tmp/config-repo-3225133378422719015/'
2023-03-17 09:23:13 [http-nio-8888-exec-6] INFO  o.s.c.c.s.e.MultipleJGitEnvironmentRepository - Fetched for remote master and found 1 updates
2023-03-17 09:37:13 [http-nio-8888-exec-8] INFO  o.s.c.c.s.e.NativeEnvironmentRepository - Adding property source: Config resource 'file [/tmp/config-repo-3225133378422719015/config-client-twitter_to_kafka.yml]' via location 'file:/tmp/config-repo-3225133378422719015/'
2023-03-17 09:37:13 [http-nio-8888-exec-8] INFO  o.s.c.c.s.e.NativeEnvironmentRepository - Adding property source: Config resource 'file [/tmp/config-repo-3225133378422719015/config-client.yml]' via location 'file:/tmp/config-repo-3225133378422719015/'
2023-03-17 15:08:04 [background-preinit] INFO  o.h.validator.internal.util.Version - HV000001: Hibernate Validator 6.2.0.Final
2023-03-17 15:08:05 [main] INFO  c.m.demo.config.server.ConfigServer - Starting ConfigServer v1.0-SNAPSHOT using Java 17.0.6 on 06b50d05f74b with PID 1 (/workspace/BOOT-INF/classes started by cnb in /workspace)
2023-03-17 15:08:05 [main] INFO  c.m.demo.config.server.ConfigServer - No active profile set, falling back to default profiles: default
2023-03-17 15:08:28 [main] INFO  o.s.cloud.context.scope.GenericScope - BeanFactory id=1c7df4a5-d083-3c27-82fd-64180fd3386d
2023-03-17 15:08:34 [main] INFO  o.s.b.w.e.tomcat.TomcatWebServer - Tomcat initialized with port(s): 8888 (http)
2023-03-17 15:08:34 [main] INFO  o.a.coyote.http11.Http11NioProtocol - Initializing ProtocolHandler ["http-nio-8888"]
2023-03-17 15:08:34 [main] INFO  o.a.catalina.core.StandardService - Starting service [Tomcat]
2023-03-17 15:08:34 [main] INFO  o.a.catalina.core.StandardEngine - Starting Servlet engine: [Apache Tomcat/9.0.56]
2023-03-17 15:08:35 [main] INFO  o.a.c.c.C.[Tomcat].[localhost].[/] - Initializing Spring embedded WebApplicationContext
2023-03-17 15:08:35 [main] INFO  o.s.b.w.s.c.ServletWebServerApplicationContext - Root WebApplicationContext: initialization completed in 26481 ms
2023-03-17 15:08:50 [main] INFO  o.s.s.web.DefaultSecurityFilterChain - Will secure Ant [pattern='/actuator/**'] with []
2023-03-17 15:08:50 [main] INFO  o.s.s.web.DefaultSecurityFilterChain - Will secure Ant [pattern='/encrypt/**'] with []
2023-03-17 15:08:50 [main] INFO  o.s.s.web.DefaultSecurityFilterChain - Will secure Ant [pattern='/decrypt/**'] with []
2023-03-17 15:08:51 [main] INFO  o.s.s.web.DefaultSecurityFilterChain - Will secure any request with [org.springframework.security.web.context.request.async.WebAsyncManagerIntegrationFilter@52f6900a, org.springframework.security.web.context.SecurityContextPersistenceFilter@656a3d6b, org.springframework.security.web.header.HeaderWriterFilter@1ad9b8d3, org.springframework.security.web.csrf.CsrfFilter@7da635c0, org.springframework.security.web.authentication.logout.LogoutFilter@364fd4ae, org.springframework.security.web.authentication.UsernamePasswordAuthenticationFilter@4877919f, org.springframework.security.web.authentication.ui.DefaultLoginPageGeneratingFilter@64e7d698, org.springframework.security.web.authentication.ui.DefaultLogoutPageGeneratingFilter@7bbcf6f0, org.springframework.security.web.authentication.www.BasicAuthenticationFilter@23ca36d, org.springframework.security.web.savedrequest.RequestCacheAwareFilter@778a1250, org.springframework.security.web.servletapi.SecurityContextHolderAwareRequestFilter@4d464510, org.springframework.security.web.authentication.AnonymousAuthenticationFilter@2b80e5a9, org.springframework.security.web.session.SessionManagementFilter@4f93bf0a, org.springframework.security.web.access.ExceptionTranslationFilter@3a7c678b, org.springframework.security.web.access.intercept.FilterSecurityInterceptor@594131f2]
2023-03-17 15:09:24 [main] INFO  o.a.coyote.http11.Http11NioProtocol - Starting ProtocolHandler ["http-nio-8888"]
2023-03-17 15:09:25 [main] INFO  o.s.b.w.e.tomcat.TomcatWebServer - Tomcat started on port(s): 8888 (http) with context path ''
2023-03-17 15:09:25 [main] INFO  c.m.demo.config.server.ConfigServer - Started ConfigServer in 118.926 seconds (JVM running for 143.256)
2023-03-17 15:09:32 [http-nio-8888-exec-1] INFO  o.a.c.c.C.[Tomcat].[localhost].[/] - Initializing Spring DispatcherServlet 'dispatcherServlet'
2023-03-17 15:09:32 [http-nio-8888-exec-1] INFO  o.s.web.servlet.DispatcherServlet - Initializing Servlet 'dispatcherServlet'
2023-03-17 15:09:32 [http-nio-8888-exec-1] INFO  o.s.web.servlet.DispatcherServlet - Completed initialization in 18 ms
2023-03-17 15:09:54 [http-nio-8888-exec-3] INFO  o.s.c.c.s.e.NativeEnvironmentRepository - Adding property source: Config resource 'file [/tmp/config-repo-4621939452797019408/config-client-twitter_to_kafka.yml]' via location 'file:/tmp/config-repo-4621939452797019408/'
2023-03-17 15:09:54 [http-nio-8888-exec-3] INFO  o.s.c.c.s.e.NativeEnvironmentRepository - Adding property source: Config resource 'file [/tmp/config-repo-4621939452797019408/config-client.yml]' via location 'file:/tmp/config-repo-4621939452797019408/'
2023-03-17 15:11:38 [http-nio-8888-exec-5] INFO  o.s.c.c.s.e.NativeEnvironmentRepository - Adding property source: Config resource 'file [/tmp/config-repo-4621939452797019408/config-client-kafka_to_elastic.yml]' via location 'file:/tmp/config-repo-4621939452797019408/'
2023-03-17 15:11:38 [http-nio-8888-exec-5] INFO  o.s.c.c.s.e.NativeEnvironmentRepository - Adding property source: Config resource 'file [/tmp/config-repo-4621939452797019408/config-client.yml]' via location 'file:/tmp/config-repo-4621939452797019408/'
2023-03-17 15:22:44 [http-nio-8888-exec-7] INFO  o.s.c.c.s.e.NativeEnvironmentRepository - Adding property source: Config resource 'file [/tmp/config-repo-4621939452797019408/config-client-kafka_to_elastic.yml]' via location 'file:/tmp/config-repo-4621939452797019408/'
2023-03-17 15:22:44 [http-nio-8888-exec-7] INFO  o.s.c.c.s.e.NativeEnvironmentRepository - Adding property source: Config resource 'file [/tmp/config-repo-4621939452797019408/config-client.yml]' via location 'file:/tmp/config-repo-4621939452797019408/'
2023-03-17 15:29:28 [http-nio-8888-exec-9] INFO  o.s.c.c.s.e.NativeEnvironmentRepository - Adding property source: Config resource 'file [/tmp/config-repo-4621939452797019408/config-client-kafka_to_elastic.yml]' via location 'file:/tmp/config-repo-4621939452797019408/'
2023-03-17 15:29:28 [http-nio-8888-exec-9] INFO  o.s.c.c.s.e.NativeEnvironmentRepository - Adding property source: Config resource 'file [/tmp/config-repo-4621939452797019408/config-client.yml]' via location 'file:/tmp/config-repo-4621939452797019408/'
2023-03-17 15:41:21 [http-nio-8888-exec-3] INFO  o.s.c.c.s.e.NativeEnvironmentRepository - Adding property source: Config resource 'file [/tmp/config-repo-4621939452797019408/config-client-kafka_to_elastic.yml]' via location 'file:/tmp/config-repo-4621939452797019408/'
2023-03-17 15:41:21 [http-nio-8888-exec-3] INFO  o.s.c.c.s.e.NativeEnvironmentRepository - Adding property source: Config resource 'file [/tmp/config-repo-4621939452797019408/config-client.yml]' via location 'file:/tmp/config-repo-4621939452797019408/'
2023-03-17 15:43:28 [http-nio-8888-exec-6] INFO  o.s.c.c.s.e.MultipleJGitEnvironmentRepository - Fetched for remote master and found 1 updates
2023-03-17 15:43:28 [http-nio-8888-exec-6] INFO  o.s.c.c.s.e.NativeEnvironmentRepository - Adding property source: Config resource 'file [/tmp/config-repo-4621939452797019408/config-client-kafka_to_elastic.yml]' via location 'file:/tmp/config-repo-4621939452797019408/'
2023-03-17 15:43:28 [http-nio-8888-exec-6] INFO  o.s.c.c.s.e.NativeEnvironmentRepository - Adding property source: Config resource 'file [/tmp/config-repo-4621939452797019408/config-client.yml]' via location 'file:/tmp/config-repo-4621939452797019408/'
