2023-03-21 06:46:59 [main] INFO  c.m.d.e.q.s.ElasticQueryServiceApplication - Starting ElasticQueryServiceApplication v1.0-SNAPSHOT using Java 17.0.6 on 4ac4b189d14e with PID 1158 (/workspace/BOOT-INF/classes started by root in /workspace)
2023-03-21 06:46:59 [main] INFO  c.m.d.e.q.s.ElasticQueryServiceApplication - The following 1 profile is active: "elastic_query"
2023-03-21 06:46:59 [main] INFO  o.s.c.c.c.ConfigServerConfigDataLoader - Fetching config from server at : http://config-server:8888
2023-03-21 06:46:59 [main] INFO  o.s.c.c.c.ConfigServerConfigDataLoader - Located environment: name=elastic-query-service,config-client, profiles=[elastic_query], label=null, version=406da1bfa014aa123cf7a932ec0fea15e8bda10a, state=null
2023-03-21 06:47:07 [main] INFO  o.s.d.r.c.RepositoryConfigurationDelegate - Bootstrapping Spring Data Elasticsearch repositories in DEFAULT mode.
2023-03-21 06:47:08 [main] INFO  o.s.d.r.c.RepositoryConfigurationDelegate - Finished Spring Data repository scanning in 659 ms. Found 1 Elasticsearch repository interfaces.
2023-03-21 06:47:10 [main] INFO  o.s.d.r.c.RepositoryConfigurationDelegate - Bootstrapping Spring Data Reactive Elasticsearch repositories in DEFAULT mode.
2023-03-21 06:47:10 [main] INFO  o.s.d.r.c.RepositoryConfigurationDelegate - Finished Spring Data repository scanning in 30 ms. Found 0 Reactive Elasticsearch repository interfaces.
2023-03-21 06:47:12 [main] INFO  o.s.cloud.context.scope.GenericScope - BeanFactory id=a83dd5bb-13e4-3438-a57e-6b5bd07f41be
2023-03-21 06:47:16 [main] INFO  o.s.b.w.e.tomcat.TomcatWebServer - Tomcat initialized with port(s): 8183 (http)
2023-03-21 06:47:16 [main] INFO  o.a.coyote.http11.Http11NioProtocol - Initializing ProtocolHandler ["http-nio-8183"]
2023-03-21 06:47:16 [main] INFO  o.a.catalina.core.StandardService - Starting service [Tomcat]
2023-03-21 06:47:16 [main] INFO  o.a.catalina.core.StandardEngine - Starting Servlet engine: [Apache Tomcat/9.0.68]
2023-03-21 06:47:17 [main] INFO  o.a.c.c.C.[.[.[/elastic-query-service] - Initializing Spring embedded WebApplicationContext
2023-03-21 06:47:17 [main] INFO  o.s.b.w.s.c.ServletWebServerApplicationContext - Root WebApplicationContext: initialization completed in 17258 ms
2023-03-21 06:47:26 [main] INFO  c.m.d.e.q.s.ElasticQueryServiceApplication - Starting ElasticQueryServiceApplication v1.0-SNAPSHOT using Java 17.0.6 on 8630a7f3501f with PID 1144 (/workspace/BOOT-INF/classes started by root in /workspace)
2023-03-21 06:47:26 [main] INFO  c.m.d.e.q.s.ElasticQueryServiceApplication - The following 1 profile is active: "elastic_query"
2023-03-21 06:47:27 [main] INFO  o.s.c.c.c.ConfigServerConfigDataLoader - Fetching config from server at : http://config-server:8888
2023-03-21 06:47:27 [main] INFO  o.s.c.c.c.ConfigServerConfigDataLoader - Located environment: name=elastic-query-service,config-client, profiles=[elastic_query], label=null, version=406da1bfa014aa123cf7a932ec0fea15e8bda10a, state=null
2023-03-21 06:47:28 [I/O dispatcher 1] WARN  org.elasticsearch.client.RestClient - request [GET http://elastic-1:9200/] returned 1 warnings: [299 Elasticsearch-7.17.4-79878662c54c886ae89206c685d9f1051a9d6411 "Elasticsearch built-in security features are not enabled. Without authentication, your cluster could be accessible to anyone. See https://www.elastic.co/guide/en/elasticsearch/reference/7.17/security-minimal-setup.html to enable security."]
2023-03-21 06:47:28 [main] WARN  org.elasticsearch.client.RestClient - request [HEAD http://elastic-1:9200/twitter-index] returned 1 warnings: [299 Elasticsearch-7.17.4-79878662c54c886ae89206c685d9f1051a9d6411 "Elasticsearch built-in security features are not enabled. Without authentication, your cluster could be accessible to anyone. See https://www.elastic.co/guide/en/elasticsearch/reference/7.17/security-minimal-setup.html to enable security."]
2023-03-21 06:47:28 [main] INFO  c.m.d.e.q.s.config.WebSecurityConfig - userData: UserConfigData(username=test, password=test1234, roles=[USER])
2023-03-21 06:47:33 [main] INFO  c.m.d.e.q.s.config.WebSecurityConfig - userConfigData.getUsername(): test
2023-03-21 06:47:35 [main] WARN  o.s.s.c.a.web.builders.WebSecurity - You are asking Spring Security to ignore Ant [pattern='/api-docs']. This is not recommended -- please use permitAll via HttpSecurity#authorizeHttpRequests instead.
2023-03-21 06:47:35 [main] INFO  o.s.s.web.DefaultSecurityFilterChain - Will not secure Ant [pattern='/api-docs']
2023-03-21 06:47:36 [main] INFO  o.s.s.web.DefaultSecurityFilterChain - Will secure any request with [org.springframework.security.web.session.DisableEncodeUrlFilter@7e9a836, org.springframework.security.web.context.request.async.WebAsyncManagerIntegrationFilter@124ff64d, org.springframework.security.web.context.SecurityContextPersistenceFilter@1d8dbf10, org.springframework.security.web.header.HeaderWriterFilter@1124dd79, org.springframework.security.web.authentication.logout.LogoutFilter@196d684b, org.springframework.security.web.authentication.www.BasicAuthenticationFilter@35ff072c, org.springframework.security.web.savedrequest.RequestCacheAwareFilter@4ad3969, org.springframework.security.web.servletapi.SecurityContextHolderAwareRequestFilter@54e94de9, org.springframework.security.web.authentication.AnonymousAuthenticationFilter@75aa7703, org.springframework.security.web.session.SessionManagementFilter@785d6a98, org.springframework.security.web.access.ExceptionTranslationFilter@6dde1bf5, org.springframework.security.web.access.intercept.FilterSecurityInterceptor@44a44a04]
2023-03-21 06:47:37 [main] INFO  o.s.d.r.c.RepositoryConfigurationDelegate - Bootstrapping Spring Data Elasticsearch repositories in DEFAULT mode.
2023-03-21 06:47:37 [main] INFO  o.s.d.r.c.RepositoryConfigurationDelegate - Finished Spring Data repository scanning in 544 ms. Found 1 Elasticsearch repository interfaces.
2023-03-21 06:47:41 [main] INFO  o.s.d.r.c.RepositoryConfigurationDelegate - Bootstrapping Spring Data Reactive Elasticsearch repositories in DEFAULT mode.
2023-03-21 06:47:41 [main] INFO  o.s.d.r.c.RepositoryConfigurationDelegate - Finished Spring Data repository scanning in 53 ms. Found 0 Reactive Elasticsearch repository interfaces.
2023-03-21 06:47:44 [main] INFO  o.s.cloud.context.scope.GenericScope - BeanFactory id=a83dd5bb-13e4-3438-a57e-6b5bd07f41be
2023-03-21 06:47:48 [main] INFO  o.s.b.w.e.tomcat.TomcatWebServer - Tomcat initialized with port(s): 8185 (http)
2023-03-21 06:47:48 [main] INFO  o.a.coyote.http11.Http11NioProtocol - Initializing ProtocolHandler ["http-nio-8185"]
2023-03-21 06:47:48 [main] INFO  o.a.catalina.core.StandardService - Starting service [Tomcat]
2023-03-21 06:47:48 [main] INFO  o.a.catalina.core.StandardEngine - Starting Servlet engine: [Apache Tomcat/9.0.68]
2023-03-21 06:47:50 [main] INFO  o.a.c.c.C.[.[.[/elastic-query-service] - Initializing Spring embedded WebApplicationContext
2023-03-21 06:47:50 [main] INFO  o.s.b.w.s.c.ServletWebServerApplicationContext - Root WebApplicationContext: initialization completed in 23043 ms
2023-03-21 06:47:50 [main] INFO  o.a.coyote.http11.Http11NioProtocol - Starting ProtocolHandler ["http-nio-8183"]
2023-03-21 06:47:51 [main] INFO  o.s.b.w.e.tomcat.TomcatWebServer - Tomcat started on port(s): 8183 (http) with context path '/elastic-query-service'
2023-03-21 06:47:51 [main] INFO  c.m.d.e.q.s.ElasticQueryServiceApplication - Started ElasticQueryServiceApplication in 63.926 seconds (JVM running for 68.816)
2023-03-21 06:49:09 [http-nio-8183-exec-1] INFO  o.a.c.c.C.[.[.[/elastic-query-service] - Initializing Spring DispatcherServlet 'dispatcherServlet'
2023-03-21 06:49:09 [http-nio-8183-exec-1] INFO  o.s.web.servlet.DispatcherServlet - Initializing Servlet 'dispatcherServlet'
2023-03-21 06:49:09 [http-nio-8183-exec-1] INFO  o.s.web.servlet.DispatcherServlet - Completed initialization in 56 ms
2023-03-21 06:49:10 [http-nio-8183-exec-1] INFO  c.m.d.e.q.s.b.i.TwitterElasticQueryService - Querying all documents in elasticsearch
2023-03-21 06:49:11 [http-nio-8183-exec-1] WARN  org.elasticsearch.client.RestClient - request [POST http://elastic-1:9200/twitter-index/_search?typed_keys=true&max_concurrent_shard_requests=5&search_type=query_then_fetch&batched_reduce_size=512] returned 1 warnings: [299 Elasticsearch-7.17.4-79878662c54c886ae89206c685d9f1051a9d6411 "Elasticsearch built-in security features are not enabled. Without authentication, your cluster could be accessible to anyone. See https://www.elastic.co/guide/en/elasticsearch/reference/7.17/security-minimal-setup.html to enable security."]
2023-03-21 06:49:12 [http-nio-8183-exec-1] WARN  org.elasticsearch.client.RestClient - request [POST http://elastic-1:9200/twitter-index/_search?typed_keys=true&max_concurrent_shard_requests=5&search_type=query_then_fetch&batched_reduce_size=512] returned 1 warnings: [299 Elasticsearch-7.17.4-79878662c54c886ae89206c685d9f1051a9d6411 "Elasticsearch built-in security features are not enabled. Without authentication, your cluster could be accessible to anyone. See https://www.elastic.co/guide/en/elasticsearch/reference/7.17/security-minimal-setup.html to enable security."]
2023-03-21 06:49:14 [http-nio-8183-exec-1] INFO  c.m.d.e.q.c.s.i.TwitterElasticRepositoryQueryClient - 518 number of documents retrieved successfully
2023-03-21 06:49:16 [http-nio-8183-exec-1] INFO  c.m.d.e.q.s.a.ElasticDocumentController - Elasticsearch returned 518 of documents
2023-03-21 06:53:56 [http-nio-8183-exec-4] INFO  c.m.d.e.q.s.b.i.TwitterElasticQueryService - Querying elasticsearch by text test
2023-03-21 06:53:57 [http-nio-8183-exec-4] WARN  org.elasticsearch.client.RestClient - request [POST http://elastic-1:9200/twitter-index/_search?typed_keys=true&max_concurrent_shard_requests=5&search_type=query_then_fetch&batched_reduce_size=512] returned 1 warnings: [299 Elasticsearch-7.17.4-79878662c54c886ae89206c685d9f1051a9d6411 "Elasticsearch built-in security features are not enabled. Without authentication, your cluster could be accessible to anyone. See https://www.elastic.co/guide/en/elasticsearch/reference/7.17/security-minimal-setup.html to enable security."]
2023-03-21 06:53:57 [http-nio-8183-exec-4] WARN  org.elasticsearch.client.RestClient - request [POST http://elastic-1:9200/twitter-index/_search?typed_keys=true&max_concurrent_shard_requests=5&search_type=query_then_fetch&batched_reduce_size=512] returned 1 warnings: [299 Elasticsearch-7.17.4-79878662c54c886ae89206c685d9f1051a9d6411 "Elasticsearch built-in security features are not enabled. Without authentication, your cluster could be accessible to anyone. See https://www.elastic.co/guide/en/elasticsearch/reference/7.17/security-minimal-setup.html to enable security."]
2023-03-21 06:53:57 [http-nio-8183-exec-4] INFO  c.m.d.e.q.c.s.i.TwitterElasticRepositoryQueryClient - 2 of documents with text test retrieved successfully
2023-03-21 06:53:57 [http-nio-8183-exec-4] INFO  c.m.d.e.q.s.a.ElasticDocumentController - Elasticsearch returned 2 of documents
2023-03-21 08:21:54 [main] INFO  c.m.d.e.q.s.ElasticQueryServiceApplication - Starting ElasticQueryServiceApplication v1.0-SNAPSHOT using Java 17.0.6 on 62e5c0a977ed with PID 1146 (/workspace/BOOT-INF/classes started by root in /workspace)
2023-03-21 08:21:54 [main] INFO  c.m.d.e.q.s.ElasticQueryServiceApplication - The following 1 profile is active: "elastic_query"
2023-03-21 08:21:55 [main] INFO  o.s.c.c.c.ConfigServerConfigDataLoader - Fetching config from server at : http://config-server:8888
2023-03-21 08:21:55 [main] INFO  o.s.c.c.c.ConfigServerConfigDataLoader - Located environment: name=elastic-query-service,config-client, profiles=[elastic_query], label=null, version=406da1bfa014aa123cf7a932ec0fea15e8bda10a, state=null
2023-03-21 08:22:00 [main] INFO  o.s.d.r.c.RepositoryConfigurationDelegate - Bootstrapping Spring Data Elasticsearch repositories in DEFAULT mode.
2023-03-21 08:22:01 [main] INFO  o.s.d.r.c.RepositoryConfigurationDelegate - Finished Spring Data repository scanning in 1429 ms. Found 1 Elasticsearch repository interfaces.
2023-03-21 08:22:04 [main] INFO  c.m.d.e.q.s.ElasticQueryServiceApplication - Starting ElasticQueryServiceApplication v1.0-SNAPSHOT using Java 17.0.6 on 4aec1564b053 with PID 1144 (/workspace/BOOT-INF/classes started by root in /workspace)
2023-03-21 08:22:04 [main] INFO  c.m.d.e.q.s.ElasticQueryServiceApplication - The following 1 profile is active: "elastic_query"
2023-03-21 08:22:04 [main] INFO  o.s.d.r.c.RepositoryConfigurationDelegate - Bootstrapping Spring Data Reactive Elasticsearch repositories in DEFAULT mode.
2023-03-21 08:22:04 [main] INFO  o.s.d.r.c.RepositoryConfigurationDelegate - Finished Spring Data repository scanning in 28 ms. Found 0 Reactive Elasticsearch repository interfaces.
2023-03-21 08:22:05 [main] INFO  o.s.c.c.c.ConfigServerConfigDataLoader - Fetching config from server at : http://config-server:8888
2023-03-21 08:22:05 [main] INFO  o.s.c.c.c.ConfigServerConfigDataLoader - Located environment: name=elastic-query-service,config-client, profiles=[elastic_query], label=null, version=406da1bfa014aa123cf7a932ec0fea15e8bda10a, state=null
2023-03-21 08:22:06 [main] INFO  o.s.cloud.context.scope.GenericScope - BeanFactory id=a83dd5bb-13e4-3438-a57e-6b5bd07f41be
2023-03-21 08:22:09 [main] INFO  o.s.b.w.e.tomcat.TomcatWebServer - Tomcat initialized with port(s): 8185 (http)
2023-03-21 08:22:09 [main] INFO  o.a.coyote.http11.Http11NioProtocol - Initializing ProtocolHandler ["http-nio-8185"]
2023-03-21 08:22:09 [main] INFO  o.a.catalina.core.StandardService - Starting service [Tomcat]
2023-03-21 08:22:09 [main] INFO  o.a.catalina.core.StandardEngine - Starting Servlet engine: [Apache Tomcat/9.0.68]
2023-03-21 08:22:10 [main] INFO  o.a.c.c.C.[.[.[/elastic-query-service] - Initializing Spring embedded WebApplicationContext
2023-03-21 08:22:10 [main] INFO  o.s.b.w.s.c.ServletWebServerApplicationContext - Root WebApplicationContext: initialization completed in 14879 ms
2023-03-21 08:22:11 [main] INFO  o.s.d.r.c.RepositoryConfigurationDelegate - Bootstrapping Spring Data Elasticsearch repositories in DEFAULT mode.
2023-03-21 08:22:12 [main] INFO  o.s.d.r.c.RepositoryConfigurationDelegate - Finished Spring Data repository scanning in 414 ms. Found 1 Elasticsearch repository interfaces.
2023-03-21 08:22:14 [main] INFO  o.s.d.r.c.RepositoryConfigurationDelegate - Bootstrapping Spring Data Reactive Elasticsearch repositories in DEFAULT mode.
2023-03-21 08:22:14 [main] INFO  o.s.d.r.c.RepositoryConfigurationDelegate - Finished Spring Data repository scanning in 42 ms. Found 0 Reactive Elasticsearch repository interfaces.
2023-03-21 08:22:16 [main] INFO  o.s.cloud.context.scope.GenericScope - BeanFactory id=a83dd5bb-13e4-3438-a57e-6b5bd07f41be
2023-03-21 08:22:18 [I/O dispatcher 1] WARN  org.elasticsearch.client.RestClient - request [GET http://elastic-1:9200/] returned 1 warnings: [299 Elasticsearch-7.17.4-79878662c54c886ae89206c685d9f1051a9d6411 "Elasticsearch built-in security features are not enabled. Without authentication, your cluster could be accessible to anyone. See https://www.elastic.co/guide/en/elasticsearch/reference/7.17/security-minimal-setup.html to enable security."]
2023-03-21 08:22:18 [main] WARN  org.elasticsearch.client.RestClient - request [HEAD http://elastic-1:9200/twitter-index] returned 1 warnings: [299 Elasticsearch-7.17.4-79878662c54c886ae89206c685d9f1051a9d6411 "Elasticsearch built-in security features are not enabled. Without authentication, your cluster could be accessible to anyone. See https://www.elastic.co/guide/en/elasticsearch/reference/7.17/security-minimal-setup.html to enable security."]
2023-03-21 08:22:19 [main] INFO  o.s.b.w.e.tomcat.TomcatWebServer - Tomcat initialized with port(s): 8186 (http)
2023-03-21 08:22:19 [main] INFO  o.a.coyote.http11.Http11NioProtocol - Initializing ProtocolHandler ["http-nio-8186"]
2023-03-21 08:22:19 [main] INFO  c.m.d.e.q.s.config.WebSecurityConfig - userData: UserConfigData(username=test, password=test1234, roles=[USER])
2023-03-21 08:22:19 [main] INFO  o.a.catalina.core.StandardService - Starting service [Tomcat]
2023-03-21 08:22:19 [main] INFO  o.a.catalina.core.StandardEngine - Starting Servlet engine: [Apache Tomcat/9.0.68]
2023-03-21 08:22:19 [main] INFO  o.a.c.c.C.[.[.[/elastic-query-service] - Initializing Spring embedded WebApplicationContext
2023-03-21 08:22:19 [main] INFO  o.s.b.w.s.c.ServletWebServerApplicationContext - Root WebApplicationContext: initialization completed in 14392 ms
2023-03-21 08:22:22 [main] INFO  c.m.d.e.q.s.config.WebSecurityConfig - userConfigData.getUsername(): test
2023-03-21 08:22:23 [main] WARN  o.s.s.c.a.web.builders.WebSecurity - You are asking Spring Security to ignore Ant [pattern='/api-docs']. This is not recommended -- please use permitAll via HttpSecurity#authorizeHttpRequests instead.
2023-03-21 08:22:23 [main] INFO  o.s.s.web.DefaultSecurityFilterChain - Will not secure Ant [pattern='/api-docs']
2023-03-21 08:22:23 [main] INFO  o.s.s.web.DefaultSecurityFilterChain - Will secure any request with [org.springframework.security.web.session.DisableEncodeUrlFilter@6de5ad56, org.springframework.security.web.context.request.async.WebAsyncManagerIntegrationFilter@3155f190, org.springframework.security.web.context.SecurityContextPersistenceFilter@7a274521, org.springframework.security.web.header.HeaderWriterFilter@4ac7856f, org.springframework.security.web.authentication.logout.LogoutFilter@3245efdb, org.springframework.security.web.authentication.www.BasicAuthenticationFilter@3c3cd7a5, org.springframework.security.web.savedrequest.RequestCacheAwareFilter@35841d6, org.springframework.security.web.servletapi.SecurityContextHolderAwareRequestFilter@785d6a98, org.springframework.security.web.authentication.AnonymousAuthenticationFilter@cfb94fd, org.springframework.security.web.session.SessionManagementFilter@1ea96ff2, org.springframework.security.web.access.ExceptionTranslationFilter@7793b55d, org.springframework.security.web.access.intercept.FilterSecurityInterceptor@24ac6fef]
2023-03-21 08:22:29 [I/O dispatcher 1] WARN  org.elasticsearch.client.RestClient - request [GET http://elastic-1:9200/] returned 1 warnings: [299 Elasticsearch-7.17.4-79878662c54c886ae89206c685d9f1051a9d6411 "Elasticsearch built-in security features are not enabled. Without authentication, your cluster could be accessible to anyone. See https://www.elastic.co/guide/en/elasticsearch/reference/7.17/security-minimal-setup.html to enable security."]
2023-03-21 08:22:29 [main] WARN  org.elasticsearch.client.RestClient - request [HEAD http://elastic-1:9200/twitter-index] returned 1 warnings: [299 Elasticsearch-7.17.4-79878662c54c886ae89206c685d9f1051a9d6411 "Elasticsearch built-in security features are not enabled. Without authentication, your cluster could be accessible to anyone. See https://www.elastic.co/guide/en/elasticsearch/reference/7.17/security-minimal-setup.html to enable security."]
2023-03-21 08:22:30 [main] INFO  c.m.d.e.q.s.config.WebSecurityConfig - userData: UserConfigData(username=test, password=test1234, roles=[USER])
2023-03-21 08:22:33 [main] INFO  o.a.coyote.http11.Http11NioProtocol - Starting ProtocolHandler ["http-nio-8185"]
2023-03-21 08:22:33 [main] INFO  o.s.b.w.e.tomcat.TomcatWebServer - Tomcat started on port(s): 8185 (http) with context path '/elastic-query-service'
2023-03-21 08:22:33 [main] INFO  c.m.d.e.q.s.ElasticQueryServiceApplication - Started ElasticQueryServiceApplication in 52.139 seconds (JVM running for 57.659)
2023-03-21 08:22:33 [main] INFO  c.m.d.e.q.s.config.WebSecurityConfig - userConfigData.getUsername(): test
2023-03-21 08:22:34 [main] WARN  o.s.s.c.a.web.builders.WebSecurity - You are asking Spring Security to ignore Ant [pattern='/api-docs']. This is not recommended -- please use permitAll via HttpSecurity#authorizeHttpRequests instead.
2023-03-21 08:22:34 [main] INFO  o.s.s.web.DefaultSecurityFilterChain - Will not secure Ant [pattern='/api-docs']
2023-03-21 08:22:35 [main] INFO  o.s.s.web.DefaultSecurityFilterChain - Will secure any request with [org.springframework.security.web.session.DisableEncodeUrlFilter@cfb94fd, org.springframework.security.web.context.request.async.WebAsyncManagerIntegrationFilter@4ebd8d2, org.springframework.security.web.context.SecurityContextPersistenceFilter@35841d6, org.springframework.security.web.header.HeaderWriterFilter@297c3a43, org.springframework.security.web.authentication.logout.LogoutFilter@24d7657b, org.springframework.security.web.authentication.www.BasicAuthenticationFilter@6eb5b9e7, org.springframework.security.web.savedrequest.RequestCacheAwareFilter@1e50eb3f, org.springframework.security.web.servletapi.SecurityContextHolderAwareRequestFilter@6c06b1bc, org.springframework.security.web.authentication.AnonymousAuthenticationFilter@44a44a04, org.springframework.security.web.session.SessionManagementFilter@57515944, org.springframework.security.web.access.ExceptionTranslationFilter@4ac7856f, org.springframework.security.web.access.intercept.FilterSecurityInterceptor@227b9277]
2023-03-21 08:22:42 [main] INFO  o.a.coyote.http11.Http11NioProtocol - Starting ProtocolHandler ["http-nio-8186"]
2023-03-21 08:22:42 [main] INFO  o.s.b.w.e.tomcat.TomcatWebServer - Tomcat started on port(s): 8186 (http) with context path '/elastic-query-service'
2023-03-21 08:22:42 [main] INFO  c.m.d.e.q.s.ElasticQueryServiceApplication - Started ElasticQueryServiceApplication in 51.648 seconds (JVM running for 57.627)
2023-03-21 08:23:00 [http-nio-8185-exec-1] INFO  o.a.c.c.C.[.[.[/elastic-query-service] - Initializing Spring DispatcherServlet 'dispatcherServlet'
2023-03-21 08:23:00 [http-nio-8185-exec-1] INFO  o.s.web.servlet.DispatcherServlet - Initializing Servlet 'dispatcherServlet'
2023-03-21 08:23:00 [http-nio-8185-exec-1] INFO  o.s.web.servlet.DispatcherServlet - Completed initialization in 33 ms
2023-03-21 08:23:09 [http-nio-8185-exec-3] INFO  c.m.d.e.q.s.b.i.TwitterElasticQueryService - Querying elasticsearch by text adipiscing
2023-03-21 08:23:10 [http-nio-8185-exec-3] WARN  org.elasticsearch.client.RestClient - request [POST http://elastic-1:9200/twitter-index/_search?typed_keys=true&max_concurrent_shard_requests=5&search_type=query_then_fetch&batched_reduce_size=512] returned 1 warnings: [299 Elasticsearch-7.17.4-79878662c54c886ae89206c685d9f1051a9d6411 "Elasticsearch built-in security features are not enabled. Without authentication, your cluster could be accessible to anyone. See https://www.elastic.co/guide/en/elasticsearch/reference/7.17/security-minimal-setup.html to enable security."]
2023-03-21 08:23:10 [http-nio-8185-exec-3] WARN  org.elasticsearch.client.RestClient - request [POST http://elastic-1:9200/twitter-index/_search?typed_keys=true&max_concurrent_shard_requests=5&search_type=query_then_fetch&batched_reduce_size=512] returned 1 warnings: [299 Elasticsearch-7.17.4-79878662c54c886ae89206c685d9f1051a9d6411 "Elasticsearch built-in security features are not enabled. Without authentication, your cluster could be accessible to anyone. See https://www.elastic.co/guide/en/elasticsearch/reference/7.17/security-minimal-setup.html to enable security."]
2023-03-21 08:23:11 [http-nio-8185-exec-3] INFO  c.m.d.e.q.c.s.i.TwitterElasticRepositoryQueryClient - 196 of documents with text adipiscing retrieved successfully
2023-03-21 08:23:12 [http-nio-8185-exec-3] INFO  c.m.d.e.q.s.a.ElasticDocumentController - Elasticsearch returned 196 of documents
2023-03-21 08:23:17 [http-nio-8186-exec-2] INFO  o.a.c.c.C.[.[.[/elastic-query-service] - Initializing Spring DispatcherServlet 'dispatcherServlet'
2023-03-21 08:23:17 [http-nio-8186-exec-2] INFO  o.s.web.servlet.DispatcherServlet - Initializing Servlet 'dispatcherServlet'
2023-03-21 08:23:17 [http-nio-8186-exec-2] INFO  o.s.web.servlet.DispatcherServlet - Completed initialization in 12 ms
2023-03-21 08:23:18 [http-nio-8186-exec-2] INFO  c.m.d.e.q.s.b.i.TwitterElasticQueryService - Querying elasticsearch by text adipiscing
2023-03-21 08:23:19 [http-nio-8186-exec-2] WARN  org.elasticsearch.client.RestClient - request [POST http://elastic-1:9200/twitter-index/_search?typed_keys=true&max_concurrent_shard_requests=5&search_type=query_then_fetch&batched_reduce_size=512] returned 1 warnings: [299 Elasticsearch-7.17.4-79878662c54c886ae89206c685d9f1051a9d6411 "Elasticsearch built-in security features are not enabled. Without authentication, your cluster could be accessible to anyone. See https://www.elastic.co/guide/en/elasticsearch/reference/7.17/security-minimal-setup.html to enable security."]
2023-03-21 08:23:19 [http-nio-8186-exec-2] WARN  org.elasticsearch.client.RestClient - request [POST http://elastic-1:9200/twitter-index/_search?typed_keys=true&max_concurrent_shard_requests=5&search_type=query_then_fetch&batched_reduce_size=512] returned 1 warnings: [299 Elasticsearch-7.17.4-79878662c54c886ae89206c685d9f1051a9d6411 "Elasticsearch built-in security features are not enabled. Without authentication, your cluster could be accessible to anyone. See https://www.elastic.co/guide/en/elasticsearch/reference/7.17/security-minimal-setup.html to enable security."]
2023-03-21 08:23:20 [http-nio-8186-exec-2] INFO  c.m.d.e.q.c.s.i.TwitterElasticRepositoryQueryClient - 196 of documents with text adipiscing retrieved successfully
2023-03-21 08:23:21 [http-nio-8186-exec-2] INFO  c.m.d.e.q.s.a.ElasticDocumentController - Elasticsearch returned 196 of documents
2023-03-21 08:42:32 [main] INFO  c.m.d.e.q.s.ElasticQueryServiceApplication - Starting ElasticQueryServiceApplication v1.0-SNAPSHOT using Java 17.0.6 on fd3d7fe07ac2 with PID 1159 (/workspace/BOOT-INF/classes started by root in /workspace)
2023-03-21 08:42:32 [main] INFO  c.m.d.e.q.s.ElasticQueryServiceApplication - The following 1 profile is active: "elastic_query"
2023-03-21 08:42:33 [main] INFO  o.s.c.c.c.ConfigServerConfigDataLoader - Fetching config from server at : http://config-server:8888
2023-03-21 08:42:33 [main] INFO  o.s.c.c.c.ConfigServerConfigDataLoader - Located environment: name=elastic-query-service,config-client, profiles=[elastic_query], label=null, version=1e1cc9de21c9c50350b56a4ad027f4ce556fec84, state=null
2023-03-21 08:42:34 [main] INFO  c.m.d.e.q.s.ElasticQueryServiceApplication - Starting ElasticQueryServiceApplication v1.0-SNAPSHOT using Java 17.0.6 on 141b33ca4880 with PID 1166 (/workspace/BOOT-INF/classes started by root in /workspace)
2023-03-21 08:42:34 [main] INFO  c.m.d.e.q.s.ElasticQueryServiceApplication - The following 1 profile is active: "elastic_query"
2023-03-21 08:42:35 [main] INFO  o.s.c.c.c.ConfigServerConfigDataLoader - Fetching config from server at : http://config-server:8888
2023-03-21 08:42:35 [main] INFO  o.s.c.c.c.ConfigServerConfigDataLoader - Located environment: name=elastic-query-service,config-client, profiles=[elastic_query], label=null, version=1e1cc9de21c9c50350b56a4ad027f4ce556fec84, state=null
2023-03-21 08:42:39 [main] INFO  o.s.d.r.c.RepositoryConfigurationDelegate - Bootstrapping Spring Data Elasticsearch repositories in DEFAULT mode.
2023-03-21 08:42:40 [main] INFO  o.s.d.r.c.RepositoryConfigurationDelegate - Finished Spring Data repository scanning in 456 ms. Found 1 Elasticsearch repository interfaces.
2023-03-21 08:42:41 [main] INFO  o.s.d.r.c.RepositoryConfigurationDelegate - Bootstrapping Spring Data Elasticsearch repositories in DEFAULT mode.
2023-03-21 08:42:42 [main] INFO  o.s.d.r.c.RepositoryConfigurationDelegate - Bootstrapping Spring Data Reactive Elasticsearch repositories in DEFAULT mode.
2023-03-21 08:42:42 [main] INFO  o.s.d.r.c.RepositoryConfigurationDelegate - Finished Spring Data repository scanning in 30 ms. Found 0 Reactive Elasticsearch repository interfaces.
2023-03-21 08:42:42 [main] INFO  o.s.d.r.c.RepositoryConfigurationDelegate - Finished Spring Data repository scanning in 531 ms. Found 1 Elasticsearch repository interfaces.
2023-03-21 08:42:44 [main] INFO  o.s.cloud.context.scope.GenericScope - BeanFactory id=a83dd5bb-13e4-3438-a57e-6b5bd07f41be
2023-03-21 08:42:44 [main] INFO  o.s.d.r.c.RepositoryConfigurationDelegate - Bootstrapping Spring Data Reactive Elasticsearch repositories in DEFAULT mode.
2023-03-21 08:42:44 [main] INFO  o.s.d.r.c.RepositoryConfigurationDelegate - Finished Spring Data repository scanning in 25 ms. Found 0 Reactive Elasticsearch repository interfaces.
2023-03-21 08:42:47 [main] INFO  o.s.cloud.context.scope.GenericScope - BeanFactory id=a83dd5bb-13e4-3438-a57e-6b5bd07f41be
2023-03-21 08:42:47 [main] INFO  o.s.b.w.e.tomcat.TomcatWebServer - Tomcat initialized with port(s): 8186 (http)
2023-03-21 08:42:47 [main] INFO  o.a.coyote.http11.Http11NioProtocol - Initializing ProtocolHandler ["http-nio-8186"]
2023-03-21 08:42:47 [main] INFO  o.a.catalina.core.StandardService - Starting service [Tomcat]
2023-03-21 08:42:47 [main] INFO  o.a.catalina.core.StandardEngine - Starting Servlet engine: [Apache Tomcat/9.0.68]
2023-03-21 08:42:48 [main] INFO  o.a.c.c.C.[.[.[/elastic-query-service] - Initializing Spring embedded WebApplicationContext
2023-03-21 08:42:48 [main] INFO  o.s.b.w.s.c.ServletWebServerApplicationContext - Root WebApplicationContext: initialization completed in 14978 ms
2023-03-21 08:42:50 [main] INFO  o.s.b.w.e.tomcat.TomcatWebServer - Tomcat initialized with port(s): 8185 (http)
2023-03-21 08:42:50 [main] INFO  o.a.coyote.http11.Http11NioProtocol - Initializing ProtocolHandler ["http-nio-8185"]
2023-03-21 08:42:50 [main] INFO  o.a.catalina.core.StandardService - Starting service [Tomcat]
2023-03-21 08:42:50 [main] INFO  o.a.catalina.core.StandardEngine - Starting Servlet engine: [Apache Tomcat/9.0.68]
2023-03-21 08:42:50 [main] INFO  o.a.c.c.C.[.[.[/elastic-query-service] - Initializing Spring embedded WebApplicationContext
2023-03-21 08:42:50 [main] INFO  o.s.b.w.s.c.ServletWebServerApplicationContext - Root WebApplicationContext: initialization completed in 15284 ms
2023-03-21 08:42:56 [I/O dispatcher 1] WARN  org.elasticsearch.client.RestClient - request [GET http://elastic-1:9200/] returned 1 warnings: [299 Elasticsearch-7.17.4-79878662c54c886ae89206c685d9f1051a9d6411 "Elasticsearch built-in security features are not enabled. Without authentication, your cluster could be accessible to anyone. See https://www.elastic.co/guide/en/elasticsearch/reference/7.17/security-minimal-setup.html to enable security."]
2023-03-21 08:42:56 [main] WARN  org.elasticsearch.client.RestClient - request [HEAD http://elastic-1:9200/twitter-index] returned 1 warnings: [299 Elasticsearch-7.17.4-79878662c54c886ae89206c685d9f1051a9d6411 "Elasticsearch built-in security features are not enabled. Without authentication, your cluster could be accessible to anyone. See https://www.elastic.co/guide/en/elasticsearch/reference/7.17/security-minimal-setup.html to enable security."]
2023-03-21 08:42:56 [main] INFO  c.m.d.e.q.s.config.WebSecurityConfig - userData: UserConfigData(username=test, password=test1234, roles=[USER])
2023-03-21 08:42:59 [main] INFO  c.m.d.e.q.s.config.WebSecurityConfig - userConfigData.getUsername(): test
2023-03-21 08:42:59 [I/O dispatcher 1] WARN  org.elasticsearch.client.RestClient - request [GET http://elastic-1:9200/] returned 1 warnings: [299 Elasticsearch-7.17.4-79878662c54c886ae89206c685d9f1051a9d6411 "Elasticsearch built-in security features are not enabled. Without authentication, your cluster could be accessible to anyone. See https://www.elastic.co/guide/en/elasticsearch/reference/7.17/security-minimal-setup.html to enable security."]
2023-03-21 08:42:59 [main] WARN  org.elasticsearch.client.RestClient - request [HEAD http://elastic-1:9200/twitter-index] returned 1 warnings: [299 Elasticsearch-7.17.4-79878662c54c886ae89206c685d9f1051a9d6411 "Elasticsearch built-in security features are not enabled. Without authentication, your cluster could be accessible to anyone. See https://www.elastic.co/guide/en/elasticsearch/reference/7.17/security-minimal-setup.html to enable security."]
2023-03-21 08:43:00 [main] INFO  c.m.d.e.q.s.config.WebSecurityConfig - userData: UserConfigData(username=test, password=test1234, roles=[USER])
2023-03-21 08:43:00 [main] WARN  o.s.s.c.a.web.builders.WebSecurity - You are asking Spring Security to ignore Ant [pattern='/api-docs']. This is not recommended -- please use permitAll via HttpSecurity#authorizeHttpRequests instead.
2023-03-21 08:43:00 [main] INFO  o.s.s.web.DefaultSecurityFilterChain - Will not secure Ant [pattern='/api-docs']
2023-03-21 08:43:01 [main] INFO  o.s.s.web.DefaultSecurityFilterChain - Will secure any request with [org.springframework.security.web.session.DisableEncodeUrlFilter@13f36d75, org.springframework.security.web.context.request.async.WebAsyncManagerIntegrationFilter@6de5ad56, org.springframework.security.web.context.SecurityContextPersistenceFilter@57515944, org.springframework.security.web.header.HeaderWriterFilter@2ac9e53c, org.springframework.security.web.authentication.logout.LogoutFilter@7157413e, org.springframework.security.web.authentication.www.BasicAuthenticationFilter@13714753, org.springframework.security.web.savedrequest.RequestCacheAwareFilter@2fa47368, org.springframework.security.web.servletapi.SecurityContextHolderAwareRequestFilter@537451d5, org.springframework.security.web.authentication.AnonymousAuthenticationFilter@3155f190, org.springframework.security.web.session.SessionManagementFilter@335cdd2, org.springframework.security.web.access.ExceptionTranslationFilter@4ab86b2a, org.springframework.security.web.access.intercept.FilterSecurityInterceptor@5e360c3b]
2023-03-21 08:43:03 [main] INFO  c.m.d.e.q.s.config.WebSecurityConfig - userConfigData.getUsername(): test
2023-03-21 08:43:05 [main] WARN  o.s.s.c.a.web.builders.WebSecurity - You are asking Spring Security to ignore Ant [pattern='/api-docs']. This is not recommended -- please use permitAll via HttpSecurity#authorizeHttpRequests instead.
2023-03-21 08:43:05 [main] INFO  o.s.s.web.DefaultSecurityFilterChain - Will not secure Ant [pattern='/api-docs']
2023-03-21 08:43:05 [main] INFO  o.s.s.web.DefaultSecurityFilterChain - Will secure any request with [org.springframework.security.web.session.DisableEncodeUrlFilter@6de5ad56, org.springframework.security.web.context.request.async.WebAsyncManagerIntegrationFilter@3155f190, org.springframework.security.web.context.SecurityContextPersistenceFilter@7a274521, org.springframework.security.web.header.HeaderWriterFilter@4ac7856f, org.springframework.security.web.authentication.logout.LogoutFilter@3245efdb, org.springframework.security.web.authentication.www.BasicAuthenticationFilter@3c3cd7a5, org.springframework.security.web.savedrequest.RequestCacheAwareFilter@35841d6, org.springframework.security.web.servletapi.SecurityContextHolderAwareRequestFilter@785d6a98, org.springframework.security.web.authentication.AnonymousAuthenticationFilter@cfb94fd, org.springframework.security.web.session.SessionManagementFilter@1ea96ff2, org.springframework.security.web.access.ExceptionTranslationFilter@7793b55d, org.springframework.security.web.access.intercept.FilterSecurityInterceptor@24ac6fef]
2023-03-21 08:43:13 [main] INFO  o.a.coyote.http11.Http11NioProtocol - Starting ProtocolHandler ["http-nio-8186"]
2023-03-21 08:43:13 [main] INFO  o.s.b.w.e.tomcat.TomcatWebServer - Tomcat started on port(s): 8186 (http) with context path '/elastic-query-service'
2023-03-21 08:43:13 [main] INFO  c.m.d.e.q.s.ElasticQueryServiceApplication - Started ElasticQueryServiceApplication in 56.563 seconds (JVM running for 62.558)
2023-03-21 08:43:16 [main] INFO  o.a.coyote.http11.Http11NioProtocol - Starting ProtocolHandler ["http-nio-8185"]
2023-03-21 08:43:16 [main] INFO  o.s.b.w.e.tomcat.TomcatWebServer - Tomcat started on port(s): 8185 (http) with context path '/elastic-query-service'
2023-03-21 08:43:16 [main] INFO  c.m.d.e.q.s.ElasticQueryServiceApplication - Started ElasticQueryServiceApplication in 57.691 seconds (JVM running for 64.297)
2023-03-21 08:43:40 [http-nio-8186-exec-1] INFO  o.a.c.c.C.[.[.[/elastic-query-service] - Initializing Spring DispatcherServlet 'dispatcherServlet'
2023-03-21 08:43:40 [http-nio-8186-exec-1] INFO  o.s.web.servlet.DispatcherServlet - Initializing Servlet 'dispatcherServlet'
2023-03-21 08:43:40 [http-nio-8186-exec-1] INFO  o.s.web.servlet.DispatcherServlet - Completed initialization in 19 ms
2023-03-21 08:43:42 [http-nio-8186-exec-1] INFO  c.m.d.e.q.s.b.i.TwitterElasticQueryService - Querying elasticsearch by text adipiscing
2023-03-21 08:43:43 [http-nio-8186-exec-1] WARN  org.elasticsearch.client.RestClient - request [POST http://elastic-1:9200/twitter-index/_search?typed_keys=true&max_concurrent_shard_requests=5&search_type=query_then_fetch&batched_reduce_size=512] returned 1 warnings: [299 Elasticsearch-7.17.4-79878662c54c886ae89206c685d9f1051a9d6411 "Elasticsearch built-in security features are not enabled. Without authentication, your cluster could be accessible to anyone. See https://www.elastic.co/guide/en/elasticsearch/reference/7.17/security-minimal-setup.html to enable security."]
2023-03-21 08:43:43 [http-nio-8186-exec-1] WARN  org.elasticsearch.client.RestClient - request [POST http://elastic-1:9200/twitter-index/_search?typed_keys=true&max_concurrent_shard_requests=5&search_type=query_then_fetch&batched_reduce_size=512] returned 1 warnings: [299 Elasticsearch-7.17.4-79878662c54c886ae89206c685d9f1051a9d6411 "Elasticsearch built-in security features are not enabled. Without authentication, your cluster could be accessible to anyone. See https://www.elastic.co/guide/en/elasticsearch/reference/7.17/security-minimal-setup.html to enable security."]
2023-03-21 08:43:44 [http-nio-8186-exec-1] INFO  c.m.d.e.q.c.s.i.TwitterElasticRepositoryQueryClient - 196 of documents with text adipiscing retrieved successfully
2023-03-21 08:43:45 [http-nio-8186-exec-1] INFO  c.m.d.e.q.s.a.ElasticDocumentController - Elasticsearch returned 196 of documents
2023-03-21 08:43:50 [http-nio-8185-exec-4] INFO  o.a.c.c.C.[.[.[/elastic-query-service] - Initializing Spring DispatcherServlet 'dispatcherServlet'
2023-03-21 08:43:50 [http-nio-8185-exec-4] INFO  o.s.web.servlet.DispatcherServlet - Initializing Servlet 'dispatcherServlet'
2023-03-21 08:43:50 [http-nio-8185-exec-4] INFO  o.s.web.servlet.DispatcherServlet - Completed initialization in 22 ms
2023-03-21 08:43:51 [http-nio-8185-exec-4] INFO  c.m.d.e.q.s.b.i.TwitterElasticQueryService - Querying elasticsearch by text adipiscing
2023-03-21 08:43:52 [http-nio-8185-exec-4] WARN  org.elasticsearch.client.RestClient - request [POST http://elastic-1:9200/twitter-index/_search?typed_keys=true&max_concurrent_shard_requests=5&search_type=query_then_fetch&batched_reduce_size=512] returned 1 warnings: [299 Elasticsearch-7.17.4-79878662c54c886ae89206c685d9f1051a9d6411 "Elasticsearch built-in security features are not enabled. Without authentication, your cluster could be accessible to anyone. See https://www.elastic.co/guide/en/elasticsearch/reference/7.17/security-minimal-setup.html to enable security."]
2023-03-21 08:43:52 [http-nio-8185-exec-4] WARN  org.elasticsearch.client.RestClient - request [POST http://elastic-1:9200/twitter-index/_search?typed_keys=true&max_concurrent_shard_requests=5&search_type=query_then_fetch&batched_reduce_size=512] returned 1 warnings: [299 Elasticsearch-7.17.4-79878662c54c886ae89206c685d9f1051a9d6411 "Elasticsearch built-in security features are not enabled. Without authentication, your cluster could be accessible to anyone. See https://www.elastic.co/guide/en/elasticsearch/reference/7.17/security-minimal-setup.html to enable security."]
2023-03-21 08:43:53 [http-nio-8185-exec-4] INFO  c.m.d.e.q.c.s.i.TwitterElasticRepositoryQueryClient - 196 of documents with text adipiscing retrieved successfully
2023-03-21 08:43:54 [http-nio-8185-exec-4] INFO  c.m.d.e.q.s.a.ElasticDocumentController - Elasticsearch returned 196 of documents
2023-03-21 08:44:41 [http-nio-8185-exec-6] INFO  c.m.d.e.q.s.b.i.TwitterElasticQueryService - Querying elasticsearch by text test
2023-03-21 08:44:41 [http-nio-8185-exec-6] WARN  org.elasticsearch.client.RestClient - request [POST http://elastic-1:9200/twitter-index/_search?typed_keys=true&max_concurrent_shard_requests=5&search_type=query_then_fetch&batched_reduce_size=512] returned 1 warnings: [299 Elasticsearch-7.17.4-79878662c54c886ae89206c685d9f1051a9d6411 "Elasticsearch built-in security features are not enabled. Without authentication, your cluster could be accessible to anyone. See https://www.elastic.co/guide/en/elasticsearch/reference/7.17/security-minimal-setup.html to enable security."]
2023-03-21 08:44:41 [http-nio-8185-exec-6] WARN  org.elasticsearch.client.RestClient - request [POST http://elastic-1:9200/twitter-index/_search?typed_keys=true&max_concurrent_shard_requests=5&search_type=query_then_fetch&batched_reduce_size=512] returned 1 warnings: [299 Elasticsearch-7.17.4-79878662c54c886ae89206c685d9f1051a9d6411 "Elasticsearch built-in security features are not enabled. Without authentication, your cluster could be accessible to anyone. See https://www.elastic.co/guide/en/elasticsearch/reference/7.17/security-minimal-setup.html to enable security."]
2023-03-21 08:44:41 [http-nio-8185-exec-6] INFO  c.m.d.e.q.c.s.i.TwitterElasticRepositoryQueryClient - 2 of documents with text test retrieved successfully
2023-03-21 08:44:41 [http-nio-8185-exec-6] INFO  c.m.d.e.q.s.a.ElasticDocumentController - Elasticsearch returned 2 of documents
2023-03-21 08:44:46 [http-nio-8186-exec-4] INFO  c.m.d.e.q.s.b.i.TwitterElasticQueryService - Querying elasticsearch by text test
2023-03-21 08:44:46 [http-nio-8186-exec-4] WARN  org.elasticsearch.client.RestClient - request [POST http://elastic-1:9200/twitter-index/_search?typed_keys=true&max_concurrent_shard_requests=5&search_type=query_then_fetch&batched_reduce_size=512] returned 1 warnings: [299 Elasticsearch-7.17.4-79878662c54c886ae89206c685d9f1051a9d6411 "Elasticsearch built-in security features are not enabled. Without authentication, your cluster could be accessible to anyone. See https://www.elastic.co/guide/en/elasticsearch/reference/7.17/security-minimal-setup.html to enable security."]
2023-03-21 08:44:46 [http-nio-8186-exec-4] WARN  org.elasticsearch.client.RestClient - request [POST http://elastic-1:9200/twitter-index/_search?typed_keys=true&max_concurrent_shard_requests=5&search_type=query_then_fetch&batched_reduce_size=512] returned 1 warnings: [299 Elasticsearch-7.17.4-79878662c54c886ae89206c685d9f1051a9d6411 "Elasticsearch built-in security features are not enabled. Without authentication, your cluster could be accessible to anyone. See https://www.elastic.co/guide/en/elasticsearch/reference/7.17/security-minimal-setup.html to enable security."]
2023-03-21 08:44:46 [http-nio-8186-exec-4] INFO  c.m.d.e.q.c.s.i.TwitterElasticRepositoryQueryClient - 2 of documents with text test retrieved successfully
2023-03-21 08:44:46 [http-nio-8186-exec-4] INFO  c.m.d.e.q.s.a.ElasticDocumentController - Elasticsearch returned 2 of documents
