2023-03-16 07:01:49 [main] INFO  c.m.d.t.t.k.s.TwitterToKafkaServiceApplication - Starting TwitterToKafkaServiceApplication v1.0-SNAPSHOT using Java 17.0.6 on 7823b577cb59 with PID 1147 (/workspace/BOOT-INF/classes started by root in /workspace)
2023-03-16 07:01:50 [main] INFO  c.m.d.t.t.k.s.TwitterToKafkaServiceApplication - The following profiles are active: twitter_to_kafka
2023-03-16 07:01:50 [main] INFO  o.s.c.c.c.ConfigServerConfigDataLoader - Fetching config from server at : http://config-server:8888
2023-03-16 07:01:50 [main] INFO  o.s.c.c.c.ConfigServerConfigDataLoader - Located environment: name=twitter-to-kafka-service,config-client, profiles=[twitter_to_kafka], label=null, version=e6768eb163e0ad200c9bd1d70af119e9ecc5b02d, state=null
2023-03-16 07:01:55 [main] INFO  o.s.cloud.context.scope.GenericScope - BeanFactory id=cf0df745-8253-340e-9daf-dad621476102
2023-03-16 07:01:58 [main] INFO  o.a.k.c.admin.AdminClientConfig - AdminClientConfig values: 
	bootstrap.servers = [kafka-broker-1:9092, kafka-broker-2:9092, kafka-broker-3:9092]
	client.dns.lookup = use_all_dns_ips
	client.id = 
	connections.max.idle.ms = 300000
	default.api.timeout.ms = 60000
	metadata.max.age.ms = 300000
	metric.reporters = []
	metrics.num.samples = 2
	metrics.recording.level = INFO
	metrics.sample.window.ms = 30000
	receive.buffer.bytes = 65536
	reconnect.backoff.max.ms = 1000
	reconnect.backoff.ms = 50
	request.timeout.ms = 30000
	retries = 2147483647
	retry.backoff.ms = 100
	sasl.client.callback.handler.class = null
	sasl.jaas.config = null
	sasl.kerberos.kinit.cmd = /usr/bin/kinit
	sasl.kerberos.min.time.before.relogin = 60000
	sasl.kerberos.service.name = null
	sasl.kerberos.ticket.renew.jitter = 0.05
	sasl.kerberos.ticket.renew.window.factor = 0.8
	sasl.login.callback.handler.class = null
	sasl.login.class = null
	sasl.login.refresh.buffer.seconds = 300
	sasl.login.refresh.min.period.seconds = 60
	sasl.login.refresh.window.factor = 0.8
	sasl.login.refresh.window.jitter = 0.05
	sasl.mechanism = GSSAPI
	security.protocol = PLAINTEXT
	security.providers = null
	send.buffer.bytes = 131072
	socket.connection.setup.timeout.max.ms = 30000
	socket.connection.setup.timeout.ms = 10000
	ssl.cipher.suites = null
	ssl.enabled.protocols = [TLSv1.2, TLSv1.3]
	ssl.endpoint.identification.algorithm = https
	ssl.engine.factory.class = null
	ssl.key.password = null
	ssl.keymanager.algorithm = SunX509
	ssl.keystore.certificate.chain = null
	ssl.keystore.key = null
	ssl.keystore.location = null
	ssl.keystore.password = null
	ssl.keystore.type = JKS
	ssl.protocol = TLSv1.3
	ssl.provider = null
	ssl.secure.random.implementation = null
	ssl.trustmanager.algorithm = PKIX
	ssl.truststore.certificates = null
	ssl.truststore.location = null
	ssl.truststore.password = null
	ssl.truststore.type = JKS

2023-03-16 07:01:58 [main] INFO  o.a.kafka.common.utils.AppInfoParser - Kafka version: 3.0.0
2023-03-16 07:01:58 [main] INFO  o.a.kafka.common.utils.AppInfoParser - Kafka commitId: 8cb0a5e9d3441962
2023-03-16 07:01:58 [main] INFO  o.a.kafka.common.utils.AppInfoParser - Kafka startTimeMs: 1678950118660
2023-03-16 07:02:01 [main] INFO  o.s.b.a.s.r.ReactiveUserDetailsServiceAutoConfiguration - 

Using generated security password: 18b44a4d-7fa9-481c-af8c-248fa0ac3726

2023-03-16 07:02:03 [main] INFO  o.s.b.w.e.netty.NettyWebServer - Netty started on port 8080
2023-03-16 07:02:03 [main] INFO  c.m.d.t.t.k.s.TwitterToKafkaServiceApplication - Started TwitterToKafkaServiceApplication in 23.584 seconds (JVM running for 27.209)
2023-03-16 07:02:04 [main] INFO  c.m.d.t.t.k.s.TwitterToKafkaServiceApplication - App starts...
2023-03-16 07:02:04 [main] INFO  c.m.d.k.a.client.KafkaAdminClient - Creating 1 topics(s), attempt 0
2023-03-16 07:02:04 [main] INFO  c.m.d.k.a.client.KafkaAdminClient - Create topic result [KafkaFuture{value=null,exception=null,done=false}]
2023-03-16 07:02:04 [main] INFO  c.m.d.k.a.client.KafkaAdminClient - Reading kafka topic [twitter-topic], attempt 0
2023-03-16 07:02:09 [main] INFO  c.m.d.t.t.k.s.i.i.KafkaStreamInitializer - Topics with name twitter-topic is ready for operations!
2023-03-16 07:02:09 [main] INFO  c.m.d.t.t.k.s.r.i.MockKafkaStreamRunner - Starting mock filtering twitter streams for keywords [Java, Microservices, Kafka, Elasticsearch]
2023-03-16 09:34:57 [main] INFO  c.m.d.t.t.k.s.TwitterToKafkaServiceApplication - Starting TwitterToKafkaServiceApplication v1.0-SNAPSHOT using Java 17.0.6 on 4657659201ab with PID 1299 (/workspace/BOOT-INF/classes started by root in /workspace)
2023-03-16 09:34:57 [main] INFO  c.m.d.t.t.k.s.TwitterToKafkaServiceApplication - The following profiles are active: twitter_to_kafka
2023-03-16 09:34:57 [main] INFO  o.s.c.c.c.ConfigServerConfigDataLoader - Fetching config from server at : http://config-server:8888
2023-03-16 09:34:57 [main] INFO  o.s.c.c.c.ConfigServerConfigDataLoader - Connect Timeout Exception on Url - http://config-server:8888. Will be trying the next url if available
2023-03-16 09:35:08 [main] INFO  o.s.cloud.context.scope.GenericScope - BeanFactory id=cf0df745-8253-340e-9daf-dad621476102
2023-03-16 09:35:12 [main] WARN  o.s.b.w.r.c.AnnotationConfigReactiveWebServerApplicationContext - Exception encountered during context initialization - cancelling refresh attempt: org.springframework.beans.factory.UnsatisfiedDependencyException: Error creating bean with name 'twitterToKafkaServiceApplication': Unsatisfied dependency expressed through constructor parameter 0; nested exception is org.springframework.beans.factory.UnsatisfiedDependencyException: Error creating bean with name 'mockKafkaStreamRunner' defined in file [/workspace/BOOT-INF/classes/com/microservices/demo/twitter/to/kafka/service/runner/impl/MockKafkaStreamRunner.class]: Unsatisfied dependency expressed through constructor parameter 1; nested exception is org.springframework.beans.factory.UnsatisfiedDependencyException: Error creating bean with name 'twitterKafkaStatusListener' defined in file [/workspace/BOOT-INF/classes/com/microservices/demo/twitter/to/kafka/service/listener/TwitterKafkaStatusListener.class]: Unsatisfied dependency expressed through constructor parameter 1; nested exception is org.springframework.beans.factory.UnsatisfiedDependencyException: Error creating bean with name 'twitterKafkaProducer' defined in URL [jar:file:/workspace/BOOT-INF/lib/kafka-producer-1.0-SNAPSHOT.jar!/com/microservices/demo/kafka/producer/config/service/impl/TwitterKafkaProducer.class]: Unsatisfied dependency expressed through constructor parameter 0; nested exception is org.springframework.beans.factory.BeanCreationException: Error creating bean with name 'kafkaTemplate' defined in class path resource [com/microservices/demo/kafka/producer/config/KafkaProducerConfig.class]: Bean instantiation via factory method failed; nested exception is org.springframework.beans.BeanInstantiationException: Failed to instantiate [org.springframework.kafka.core.KafkaTemplate]: Factory method 'kafkaTemplate' threw exception; nested exception is org.springframework.beans.factory.BeanCreationException: Error creating bean with name 'producerFactory' defined in class path resource [com/microservices/demo/kafka/producer/config/KafkaProducerConfig.class]: Bean instantiation via factory method failed; nested exception is org.springframework.beans.BeanInstantiationException: Failed to instantiate [org.springframework.kafka.core.ProducerFactory]: Factory method 'producerFactory' threw exception; nested exception is org.springframework.beans.factory.BeanCreationException: Error creating bean with name 'producerConfig' defined in class path resource [com/microservices/demo/kafka/producer/config/KafkaProducerConfig.class]: Bean instantiation via factory method failed; nested exception is org.springframework.beans.BeanInstantiationException: Failed to instantiate [java.util.Map]: Factory method 'producerConfig' threw exception; nested exception is java.lang.NullPointerException: Cannot invoke "java.lang.Integer.intValue()" because the return value of "com.microservices.demo.config.KafkaProducerConfigData.getBatchSize()" is null
2023-03-16 09:35:12 [main] INFO  o.s.b.a.l.ConditionEvaluationReportLoggingListener - 

Error starting ApplicationContext. To display the conditions report re-run your application with 'debug' enabled.
2023-03-16 09:35:12 [main] ERROR o.s.boot.SpringApplication - Application run failed
org.springframework.beans.factory.UnsatisfiedDependencyException: Error creating bean with name 'twitterToKafkaServiceApplication': Unsatisfied dependency expressed through constructor parameter 0; nested exception is org.springframework.beans.factory.UnsatisfiedDependencyException: Error creating bean with name 'mockKafkaStreamRunner' defined in file [/workspace/BOOT-INF/classes/com/microservices/demo/twitter/to/kafka/service/runner/impl/MockKafkaStreamRunner.class]: Unsatisfied dependency expressed through constructor parameter 1; nested exception is org.springframework.beans.factory.UnsatisfiedDependencyException: Error creating bean with name 'twitterKafkaStatusListener' defined in file [/workspace/BOOT-INF/classes/com/microservices/demo/twitter/to/kafka/service/listener/TwitterKafkaStatusListener.class]: Unsatisfied dependency expressed through constructor parameter 1; nested exception is org.springframework.beans.factory.UnsatisfiedDependencyException: Error creating bean with name 'twitterKafkaProducer' defined in URL [jar:file:/workspace/BOOT-INF/lib/kafka-producer-1.0-SNAPSHOT.jar!/com/microservices/demo/kafka/producer/config/service/impl/TwitterKafkaProducer.class]: Unsatisfied dependency expressed through constructor parameter 0; nested exception is org.springframework.beans.factory.BeanCreationException: Error creating bean with name 'kafkaTemplate' defined in class path resource [com/microservices/demo/kafka/producer/config/KafkaProducerConfig.class]: Bean instantiation via factory method failed; nested exception is org.springframework.beans.BeanInstantiationException: Failed to instantiate [org.springframework.kafka.core.KafkaTemplate]: Factory method 'kafkaTemplate' threw exception; nested exception is org.springframework.beans.factory.BeanCreationException: Error creating bean with name 'producerFactory' defined in class path resource [com/microservices/demo/kafka/producer/config/KafkaProducerConfig.class]: Bean instantiation via factory method failed; nested exception is org.springframework.beans.BeanInstantiationException: Failed to instantiate [org.springframework.kafka.core.ProducerFactory]: Factory method 'producerFactory' threw exception; nested exception is org.springframework.beans.factory.BeanCreationException: Error creating bean with name 'producerConfig' defined in class path resource [com/microservices/demo/kafka/producer/config/KafkaProducerConfig.class]: Bean instantiation via factory method failed; nested exception is org.springframework.beans.BeanInstantiationException: Failed to instantiate [java.util.Map]: Factory method 'producerConfig' threw exception; nested exception is java.lang.NullPointerException: Cannot invoke "java.lang.Integer.intValue()" because the return value of "com.microservices.demo.config.KafkaProducerConfigData.getBatchSize()" is null
	at org.springframework.beans.factory.support.ConstructorResolver.createArgumentArray(ConstructorResolver.java:800)
	at org.springframework.beans.factory.support.ConstructorResolver.autowireConstructor(ConstructorResolver.java:229)
	at org.springframework.beans.factory.support.AbstractAutowireCapableBeanFactory.autowireConstructor(AbstractAutowireCapableBeanFactory.java:1372)
	at org.springframework.beans.factory.support.AbstractAutowireCapableBeanFactory.createBeanInstance(AbstractAutowireCapableBeanFactory.java:1222)
	at org.springframework.beans.factory.support.AbstractAutowireCapableBeanFactory.doCreateBean(AbstractAutowireCapableBeanFactory.java:582)
	at org.springframework.beans.factory.support.AbstractAutowireCapableBeanFactory.createBean(AbstractAutowireCapableBeanFactory.java:542)
	at org.springframework.beans.factory.support.AbstractBeanFactory.lambda$doGetBean$0(AbstractBeanFactory.java:335)
	at org.springframework.beans.factory.support.DefaultSingletonBeanRegistry.getSingleton(DefaultSingletonBeanRegistry.java:234)
	at org.springframework.beans.factory.support.AbstractBeanFactory.doGetBean(AbstractBeanFactory.java:333)
	at org.springframework.beans.factory.support.AbstractBeanFactory.getBean(AbstractBeanFactory.java:208)
	at org.springframework.beans.factory.support.DefaultListableBeanFactory.preInstantiateSingletons(DefaultListableBeanFactory.java:953)
	at org.springframework.context.support.AbstractApplicationContext.finishBeanFactoryInitialization(AbstractApplicationContext.java:918)
	at org.springframework.context.support.AbstractApplicationContext.refresh(AbstractApplicationContext.java:583)
	at org.springframework.boot.web.reactive.context.ReactiveWebServerApplicationContext.refresh(ReactiveWebServerApplicationContext.java:64)
	at org.springframework.boot.SpringApplication.refresh(SpringApplication.java:732)
	at org.springframework.boot.SpringApplication.refreshContext(SpringApplication.java:414)
	at org.springframework.boot.SpringApplication.run(SpringApplication.java:302)
	at org.springframework.boot.SpringApplication.run(SpringApplication.java:1303)
	at org.springframework.boot.SpringApplication.run(SpringApplication.java:1292)
	at com.microservices.demo.twitter.to.kafka.service.TwitterToKafkaServiceApplication.main(TwitterToKafkaServiceApplication.java:34)
	at java.base/jdk.internal.reflect.NativeMethodAccessorImpl.invoke0(Native Method)
	at java.base/jdk.internal.reflect.NativeMethodAccessorImpl.invoke(Unknown Source)
	at java.base/jdk.internal.reflect.DelegatingMethodAccessorImpl.invoke(Unknown Source)
	at java.base/java.lang.reflect.Method.invoke(Unknown Source)
	at org.springframework.boot.loader.MainMethodRunner.run(MainMethodRunner.java:49)
	at org.springframework.boot.loader.Launcher.launch(Launcher.java:108)
	at org.springframework.boot.loader.Launcher.launch(Launcher.java:58)
	at org.springframework.boot.loader.JarLauncher.main(JarLauncher.java:65)
Caused by: org.springframework.beans.factory.UnsatisfiedDependencyException: Error creating bean with name 'mockKafkaStreamRunner' defined in file [/workspace/BOOT-INF/classes/com/microservices/demo/twitter/to/kafka/service/runner/impl/MockKafkaStreamRunner.class]: Unsatisfied dependency expressed through constructor parameter 1; nested exception is org.springframework.beans.factory.UnsatisfiedDependencyException: Error creating bean with name 'twitterKafkaStatusListener' defined in file [/workspace/BOOT-INF/classes/com/microservices/demo/twitter/to/kafka/service/listener/TwitterKafkaStatusListener.class]: Unsatisfied dependency expressed through constructor parameter 1; nested exception is org.springframework.beans.factory.UnsatisfiedDependencyException: Error creating bean with name 'twitterKafkaProducer' defined in URL [jar:file:/workspace/BOOT-INF/lib/kafka-producer-1.0-SNAPSHOT.jar!/com/microservices/demo/kafka/producer/config/service/impl/TwitterKafkaProducer.class]: Unsatisfied dependency expressed through constructor parameter 0; nested exception is org.springframework.beans.factory.BeanCreationException: Error creating bean with name 'kafkaTemplate' defined in class path resource [com/microservices/demo/kafka/producer/config/KafkaProducerConfig.class]: Bean instantiation via factory method failed; nested exception is org.springframework.beans.BeanInstantiationException: Failed to instantiate [org.springframework.kafka.core.KafkaTemplate]: Factory method 'kafkaTemplate' threw exception; nested exception is org.springframework.beans.factory.BeanCreationException: Error creating bean with name 'producerFactory' defined in class path resource [com/microservices/demo/kafka/producer/config/KafkaProducerConfig.class]: Bean instantiation via factory method failed; nested exception is org.springframework.beans.BeanInstantiationException: Failed to instantiate [org.springframework.kafka.core.ProducerFactory]: Factory method 'producerFactory' threw exception; nested exception is org.springframework.beans.factory.BeanCreationException: Error creating bean with name 'producerConfig' defined in class path resource [com/microservices/demo/kafka/producer/config/KafkaProducerConfig.class]: Bean instantiation via factory method failed; nested exception is org.springframework.beans.BeanInstantiationException: Failed to instantiate [java.util.Map]: Factory method 'producerConfig' threw exception; nested exception is java.lang.NullPointerException: Cannot invoke "java.lang.Integer.intValue()" because the return value of "com.microservices.demo.config.KafkaProducerConfigData.getBatchSize()" is null
	at org.springframework.beans.factory.support.ConstructorResolver.createArgumentArray(ConstructorResolver.java:800)
	at org.springframework.beans.factory.support.ConstructorResolver.autowireConstructor(ConstructorResolver.java:229)
	at org.springframework.beans.factory.support.AbstractAutowireCapableBeanFactory.autowireConstructor(AbstractAutowireCapableBeanFactory.java:1372)
	at org.springframework.beans.factory.support.AbstractAutowireCapableBeanFactory.createBeanInstance(AbstractAutowireCapableBeanFactory.java:1222)
	at org.springframework.beans.factory.support.AbstractAutowireCapableBeanFactory.doCreateBean(AbstractAutowireCapableBeanFactory.java:582)
	at org.springframework.beans.factory.support.AbstractAutowireCapableBeanFactory.createBean(AbstractAutowireCapableBeanFactory.java:542)
	at org.springframework.beans.factory.support.AbstractBeanFactory.lambda$doGetBean$0(AbstractBeanFactory.java:335)
	at org.springframework.beans.factory.support.DefaultSingletonBeanRegistry.getSingleton(DefaultSingletonBeanRegistry.java:234)
	at org.springframework.beans.factory.support.AbstractBeanFactory.doGetBean(AbstractBeanFactory.java:333)
	at org.springframework.beans.factory.support.AbstractBeanFactory.getBean(AbstractBeanFactory.java:208)
	at org.springframework.beans.factory.config.DependencyDescriptor.resolveCandidate(DependencyDescriptor.java:276)
	at org.springframework.beans.factory.support.DefaultListableBeanFactory.doResolveDependency(DefaultListableBeanFactory.java:1389)
	at org.springframework.beans.factory.support.DefaultListableBeanFactory.resolveDependency(DefaultListableBeanFactory.java:1309)
	at org.springframework.beans.factory.support.ConstructorResolver.resolveAutowiredArgument(ConstructorResolver.java:887)
	at org.springframework.beans.factory.support.ConstructorResolver.createArgumentArray(ConstructorResolver.java:791)
	... 27 common frames omitted
Caused by: org.springframework.beans.factory.UnsatisfiedDependencyException: Error creating bean with name 'twitterKafkaStatusListener' defined in file [/workspace/BOOT-INF/classes/com/microservices/demo/twitter/to/kafka/service/listener/TwitterKafkaStatusListener.class]: Unsatisfied dependency expressed through constructor parameter 1; nested exception is org.springframework.beans.factory.UnsatisfiedDependencyException: Error creating bean with name 'twitterKafkaProducer' defined in URL [jar:file:/workspace/BOOT-INF/lib/kafka-producer-1.0-SNAPSHOT.jar!/com/microservices/demo/kafka/producer/config/service/impl/TwitterKafkaProducer.class]: Unsatisfied dependency expressed through constructor parameter 0; nested exception is org.springframework.beans.factory.BeanCreationException: Error creating bean with name 'kafkaTemplate' defined in class path resource [com/microservices/demo/kafka/producer/config/KafkaProducerConfig.class]: Bean instantiation via factory method failed; nested exception is org.springframework.beans.BeanInstantiationException: Failed to instantiate [org.springframework.kafka.core.KafkaTemplate]: Factory method 'kafkaTemplate' threw exception; nested exception is org.springframework.beans.factory.BeanCreationException: Error creating bean with name 'producerFactory' defined in class path resource [com/microservices/demo/kafka/producer/config/KafkaProducerConfig.class]: Bean instantiation via factory method failed; nested exception is org.springframework.beans.BeanInstantiationException: Failed to instantiate [org.springframework.kafka.core.ProducerFactory]: Factory method 'producerFactory' threw exception; nested exception is org.springframework.beans.factory.BeanCreationException: Error creating bean with name 'producerConfig' defined in class path resource [com/microservices/demo/kafka/producer/config/KafkaProducerConfig.class]: Bean instantiation via factory method failed; nested exception is org.springframework.beans.BeanInstantiationException: Failed to instantiate [java.util.Map]: Factory method 'producerConfig' threw exception; nested exception is java.lang.NullPointerException: Cannot invoke "java.lang.Integer.intValue()" because the return value of "com.microservices.demo.config.KafkaProducerConfigData.getBatchSize()" is null
	at org.springframework.beans.factory.support.ConstructorResolver.createArgumentArray(ConstructorResolver.java:800)
	at org.springframework.beans.factory.support.ConstructorResolver.autowireConstructor(ConstructorResolver.java:229)
	at org.springframework.beans.factory.support.AbstractAutowireCapableBeanFactory.autowireConstructor(AbstractAutowireCapableBeanFactory.java:1372)
	at org.springframework.beans.factory.support.AbstractAutowireCapableBeanFactory.createBeanInstance(AbstractAutowireCapableBeanFactory.java:1222)
	at org.springframework.beans.factory.support.AbstractAutowireCapableBeanFactory.doCreateBean(AbstractAutowireCapableBeanFactory.java:582)
	at org.springframework.beans.factory.support.AbstractAutowireCapableBeanFactory.createBean(AbstractAutowireCapableBeanFactory.java:542)
	at org.springframework.beans.factory.support.AbstractBeanFactory.lambda$doGetBean$0(AbstractBeanFactory.java:335)
	at org.springframework.beans.factory.support.DefaultSingletonBeanRegistry.getSingleton(DefaultSingletonBeanRegistry.java:234)
	at org.springframework.beans.factory.support.AbstractBeanFactory.doGetBean(AbstractBeanFactory.java:333)
	at org.springframework.beans.factory.support.AbstractBeanFactory.getBean(AbstractBeanFactory.java:208)
	at org.springframework.beans.factory.config.DependencyDescriptor.resolveCandidate(DependencyDescriptor.java:276)
	at org.springframework.beans.factory.support.DefaultListableBeanFactory.doResolveDependency(DefaultListableBeanFactory.java:1389)
	at org.springframework.beans.factory.support.DefaultListableBeanFactory.resolveDependency(DefaultListableBeanFactory.java:1309)
	at org.springframework.beans.factory.support.ConstructorResolver.resolveAutowiredArgument(ConstructorResolver.java:887)
	at org.springframework.beans.factory.support.ConstructorResolver.createArgumentArray(ConstructorResolver.java:791)
	... 41 common frames omitted
Caused by: org.springframework.beans.factory.UnsatisfiedDependencyException: Error creating bean with name 'twitterKafkaProducer' defined in URL [jar:file:/workspace/BOOT-INF/lib/kafka-producer-1.0-SNAPSHOT.jar!/com/microservices/demo/kafka/producer/config/service/impl/TwitterKafkaProducer.class]: Unsatisfied dependency expressed through constructor parameter 0; nested exception is org.springframework.beans.factory.BeanCreationException: Error creating bean with name 'kafkaTemplate' defined in class path resource [com/microservices/demo/kafka/producer/config/KafkaProducerConfig.class]: Bean instantiation via factory method failed; nested exception is org.springframework.beans.BeanInstantiationException: Failed to instantiate [org.springframework.kafka.core.KafkaTemplate]: Factory method 'kafkaTemplate' threw exception; nested exception is org.springframework.beans.factory.BeanCreationException: Error creating bean with name 'producerFactory' defined in class path resource [com/microservices/demo/kafka/producer/config/KafkaProducerConfig.class]: Bean instantiation via factory method failed; nested exception is org.springframework.beans.BeanInstantiationException: Failed to instantiate [org.springframework.kafka.core.ProducerFactory]: Factory method 'producerFactory' threw exception; nested exception is org.springframework.beans.factory.BeanCreationException: Error creating bean with name 'producerConfig' defined in class path resource [com/microservices/demo/kafka/producer/config/KafkaProducerConfig.class]: Bean instantiation via factory method failed; nested exception is org.springframework.beans.BeanInstantiationException: Failed to instantiate [java.util.Map]: Factory method 'producerConfig' threw exception; nested exception is java.lang.NullPointerException: Cannot invoke "java.lang.Integer.intValue()" because the return value of "com.microservices.demo.config.KafkaProducerConfigData.getBatchSize()" is null
	at org.springframework.beans.factory.support.ConstructorResolver.createArgumentArray(ConstructorResolver.java:800)
	at org.springframework.beans.factory.support.ConstructorResolver.autowireConstructor(ConstructorResolver.java:229)
	at org.springframework.beans.factory.support.AbstractAutowireCapableBeanFactory.autowireConstructor(AbstractAutowireCapableBeanFactory.java:1372)
	at org.springframework.beans.factory.support.AbstractAutowireCapableBeanFactory.createBeanInstance(AbstractAutowireCapableBeanFactory.java:1222)
	at org.springframework.beans.factory.support.AbstractAutowireCapableBeanFactory.doCreateBean(AbstractAutowireCapableBeanFactory.java:582)
	at org.springframework.beans.factory.support.AbstractAutowireCapableBeanFactory.createBean(AbstractAutowireCapableBeanFactory.java:542)
	at org.springframework.beans.factory.support.AbstractBeanFactory.lambda$doGetBean$0(AbstractBeanFactory.java:335)
	at org.springframework.beans.factory.support.DefaultSingletonBeanRegistry.getSingleton(DefaultSingletonBeanRegistry.java:234)
	at org.springframework.beans.factory.support.AbstractBeanFactory.doGetBean(AbstractBeanFactory.java:333)
	at org.springframework.beans.factory.support.AbstractBeanFactory.getBean(AbstractBeanFactory.java:208)
	at org.springframework.beans.factory.config.DependencyDescriptor.resolveCandidate(DependencyDescriptor.java:276)
	at org.springframework.beans.factory.support.DefaultListableBeanFactory.doResolveDependency(DefaultListableBeanFactory.java:1389)
	at org.springframework.beans.factory.support.DefaultListableBeanFactory.resolveDependency(DefaultListableBeanFactory.java:1309)
	at org.springframework.beans.factory.support.ConstructorResolver.resolveAutowiredArgument(ConstructorResolver.java:887)
	at org.springframework.beans.factory.support.ConstructorResolver.createArgumentArray(ConstructorResolver.java:791)
	... 55 common frames omitted
Caused by: org.springframework.beans.factory.BeanCreationException: Error creating bean with name 'kafkaTemplate' defined in class path resource [com/microservices/demo/kafka/producer/config/KafkaProducerConfig.class]: Bean instantiation via factory method failed; nested exception is org.springframework.beans.BeanInstantiationException: Failed to instantiate [org.springframework.kafka.core.KafkaTemplate]: Factory method 'kafkaTemplate' threw exception; nested exception is org.springframework.beans.factory.BeanCreationException: Error creating bean with name 'producerFactory' defined in class path resource [com/microservices/demo/kafka/producer/config/KafkaProducerConfig.class]: Bean instantiation via factory method failed; nested exception is org.springframework.beans.BeanInstantiationException: Failed to instantiate [org.springframework.kafka.core.ProducerFactory]: Factory method 'producerFactory' threw exception; nested exception is org.springframework.beans.factory.BeanCreationException: Error creating bean with name 'producerConfig' defined in class path resource [com/microservices/demo/kafka/producer/config/KafkaProducerConfig.class]: Bean instantiation via factory method failed; nested exception is org.springframework.beans.BeanInstantiationException: Failed to instantiate [java.util.Map]: Factory method 'producerConfig' threw exception; nested exception is java.lang.NullPointerException: Cannot invoke "java.lang.Integer.intValue()" because the return value of "com.microservices.demo.config.KafkaProducerConfigData.getBatchSize()" is null
	at org.springframework.beans.factory.support.ConstructorResolver.instantiate(ConstructorResolver.java:658)
	at org.springframework.beans.factory.support.ConstructorResolver.instantiateUsingFactoryMethod(ConstructorResolver.java:486)
	at org.springframework.beans.factory.support.AbstractAutowireCapableBeanFactory.instantiateUsingFactoryMethod(AbstractAutowireCapableBeanFactory.java:1352)
	at org.springframework.beans.factory.support.AbstractAutowireCapableBeanFactory.createBeanInstance(AbstractAutowireCapableBeanFactory.java:1195)
	at org.springframework.beans.factory.support.AbstractAutowireCapableBeanFactory.doCreateBean(AbstractAutowireCapableBeanFactory.java:582)
	at org.springframework.beans.factory.support.AbstractAutowireCapableBeanFactory.createBean(AbstractAutowireCapableBeanFactory.java:542)
	at org.springframework.beans.factory.support.AbstractBeanFactory.lambda$doGetBean$0(AbstractBeanFactory.java:335)
	at org.springframework.beans.factory.support.DefaultSingletonBeanRegistry.getSingleton(DefaultSingletonBeanRegistry.java:234)
	at org.springframework.beans.factory.support.AbstractBeanFactory.doGetBean(AbstractBeanFactory.java:333)
	at org.springframework.beans.factory.support.AbstractBeanFactory.getBean(AbstractBeanFactory.java:208)
	at org.springframework.beans.factory.config.DependencyDescriptor.resolveCandidate(DependencyDescriptor.java:276)
	at org.springframework.beans.factory.support.DefaultListableBeanFactory.doResolveDependency(DefaultListableBeanFactory.java:1389)
	at org.springframework.beans.factory.support.DefaultListableBeanFactory.resolveDependency(DefaultListableBeanFactory.java:1309)
	at org.springframework.beans.factory.support.ConstructorResolver.resolveAutowiredArgument(ConstructorResolver.java:887)
	at org.springframework.beans.factory.support.ConstructorResolver.createArgumentArray(ConstructorResolver.java:791)
	... 69 common frames omitted
Caused by: org.springframework.beans.BeanInstantiationException: Failed to instantiate [org.springframework.kafka.core.KafkaTemplate]: Factory method 'kafkaTemplate' threw exception; nested exception is org.springframework.beans.factory.BeanCreationException: Error creating bean with name 'producerFactory' defined in class path resource [com/microservices/demo/kafka/producer/config/KafkaProducerConfig.class]: Bean instantiation via factory method failed; nested exception is org.springframework.beans.BeanInstantiationException: Failed to instantiate [org.springframework.kafka.core.ProducerFactory]: Factory method 'producerFactory' threw exception; nested exception is org.springframework.beans.factory.BeanCreationException: Error creating bean with name 'producerConfig' defined in class path resource [com/microservices/demo/kafka/producer/config/KafkaProducerConfig.class]: Bean instantiation via factory method failed; nested exception is org.springframework.beans.BeanInstantiationException: Failed to instantiate [java.util.Map]: Factory method 'producerConfig' threw exception; nested exception is java.lang.NullPointerException: Cannot invoke "java.lang.Integer.intValue()" because the return value of "com.microservices.demo.config.KafkaProducerConfigData.getBatchSize()" is null
	at org.springframework.beans.factory.support.SimpleInstantiationStrategy.instantiate(SimpleInstantiationStrategy.java:185)
	at org.springframework.beans.factory.support.ConstructorResolver.instantiate(ConstructorResolver.java:653)
	... 83 common frames omitted
Caused by: org.springframework.beans.factory.BeanCreationException: Error creating bean with name 'producerFactory' defined in class path resource [com/microservices/demo/kafka/producer/config/KafkaProducerConfig.class]: Bean instantiation via factory method failed; nested exception is org.springframework.beans.BeanInstantiationException: Failed to instantiate [org.springframework.kafka.core.ProducerFactory]: Factory method 'producerFactory' threw exception; nested exception is org.springframework.beans.factory.BeanCreationException: Error creating bean with name 'producerConfig' defined in class path resource [com/microservices/demo/kafka/producer/config/KafkaProducerConfig.class]: Bean instantiation via factory method failed; nested exception is org.springframework.beans.BeanInstantiationException: Failed to instantiate [java.util.Map]: Factory method 'producerConfig' threw exception; nested exception is java.lang.NullPointerException: Cannot invoke "java.lang.Integer.intValue()" because the return value of "com.microservices.demo.config.KafkaProducerConfigData.getBatchSize()" is null
	at org.springframework.beans.factory.support.ConstructorResolver.instantiate(ConstructorResolver.java:658)
	at org.springframework.beans.factory.support.ConstructorResolver.instantiateUsingFactoryMethod(ConstructorResolver.java:486)
	at org.springframework.beans.factory.support.AbstractAutowireCapableBeanFactory.instantiateUsingFactoryMethod(AbstractAutowireCapableBeanFactory.java:1352)
	at org.springframework.beans.factory.support.AbstractAutowireCapableBeanFactory.createBeanInstance(AbstractAutowireCapableBeanFactory.java:1195)
	at org.springframework.beans.factory.support.AbstractAutowireCapableBeanFactory.doCreateBean(AbstractAutowireCapableBeanFactory.java:582)
	at org.springframework.beans.factory.support.AbstractAutowireCapableBeanFactory.createBean(AbstractAutowireCapableBeanFactory.java:542)
	at org.springframework.beans.factory.support.AbstractBeanFactory.lambda$doGetBean$0(AbstractBeanFactory.java:335)
	at org.springframework.beans.factory.support.DefaultSingletonBeanRegistry.getSingleton(DefaultSingletonBeanRegistry.java:234)
	at org.springframework.beans.factory.support.AbstractBeanFactory.doGetBean(AbstractBeanFactory.java:333)
	at org.springframework.beans.factory.support.AbstractBeanFactory.getBean(AbstractBeanFactory.java:208)
	at org.springframework.context.annotation.ConfigurationClassEnhancer$BeanMethodInterceptor.resolveBeanReference(ConfigurationClassEnhancer.java:362)
	at org.springframework.context.annotation.ConfigurationClassEnhancer$BeanMethodInterceptor.intercept(ConfigurationClassEnhancer.java:334)
	at com.microservices.demo.kafka.producer.config.KafkaProducerConfig$$EnhancerBySpringCGLIB$$aa330dc2.producerFactory(<generated>)
	at com.microservices.demo.kafka.producer.config.KafkaProducerConfig.kafkaTemplate(KafkaProducerConfig.java:55)
	at com.microservices.demo.kafka.producer.config.KafkaProducerConfig$$EnhancerBySpringCGLIB$$aa330dc2.CGLIB$kafkaTemplate$0(<generated>)
	at com.microservices.demo.kafka.producer.config.KafkaProducerConfig$$EnhancerBySpringCGLIB$$aa330dc2$$FastClassBySpringCGLIB$$5a68904c.invoke(<generated>)
	at org.springframework.cglib.proxy.MethodProxy.invokeSuper(MethodProxy.java:244)
	at org.springframework.context.annotation.ConfigurationClassEnhancer$BeanMethodInterceptor.intercept(ConfigurationClassEnhancer.java:331)
	at com.microservices.demo.kafka.producer.config.KafkaProducerConfig$$EnhancerBySpringCGLIB$$aa330dc2.kafkaTemplate(<generated>)
	at java.base/jdk.internal.reflect.NativeMethodAccessorImpl.invoke0(Native Method)
	at java.base/jdk.internal.reflect.NativeMethodAccessorImpl.invoke(Unknown Source)
	at java.base/jdk.internal.reflect.DelegatingMethodAccessorImpl.invoke(Unknown Source)
	at java.base/java.lang.reflect.Method.invoke(Unknown Source)
	at org.springframework.beans.factory.support.SimpleInstantiationStrategy.instantiate(SimpleInstantiationStrategy.java:154)
	... 84 common frames omitted
Caused by: org.springframework.beans.BeanInstantiationException: Failed to instantiate [org.springframework.kafka.core.ProducerFactory]: Factory method 'producerFactory' threw exception; nested exception is org.springframework.beans.factory.BeanCreationException: Error creating bean with name 'producerConfig' defined in class path resource [com/microservices/demo/kafka/producer/config/KafkaProducerConfig.class]: Bean instantiation via factory method failed; nested exception is org.springframework.beans.BeanInstantiationException: Failed to instantiate [java.util.Map]: Factory method 'producerConfig' threw exception; nested exception is java.lang.NullPointerException: Cannot invoke "java.lang.Integer.intValue()" because the return value of "com.microservices.demo.config.KafkaProducerConfigData.getBatchSize()" is null
	at org.springframework.beans.factory.support.SimpleInstantiationStrategy.instantiate(SimpleInstantiationStrategy.java:185)
	at org.springframework.beans.factory.support.ConstructorResolver.instantiate(ConstructorResolver.java:653)
	... 107 common frames omitted
Caused by: org.springframework.beans.factory.BeanCreationException: Error creating bean with name 'producerConfig' defined in class path resource [com/microservices/demo/kafka/producer/config/KafkaProducerConfig.class]: Bean instantiation via factory method failed; nested exception is org.springframework.beans.BeanInstantiationException: Failed to instantiate [java.util.Map]: Factory method 'producerConfig' threw exception; nested exception is java.lang.NullPointerException: Cannot invoke "java.lang.Integer.intValue()" because the return value of "com.microservices.demo.config.KafkaProducerConfigData.getBatchSize()" is null
	at org.springframework.beans.factory.support.ConstructorResolver.instantiate(ConstructorResolver.java:658)
	at org.springframework.beans.factory.support.ConstructorResolver.instantiateUsingFactoryMethod(ConstructorResolver.java:486)
	at org.springframework.beans.factory.support.AbstractAutowireCapableBeanFactory.instantiateUsingFactoryMethod(AbstractAutowireCapableBeanFactory.java:1352)
	at org.springframework.beans.factory.support.AbstractAutowireCapableBeanFactory.createBeanInstance(AbstractAutowireCapableBeanFactory.java:1195)
	at org.springframework.beans.factory.support.AbstractAutowireCapableBeanFactory.doCreateBean(AbstractAutowireCapableBeanFactory.java:582)
	at org.springframework.beans.factory.support.AbstractAutowireCapableBeanFactory.createBean(AbstractAutowireCapableBeanFactory.java:542)
	at org.springframework.beans.factory.support.AbstractBeanFactory.lambda$doGetBean$0(AbstractBeanFactory.java:335)
	at org.springframework.beans.factory.support.DefaultSingletonBeanRegistry.getSingleton(DefaultSingletonBeanRegistry.java:234)
	at org.springframework.beans.factory.support.AbstractBeanFactory.doGetBean(AbstractBeanFactory.java:333)
	at org.springframework.beans.factory.support.AbstractBeanFactory.getBean(AbstractBeanFactory.java:208)
	at org.springframework.context.annotation.ConfigurationClassEnhancer$BeanMethodInterceptor.resolveBeanReference(ConfigurationClassEnhancer.java:362)
	at org.springframework.context.annotation.ConfigurationClassEnhancer$BeanMethodInterceptor.intercept(ConfigurationClassEnhancer.java:334)
	at com.microservices.demo.kafka.producer.config.KafkaProducerConfig$$EnhancerBySpringCGLIB$$aa330dc2.producerConfig(<generated>)
	at com.microservices.demo.kafka.producer.config.KafkaProducerConfig.producerFactory(KafkaProducerConfig.java:50)
	at com.microservices.demo.kafka.producer.config.KafkaProducerConfig$$EnhancerBySpringCGLIB$$aa330dc2.CGLIB$producerFactory$1(<generated>)
	at com.microservices.demo.kafka.producer.config.KafkaProducerConfig$$EnhancerBySpringCGLIB$$aa330dc2$$FastClassBySpringCGLIB$$5a68904c.invoke(<generated>)
	at org.springframework.cglib.proxy.MethodProxy.invokeSuper(MethodProxy.java:244)
	at org.springframework.context.annotation.ConfigurationClassEnhancer$BeanMethodInterceptor.intercept(ConfigurationClassEnhancer.java:331)
	at com.microservices.demo.kafka.producer.config.KafkaProducerConfig$$EnhancerBySpringCGLIB$$aa330dc2.producerFactory(<generated>)
	at java.base/jdk.internal.reflect.NativeMethodAccessorImpl.invoke0(Native Method)
	at java.base/jdk.internal.reflect.NativeMethodAccessorImpl.invoke(Unknown Source)
	at java.base/jdk.internal.reflect.DelegatingMethodAccessorImpl.invoke(Unknown Source)
	at java.base/java.lang.reflect.Method.invoke(Unknown Source)
	at org.springframework.beans.factory.support.SimpleInstantiationStrategy.instantiate(SimpleInstantiationStrategy.java:154)
	... 108 common frames omitted
Caused by: org.springframework.beans.BeanInstantiationException: Failed to instantiate [java.util.Map]: Factory method 'producerConfig' threw exception; nested exception is java.lang.NullPointerException: Cannot invoke "java.lang.Integer.intValue()" because the return value of "com.microservices.demo.config.KafkaProducerConfigData.getBatchSize()" is null
	at org.springframework.beans.factory.support.SimpleInstantiationStrategy.instantiate(SimpleInstantiationStrategy.java:185)
	at org.springframework.beans.factory.support.ConstructorResolver.instantiate(ConstructorResolver.java:653)
	... 131 common frames omitted
Caused by: java.lang.NullPointerException: Cannot invoke "java.lang.Integer.intValue()" because the return value of "com.microservices.demo.config.KafkaProducerConfigData.getBatchSize()" is null
	at com.microservices.demo.kafka.producer.config.KafkaProducerConfig.producerConfig(KafkaProducerConfig.java:38)
	at com.microservices.demo.kafka.producer.config.KafkaProducerConfig$$EnhancerBySpringCGLIB$$aa330dc2.CGLIB$producerConfig$2(<generated>)
	at com.microservices.demo.kafka.producer.config.KafkaProducerConfig$$EnhancerBySpringCGLIB$$aa330dc2$$FastClassBySpringCGLIB$$5a68904c.invoke(<generated>)
	at org.springframework.cglib.proxy.MethodProxy.invokeSuper(MethodProxy.java:244)
	at org.springframework.context.annotation.ConfigurationClassEnhancer$BeanMethodInterceptor.intercept(ConfigurationClassEnhancer.java:331)
	at com.microservices.demo.kafka.producer.config.KafkaProducerConfig$$EnhancerBySpringCGLIB$$aa330dc2.producerConfig(<generated>)
	at java.base/jdk.internal.reflect.NativeMethodAccessorImpl.invoke0(Native Method)
	at java.base/jdk.internal.reflect.NativeMethodAccessorImpl.invoke(Unknown Source)
	at java.base/jdk.internal.reflect.DelegatingMethodAccessorImpl.invoke(Unknown Source)
	at java.base/java.lang.reflect.Method.invoke(Unknown Source)
	at org.springframework.beans.factory.support.SimpleInstantiationStrategy.instantiate(SimpleInstantiationStrategy.java:154)
	... 132 common frames omitted
2023-03-16 09:38:58 [main] INFO  c.m.d.t.t.k.s.TwitterToKafkaServiceApplication - Starting TwitterToKafkaServiceApplication v1.0-SNAPSHOT using Java 17.0.6 on 9fb221eb4928 with PID 1270 (/workspace/BOOT-INF/classes started by root in /workspace)
2023-03-16 09:38:58 [main] INFO  c.m.d.t.t.k.s.TwitterToKafkaServiceApplication - The following profiles are active: twitter_to_kafka
2023-03-16 09:38:58 [main] INFO  o.s.c.c.c.ConfigServerConfigDataLoader - Fetching config from server at : http://config-server:8888
2023-03-16 09:38:58 [main] INFO  o.s.c.c.c.ConfigServerConfigDataLoader - Located environment: name=twitter-to-kafka-service,config-client, profiles=[twitter_to_kafka], label=null, version=e6768eb163e0ad200c9bd1d70af119e9ecc5b02d, state=null
2023-03-16 09:39:07 [main] INFO  o.s.cloud.context.scope.GenericScope - BeanFactory id=cf0df745-8253-340e-9daf-dad621476102
2023-03-16 09:39:10 [main] INFO  o.a.k.c.admin.AdminClientConfig - AdminClientConfig values: 
	bootstrap.servers = [kafka-broker-1:9092, kafka-broker-2:9092, kafka-broker-3:9092]
	client.dns.lookup = use_all_dns_ips
	client.id = 
	connections.max.idle.ms = 300000
	default.api.timeout.ms = 60000
	metadata.max.age.ms = 300000
	metric.reporters = []
	metrics.num.samples = 2
	metrics.recording.level = INFO
	metrics.sample.window.ms = 30000
	receive.buffer.bytes = 65536
	reconnect.backoff.max.ms = 1000
	reconnect.backoff.ms = 50
	request.timeout.ms = 30000
	retries = 2147483647
	retry.backoff.ms = 100
	sasl.client.callback.handler.class = null
	sasl.jaas.config = null
	sasl.kerberos.kinit.cmd = /usr/bin/kinit
	sasl.kerberos.min.time.before.relogin = 60000
	sasl.kerberos.service.name = null
	sasl.kerberos.ticket.renew.jitter = 0.05
	sasl.kerberos.ticket.renew.window.factor = 0.8
	sasl.login.callback.handler.class = null
	sasl.login.class = null
	sasl.login.refresh.buffer.seconds = 300
	sasl.login.refresh.min.period.seconds = 60
	sasl.login.refresh.window.factor = 0.8
	sasl.login.refresh.window.jitter = 0.05
	sasl.mechanism = GSSAPI
	security.protocol = PLAINTEXT
	security.providers = null
	send.buffer.bytes = 131072
	socket.connection.setup.timeout.max.ms = 30000
	socket.connection.setup.timeout.ms = 10000
	ssl.cipher.suites = null
	ssl.enabled.protocols = [TLSv1.2, TLSv1.3]
	ssl.endpoint.identification.algorithm = https
	ssl.engine.factory.class = null
	ssl.key.password = null
	ssl.keymanager.algorithm = SunX509
	ssl.keystore.certificate.chain = null
	ssl.keystore.key = null
	ssl.keystore.location = null
	ssl.keystore.password = null
	ssl.keystore.type = JKS
	ssl.protocol = TLSv1.3
	ssl.provider = null
	ssl.secure.random.implementation = null
	ssl.trustmanager.algorithm = PKIX
	ssl.truststore.certificates = null
	ssl.truststore.location = null
	ssl.truststore.password = null
	ssl.truststore.type = JKS

2023-03-16 09:39:11 [main] INFO  o.a.kafka.common.utils.AppInfoParser - Kafka version: 3.0.0
2023-03-16 09:39:11 [main] INFO  o.a.kafka.common.utils.AppInfoParser - Kafka commitId: 8cb0a5e9d3441962
2023-03-16 09:39:11 [main] INFO  o.a.kafka.common.utils.AppInfoParser - Kafka startTimeMs: 1678959551594
2023-03-16 09:39:11 [kafka-admin-client-thread | adminclient-1] WARN  o.apache.kafka.clients.NetworkClient - [AdminClient clientId=adminclient-1] Connection to node -2 (kafka-broker-2/172.25.0.4:9092) could not be established. Broker may not be available.
2023-03-16 09:39:18 [main] INFO  o.s.b.a.s.r.ReactiveUserDetailsServiceAutoConfiguration - 

Using generated security password: 9d435d2a-ca85-4188-938f-112384cac83b

2023-03-16 09:39:21 [main] INFO  o.s.b.w.e.netty.NettyWebServer - Netty started on port 8080
2023-03-16 09:39:22 [main] INFO  c.m.d.t.t.k.s.TwitterToKafkaServiceApplication - Started TwitterToKafkaServiceApplication in 36.751 seconds (JVM running for 42.232)
2023-03-16 09:39:22 [main] INFO  c.m.d.t.t.k.s.TwitterToKafkaServiceApplication - App starts...
2023-03-16 09:39:22 [main] INFO  c.m.d.k.a.client.KafkaAdminClient - Creating 1 topics(s), attempt 0
2023-03-16 09:39:22 [main] INFO  c.m.d.k.a.client.KafkaAdminClient - Create topic result [KafkaFuture{value=null,exception=null,done=false}]
2023-03-16 09:39:22 [main] INFO  c.m.d.k.a.client.KafkaAdminClient - Reading kafka topic [twitter-topic], attempt 0
2023-03-16 09:39:25 [main] INFO  c.m.d.k.a.client.KafkaAdminClient - Reading kafka topic [twitter-topic], attempt 0
2023-03-16 09:39:29 [main] INFO  c.m.d.k.a.client.KafkaAdminClient - Reading kafka topic [twitter-topic], attempt 0
2023-03-16 09:39:37 [main] INFO  c.m.d.k.a.client.KafkaAdminClient - Reading kafka topic [twitter-topic], attempt 0
2023-03-16 09:39:53 [main] INFO  c.m.d.k.a.client.KafkaAdminClient - Reading kafka topic [twitter-topic], attempt 0
2023-03-16 09:40:25 [main] INFO  c.m.d.k.a.client.KafkaAdminClient - Reading kafka topic [twitter-topic], attempt 0
2023-03-16 09:41:29 [main] INFO  c.m.d.k.a.client.KafkaAdminClient - Reading kafka topic [twitter-topic], attempt 0
2023-03-16 09:43:37 [main] INFO  c.m.d.k.a.client.KafkaAdminClient - Reading kafka topic [twitter-topic], attempt 0
2023-03-16 09:47:53 [main] INFO  c.m.d.k.a.client.KafkaAdminClient - Reading kafka topic [twitter-topic], attempt 0
2023-03-16 09:58:06 [main] INFO  c.m.d.t.t.k.s.TwitterToKafkaServiceApplication - Starting TwitterToKafkaServiceApplication v1.0-SNAPSHOT using Java 17.0.6 on 33e4144b81c5 with PID 1278 (/workspace/BOOT-INF/classes started by root in /workspace)
2023-03-16 09:58:06 [main] INFO  c.m.d.t.t.k.s.TwitterToKafkaServiceApplication - The following profiles are active: twitter_to_kafka
2023-03-16 09:58:07 [main] INFO  o.s.c.c.c.ConfigServerConfigDataLoader - Fetching config from server at : http://config-server:8888
2023-03-16 09:58:07 [main] INFO  o.s.c.c.c.ConfigServerConfigDataLoader - Located environment: name=twitter-to-kafka-service,config-client, profiles=[twitter_to_kafka], label=null, version=e6768eb163e0ad200c9bd1d70af119e9ecc5b02d, state=null
2023-03-16 09:58:16 [main] INFO  o.s.cloud.context.scope.GenericScope - BeanFactory id=cf0df745-8253-340e-9daf-dad621476102
2023-03-16 09:58:20 [main] INFO  o.a.k.c.admin.AdminClientConfig - AdminClientConfig values: 
	bootstrap.servers = [kafka-broker-1:9092, kafka-broker-2:9092, kafka-broker-3:9092]
	client.dns.lookup = use_all_dns_ips
	client.id = 
	connections.max.idle.ms = 300000
	default.api.timeout.ms = 60000
	metadata.max.age.ms = 300000
	metric.reporters = []
	metrics.num.samples = 2
	metrics.recording.level = INFO
	metrics.sample.window.ms = 30000
	receive.buffer.bytes = 65536
	reconnect.backoff.max.ms = 1000
	reconnect.backoff.ms = 50
	request.timeout.ms = 30000
	retries = 2147483647
	retry.backoff.ms = 100
	sasl.client.callback.handler.class = null
	sasl.jaas.config = null
	sasl.kerberos.kinit.cmd = /usr/bin/kinit
	sasl.kerberos.min.time.before.relogin = 60000
	sasl.kerberos.service.name = null
	sasl.kerberos.ticket.renew.jitter = 0.05
	sasl.kerberos.ticket.renew.window.factor = 0.8
	sasl.login.callback.handler.class = null
	sasl.login.class = null
	sasl.login.refresh.buffer.seconds = 300
	sasl.login.refresh.min.period.seconds = 60
	sasl.login.refresh.window.factor = 0.8
	sasl.login.refresh.window.jitter = 0.05
	sasl.mechanism = GSSAPI
	security.protocol = PLAINTEXT
	security.providers = null
	send.buffer.bytes = 131072
	socket.connection.setup.timeout.max.ms = 30000
	socket.connection.setup.timeout.ms = 10000
	ssl.cipher.suites = null
	ssl.enabled.protocols = [TLSv1.2, TLSv1.3]
	ssl.endpoint.identification.algorithm = https
	ssl.engine.factory.class = null
	ssl.key.password = null
	ssl.keymanager.algorithm = SunX509
	ssl.keystore.certificate.chain = null
	ssl.keystore.key = null
	ssl.keystore.location = null
	ssl.keystore.password = null
	ssl.keystore.type = JKS
	ssl.protocol = TLSv1.3
	ssl.provider = null
	ssl.secure.random.implementation = null
	ssl.trustmanager.algorithm = PKIX
	ssl.truststore.certificates = null
	ssl.truststore.location = null
	ssl.truststore.password = null
	ssl.truststore.type = JKS

2023-03-16 09:58:21 [main] INFO  o.a.kafka.common.utils.AppInfoParser - Kafka version: 3.0.0
2023-03-16 09:58:21 [main] INFO  o.a.kafka.common.utils.AppInfoParser - Kafka commitId: 8cb0a5e9d3441962
2023-03-16 09:58:21 [main] INFO  o.a.kafka.common.utils.AppInfoParser - Kafka startTimeMs: 1678960701249
2023-03-16 09:58:26 [main] INFO  o.s.b.a.s.r.ReactiveUserDetailsServiceAutoConfiguration - 

Using generated security password: 543817b3-bc50-4793-95a1-433bc19b3697

2023-03-16 09:58:29 [main] INFO  o.s.b.w.e.netty.NettyWebServer - Netty started on port 8080
2023-03-16 09:58:30 [main] INFO  c.m.d.t.t.k.s.TwitterToKafkaServiceApplication - Started TwitterToKafkaServiceApplication in 38.149 seconds (JVM running for 43.695)
2023-03-16 09:58:30 [main] INFO  c.m.d.t.t.k.s.TwitterToKafkaServiceApplication - App starts...
2023-03-16 09:58:30 [main] INFO  c.m.d.k.a.client.KafkaAdminClient - Creating 1 topics(s), attempt 0
2023-03-16 09:58:30 [main] INFO  c.m.d.k.a.client.KafkaAdminClient - Create topic result [KafkaFuture{value=null,exception=null,done=false}]
2023-03-16 09:58:30 [main] INFO  c.m.d.k.a.client.KafkaAdminClient - Reading kafka topic [twitter-topic], attempt 0
2023-03-16 11:05:51 [main] INFO  c.m.d.t.t.k.s.TwitterToKafkaServiceApplication - Starting TwitterToKafkaServiceApplication v1.0-SNAPSHOT using Java 17.0.6 on 222c638af946 with PID 1265 (/workspace/BOOT-INF/classes started by root in /workspace)
2023-03-16 11:05:51 [main] INFO  c.m.d.t.t.k.s.TwitterToKafkaServiceApplication - The following profiles are active: twitter_to_kafka
2023-03-16 11:05:51 [main] INFO  o.s.c.c.c.ConfigServerConfigDataLoader - Fetching config from server at : http://config-server:8888
2023-03-16 11:05:51 [main] INFO  o.s.c.c.c.ConfigServerConfigDataLoader - Located environment: name=twitter-to-kafka-service,config-client, profiles=[twitter_to_kafka], label=null, version=e6768eb163e0ad200c9bd1d70af119e9ecc5b02d, state=null
2023-03-16 11:05:59 [main] INFO  o.s.cloud.context.scope.GenericScope - BeanFactory id=cf0df745-8253-340e-9daf-dad621476102
2023-03-16 11:06:02 [main] INFO  o.a.k.c.admin.AdminClientConfig - AdminClientConfig values: 
	bootstrap.servers = [kafka-broker-1:9092, kafka-broker-2:9092, kafka-broker-3:9092]
	client.dns.lookup = use_all_dns_ips
	client.id = 
	connections.max.idle.ms = 300000
	default.api.timeout.ms = 60000
	metadata.max.age.ms = 300000
	metric.reporters = []
	metrics.num.samples = 2
	metrics.recording.level = INFO
	metrics.sample.window.ms = 30000
	receive.buffer.bytes = 65536
	reconnect.backoff.max.ms = 1000
	reconnect.backoff.ms = 50
	request.timeout.ms = 30000
	retries = 2147483647
	retry.backoff.ms = 100
	sasl.client.callback.handler.class = null
	sasl.jaas.config = null
	sasl.kerberos.kinit.cmd = /usr/bin/kinit
	sasl.kerberos.min.time.before.relogin = 60000
	sasl.kerberos.service.name = null
	sasl.kerberos.ticket.renew.jitter = 0.05
	sasl.kerberos.ticket.renew.window.factor = 0.8
	sasl.login.callback.handler.class = null
	sasl.login.class = null
	sasl.login.refresh.buffer.seconds = 300
	sasl.login.refresh.min.period.seconds = 60
	sasl.login.refresh.window.factor = 0.8
	sasl.login.refresh.window.jitter = 0.05
	sasl.mechanism = GSSAPI
	security.protocol = PLAINTEXT
	security.providers = null
	send.buffer.bytes = 131072
	socket.connection.setup.timeout.max.ms = 30000
	socket.connection.setup.timeout.ms = 10000
	ssl.cipher.suites = null
	ssl.enabled.protocols = [TLSv1.2, TLSv1.3]
	ssl.endpoint.identification.algorithm = https
	ssl.engine.factory.class = null
	ssl.key.password = null
	ssl.keymanager.algorithm = SunX509
	ssl.keystore.certificate.chain = null
	ssl.keystore.key = null
	ssl.keystore.location = null
	ssl.keystore.password = null
	ssl.keystore.type = JKS
	ssl.protocol = TLSv1.3
	ssl.provider = null
	ssl.secure.random.implementation = null
	ssl.trustmanager.algorithm = PKIX
	ssl.truststore.certificates = null
	ssl.truststore.location = null
	ssl.truststore.password = null
	ssl.truststore.type = JKS

2023-03-16 11:06:03 [main] INFO  o.a.kafka.common.utils.AppInfoParser - Kafka version: 3.0.0
2023-03-16 11:06:03 [main] INFO  o.a.kafka.common.utils.AppInfoParser - Kafka commitId: 8cb0a5e9d3441962
2023-03-16 11:06:03 [main] INFO  o.a.kafka.common.utils.AppInfoParser - Kafka startTimeMs: 1678964763761
2023-03-16 11:06:09 [main] INFO  o.s.b.a.s.r.ReactiveUserDetailsServiceAutoConfiguration - 

Using generated security password: 5bee5095-b5f3-4405-ab59-033d7d6a130d

2023-03-16 11:06:12 [main] INFO  o.s.b.w.e.netty.NettyWebServer - Netty started on port 8080
2023-03-16 11:06:12 [main] INFO  c.m.d.t.t.k.s.TwitterToKafkaServiceApplication - Started TwitterToKafkaServiceApplication in 34.422 seconds (JVM running for 38.704)
2023-03-16 11:06:13 [main] INFO  c.m.d.t.t.k.s.TwitterToKafkaServiceApplication - App starts...
2023-03-16 11:06:13 [main] INFO  c.m.d.k.a.client.KafkaAdminClient - Creating 1 topics(s), attempt 0
2023-03-16 11:06:13 [main] INFO  c.m.d.k.a.client.KafkaAdminClient - Create topic result [KafkaFuture{value=null,exception=null,done=false}]
2023-03-16 11:06:13 [main] INFO  c.m.d.k.a.client.KafkaAdminClient - Reading kafka topic [twitter-topic], attempt 0
2023-03-16 11:06:17 [main] INFO  c.m.d.t.t.k.s.i.i.KafkaStreamInitializer - Topics with name twitter-topic is ready for operations!
2023-03-16 11:06:17 [main] INFO  c.m.d.t.t.k.s.r.i.MockKafkaStreamRunner - Starting mock filtering twitter streams for keywords [Java, Microservices, Kafka, Elasticsearch]
2023-03-16 11:06:18 [pool-3-thread-1] INFO  c.m.d.t.t.k.s.l.TwitterKafkaStatusListener - Received status text sit purus porttitor Lorem malesuada sit elit sed Elasticsearch sit massa Lorem sit porttitor ipsum ipsum sending to kafka topic twitter-topic
2023-03-16 11:06:18 [pool-3-thread-1] INFO  c.m.d.k.p.c.s.i.TwitterKafkaProducer - Sending message='{"userId": 2592086708417287288, "id": 8716476553347900991, "text": "sit purus porttitor Lorem malesuada sit elit sed Elasticsearch sit massa Lorem sit porttitor ipsum ipsum", "createdAt": 1678964777000}' to topic='twitter-topic'
2023-03-16 11:06:18 [pool-3-thread-1] INFO  o.a.k.c.producer.ProducerConfig - ProducerConfig values: 
	acks = -1
	batch.size = 1638400
	bootstrap.servers = [kafka-broker-1:9092, kafka-broker-2:9092, kafka-broker-3:9092]
	buffer.memory = 33554432
	client.dns.lookup = use_all_dns_ips
	client.id = producer-1
	compression.type = gzip
	connections.max.idle.ms = 540000
	delivery.timeout.ms = 120000
	enable.idempotence = true
	interceptor.classes = []
	key.serializer = class org.apache.kafka.common.serialization.LongSerializer
	linger.ms = 5
	max.block.ms = 60000
	max.in.flight.requests.per.connection = 5
	max.request.size = 1048576
	metadata.max.age.ms = 300000
	metadata.max.idle.ms = 300000
	metric.reporters = []
	metrics.num.samples = 2
	metrics.recording.level = INFO
	metrics.sample.window.ms = 30000
	partitioner.class = class org.apache.kafka.clients.producer.internals.DefaultPartitioner
	receive.buffer.bytes = 32768
	reconnect.backoff.max.ms = 1000
	reconnect.backoff.ms = 50
	request.timeout.ms = 60000
	retries = 5
	retry.backoff.ms = 100
	sasl.client.callback.handler.class = null
	sasl.jaas.config = null
	sasl.kerberos.kinit.cmd = /usr/bin/kinit
	sasl.kerberos.min.time.before.relogin = 60000
	sasl.kerberos.service.name = null
	sasl.kerberos.ticket.renew.jitter = 0.05
	sasl.kerberos.ticket.renew.window.factor = 0.8
	sasl.login.callback.handler.class = null
	sasl.login.class = null
	sasl.login.refresh.buffer.seconds = 300
	sasl.login.refresh.min.period.seconds = 60
	sasl.login.refresh.window.factor = 0.8
	sasl.login.refresh.window.jitter = 0.05
	sasl.mechanism = GSSAPI
	security.protocol = PLAINTEXT
	security.providers = null
	send.buffer.bytes = 131072
	socket.connection.setup.timeout.max.ms = 30000
	socket.connection.setup.timeout.ms = 10000
	ssl.cipher.suites = null
	ssl.enabled.protocols = [TLSv1.2, TLSv1.3]
	ssl.endpoint.identification.algorithm = https
	ssl.engine.factory.class = null
	ssl.key.password = null
	ssl.keymanager.algorithm = SunX509
	ssl.keystore.certificate.chain = null
	ssl.keystore.key = null
	ssl.keystore.location = null
	ssl.keystore.password = null
	ssl.keystore.type = JKS
	ssl.protocol = TLSv1.3
	ssl.provider = null
	ssl.secure.random.implementation = null
	ssl.trustmanager.algorithm = PKIX
	ssl.truststore.certificates = null
	ssl.truststore.location = null
	ssl.truststore.password = null
	ssl.truststore.type = JKS
	transaction.timeout.ms = 60000
	transactional.id = null
	value.serializer = class io.confluent.kafka.serializers.KafkaAvroSerializer

2023-03-16 11:06:18 [pool-3-thread-1] INFO  i.c.k.s.KafkaAvroSerializerConfig - KafkaAvroSerializerConfig values: 
	bearer.auth.token = [hidden]
	proxy.port = -1
	schema.reflection = false
	auto.register.schemas = true
	max.schemas.per.subject = 1000
	basic.auth.credentials.source = URL
	value.subject.name.strategy = class io.confluent.kafka.serializers.subject.TopicNameStrategy
	schema.registry.url = [http://schema-registry:8081]
	basic.auth.user.info = [hidden]
	proxy.host = 
	use.latest.version = false
	schema.registry.basic.auth.user.info = [hidden]
	bearer.auth.credentials.source = STATIC_TOKEN
	key.subject.name.strategy = class io.confluent.kafka.serializers.subject.TopicNameStrategy

2023-03-16 11:06:19 [pool-3-thread-1] INFO  o.a.kafka.common.utils.AppInfoParser - Kafka version: 3.0.0
2023-03-16 11:06:19 [pool-3-thread-1] INFO  o.a.kafka.common.utils.AppInfoParser - Kafka commitId: 8cb0a5e9d3441962
2023-03-16 11:06:19 [pool-3-thread-1] INFO  o.a.kafka.common.utils.AppInfoParser - Kafka startTimeMs: 1678964779079
2023-03-16 11:06:19 [kafka-producer-network-thread | producer-1] INFO  org.apache.kafka.clients.Metadata - [Producer clientId=producer-1] Cluster ID: xvkx3JlLQnSHrr7W9kRRIA
2023-03-16 11:06:32 [pool-3-thread-1] INFO  c.m.d.t.t.k.s.l.TwitterKafkaStatusListener - Received status text Lorem purus Lorem Maecenas porttitor Kafka dolor magna Maecenas elit sending to kafka topic twitter-topic
2023-03-16 11:06:32 [pool-3-thread-1] INFO  c.m.d.k.p.c.s.i.TwitterKafkaProducer - Sending message='{"userId": 3015824171578281178, "id": 1039604332074805735, "text": "Lorem purus Lorem Maecenas porttitor Kafka dolor magna Maecenas elit", "createdAt": 1678964792000}' to topic='twitter-topic'
2023-03-16 11:06:42 [pool-3-thread-1] INFO  c.m.d.t.t.k.s.l.TwitterKafkaStatusListener - Received status text lectus elit dolor Microservices porttitor porttitor sending to kafka topic twitter-topic
2023-03-16 11:06:42 [pool-3-thread-1] INFO  c.m.d.k.p.c.s.i.TwitterKafkaProducer - Sending message='{"userId": 4909937599804506838, "id": 4511129664064221109, "text": "lectus elit dolor Microservices porttitor porttitor", "createdAt": 1678964802000}' to topic='twitter-topic'
2023-03-16 11:06:52 [pool-3-thread-1] INFO  c.m.d.t.t.k.s.l.TwitterKafkaStatusListener - Received status text porttitor libero sit magna libero dolor Microservices sed dolor Maecenas consectetuer sending to kafka topic twitter-topic
2023-03-16 11:06:52 [pool-3-thread-1] INFO  c.m.d.k.p.c.s.i.TwitterKafkaProducer - Sending message='{"userId": 1120921116607900404, "id": 6083239389501812467, "text": "porttitor libero sit magna libero dolor Microservices sed dolor Maecenas consectetuer", "createdAt": 1678964812000}' to topic='twitter-topic'
2023-03-16 11:07:02 [pool-3-thread-1] INFO  c.m.d.t.t.k.s.l.TwitterKafkaStatusListener - Received status text dolor adipiscing adipiscing sit Fusce sed Java malesuada adipiscing pulvinar ipsum pulvinar sending to kafka topic twitter-topic
2023-03-16 11:07:02 [pool-3-thread-1] INFO  c.m.d.k.p.c.s.i.TwitterKafkaProducer - Sending message='{"userId": 5550857459248166430, "id": 114905087876513994, "text": "dolor adipiscing adipiscing sit Fusce sed Java malesuada adipiscing pulvinar ipsum pulvinar", "createdAt": 1678964822000}' to topic='twitter-topic'
2023-03-16 11:07:12 [pool-3-thread-1] INFO  c.m.d.t.t.k.s.l.TwitterKafkaStatusListener - Received status text lectus malesuada adipiscing congue purus malesuada adipiscing ultricies Kafka amet lectus purus Lorem magna sit ipsum sending to kafka topic twitter-topic
2023-03-16 11:07:12 [pool-3-thread-1] INFO  c.m.d.k.p.c.s.i.TwitterKafkaProducer - Sending message='{"userId": 3772287511483334310, "id": 6667119525734187607, "text": "lectus malesuada adipiscing congue purus malesuada adipiscing ultricies Kafka amet lectus purus Lorem magna sit ipsum", "createdAt": 1678964832000}' to topic='twitter-topic'
2023-03-16 11:07:22 [pool-3-thread-1] INFO  c.m.d.t.t.k.s.l.TwitterKafkaStatusListener - Received status text Maecenas libero posuere magna Lorem malesuada Lorem Java elit purus malesuada ipsum sed sending to kafka topic twitter-topic
2023-03-16 11:07:22 [pool-3-thread-1] INFO  c.m.d.k.p.c.s.i.TwitterKafkaProducer - Sending message='{"userId": 3750982477073115070, "id": 5576862082670656230, "text": "Maecenas libero posuere magna Lorem malesuada Lorem Java elit purus malesuada ipsum sed", "createdAt": 1678964842000}' to topic='twitter-topic'
2023-03-16 11:07:32 [pool-3-thread-1] INFO  c.m.d.t.t.k.s.l.TwitterKafkaStatusListener - Received status text sit ipsum libero massa sed pulvinar Kafka elit ultricies massa posuere massa sending to kafka topic twitter-topic
2023-03-16 11:07:32 [pool-3-thread-1] INFO  c.m.d.k.p.c.s.i.TwitterKafkaProducer - Sending message='{"userId": 3041504051192753862, "id": 7103380431696835267, "text": "sit ipsum libero massa sed pulvinar Kafka elit ultricies massa posuere massa", "createdAt": 1678964852000}' to topic='twitter-topic'
2023-03-16 11:07:42 [pool-3-thread-1] INFO  c.m.d.t.t.k.s.l.TwitterKafkaStatusListener - Received status text purus magna porttitor consectetuer elit magna Java posuere dolor magna libero sit sending to kafka topic twitter-topic
2023-03-16 11:07:42 [pool-3-thread-1] INFO  c.m.d.k.p.c.s.i.TwitterKafkaProducer - Sending message='{"userId": 1040323973428328231, "id": 1306437226681293905, "text": "purus magna porttitor consectetuer elit magna Java posuere dolor magna libero sit", "createdAt": 1678964862000}' to topic='twitter-topic'
2023-03-16 11:07:52 [pool-3-thread-1] INFO  c.m.d.t.t.k.s.l.TwitterKafkaStatusListener - Received status text Fusce magna ultricies dolor Java pulvinar congue consectetuer sending to kafka topic twitter-topic
2023-03-16 11:07:52 [pool-3-thread-1] INFO  c.m.d.k.p.c.s.i.TwitterKafkaProducer - Sending message='{"userId": 2622641139761815902, "id": 3322745675518974445, "text": "Fusce magna ultricies dolor Java pulvinar congue consectetuer", "createdAt": 1678964872000}' to topic='twitter-topic'
2023-03-16 11:08:02 [pool-3-thread-1] INFO  c.m.d.t.t.k.s.l.TwitterKafkaStatusListener - Received status text amet sit Lorem posuere massa Kafka amet congue pulvinar Fusce sending to kafka topic twitter-topic
2023-03-16 11:08:02 [pool-3-thread-1] INFO  c.m.d.k.p.c.s.i.TwitterKafkaProducer - Sending message='{"userId": 5582260538225380891, "id": 8421811749916205649, "text": "amet sit Lorem posuere massa Kafka amet congue pulvinar Fusce", "createdAt": 1678964882000}' to topic='twitter-topic'
2023-03-16 11:08:12 [pool-3-thread-1] INFO  c.m.d.t.t.k.s.l.TwitterKafkaStatusListener - Received status text congue posuere posuere Lorem Fusce elit Elasticsearch lectus magna posuere consectetuer sending to kafka topic twitter-topic
2023-03-16 11:08:12 [pool-3-thread-1] INFO  c.m.d.k.p.c.s.i.TwitterKafkaProducer - Sending message='{"userId": 6725402239207999378, "id": 1988767100235895981, "text": "congue posuere posuere Lorem Fusce elit Elasticsearch lectus magna posuere consectetuer", "createdAt": 1678964892000}' to topic='twitter-topic'
2023-03-16 11:08:22 [pool-3-thread-1] INFO  c.m.d.t.t.k.s.l.TwitterKafkaStatusListener - Received status text purus congue sed massa posuere libero consectetuer Elasticsearch pulvinar Fusce malesuada massa massa posuere sending to kafka topic twitter-topic
2023-03-16 11:08:22 [pool-3-thread-1] INFO  c.m.d.k.p.c.s.i.TwitterKafkaProducer - Sending message='{"userId": 5380533651179355757, "id": 1619670235619273547, "text": "purus congue sed massa posuere libero consectetuer Elasticsearch pulvinar Fusce malesuada massa massa posuere", "createdAt": 1678964902000}' to topic='twitter-topic'
2023-03-16 11:08:32 [pool-3-thread-1] INFO  c.m.d.t.t.k.s.l.TwitterKafkaStatusListener - Received status text purus purus dolor ipsum pulvinar dolor pulvinar ipsum Java congue libero sit pulvinar Fusce pulvinar sending to kafka topic twitter-topic
2023-03-16 11:08:32 [pool-3-thread-1] INFO  c.m.d.k.p.c.s.i.TwitterKafkaProducer - Sending message='{"userId": 588369588669340618, "id": 7422983449684057860, "text": "purus purus dolor ipsum pulvinar dolor pulvinar ipsum Java congue libero sit pulvinar Fusce pulvinar", "createdAt": 1678964912000}' to topic='twitter-topic'
2023-03-16 11:08:42 [pool-3-thread-1] INFO  c.m.d.t.t.k.s.l.TwitterKafkaStatusListener - Received status text consectetuer ultricies consectetuer ultricies sit massa Java porttitor amet magna lectus congue sending to kafka topic twitter-topic
2023-03-16 11:08:42 [pool-3-thread-1] INFO  c.m.d.k.p.c.s.i.TwitterKafkaProducer - Sending message='{"userId": 9026051849125953737, "id": 5114655573504858596, "text": "consectetuer ultricies consectetuer ultricies sit massa Java porttitor amet magna lectus congue", "createdAt": 1678964922000}' to topic='twitter-topic'
2023-03-16 11:08:52 [pool-3-thread-1] INFO  c.m.d.t.t.k.s.l.TwitterKafkaStatusListener - Received status text massa sed sit purus congue massa Kafka elit lectus dolor lectus sending to kafka topic twitter-topic
2023-03-16 11:08:52 [pool-3-thread-1] INFO  c.m.d.k.p.c.s.i.TwitterKafkaProducer - Sending message='{"userId": 1521641537115564810, "id": 4136013307810546793, "text": "massa sed sit purus congue massa Kafka elit lectus dolor lectus", "createdAt": 1678964932000}' to topic='twitter-topic'
2023-03-16 11:09:02 [pool-3-thread-1] INFO  c.m.d.t.t.k.s.l.TwitterKafkaStatusListener - Received status text lectus sed pulvinar pulvinar lectus adipiscing adipiscing Lorem Kafka congue malesuada lectus dolor malesuada adipiscing ipsum sending to kafka topic twitter-topic
2023-03-16 11:09:02 [pool-3-thread-1] INFO  c.m.d.k.p.c.s.i.TwitterKafkaProducer - Sending message='{"userId": 4518883542180058690, "id": 3436500700445625009, "text": "lectus sed pulvinar pulvinar lectus adipiscing adipiscing Lorem Kafka congue malesuada lectus dolor malesuada adipiscing ipsum", "createdAt": 1678964942000}' to topic='twitter-topic'
2023-03-16 11:09:12 [pool-3-thread-1] INFO  c.m.d.t.t.k.s.l.TwitterKafkaStatusListener - Received status text Maecenas Maecenas congue elit Fusce Microservices libero Lorem sed dolor sending to kafka topic twitter-topic
2023-03-16 11:09:12 [pool-3-thread-1] INFO  c.m.d.k.p.c.s.i.TwitterKafkaProducer - Sending message='{"userId": 64505596164748291, "id": 3406085985698039827, "text": "Maecenas Maecenas congue elit Fusce Microservices libero Lorem sed dolor", "createdAt": 1678964952000}' to topic='twitter-topic'
2023-03-16 11:09:22 [pool-3-thread-1] INFO  c.m.d.t.t.k.s.l.TwitterKafkaStatusListener - Received status text Maecenas consectetuer purus ultricies libero porttitor adipiscing posuere Java Fusce sed massa sed porttitor magna Lorem sending to kafka topic twitter-topic
2023-03-16 11:09:22 [pool-3-thread-1] INFO  c.m.d.k.p.c.s.i.TwitterKafkaProducer - Sending message='{"userId": 4658103936868685767, "id": 1501627759873298280, "text": "Maecenas consectetuer purus ultricies libero porttitor adipiscing posuere Java Fusce sed massa sed porttitor magna Lorem", "createdAt": 1678964962000}' to topic='twitter-topic'
2023-03-16 11:09:32 [pool-3-thread-1] INFO  c.m.d.t.t.k.s.l.TwitterKafkaStatusListener - Received status text elit dolor elit Fusce dolor sed adipiscing Elasticsearch lectus posuere Lorem posuere dolor sending to kafka topic twitter-topic
2023-03-16 11:09:32 [pool-3-thread-1] INFO  c.m.d.k.p.c.s.i.TwitterKafkaProducer - Sending message='{"userId": 2605478275189200807, "id": 2045057688194053826, "text": "elit dolor elit Fusce dolor sed adipiscing Elasticsearch lectus posuere Lorem posuere dolor", "createdAt": 1678964972000}' to topic='twitter-topic'
2023-03-16 11:09:42 [pool-3-thread-1] INFO  c.m.d.t.t.k.s.l.TwitterKafkaStatusListener - Received status text pulvinar posuere congue malesuada malesuada Kafka porttitor congue adipiscing sending to kafka topic twitter-topic
2023-03-16 11:09:42 [pool-3-thread-1] INFO  c.m.d.k.p.c.s.i.TwitterKafkaProducer - Sending message='{"userId": 4687696861988635001, "id": 5843199287045270755, "text": "pulvinar posuere congue malesuada malesuada Kafka porttitor congue adipiscing", "createdAt": 1678964982000}' to topic='twitter-topic'
2023-03-16 11:09:52 [pool-3-thread-1] INFO  c.m.d.t.t.k.s.l.TwitterKafkaStatusListener - Received status text dolor pulvinar Fusce purus Kafka magna posuere sending to kafka topic twitter-topic
2023-03-16 11:09:52 [pool-3-thread-1] INFO  c.m.d.k.p.c.s.i.TwitterKafkaProducer - Sending message='{"userId": 8567318716551129042, "id": 7736457974467605727, "text": "dolor pulvinar Fusce purus Kafka magna posuere", "createdAt": 1678964992000}' to topic='twitter-topic'
2023-03-16 11:10:02 [pool-3-thread-1] INFO  c.m.d.t.t.k.s.l.TwitterKafkaStatusListener - Received status text lectus sit dolor sit libero adipiscing Elasticsearch sed consectetuer Lorem massa sending to kafka topic twitter-topic
2023-03-16 11:10:02 [pool-3-thread-1] INFO  c.m.d.k.p.c.s.i.TwitterKafkaProducer - Sending message='{"userId": 1804727624983824345, "id": 8858804830420521718, "text": "lectus sit dolor sit libero adipiscing Elasticsearch sed consectetuer Lorem massa", "createdAt": 1678965002000}' to topic='twitter-topic'
2023-03-16 11:10:12 [pool-3-thread-1] INFO  c.m.d.t.t.k.s.l.TwitterKafkaStatusListener - Received status text sit massa elit libero amet amet porttitor Elasticsearch lectus ipsum consectetuer Lorem massa sed sending to kafka topic twitter-topic
2023-03-16 11:10:12 [pool-3-thread-1] INFO  c.m.d.k.p.c.s.i.TwitterKafkaProducer - Sending message='{"userId": 4097865743399041998, "id": 6470695484781804977, "text": "sit massa elit libero amet amet porttitor Elasticsearch lectus ipsum consectetuer Lorem massa sed", "createdAt": 1678965012000}' to topic='twitter-topic'
2023-03-16 11:10:22 [pool-3-thread-1] INFO  c.m.d.t.t.k.s.l.TwitterKafkaStatusListener - Received status text pulvinar dolor elit sed lectus Fusce Elasticsearch Fusce porttitor sed massa malesuada sending to kafka topic twitter-topic
2023-03-16 11:10:22 [pool-3-thread-1] INFO  c.m.d.k.p.c.s.i.TwitterKafkaProducer - Sending message='{"userId": 5897123762638160376, "id": 7680509608316900371, "text": "pulvinar dolor elit sed lectus Fusce Elasticsearch Fusce porttitor sed massa malesuada", "createdAt": 1678965022000}' to topic='twitter-topic'
