2023-03-20 10:31:50 [main] INFO  c.m.d.t.t.k.s.TwitterToKafkaServiceApplication - Starting TwitterToKafkaServiceApplication v1.0-SNAPSHOT using Java 17.0.6 on dd50fea08622 with PID 1298 (/workspace/BOOT-INF/classes started by root in /workspace)
2023-03-20 10:31:50 [main] INFO  c.m.d.t.t.k.s.TwitterToKafkaServiceApplication - The following 1 profile is active: "twitter_to_kafka"
2023-03-20 10:31:51 [main] INFO  o.s.c.c.c.ConfigServerConfigDataLoader - Fetching config from server at : http://config-server:8888
2023-03-20 10:31:51 [main] INFO  o.s.c.c.c.ConfigServerConfigDataLoader - Located environment: name=twitter-to-kafka-service,config-client, profiles=[twitter_to_kafka], label=null, version=ab6430f3a237168d319273bdae850986ec1645a0, state=null
2023-03-20 10:32:08 [main] INFO  o.s.cloud.context.scope.GenericScope - BeanFactory id=d96cb1a3-f31d-352c-848e-1b5fbd2ae3f6
2023-03-20 10:32:17 [main] INFO  o.a.k.c.admin.AdminClientConfig - AdminClientConfig values: 
	bootstrap.servers = [kafka-broker-1:9092, kafka-broker-2:9092, kafka-broker-3:9092]
	client.dns.lookup = use_all_dns_ips
	client.id = 
	connections.max.idle.ms = 300000
	default.api.timeout.ms = 60000
	metadata.max.age.ms = 300000
	metric.reporters = []
	metrics.num.samples = 2
	metrics.recording.level = INFO
	metrics.sample.window.ms = 30000
	receive.buffer.bytes = 65536
	reconnect.backoff.max.ms = 1000
	reconnect.backoff.ms = 50
	request.timeout.ms = 30000
	retries = 2147483647
	retry.backoff.ms = 100
	sasl.client.callback.handler.class = null
	sasl.jaas.config = null
	sasl.kerberos.kinit.cmd = /usr/bin/kinit
	sasl.kerberos.min.time.before.relogin = 60000
	sasl.kerberos.service.name = null
	sasl.kerberos.ticket.renew.jitter = 0.05
	sasl.kerberos.ticket.renew.window.factor = 0.8
	sasl.login.callback.handler.class = null
	sasl.login.class = null
	sasl.login.connect.timeout.ms = null
	sasl.login.read.timeout.ms = null
	sasl.login.refresh.buffer.seconds = 300
	sasl.login.refresh.min.period.seconds = 60
	sasl.login.refresh.window.factor = 0.8
	sasl.login.refresh.window.jitter = 0.05
	sasl.login.retry.backoff.max.ms = 10000
	sasl.login.retry.backoff.ms = 100
	sasl.mechanism = GSSAPI
	sasl.oauthbearer.clock.skew.seconds = 30
	sasl.oauthbearer.expected.audience = null
	sasl.oauthbearer.expected.issuer = null
	sasl.oauthbearer.jwks.endpoint.refresh.ms = 3600000
	sasl.oauthbearer.jwks.endpoint.retry.backoff.max.ms = 10000
	sasl.oauthbearer.jwks.endpoint.retry.backoff.ms = 100
	sasl.oauthbearer.jwks.endpoint.url = null
	sasl.oauthbearer.scope.claim.name = scope
	sasl.oauthbearer.sub.claim.name = sub
	sasl.oauthbearer.token.endpoint.url = null
	security.protocol = PLAINTEXT
	security.providers = null
	send.buffer.bytes = 131072
	socket.connection.setup.timeout.max.ms = 30000
	socket.connection.setup.timeout.ms = 10000
	ssl.cipher.suites = null
	ssl.enabled.protocols = [TLSv1.2, TLSv1.3]
	ssl.endpoint.identification.algorithm = https
	ssl.engine.factory.class = null
	ssl.key.password = null
	ssl.keymanager.algorithm = SunX509
	ssl.keystore.certificate.chain = null
	ssl.keystore.key = null
	ssl.keystore.location = null
	ssl.keystore.password = null
	ssl.keystore.type = JKS
	ssl.protocol = TLSv1.3
	ssl.provider = null
	ssl.secure.random.implementation = null
	ssl.trustmanager.algorithm = PKIX
	ssl.truststore.certificates = null
	ssl.truststore.location = null
	ssl.truststore.password = null
	ssl.truststore.type = JKS

2023-03-20 10:32:20 [main] INFO  o.a.kafka.common.utils.AppInfoParser - Kafka version: 3.1.2
2023-03-20 10:32:20 [main] INFO  o.a.kafka.common.utils.AppInfoParser - Kafka commitId: f8c67dc3ae0a3265
2023-03-20 10:32:20 [main] INFO  o.a.kafka.common.utils.AppInfoParser - Kafka startTimeMs: 1679308340047
2023-03-20 10:32:29 [main] INFO  o.s.b.a.s.r.ReactiveUserDetailsServiceAutoConfiguration - 

Using generated security password: 82f47ade-b8f8-4236-8f38-439910e207f4

2023-03-20 10:32:37 [main] INFO  o.s.b.w.e.netty.NettyWebServer - Netty started on port 8080
2023-03-20 10:32:38 [main] INFO  c.m.d.t.t.k.s.TwitterToKafkaServiceApplication - Started TwitterToKafkaServiceApplication in 77.203 seconds (JVM running for 95.487)
2023-03-20 10:32:38 [main] INFO  c.m.d.t.t.k.s.TwitterToKafkaServiceApplication - App starts...
2023-03-20 10:32:38 [main] INFO  c.m.d.k.a.client.KafkaAdminClient - Creating 1 topics(s), attempt 0
2023-03-20 10:32:38 [main] INFO  c.m.d.k.a.client.KafkaAdminClient - Create topic result [KafkaFuture{value=null,exception=null,done=false}]
2023-03-20 10:32:38 [main] INFO  c.m.d.k.a.client.KafkaAdminClient - Reading kafka topic [twitter-topic], attempt 0
2023-03-20 10:32:40 [main] INFO  c.m.d.k.a.client.KafkaAdminClient - Reading kafka topic [twitter-topic], attempt 0
2023-03-20 10:32:47 [main] INFO  c.m.d.t.t.k.s.i.i.KafkaStreamInitializer - Topics with name twitter-topic is ready for operations!
2023-03-20 10:32:47 [main] INFO  c.m.d.t.t.k.s.r.i.MockKafkaStreamRunner - Starting mock filtering twitter streams for keywords [Java, Microservices, Kafka, Elasticsearch]
2023-03-20 10:32:49 [pool-4-thread-1] INFO  c.m.d.t.t.k.s.l.TwitterKafkaStatusListener - Received status text ultricies porttitor Fusce elit Fusce pulvinar Lorem Microservices pulvinar massa Fusce Fusce purus sending to kafka topic twitter-topic
2023-03-20 10:32:51 [pool-4-thread-1] INFO  c.m.d.k.p.c.s.i.TwitterKafkaProducer - Sending message='{"userId": 8465697474489218404, "id": 7940429040454345910, "text": "ultricies porttitor Fusce elit Fusce pulvinar Lorem Microservices pulvinar massa Fusce Fusce purus", "createdAt": 1679308367000}' to topic='twitter-topic'
2023-03-20 10:32:51 [pool-4-thread-1] INFO  o.a.k.c.producer.ProducerConfig - ProducerConfig values: 
	acks = -1
	batch.size = 1638400
	bootstrap.servers = [kafka-broker-1:9092, kafka-broker-2:9092, kafka-broker-3:9092]
	buffer.memory = 33554432
	client.dns.lookup = use_all_dns_ips
	client.id = producer-1
	compression.type = gzip
	connections.max.idle.ms = 540000
	delivery.timeout.ms = 120000
	enable.idempotence = true
	interceptor.classes = []
	key.serializer = class org.apache.kafka.common.serialization.LongSerializer
	linger.ms = 5
	max.block.ms = 60000
	max.in.flight.requests.per.connection = 5
	max.request.size = 1048576
	metadata.max.age.ms = 300000
	metadata.max.idle.ms = 300000
	metric.reporters = []
	metrics.num.samples = 2
	metrics.recording.level = INFO
	metrics.sample.window.ms = 30000
	partitioner.class = class org.apache.kafka.clients.producer.internals.DefaultPartitioner
	receive.buffer.bytes = 32768
	reconnect.backoff.max.ms = 1000
	reconnect.backoff.ms = 50
	request.timeout.ms = 60000
	retries = 5
	retry.backoff.ms = 100
	sasl.client.callback.handler.class = null
	sasl.jaas.config = null
	sasl.kerberos.kinit.cmd = /usr/bin/kinit
	sasl.kerberos.min.time.before.relogin = 60000
	sasl.kerberos.service.name = null
	sasl.kerberos.ticket.renew.jitter = 0.05
	sasl.kerberos.ticket.renew.window.factor = 0.8
	sasl.login.callback.handler.class = null
	sasl.login.class = null
	sasl.login.connect.timeout.ms = null
	sasl.login.read.timeout.ms = null
	sasl.login.refresh.buffer.seconds = 300
	sasl.login.refresh.min.period.seconds = 60
	sasl.login.refresh.window.factor = 0.8
	sasl.login.refresh.window.jitter = 0.05
	sasl.login.retry.backoff.max.ms = 10000
	sasl.login.retry.backoff.ms = 100
	sasl.mechanism = GSSAPI
	sasl.oauthbearer.clock.skew.seconds = 30
	sasl.oauthbearer.expected.audience = null
	sasl.oauthbearer.expected.issuer = null
	sasl.oauthbearer.jwks.endpoint.refresh.ms = 3600000
	sasl.oauthbearer.jwks.endpoint.retry.backoff.max.ms = 10000
	sasl.oauthbearer.jwks.endpoint.retry.backoff.ms = 100
	sasl.oauthbearer.jwks.endpoint.url = null
	sasl.oauthbearer.scope.claim.name = scope
	sasl.oauthbearer.sub.claim.name = sub
	sasl.oauthbearer.token.endpoint.url = null
	security.protocol = PLAINTEXT
	security.providers = null
	send.buffer.bytes = 131072
	socket.connection.setup.timeout.max.ms = 30000
	socket.connection.setup.timeout.ms = 10000
	ssl.cipher.suites = null
	ssl.enabled.protocols = [TLSv1.2, TLSv1.3]
	ssl.endpoint.identification.algorithm = https
	ssl.engine.factory.class = null
	ssl.key.password = null
	ssl.keymanager.algorithm = SunX509
	ssl.keystore.certificate.chain = null
	ssl.keystore.key = null
	ssl.keystore.location = null
	ssl.keystore.password = null
	ssl.keystore.type = JKS
	ssl.protocol = TLSv1.3
	ssl.provider = null
	ssl.secure.random.implementation = null
	ssl.trustmanager.algorithm = PKIX
	ssl.truststore.certificates = null
	ssl.truststore.location = null
	ssl.truststore.password = null
	ssl.truststore.type = JKS
	transaction.timeout.ms = 60000
	transactional.id = null
	value.serializer = class io.confluent.kafka.serializers.KafkaAvroSerializer

2023-03-20 10:32:51 [pool-4-thread-1] INFO  i.c.k.s.KafkaAvroSerializerConfig - KafkaAvroSerializerConfig values: 
	bearer.auth.token = [hidden]
	proxy.port = -1
	schema.reflection = false
	auto.register.schemas = true
	max.schemas.per.subject = 1000
	basic.auth.credentials.source = URL
	value.subject.name.strategy = class io.confluent.kafka.serializers.subject.TopicNameStrategy
	schema.registry.url = [http://schema-registry:8081]
	basic.auth.user.info = [hidden]
	proxy.host = 
	use.latest.version = false
	schema.registry.basic.auth.user.info = [hidden]
	bearer.auth.credentials.source = STATIC_TOKEN
	key.subject.name.strategy = class io.confluent.kafka.serializers.subject.TopicNameStrategy

2023-03-20 10:32:52 [pool-4-thread-1] INFO  o.a.k.clients.producer.KafkaProducer - [Producer clientId=producer-1] Instantiated an idempotent producer.
2023-03-20 10:32:52 [pool-4-thread-1] INFO  o.a.kafka.common.utils.AppInfoParser - Kafka version: 3.1.2
2023-03-20 10:32:52 [pool-4-thread-1] INFO  o.a.kafka.common.utils.AppInfoParser - Kafka commitId: f8c67dc3ae0a3265
2023-03-20 10:32:52 [pool-4-thread-1] INFO  o.a.kafka.common.utils.AppInfoParser - Kafka startTimeMs: 1679308372800
2023-03-20 10:32:53 [kafka-producer-network-thread | producer-1] INFO  org.apache.kafka.clients.Metadata - [Producer clientId=producer-1] Cluster ID: IOMRlx-VTM2QZv6RXfhHig
2023-03-20 10:32:53 [kafka-producer-network-thread | producer-1] INFO  org.apache.kafka.clients.Metadata - [Producer clientId=producer-1] Resetting the last seen epoch of partition twitter-topic-0 to 0 since the associated topicId changed from null to 0CNFVPZHR2CwhjpUwFV3HQ
2023-03-20 10:32:53 [kafka-producer-network-thread | producer-1] INFO  org.apache.kafka.clients.Metadata - [Producer clientId=producer-1] Resetting the last seen epoch of partition twitter-topic-1 to 0 since the associated topicId changed from null to 0CNFVPZHR2CwhjpUwFV3HQ
2023-03-20 10:32:53 [kafka-producer-network-thread | producer-1] INFO  org.apache.kafka.clients.Metadata - [Producer clientId=producer-1] Resetting the last seen epoch of partition twitter-topic-2 to 0 since the associated topicId changed from null to 0CNFVPZHR2CwhjpUwFV3HQ
2023-03-20 10:32:53 [kafka-producer-network-thread | producer-1] INFO  o.a.k.c.p.i.TransactionManager - [Producer clientId=producer-1] ProducerId set to 0 with epoch 0
2023-03-20 10:33:06 [pool-4-thread-1] INFO  c.m.d.t.t.k.s.l.TwitterKafkaStatusListener - Received status text consectetuer ipsum purus massa Kafka lectus porttitor sed sending to kafka topic twitter-topic
2023-03-20 10:33:07 [pool-4-thread-1] INFO  c.m.d.k.p.c.s.i.TwitterKafkaProducer - Sending message='{"userId": 7910921282839338004, "id": 769488778154355766, "text": "consectetuer ipsum purus massa Kafka lectus porttitor sed", "createdAt": 1679308386000}' to topic='twitter-topic'
2023-03-20 10:33:17 [pool-4-thread-1] INFO  c.m.d.t.t.k.s.l.TwitterKafkaStatusListener - Received status text elit Lorem congue Kafka Fusce posuere sending to kafka topic twitter-topic
2023-03-20 10:33:17 [pool-4-thread-1] INFO  c.m.d.k.p.c.s.i.TwitterKafkaProducer - Sending message='{"userId": 1954828271387245888, "id": 2589397785256161697, "text": "elit Lorem congue Kafka Fusce posuere", "createdAt": 1679308397000}' to topic='twitter-topic'
2023-03-20 10:33:27 [pool-4-thread-1] INFO  c.m.d.t.t.k.s.l.TwitterKafkaStatusListener - Received status text malesuada consectetuer purus adipiscing posuere Microservices massa magna purus sending to kafka topic twitter-topic
2023-03-20 10:33:27 [pool-4-thread-1] INFO  c.m.d.k.p.c.s.i.TwitterKafkaProducer - Sending message='{"userId": 7710473609878137472, "id": 2625620390268473607, "text": "malesuada consectetuer purus adipiscing posuere Microservices massa magna purus", "createdAt": 1679308407000}' to topic='twitter-topic'
2023-03-20 10:33:37 [pool-4-thread-1] INFO  c.m.d.t.t.k.s.l.TwitterKafkaStatusListener - Received status text libero porttitor adipiscing dolor magna purus Kafka elit dolor Maecenas lectus sending to kafka topic twitter-topic
2023-03-20 10:33:37 [pool-4-thread-1] INFO  c.m.d.k.p.c.s.i.TwitterKafkaProducer - Sending message='{"userId": 3354719797727149656, "id": 8564586657648282255, "text": "libero porttitor adipiscing dolor magna purus Kafka elit dolor Maecenas lectus", "createdAt": 1679308417000}' to topic='twitter-topic'
2023-03-20 10:33:47 [pool-4-thread-1] INFO  c.m.d.t.t.k.s.l.TwitterKafkaStatusListener - Received status text magna libero ultricies sit massa adipiscing magna Maecenas Elasticsearch ultricies adipiscing Fusce adipiscing purus porttitor sending to kafka topic twitter-topic
2023-03-20 10:33:47 [pool-4-thread-1] INFO  c.m.d.k.p.c.s.i.TwitterKafkaProducer - Sending message='{"userId": 5210261211149718472, "id": 3543034234569607975, "text": "magna libero ultricies sit massa adipiscing magna Maecenas Elasticsearch ultricies adipiscing Fusce adipiscing purus porttitor", "createdAt": 1679308427000}' to topic='twitter-topic'
2023-03-20 10:33:57 [pool-4-thread-1] INFO  c.m.d.t.t.k.s.l.TwitterKafkaStatusListener - Received status text Maecenas pulvinar pulvinar sed sed purus ipsum sed Microservices ultricies ultricies elit ultricies elit lectus sending to kafka topic twitter-topic
2023-03-20 10:33:57 [pool-4-thread-1] INFO  c.m.d.k.p.c.s.i.TwitterKafkaProducer - Sending message='{"userId": 2232038181902213720, "id": 4499528544080635384, "text": "Maecenas pulvinar pulvinar sed sed purus ipsum sed Microservices ultricies ultricies elit ultricies elit lectus", "createdAt": 1679308437000}' to topic='twitter-topic'
2023-03-20 10:34:07 [pool-4-thread-1] INFO  c.m.d.t.t.k.s.l.TwitterKafkaStatusListener - Received status text sit pulvinar adipiscing posuere elit Microservices malesuada porttitor purus Fusce sending to kafka topic twitter-topic
2023-03-20 10:34:07 [pool-4-thread-1] INFO  c.m.d.k.p.c.s.i.TwitterKafkaProducer - Sending message='{"userId": 2568434466866074075, "id": 7622825984595263715, "text": "sit pulvinar adipiscing posuere elit Microservices malesuada porttitor purus Fusce", "createdAt": 1679308447000}' to topic='twitter-topic'
2023-03-20 10:34:17 [pool-4-thread-1] INFO  c.m.d.t.t.k.s.l.TwitterKafkaStatusListener - Received status text congue elit libero sed Kafka sit Fusce sending to kafka topic twitter-topic
2023-03-20 10:34:17 [pool-4-thread-1] INFO  c.m.d.k.p.c.s.i.TwitterKafkaProducer - Sending message='{"userId": 2765741713237233559, "id": 3620846360977285080, "text": "congue elit libero sed Kafka sit Fusce", "createdAt": 1679308457000}' to topic='twitter-topic'
2023-03-20 10:34:27 [pool-4-thread-1] INFO  c.m.d.t.t.k.s.l.TwitterKafkaStatusListener - Received status text lectus congue malesuada lectus Elasticsearch libero Maecenas sending to kafka topic twitter-topic
2023-03-20 10:34:27 [pool-4-thread-1] INFO  c.m.d.k.p.c.s.i.TwitterKafkaProducer - Sending message='{"userId": 192890108159860884, "id": 4544976298138644323, "text": "lectus congue malesuada lectus Elasticsearch libero Maecenas", "createdAt": 1679308467000}' to topic='twitter-topic'
2023-03-20 10:34:37 [pool-4-thread-1] INFO  c.m.d.t.t.k.s.l.TwitterKafkaStatusListener - Received status text purus Fusce libero magna pulvinar Maecenas consectetuer purus Microservices magna dolor Maecenas sed Fusce amet sending to kafka topic twitter-topic
2023-03-20 10:34:37 [pool-4-thread-1] INFO  c.m.d.k.p.c.s.i.TwitterKafkaProducer - Sending message='{"userId": 903068631884195862, "id": 7391300039552182151, "text": "purus Fusce libero magna pulvinar Maecenas consectetuer purus Microservices magna dolor Maecenas sed Fusce amet", "createdAt": 1679308477000}' to topic='twitter-topic'
2023-03-20 10:34:47 [pool-4-thread-1] INFO  c.m.d.t.t.k.s.l.TwitterKafkaStatusListener - Received status text lectus dolor dolor Lorem massa congue magna Elasticsearch purus ultricies consectetuer elit massa consectetuer sending to kafka topic twitter-topic
2023-03-20 10:34:47 [pool-4-thread-1] INFO  c.m.d.k.p.c.s.i.TwitterKafkaProducer - Sending message='{"userId": 1068354443238698759, "id": 7935744529506448756, "text": "lectus dolor dolor Lorem massa congue magna Elasticsearch purus ultricies consectetuer elit massa consectetuer", "createdAt": 1679308487000}' to topic='twitter-topic'
2023-03-20 10:34:58 [pool-4-thread-1] INFO  c.m.d.t.t.k.s.l.TwitterKafkaStatusListener - Received status text adipiscing adipiscing porttitor posuere massa Maecenas ipsum Microservices massa magna consectetuer elit dolor sending to kafka topic twitter-topic
2023-03-20 10:34:58 [pool-4-thread-1] INFO  c.m.d.k.p.c.s.i.TwitterKafkaProducer - Sending message='{"userId": 5261034211523081735, "id": 1725407918492351099, "text": "adipiscing adipiscing porttitor posuere massa Maecenas ipsum Microservices massa magna consectetuer elit dolor", "createdAt": 1679308497000}' to topic='twitter-topic'
2023-03-20 10:35:08 [pool-4-thread-1] INFO  c.m.d.t.t.k.s.l.TwitterKafkaStatusListener - Received status text pulvinar sed magna posuere posuere malesuada sit Microservices pulvinar dolor congue ipsum Lorem sending to kafka topic twitter-topic
2023-03-20 10:35:08 [pool-4-thread-1] INFO  c.m.d.k.p.c.s.i.TwitterKafkaProducer - Sending message='{"userId": 6893176951176449257, "id": 405147341625623303, "text": "pulvinar sed magna posuere posuere malesuada sit Microservices pulvinar dolor congue ipsum Lorem", "createdAt": 1679308508000}' to topic='twitter-topic'
2023-03-20 10:35:18 [pool-4-thread-1] INFO  c.m.d.t.t.k.s.l.TwitterKafkaStatusListener - Received status text adipiscing consectetuer Maecenas Kafka Lorem sit sending to kafka topic twitter-topic
2023-03-20 10:35:18 [pool-4-thread-1] INFO  c.m.d.k.p.c.s.i.TwitterKafkaProducer - Sending message='{"userId": 8356226248969891877, "id": 723395192488130628, "text": "adipiscing consectetuer Maecenas Kafka Lorem sit", "createdAt": 1679308518000}' to topic='twitter-topic'
2023-03-20 10:35:28 [pool-4-thread-1] INFO  c.m.d.t.t.k.s.l.TwitterKafkaStatusListener - Received status text ultricies consectetuer elit porttitor porttitor lectus congue massa Kafka pulvinar Fusce pulvinar adipiscing lectus Fusce sending to kafka topic twitter-topic
2023-03-20 10:35:28 [pool-4-thread-1] INFO  c.m.d.k.p.c.s.i.TwitterKafkaProducer - Sending message='{"userId": 8861389344086085454, "id": 7859253707817473188, "text": "ultricies consectetuer elit porttitor porttitor lectus congue massa Kafka pulvinar Fusce pulvinar adipiscing lectus Fusce", "createdAt": 1679308528000}' to topic='twitter-topic'
2023-03-20 10:35:38 [pool-4-thread-1] INFO  c.m.d.t.t.k.s.l.TwitterKafkaStatusListener - Received status text amet malesuada massa malesuada purus Lorem Lorem Microservices consectetuer congue porttitor ultricies dolor sending to kafka topic twitter-topic
2023-03-20 10:35:38 [pool-4-thread-1] INFO  c.m.d.k.p.c.s.i.TwitterKafkaProducer - Sending message='{"userId": 5002373510398006198, "id": 4803606674081555898, "text": "amet malesuada massa malesuada purus Lorem Lorem Microservices consectetuer congue porttitor ultricies dolor", "createdAt": 1679308538000}' to topic='twitter-topic'
2023-03-20 10:35:48 [pool-4-thread-1] INFO  c.m.d.t.t.k.s.l.TwitterKafkaStatusListener - Received status text libero magna Maecenas Lorem porttitor purus Elasticsearch malesuada Fusce Fusce congue sending to kafka topic twitter-topic
2023-03-20 10:35:48 [pool-4-thread-1] INFO  c.m.d.k.p.c.s.i.TwitterKafkaProducer - Sending message='{"userId": 765285459345837485, "id": 3087752783657012964, "text": "libero magna Maecenas Lorem porttitor purus Elasticsearch malesuada Fusce Fusce congue", "createdAt": 1679308548000}' to topic='twitter-topic'
2023-03-20 10:35:58 [pool-4-thread-1] INFO  c.m.d.t.t.k.s.l.TwitterKafkaStatusListener - Received status text purus posuere malesuada posuere Kafka congue ipsum elit sending to kafka topic twitter-topic
2023-03-20 10:35:58 [pool-4-thread-1] INFO  c.m.d.k.p.c.s.i.TwitterKafkaProducer - Sending message='{"userId": 8954312131455507073, "id": 6640272100632271114, "text": "purus posuere malesuada posuere Kafka congue ipsum elit", "createdAt": 1679308558000}' to topic='twitter-topic'
2023-03-20 10:36:08 [pool-4-thread-1] INFO  c.m.d.t.t.k.s.l.TwitterKafkaStatusListener - Received status text libero purus pulvinar libero lectus sit Microservices ipsum sed lectus libero sending to kafka topic twitter-topic
2023-03-20 10:36:08 [pool-4-thread-1] INFO  c.m.d.k.p.c.s.i.TwitterKafkaProducer - Sending message='{"userId": 1944319068542868674, "id": 7097608887943907599, "text": "libero purus pulvinar libero lectus sit Microservices ipsum sed lectus libero", "createdAt": 1679308568000}' to topic='twitter-topic'
2023-03-20 10:36:18 [pool-4-thread-1] INFO  c.m.d.t.t.k.s.l.TwitterKafkaStatusListener - Received status text dolor lectus Lorem ultricies sit consectetuer sed adipiscing Elasticsearch sit lectus purus consectetuer posuere Fusce sending to kafka topic twitter-topic
2023-03-20 10:36:18 [pool-4-thread-1] INFO  c.m.d.k.p.c.s.i.TwitterKafkaProducer - Sending message='{"userId": 8940851102475113264, "id": 2855563663377790334, "text": "dolor lectus Lorem ultricies sit consectetuer sed adipiscing Elasticsearch sit lectus purus consectetuer posuere Fusce", "createdAt": 1679308578000}' to topic='twitter-topic'
2023-03-20 10:36:28 [pool-4-thread-1] INFO  c.m.d.t.t.k.s.l.TwitterKafkaStatusListener - Received status text Maecenas purus elit sed Maecenas Microservices pulvinar Lorem purus libero sending to kafka topic twitter-topic
2023-03-20 10:36:28 [pool-4-thread-1] INFO  c.m.d.k.p.c.s.i.TwitterKafkaProducer - Sending message='{"userId": 2156873654654221514, "id": 4535198636548708664, "text": "Maecenas purus elit sed Maecenas Microservices pulvinar Lorem purus libero", "createdAt": 1679308588000}' to topic='twitter-topic'
2023-03-20 10:36:39 [pool-4-thread-1] INFO  c.m.d.t.t.k.s.l.TwitterKafkaStatusListener - Received status text Maecenas ipsum lectus libero Java posuere massa porttitor sending to kafka topic twitter-topic
2023-03-20 10:36:39 [pool-4-thread-1] INFO  c.m.d.k.p.c.s.i.TwitterKafkaProducer - Sending message='{"userId": 6556202749891906794, "id": 3169403022320440434, "text": "Maecenas ipsum lectus libero Java posuere massa porttitor", "createdAt": 1679308598000}' to topic='twitter-topic'
2023-03-20 10:36:49 [pool-4-thread-1] INFO  c.m.d.t.t.k.s.l.TwitterKafkaStatusListener - Received status text elit sit ultricies massa Fusce Maecenas Kafka malesuada ipsum congue lectus sending to kafka topic twitter-topic
2023-03-20 10:36:49 [pool-4-thread-1] INFO  c.m.d.k.p.c.s.i.TwitterKafkaProducer - Sending message='{"userId": 1616985767762525142, "id": 610360669372942757, "text": "elit sit ultricies massa Fusce Maecenas Kafka malesuada ipsum congue lectus", "createdAt": 1679308609000}' to topic='twitter-topic'
2023-03-20 10:36:59 [pool-4-thread-1] INFO  c.m.d.t.t.k.s.l.TwitterKafkaStatusListener - Received status text sed lectus dolor amet pulvinar ultricies lectus lectus Elasticsearch adipiscing ultricies libero amet adipiscing adipiscing ultricies sending to kafka topic twitter-topic
2023-03-20 10:36:59 [pool-4-thread-1] INFO  c.m.d.k.p.c.s.i.TwitterKafkaProducer - Sending message='{"userId": 9207235199086767838, "id": 3254996314228375890, "text": "sed lectus dolor amet pulvinar ultricies lectus lectus Elasticsearch adipiscing ultricies libero amet adipiscing adipiscing ultricies", "createdAt": 1679308619000}' to topic='twitter-topic'
2023-03-20 10:37:09 [pool-4-thread-1] INFO  c.m.d.t.t.k.s.l.TwitterKafkaStatusListener - Received status text massa sed porttitor Fusce dolor adipiscing sit Microservices ultricies adipiscing sed sit porttitor sending to kafka topic twitter-topic
2023-03-20 10:37:09 [pool-4-thread-1] INFO  c.m.d.k.p.c.s.i.TwitterKafkaProducer - Sending message='{"userId": 8983943876749934076, "id": 4832716785900208766, "text": "massa sed porttitor Fusce dolor adipiscing sit Microservices ultricies adipiscing sed sit porttitor", "createdAt": 1679308629000}' to topic='twitter-topic'
2023-03-20 10:37:19 [pool-4-thread-1] INFO  c.m.d.t.t.k.s.l.TwitterKafkaStatusListener - Received status text porttitor elit elit massa dolor malesuada porttitor dolor Kafka sed consectetuer Maecenas porttitor lectus congue ipsum sending to kafka topic twitter-topic
2023-03-20 10:37:19 [pool-4-thread-1] INFO  c.m.d.k.p.c.s.i.TwitterKafkaProducer - Sending message='{"userId": 1919089280551738582, "id": 8461933715540952730, "text": "porttitor elit elit massa dolor malesuada porttitor dolor Kafka sed consectetuer Maecenas porttitor lectus congue ipsum", "createdAt": 1679308639000}' to topic='twitter-topic'
2023-03-20 10:37:28 [kafka-admin-client-thread | adminclient-1] INFO  o.apache.kafka.clients.NetworkClient - [AdminClient clientId=adminclient-1] Node -3 disconnected.
2023-03-20 10:37:29 [pool-4-thread-1] INFO  c.m.d.t.t.k.s.l.TwitterKafkaStatusListener - Received status text purus pulvinar magna sed consectetuer Microservices lectus pulvinar elit sending to kafka topic twitter-topic
2023-03-20 10:37:29 [pool-4-thread-1] INFO  c.m.d.k.p.c.s.i.TwitterKafkaProducer - Sending message='{"userId": 1086646484317411001, "id": 7049068943912284753, "text": "purus pulvinar magna sed consectetuer Microservices lectus pulvinar elit", "createdAt": 1679308649000}' to topic='twitter-topic'
2023-03-20 10:37:39 [pool-4-thread-1] INFO  c.m.d.t.t.k.s.l.TwitterKafkaStatusListener - Received status text Lorem adipiscing consectetuer consectetuer amet lectus malesuada sit Microservices posuere congue malesuada pulvinar Fusce pulvinar dolor sending to kafka topic twitter-topic
2023-03-20 10:37:39 [pool-4-thread-1] INFO  c.m.d.k.p.c.s.i.TwitterKafkaProducer - Sending message='{"userId": 7657310582617848228, "id": 4605235215618565445, "text": "Lorem adipiscing consectetuer consectetuer amet lectus malesuada sit Microservices posuere congue malesuada pulvinar Fusce pulvinar dolor", "createdAt": 1679308659000}' to topic='twitter-topic'
2023-03-20 10:37:49 [pool-4-thread-1] INFO  c.m.d.t.t.k.s.l.TwitterKafkaStatusListener - Received status text amet consectetuer dolor dolor consectetuer adipiscing adipiscing Java pulvinar Lorem elit Fusce Maecenas sending to kafka topic twitter-topic
2023-03-20 10:37:49 [pool-4-thread-1] INFO  c.m.d.k.p.c.s.i.TwitterKafkaProducer - Sending message='{"userId": 4507660059404809438, "id": 3585991059062720278, "text": "amet consectetuer dolor dolor consectetuer adipiscing adipiscing Java pulvinar Lorem elit Fusce Maecenas", "createdAt": 1679308669000}' to topic='twitter-topic'
2023-03-20 10:37:59 [pool-4-thread-1] INFO  c.m.d.t.t.k.s.l.TwitterKafkaStatusListener - Received status text posuere dolor ipsum amet magna Kafka purus Fusce purus pulvinar sending to kafka topic twitter-topic
2023-03-20 10:37:59 [pool-4-thread-1] INFO  c.m.d.k.p.c.s.i.TwitterKafkaProducer - Sending message='{"userId": 6464794331708233672, "id": 3249615631218589403, "text": "posuere dolor ipsum amet magna Kafka purus Fusce purus pulvinar", "createdAt": 1679308679000}' to topic='twitter-topic'
2023-03-20 10:38:09 [pool-4-thread-1] INFO  c.m.d.t.t.k.s.l.TwitterKafkaStatusListener - Received status text ultricies purus Fusce libero lectus Lorem porttitor purus Microservices libero sed Fusce massa magna purus ultricies sending to kafka topic twitter-topic
2023-03-20 10:38:09 [pool-4-thread-1] INFO  c.m.d.k.p.c.s.i.TwitterKafkaProducer - Sending message='{"userId": 3948066876589785356, "id": 6025842368484091468, "text": "ultricies purus Fusce libero lectus Lorem porttitor purus Microservices libero sed Fusce massa magna purus ultricies", "createdAt": 1679308689000}' to topic='twitter-topic'
2023-03-20 10:38:19 [pool-4-thread-1] INFO  c.m.d.t.t.k.s.l.TwitterKafkaStatusListener - Received status text sed ipsum lectus posuere Lorem sit elit malesuada Java malesuada sed elit elit posuere ipsum elit sending to kafka topic twitter-topic
2023-03-20 10:38:19 [pool-4-thread-1] INFO  c.m.d.k.p.c.s.i.TwitterKafkaProducer - Sending message='{"userId": 5530748337711240235, "id": 7226830524997103200, "text": "sed ipsum lectus posuere Lorem sit elit malesuada Java malesuada sed elit elit posuere ipsum elit", "createdAt": 1679308699000}' to topic='twitter-topic'
2023-03-20 10:38:29 [pool-4-thread-1] INFO  c.m.d.t.t.k.s.l.TwitterKafkaStatusListener - Received status text porttitor congue sed adipiscing adipiscing Kafka massa ipsum massa sending to kafka topic twitter-topic
2023-03-20 10:38:29 [pool-4-thread-1] INFO  c.m.d.k.p.c.s.i.TwitterKafkaProducer - Sending message='{"userId": 1652635327314709688, "id": 1689597367010236323, "text": "porttitor congue sed adipiscing adipiscing Kafka massa ipsum massa", "createdAt": 1679308709000}' to topic='twitter-topic'
2023-03-20 10:38:39 [pool-4-thread-1] INFO  c.m.d.t.t.k.s.l.TwitterKafkaStatusListener - Received status text libero sed Fusce consectetuer Elasticsearch consectetuer posuere sending to kafka topic twitter-topic
2023-03-20 10:38:39 [pool-4-thread-1] INFO  c.m.d.k.p.c.s.i.TwitterKafkaProducer - Sending message='{"userId": 1818433362342397810, "id": 8521502998301024838, "text": "libero sed Fusce consectetuer Elasticsearch consectetuer posuere", "createdAt": 1679308719000}' to topic='twitter-topic'
2023-03-20 10:38:49 [pool-4-thread-1] INFO  c.m.d.t.t.k.s.l.TwitterKafkaStatusListener - Received status text magna Lorem porttitor porttitor ultricies lectus Fusce Kafka elit amet adipiscing magna sed sending to kafka topic twitter-topic
2023-03-20 10:38:49 [pool-4-thread-1] INFO  c.m.d.k.p.c.s.i.TwitterKafkaProducer - Sending message='{"userId": 8602056161376919537, "id": 576139605650675079, "text": "magna Lorem porttitor porttitor ultricies lectus Fusce Kafka elit amet adipiscing magna sed", "createdAt": 1679308729000}' to topic='twitter-topic'
2023-03-20 10:39:00 [pool-4-thread-1] INFO  c.m.d.t.t.k.s.l.TwitterKafkaStatusListener - Received status text porttitor ipsum pulvinar lectus magna Elasticsearch Maecenas lectus sit ultricies sending to kafka topic twitter-topic
2023-03-20 10:39:00 [pool-4-thread-1] INFO  c.m.d.k.p.c.s.i.TwitterKafkaProducer - Sending message='{"userId": 8262842423843760725, "id": 2195173856537089701, "text": "porttitor ipsum pulvinar lectus magna Elasticsearch Maecenas lectus sit ultricies", "createdAt": 1679308739000}' to topic='twitter-topic'
2023-03-20 10:39:10 [pool-4-thread-1] INFO  c.m.d.t.t.k.s.l.TwitterKafkaStatusListener - Received status text dolor amet magna porttitor libero congue Fusce Elasticsearch ipsum lectus pulvinar massa Maecenas massa sending to kafka topic twitter-topic
2023-03-20 10:39:10 [pool-4-thread-1] INFO  c.m.d.k.p.c.s.i.TwitterKafkaProducer - Sending message='{"userId": 8511165193551374097, "id": 7371554215255185832, "text": "dolor amet magna porttitor libero congue Fusce Elasticsearch ipsum lectus pulvinar massa Maecenas massa", "createdAt": 1679308750000}' to topic='twitter-topic'
2023-03-20 10:39:20 [pool-4-thread-1] INFO  c.m.d.t.t.k.s.l.TwitterKafkaStatusListener - Received status text magna congue Maecenas amet posuere dolor Java elit adipiscing dolor pulvinar sending to kafka topic twitter-topic
2023-03-20 10:39:20 [pool-4-thread-1] INFO  c.m.d.k.p.c.s.i.TwitterKafkaProducer - Sending message='{"userId": 7433179791519215680, "id": 5121418570921752950, "text": "magna congue Maecenas amet posuere dolor Java elit adipiscing dolor pulvinar", "createdAt": 1679308760000}' to topic='twitter-topic'
2023-03-20 10:39:31 [pool-4-thread-1] INFO  c.m.d.t.t.k.s.l.TwitterKafkaStatusListener - Received status text pulvinar magna posuere elit adipiscing purus amet Microservices adipiscing libero consectetuer sit congue sending to kafka topic twitter-topic
2023-03-20 10:39:31 [pool-4-thread-1] INFO  c.m.d.k.p.c.s.i.TwitterKafkaProducer - Sending message='{"userId": 5068445659479345300, "id": 4147536438161047815, "text": "pulvinar magna posuere elit adipiscing purus amet Microservices adipiscing libero consectetuer sit congue", "createdAt": 1679308771000}' to topic='twitter-topic'
2023-03-20 10:39:41 [pool-4-thread-1] INFO  c.m.d.t.t.k.s.l.TwitterKafkaStatusListener - Received status text malesuada elit amet magna ipsum purus Fusce Java dolor adipiscing magna Maecenas libero sending to kafka topic twitter-topic
2023-03-20 10:39:41 [pool-4-thread-1] INFO  c.m.d.k.p.c.s.i.TwitterKafkaProducer - Sending message='{"userId": 4352425711143235985, "id": 2393925591057980581, "text": "malesuada elit amet magna ipsum purus Fusce Java dolor adipiscing magna Maecenas libero", "createdAt": 1679308781000}' to topic='twitter-topic'
2023-03-20 10:39:51 [pool-4-thread-1] INFO  c.m.d.t.t.k.s.l.TwitterKafkaStatusListener - Received status text consectetuer sed sit magna sit Kafka elit elit porttitor ultricies sending to kafka topic twitter-topic
2023-03-20 10:39:51 [pool-4-thread-1] INFO  c.m.d.k.p.c.s.i.TwitterKafkaProducer - Sending message='{"userId": 111459430580966509, "id": 3797031213098571445, "text": "consectetuer sed sit magna sit Kafka elit elit porttitor ultricies", "createdAt": 1679308791000}' to topic='twitter-topic'
2023-03-20 10:40:01 [pool-4-thread-1] INFO  c.m.d.t.t.k.s.l.TwitterKafkaStatusListener - Received status text malesuada pulvinar massa Fusce posuere massa magna Java Fusce porttitor pulvinar pulvinar malesuada sit sending to kafka topic twitter-topic
2023-03-20 10:40:01 [pool-4-thread-1] INFO  c.m.d.k.p.c.s.i.TwitterKafkaProducer - Sending message='{"userId": 1243275176360226200, "id": 2158034200417766698, "text": "malesuada pulvinar massa Fusce posuere massa magna Java Fusce porttitor pulvinar pulvinar malesuada sit", "createdAt": 1679308801000}' to topic='twitter-topic'
2023-03-20 10:40:11 [pool-4-thread-1] INFO  c.m.d.t.t.k.s.l.TwitterKafkaStatusListener - Received status text dolor libero Maecenas malesuada porttitor Fusce ultricies Microservices ipsum magna malesuada purus magna lectus sending to kafka topic twitter-topic
2023-03-20 10:40:11 [pool-4-thread-1] INFO  c.m.d.k.p.c.s.i.TwitterKafkaProducer - Sending message='{"userId": 5225875844764747862, "id": 8482104373943218251, "text": "dolor libero Maecenas malesuada porttitor Fusce ultricies Microservices ipsum magna malesuada purus magna lectus", "createdAt": 1679308811000}' to topic='twitter-topic'
2023-03-20 10:40:21 [pool-4-thread-1] INFO  c.m.d.t.t.k.s.l.TwitterKafkaStatusListener - Received status text purus sed Maecenas Fusce Java porttitor purus adipiscing sending to kafka topic twitter-topic
2023-03-20 10:40:21 [pool-4-thread-1] INFO  c.m.d.k.p.c.s.i.TwitterKafkaProducer - Sending message='{"userId": 147702313933663142, "id": 3501838291760058198, "text": "purus sed Maecenas Fusce Java porttitor purus adipiscing", "createdAt": 1679308821000}' to topic='twitter-topic'
2023-03-20 10:40:31 [pool-4-thread-1] INFO  c.m.d.t.t.k.s.l.TwitterKafkaStatusListener - Received status text amet ultricies congue purus massa elit Kafka congue Lorem pulvinar dolor massa sending to kafka topic twitter-topic
2023-03-20 10:40:31 [pool-4-thread-1] INFO  c.m.d.k.p.c.s.i.TwitterKafkaProducer - Sending message='{"userId": 4072613312431311339, "id": 7407832352507889278, "text": "amet ultricies congue purus massa elit Kafka congue Lorem pulvinar dolor massa", "createdAt": 1679308831000}' to topic='twitter-topic'
2023-03-20 10:40:41 [pool-4-thread-1] INFO  c.m.d.t.t.k.s.l.TwitterKafkaStatusListener - Received status text sit purus elit ultricies Lorem dolor Maecenas Microservices elit consectetuer Maecenas congue Fusce sending to kafka topic twitter-topic
2023-03-20 10:40:41 [pool-4-thread-1] INFO  c.m.d.k.p.c.s.i.TwitterKafkaProducer - Sending message='{"userId": 4514705299120933878, "id": 2923447939356835115, "text": "sit purus elit ultricies Lorem dolor Maecenas Microservices elit consectetuer Maecenas congue Fusce", "createdAt": 1679308841000}' to topic='twitter-topic'
2023-03-20 10:40:51 [pool-4-thread-1] INFO  c.m.d.t.t.k.s.l.TwitterKafkaStatusListener - Received status text magna congue congue massa ultricies congue consectetuer ultricies Elasticsearch Maecenas lectus massa ultricies porttitor lectus sending to kafka topic twitter-topic
2023-03-20 10:40:51 [pool-4-thread-1] INFO  c.m.d.k.p.c.s.i.TwitterKafkaProducer - Sending message='{"userId": 6116493162168472089, "id": 2642618803391065655, "text": "magna congue congue massa ultricies congue consectetuer ultricies Elasticsearch Maecenas lectus massa ultricies porttitor lectus", "createdAt": 1679308851000}' to topic='twitter-topic'
2023-03-20 10:41:01 [pool-4-thread-1] INFO  c.m.d.t.t.k.s.l.TwitterKafkaStatusListener - Received status text purus Maecenas Lorem Maecenas congue Fusce elit Microservices posuere sed ipsum sed Fusce dolor sending to kafka topic twitter-topic
2023-03-20 10:41:01 [pool-4-thread-1] INFO  c.m.d.k.p.c.s.i.TwitterKafkaProducer - Sending message='{"userId": 1459313319374105932, "id": 2506642456230685719, "text": "purus Maecenas Lorem Maecenas congue Fusce elit Microservices posuere sed ipsum sed Fusce dolor", "createdAt": 1679308861000}' to topic='twitter-topic'
2023-03-20 10:41:11 [pool-4-thread-1] INFO  c.m.d.t.t.k.s.l.TwitterKafkaStatusListener - Received status text porttitor Lorem porttitor Lorem massa massa congue ipsum Kafka purus dolor massa lectus elit Lorem elit sending to kafka topic twitter-topic
2023-03-20 10:41:11 [pool-4-thread-1] INFO  c.m.d.k.p.c.s.i.TwitterKafkaProducer - Sending message='{"userId": 1139589935088514849, "id": 5562802422585021696, "text": "porttitor Lorem porttitor Lorem massa massa congue ipsum Kafka purus dolor massa lectus elit Lorem elit", "createdAt": 1679308871000}' to topic='twitter-topic'
2023-03-20 10:41:21 [pool-4-thread-1] INFO  c.m.d.t.t.k.s.l.TwitterKafkaStatusListener - Received status text elit malesuada posuere adipiscing libero purus pulvinar ultricies Elasticsearch Fusce purus dolor sit massa purus sending to kafka topic twitter-topic
2023-03-20 10:41:21 [pool-4-thread-1] INFO  c.m.d.k.p.c.s.i.TwitterKafkaProducer - Sending message='{"userId": 888948009973904321, "id": 2595963852087503888, "text": "elit malesuada posuere adipiscing libero purus pulvinar ultricies Elasticsearch Fusce purus dolor sit massa purus", "createdAt": 1679308881000}' to topic='twitter-topic'
2023-03-20 10:41:32 [pool-4-thread-1] INFO  c.m.d.t.t.k.s.l.TwitterKafkaStatusListener - Received status text ipsum massa Fusce adipiscing libero pulvinar Lorem Microservices Lorem malesuada ipsum pulvinar sed elit sending to kafka topic twitter-topic
2023-03-20 10:41:32 [pool-4-thread-1] INFO  c.m.d.k.p.c.s.i.TwitterKafkaProducer - Sending message='{"userId": 1223569143613574060, "id": 4896635091216937813, "text": "ipsum massa Fusce adipiscing libero pulvinar Lorem Microservices Lorem malesuada ipsum pulvinar sed elit", "createdAt": 1679308891000}' to topic='twitter-topic'
2023-03-20 10:41:42 [pool-4-thread-1] INFO  c.m.d.t.t.k.s.l.TwitterKafkaStatusListener - Received status text purus posuere congue magna Java porttitor Maecenas porttitor sending to kafka topic twitter-topic
2023-03-20 10:41:42 [pool-4-thread-1] INFO  c.m.d.k.p.c.s.i.TwitterKafkaProducer - Sending message='{"userId": 6477517008741232849, "id": 8713793899930865211, "text": "purus posuere congue magna Java porttitor Maecenas porttitor", "createdAt": 1679308902000}' to topic='twitter-topic'
2023-03-20 10:41:52 [pool-4-thread-1] INFO  c.m.d.t.t.k.s.l.TwitterKafkaStatusListener - Received status text Lorem Fusce Fusce Maecenas Lorem Elasticsearch Maecenas libero elit sending to kafka topic twitter-topic
2023-03-20 10:41:52 [pool-4-thread-1] INFO  c.m.d.k.p.c.s.i.TwitterKafkaProducer - Sending message='{"userId": 8381192684571505376, "id": 8163539282048823197, "text": "Lorem Fusce Fusce Maecenas Lorem Elasticsearch Maecenas libero elit", "createdAt": 1679308912000}' to topic='twitter-topic'
2023-03-20 10:42:02 [pool-4-thread-1] INFO  c.m.d.t.t.k.s.l.TwitterKafkaStatusListener - Received status text amet consectetuer pulvinar Fusce consectetuer adipiscing Microservices Lorem ultricies elit magna sending to kafka topic twitter-topic
2023-03-20 10:42:02 [pool-4-thread-1] INFO  c.m.d.k.p.c.s.i.TwitterKafkaProducer - Sending message='{"userId": 5849205920265589774, "id": 898485488926947412, "text": "amet consectetuer pulvinar Fusce consectetuer adipiscing Microservices Lorem ultricies elit magna", "createdAt": 1679308922000}' to topic='twitter-topic'
2023-03-20 10:42:02 [kafka-producer-network-thread | producer-1] INFO  o.apache.kafka.clients.NetworkClient - [Producer clientId=producer-1] Node -1 disconnected.
2023-03-20 10:42:02 [kafka-producer-network-thread | producer-1] INFO  o.apache.kafka.clients.NetworkClient - [Producer clientId=producer-1] Node -3 disconnected.
2023-03-20 10:42:12 [pool-4-thread-1] INFO  c.m.d.t.t.k.s.l.TwitterKafkaStatusListener - Received status text elit adipiscing sit pulvinar Microservices porttitor Fusce sending to kafka topic twitter-topic
2023-03-20 10:42:12 [pool-4-thread-1] INFO  c.m.d.k.p.c.s.i.TwitterKafkaProducer - Sending message='{"userId": 2759528674153042269, "id": 1215233161266983341, "text": "elit adipiscing sit pulvinar Microservices porttitor Fusce", "createdAt": 1679308932000}' to topic='twitter-topic'
2023-03-20 10:42:22 [pool-4-thread-1] INFO  c.m.d.t.t.k.s.l.TwitterKafkaStatusListener - Received status text Lorem Fusce posuere ultricies posuere purus Kafka ipsum magna libero dolor Lorem sending to kafka topic twitter-topic
2023-03-20 10:42:22 [pool-4-thread-1] INFO  c.m.d.k.p.c.s.i.TwitterKafkaProducer - Sending message='{"userId": 672612979011691812, "id": 4042122142577943978, "text": "Lorem Fusce posuere ultricies posuere purus Kafka ipsum magna libero dolor Lorem", "createdAt": 1679308942000}' to topic='twitter-topic'
2023-03-20 10:42:28 [kafka-admin-client-thread | adminclient-1] INFO  o.apache.kafka.clients.NetworkClient - [AdminClient clientId=adminclient-1] Node 1 disconnected.
2023-03-20 10:42:32 [pool-4-thread-1] INFO  c.m.d.t.t.k.s.l.TwitterKafkaStatusListener - Received status text Fusce sed malesuada magna Maecenas pulvinar Microservices adipiscing adipiscing sed dolor sending to kafka topic twitter-topic
2023-03-20 10:42:32 [pool-4-thread-1] INFO  c.m.d.k.p.c.s.i.TwitterKafkaProducer - Sending message='{"userId": 2703316025970566325, "id": 3950186723719794435, "text": "Fusce sed malesuada magna Maecenas pulvinar Microservices adipiscing adipiscing sed dolor", "createdAt": 1679308952000}' to topic='twitter-topic'
2023-03-20 10:42:42 [pool-4-thread-1] INFO  c.m.d.t.t.k.s.l.TwitterKafkaStatusListener - Received status text Maecenas massa sed massa ipsum elit dolor Java purus Maecenas lectus congue amet sending to kafka topic twitter-topic
2023-03-20 10:42:42 [pool-4-thread-1] INFO  c.m.d.k.p.c.s.i.TwitterKafkaProducer - Sending message='{"userId": 220415455644212422, "id": 2997782844933504818, "text": "Maecenas massa sed massa ipsum elit dolor Java purus Maecenas lectus congue amet", "createdAt": 1679308962000}' to topic='twitter-topic'
2023-03-20 10:42:52 [pool-4-thread-1] INFO  c.m.d.t.t.k.s.l.TwitterKafkaStatusListener - Received status text dolor magna magna Lorem amet Elasticsearch Maecenas sit massa sending to kafka topic twitter-topic
2023-03-20 10:42:52 [pool-4-thread-1] INFO  c.m.d.k.p.c.s.i.TwitterKafkaProducer - Sending message='{"userId": 8787313375934255647, "id": 9050738138453903988, "text": "dolor magna magna Lorem amet Elasticsearch Maecenas sit massa", "createdAt": 1679308972000}' to topic='twitter-topic'
2023-03-20 10:43:02 [pool-4-thread-1] INFO  c.m.d.t.t.k.s.l.TwitterKafkaStatusListener - Received status text malesuada sed malesuada congue posuere posuere Kafka consectetuer consectetuer pulvinar Maecenas porttitor sending to kafka topic twitter-topic
2023-03-20 10:43:02 [pool-4-thread-1] INFO  c.m.d.k.p.c.s.i.TwitterKafkaProducer - Sending message='{"userId": 7674511184732780879, "id": 4437657516077816060, "text": "malesuada sed malesuada congue posuere posuere Kafka consectetuer consectetuer pulvinar Maecenas porttitor", "createdAt": 1679308982000}' to topic='twitter-topic'
2023-03-20 10:43:12 [pool-4-thread-1] INFO  c.m.d.t.t.k.s.l.TwitterKafkaStatusListener - Received status text elit adipiscing lectus libero posuere consectetuer porttitor magna Microservices lectus purus magna Lorem adipiscing lectus lectus sending to kafka topic twitter-topic
2023-03-20 10:43:12 [pool-4-thread-1] INFO  c.m.d.k.p.c.s.i.TwitterKafkaProducer - Sending message='{"userId": 1467920078948426867, "id": 6686887771798106290, "text": "elit adipiscing lectus libero posuere consectetuer porttitor magna Microservices lectus purus magna Lorem adipiscing lectus lectus", "createdAt": 1679308992000}' to topic='twitter-topic'
2023-03-20 10:43:22 [pool-4-thread-1] INFO  c.m.d.t.t.k.s.l.TwitterKafkaStatusListener - Received status text Maecenas ultricies Fusce sit ipsum Elasticsearch malesuada Maecenas ipsum sending to kafka topic twitter-topic
2023-03-20 10:43:22 [pool-4-thread-1] INFO  c.m.d.k.p.c.s.i.TwitterKafkaProducer - Sending message='{"userId": 430996505489370052, "id": 8973036183866036160, "text": "Maecenas ultricies Fusce sit ipsum Elasticsearch malesuada Maecenas ipsum", "createdAt": 1679309002000}' to topic='twitter-topic'
2023-03-20 10:43:32 [pool-4-thread-1] INFO  c.m.d.t.t.k.s.l.TwitterKafkaStatusListener - Received status text adipiscing ipsum sit Lorem lectus ultricies malesuada Kafka Maecenas Lorem porttitor Maecenas pulvinar Lorem sending to kafka topic twitter-topic
2023-03-20 10:43:32 [pool-4-thread-1] INFO  c.m.d.k.p.c.s.i.TwitterKafkaProducer - Sending message='{"userId": 4656050222811611724, "id": 2195691979149716612, "text": "adipiscing ipsum sit Lorem lectus ultricies malesuada Kafka Maecenas Lorem porttitor Maecenas pulvinar Lorem", "createdAt": 1679309012000}' to topic='twitter-topic'
2023-03-20 10:43:42 [pool-4-thread-1] INFO  c.m.d.t.t.k.s.l.TwitterKafkaStatusListener - Received status text Lorem purus malesuada posuere elit Maecenas ultricies elit Elasticsearch amet malesuada purus purus magna consectetuer malesuada sending to kafka topic twitter-topic
2023-03-20 10:43:42 [pool-4-thread-1] INFO  c.m.d.k.p.c.s.i.TwitterKafkaProducer - Sending message='{"userId": 6748219143312526414, "id": 7379777175822831863, "text": "Lorem purus malesuada posuere elit Maecenas ultricies elit Elasticsearch amet malesuada purus purus magna consectetuer malesuada", "createdAt": 1679309022000}' to topic='twitter-topic'
2023-03-20 10:43:52 [pool-4-thread-1] INFO  c.m.d.t.t.k.s.l.TwitterKafkaStatusListener - Received status text sed malesuada malesuada massa Elasticsearch purus Maecenas amet sending to kafka topic twitter-topic
2023-03-20 10:43:52 [pool-4-thread-1] INFO  c.m.d.k.p.c.s.i.TwitterKafkaProducer - Sending message='{"userId": 8054539876185444750, "id": 3298563591843163163, "text": "sed malesuada malesuada massa Elasticsearch purus Maecenas amet", "createdAt": 1679309032000}' to topic='twitter-topic'
2023-03-20 10:44:03 [pool-4-thread-1] INFO  c.m.d.t.t.k.s.l.TwitterKafkaStatusListener - Received status text porttitor Lorem pulvinar congue posuere posuere Fusce malesuada Java dolor ultricies malesuada sit pulvinar Maecenas sending to kafka topic twitter-topic
2023-03-20 10:44:03 [pool-4-thread-1] INFO  c.m.d.k.p.c.s.i.TwitterKafkaProducer - Sending message='{"userId": 3671028594670350534, "id": 5402490596377579367, "text": "porttitor Lorem pulvinar congue posuere posuere Fusce malesuada Java dolor ultricies malesuada sit pulvinar Maecenas", "createdAt": 1679309042000}' to topic='twitter-topic'
2023-03-20 10:44:13 [pool-4-thread-1] INFO  c.m.d.t.t.k.s.l.TwitterKafkaStatusListener - Received status text elit lectus posuere Fusce massa Fusce Java consectetuer lectus amet massa Maecenas sending to kafka topic twitter-topic
2023-03-20 10:44:13 [pool-4-thread-1] INFO  c.m.d.k.p.c.s.i.TwitterKafkaProducer - Sending message='{"userId": 5632505326087842954, "id": 3630827332215710808, "text": "elit lectus posuere Fusce massa Fusce Java consectetuer lectus amet massa Maecenas", "createdAt": 1679309053000}' to topic='twitter-topic'
2023-03-20 10:44:23 [pool-4-thread-1] INFO  c.m.d.t.t.k.s.l.TwitterKafkaStatusListener - Received status text elit sit congue amet Kafka elit adipiscing sending to kafka topic twitter-topic
2023-03-20 10:44:23 [pool-4-thread-1] INFO  c.m.d.k.p.c.s.i.TwitterKafkaProducer - Sending message='{"userId": 5057699282047964431, "id": 667128975333062282, "text": "elit sit congue amet Kafka elit adipiscing", "createdAt": 1679309063000}' to topic='twitter-topic'
2023-03-20 10:44:33 [pool-4-thread-1] INFO  c.m.d.t.t.k.s.l.TwitterKafkaStatusListener - Received status text sed consectetuer sed Fusce adipiscing ultricies massa massa Kafka sit sit magna Maecenas amet Maecenas sending to kafka topic twitter-topic
2023-03-20 10:44:33 [pool-4-thread-1] INFO  c.m.d.k.p.c.s.i.TwitterKafkaProducer - Sending message='{"userId": 5967677066201710777, "id": 5734472600746578031, "text": "sed consectetuer sed Fusce adipiscing ultricies massa massa Kafka sit sit magna Maecenas amet Maecenas", "createdAt": 1679309073000}' to topic='twitter-topic'
2023-03-20 10:44:43 [pool-4-thread-1] INFO  c.m.d.t.t.k.s.l.TwitterKafkaStatusListener - Received status text amet pulvinar malesuada magna posuere Java Maecenas adipiscing Lorem massa sending to kafka topic twitter-topic
2023-03-20 10:44:43 [pool-4-thread-1] INFO  c.m.d.k.p.c.s.i.TwitterKafkaProducer - Sending message='{"userId": 4161099786224002810, "id": 2638259965596472131, "text": "amet pulvinar malesuada magna posuere Java Maecenas adipiscing Lorem massa", "createdAt": 1679309083000}' to topic='twitter-topic'
2023-03-20 10:44:53 [pool-4-thread-1] INFO  c.m.d.t.t.k.s.l.TwitterKafkaStatusListener - Received status text pulvinar massa ultricies Lorem purus Microservices lectus Fusce malesuada sending to kafka topic twitter-topic
2023-03-20 10:44:53 [pool-4-thread-1] INFO  c.m.d.k.p.c.s.i.TwitterKafkaProducer - Sending message='{"userId": 2034080255277496249, "id": 5187142737709121436, "text": "pulvinar massa ultricies Lorem purus Microservices lectus Fusce malesuada", "createdAt": 1679309093000}' to topic='twitter-topic'
2023-03-20 10:45:03 [pool-4-thread-1] INFO  c.m.d.t.t.k.s.l.TwitterKafkaStatusListener - Received status text massa congue magna purus Kafka Lorem Lorem Maecenas sending to kafka topic twitter-topic
2023-03-20 10:45:03 [pool-4-thread-1] INFO  c.m.d.k.p.c.s.i.TwitterKafkaProducer - Sending message='{"userId": 2268084328958079113, "id": 4142169806668952156, "text": "massa congue magna purus Kafka Lorem Lorem Maecenas", "createdAt": 1679309103000}' to topic='twitter-topic'
2023-03-20 10:45:13 [pool-4-thread-1] INFO  c.m.d.t.t.k.s.l.TwitterKafkaStatusListener - Received status text magna amet elit ultricies Java ultricies sit sending to kafka topic twitter-topic
2023-03-20 10:45:13 [pool-4-thread-1] INFO  c.m.d.k.p.c.s.i.TwitterKafkaProducer - Sending message='{"userId": 4595821973910824918, "id": 2394256135611744315, "text": "magna amet elit ultricies Java ultricies sit", "createdAt": 1679309113000}' to topic='twitter-topic'
2023-03-20 10:45:23 [pool-4-thread-1] INFO  c.m.d.t.t.k.s.l.TwitterKafkaStatusListener - Received status text magna consectetuer elit posuere ultricies consectetuer Java elit adipiscing congue consectetuer sending to kafka topic twitter-topic
2023-03-20 10:45:23 [pool-4-thread-1] INFO  c.m.d.k.p.c.s.i.TwitterKafkaProducer - Sending message='{"userId": 4826437130084314553, "id": 8708723671888375594, "text": "magna consectetuer elit posuere ultricies consectetuer Java elit adipiscing congue consectetuer", "createdAt": 1679309123000}' to topic='twitter-topic'
2023-03-20 10:45:33 [pool-4-thread-1] INFO  c.m.d.t.t.k.s.l.TwitterKafkaStatusListener - Received status text adipiscing sed massa purus amet Microservices elit Maecenas porttitor ipsum sending to kafka topic twitter-topic
2023-03-20 10:45:33 [pool-4-thread-1] INFO  c.m.d.k.p.c.s.i.TwitterKafkaProducer - Sending message='{"userId": 1890160591729763061, "id": 1671642200686953380, "text": "adipiscing sed massa purus amet Microservices elit Maecenas porttitor ipsum", "createdAt": 1679309133000}' to topic='twitter-topic'
2023-03-20 10:45:43 [pool-4-thread-1] INFO  c.m.d.t.t.k.s.l.TwitterKafkaStatusListener - Received status text porttitor porttitor Fusce porttitor Java sed posuere sending to kafka topic twitter-topic
2023-03-20 10:45:43 [pool-4-thread-1] INFO  c.m.d.k.p.c.s.i.TwitterKafkaProducer - Sending message='{"userId": 5969157609739221457, "id": 4862889466226119925, "text": "porttitor porttitor Fusce porttitor Java sed posuere", "createdAt": 1679309143000}' to topic='twitter-topic'
2023-03-20 10:45:53 [pool-4-thread-1] INFO  c.m.d.t.t.k.s.l.TwitterKafkaStatusListener - Received status text massa Lorem dolor purus consectetuer consectetuer ultricies Maecenas Kafka Fusce porttitor consectetuer posuere adipiscing posuere sending to kafka topic twitter-topic
2023-03-20 10:45:53 [pool-4-thread-1] INFO  c.m.d.k.p.c.s.i.TwitterKafkaProducer - Sending message='{"userId": 4376382256546319973, "id": 3901836772759894277, "text": "massa Lorem dolor purus consectetuer consectetuer ultricies Maecenas Kafka Fusce porttitor consectetuer posuere adipiscing posuere", "createdAt": 1679309153000}' to topic='twitter-topic'
2023-03-20 10:46:03 [pool-4-thread-1] INFO  c.m.d.t.t.k.s.l.TwitterKafkaStatusListener - Received status text ipsum porttitor amet Kafka Lorem posuere sending to kafka topic twitter-topic
2023-03-20 10:46:04 [pool-4-thread-1] INFO  c.m.d.k.p.c.s.i.TwitterKafkaProducer - Sending message='{"userId": 2812984814545693242, "id": 5278449685106426881, "text": "ipsum porttitor amet Kafka Lorem posuere", "createdAt": 1679309163000}' to topic='twitter-topic'
2023-03-20 10:46:14 [pool-4-thread-1] INFO  c.m.d.t.t.k.s.l.TwitterKafkaStatusListener - Received status text lectus ipsum Maecenas Maecenas consectetuer purus lectus Microservices dolor ipsum pulvinar pulvinar lectus Lorem sending to kafka topic twitter-topic
2023-03-20 10:46:14 [pool-4-thread-1] INFO  c.m.d.k.p.c.s.i.TwitterKafkaProducer - Sending message='{"userId": 1437276246634347107, "id": 8742722219349331001, "text": "lectus ipsum Maecenas Maecenas consectetuer purus lectus Microservices dolor ipsum pulvinar pulvinar lectus Lorem", "createdAt": 1679309174000}' to topic='twitter-topic'
2023-03-20 10:46:24 [pool-4-thread-1] INFO  c.m.d.t.t.k.s.l.TwitterKafkaStatusListener - Received status text magna libero sed purus Fusce Java sit sed adipiscing purus sending to kafka topic twitter-topic
2023-03-20 10:46:24 [pool-4-thread-1] INFO  c.m.d.k.p.c.s.i.TwitterKafkaProducer - Sending message='{"userId": 2177420534049443296, "id": 3438461735690093755, "text": "magna libero sed purus Fusce Java sit sed adipiscing purus", "createdAt": 1679309184000}' to topic='twitter-topic'
2023-03-20 10:46:34 [pool-4-thread-1] INFO  c.m.d.t.t.k.s.l.TwitterKafkaStatusListener - Received status text posuere consectetuer porttitor Elasticsearch ultricies amet sending to kafka topic twitter-topic
2023-03-20 10:46:34 [pool-4-thread-1] INFO  c.m.d.k.p.c.s.i.TwitterKafkaProducer - Sending message='{"userId": 8848886415711106556, "id": 5346061556493968540, "text": "posuere consectetuer porttitor Elasticsearch ultricies amet", "createdAt": 1679309194000}' to topic='twitter-topic'
2023-03-20 10:46:44 [pool-4-thread-1] INFO  c.m.d.t.t.k.s.l.TwitterKafkaStatusListener - Received status text adipiscing lectus sit Elasticsearch sit sit sending to kafka topic twitter-topic
2023-03-20 10:46:44 [pool-4-thread-1] INFO  c.m.d.k.p.c.s.i.TwitterKafkaProducer - Sending message='{"userId": 7818699766679175525, "id": 6348711204765223989, "text": "adipiscing lectus sit Elasticsearch sit sit", "createdAt": 1679309204000}' to topic='twitter-topic'
2023-03-20 10:46:54 [pool-4-thread-1] INFO  c.m.d.t.t.k.s.l.TwitterKafkaStatusListener - Received status text congue adipiscing malesuada dolor Lorem porttitor Elasticsearch congue sit Maecenas purus libero sending to kafka topic twitter-topic
2023-03-20 10:46:54 [pool-4-thread-1] INFO  c.m.d.k.p.c.s.i.TwitterKafkaProducer - Sending message='{"userId": 154634040874295924, "id": 7205460888040736806, "text": "congue adipiscing malesuada dolor Lorem porttitor Elasticsearch congue sit Maecenas purus libero", "createdAt": 1679309214000}' to topic='twitter-topic'
2023-03-20 10:47:04 [pool-4-thread-1] INFO  c.m.d.t.t.k.s.l.TwitterKafkaStatusListener - Received status text dolor malesuada dolor lectus purus amet amet Kafka elit dolor sit purus magna sending to kafka topic twitter-topic
2023-03-20 10:47:04 [pool-4-thread-1] INFO  c.m.d.k.p.c.s.i.TwitterKafkaProducer - Sending message='{"userId": 2661152414692071324, "id": 6604440083545596233, "text": "dolor malesuada dolor lectus purus amet amet Kafka elit dolor sit purus magna", "createdAt": 1679309224000}' to topic='twitter-topic'
2023-03-20 10:47:14 [pool-4-thread-1] INFO  c.m.d.t.t.k.s.l.TwitterKafkaStatusListener - Received status text pulvinar malesuada dolor Maecenas porttitor ultricies Microservices malesuada adipiscing sed malesuada Maecenas sending to kafka topic twitter-topic
2023-03-20 10:47:14 [pool-4-thread-1] INFO  c.m.d.k.p.c.s.i.TwitterKafkaProducer - Sending message='{"userId": 4608625674264322093, "id": 1654076297703055862, "text": "pulvinar malesuada dolor Maecenas porttitor ultricies Microservices malesuada adipiscing sed malesuada Maecenas", "createdAt": 1679309234000}' to topic='twitter-topic'
2023-03-20 10:47:24 [pool-4-thread-1] INFO  c.m.d.t.t.k.s.l.TwitterKafkaStatusListener - Received status text libero Lorem elit consectetuer pulvinar consectetuer adipiscing Java purus adipiscing purus congue posuere purus sending to kafka topic twitter-topic
2023-03-20 10:47:24 [pool-4-thread-1] INFO  c.m.d.k.p.c.s.i.TwitterKafkaProducer - Sending message='{"userId": 2592167851401744734, "id": 7307462038915190634, "text": "libero Lorem elit consectetuer pulvinar consectetuer adipiscing Java purus adipiscing purus congue posuere purus", "createdAt": 1679309244000}' to topic='twitter-topic'
2023-03-20 10:47:28 [kafka-admin-client-thread | adminclient-1] INFO  o.apache.kafka.clients.NetworkClient - [AdminClient clientId=adminclient-1] Node 2 disconnected.
2023-03-20 10:47:34 [pool-4-thread-1] INFO  c.m.d.t.t.k.s.l.TwitterKafkaStatusListener - Received status text Lorem Lorem purus posuere purus ultricies magna Microservices Maecenas Fusce posuere amet ultricies libero sending to kafka topic twitter-topic
2023-03-20 10:47:34 [pool-4-thread-1] INFO  c.m.d.k.p.c.s.i.TwitterKafkaProducer - Sending message='{"userId": 325168275208056114, "id": 4667694478843097651, "text": "Lorem Lorem purus posuere purus ultricies magna Microservices Maecenas Fusce posuere amet ultricies libero", "createdAt": 1679309254000}' to topic='twitter-topic'
2023-03-20 10:47:44 [pool-4-thread-1] INFO  c.m.d.t.t.k.s.l.TwitterKafkaStatusListener - Received status text Maecenas amet massa sit Microservices ipsum adipiscing sending to kafka topic twitter-topic
2023-03-20 10:47:44 [pool-4-thread-1] INFO  c.m.d.k.p.c.s.i.TwitterKafkaProducer - Sending message='{"userId": 277218959856048501, "id": 3601099910898078879, "text": "Maecenas amet massa sit Microservices ipsum adipiscing", "createdAt": 1679309264000}' to topic='twitter-topic'
2023-03-20 10:47:54 [pool-4-thread-1] INFO  c.m.d.t.t.k.s.l.TwitterKafkaStatusListener - Received status text magna purus consectetuer ultricies dolor ipsum posuere sed Kafka magna libero libero ipsum adipiscing dolor massa sending to kafka topic twitter-topic
2023-03-20 10:47:54 [pool-4-thread-1] INFO  c.m.d.k.p.c.s.i.TwitterKafkaProducer - Sending message='{"userId": 4902464533085791308, "id": 2072311783407863137, "text": "magna purus consectetuer ultricies dolor ipsum posuere sed Kafka magna libero libero ipsum adipiscing dolor massa", "createdAt": 1679309274000}' to topic='twitter-topic'
2023-03-20 10:48:04 [pool-4-thread-1] INFO  c.m.d.t.t.k.s.l.TwitterKafkaStatusListener - Received status text lectus malesuada purus purus pulvinar magna congue Microservices malesuada magna Lorem lectus pulvinar sending to kafka topic twitter-topic
2023-03-20 10:48:04 [pool-4-thread-1] INFO  c.m.d.k.p.c.s.i.TwitterKafkaProducer - Sending message='{"userId": 665607967234528843, "id": 8084356396962557031, "text": "lectus malesuada purus purus pulvinar magna congue Microservices malesuada magna Lorem lectus pulvinar", "createdAt": 1679309284000}' to topic='twitter-topic'
2023-03-20 10:48:14 [pool-4-thread-1] INFO  c.m.d.t.t.k.s.l.TwitterKafkaStatusListener - Received status text consectetuer congue consectetuer Maecenas Kafka ultricies Fusce ultricies sending to kafka topic twitter-topic
2023-03-20 10:48:14 [pool-4-thread-1] INFO  c.m.d.k.p.c.s.i.TwitterKafkaProducer - Sending message='{"userId": 7070150954450512141, "id": 2575309899623051706, "text": "consectetuer congue consectetuer Maecenas Kafka ultricies Fusce ultricies", "createdAt": 1679309294000}' to topic='twitter-topic'
2023-03-20 10:48:24 [pool-4-thread-1] INFO  c.m.d.t.t.k.s.l.TwitterKafkaStatusListener - Received status text pulvinar lectus adipiscing ultricies purus amet Elasticsearch dolor ultricies elit consectetuer sending to kafka topic twitter-topic
2023-03-20 10:48:24 [pool-4-thread-1] INFO  c.m.d.k.p.c.s.i.TwitterKafkaProducer - Sending message='{"userId": 2381419653913037540, "id": 8311192771698932358, "text": "pulvinar lectus adipiscing ultricies purus amet Elasticsearch dolor ultricies elit consectetuer", "createdAt": 1679309304000}' to topic='twitter-topic'
2023-03-20 10:48:34 [pool-4-thread-1] INFO  c.m.d.t.t.k.s.l.TwitterKafkaStatusListener - Received status text elit posuere lectus Fusce amet malesuada magna Java lectus ultricies consectetuer pulvinar ultricies massa sending to kafka topic twitter-topic
2023-03-20 10:48:34 [pool-4-thread-1] INFO  c.m.d.k.p.c.s.i.TwitterKafkaProducer - Sending message='{"userId": 7131787746697430247, "id": 4223599467589583922, "text": "elit posuere lectus Fusce amet malesuada magna Java lectus ultricies consectetuer pulvinar ultricies massa", "createdAt": 1679309314000}' to topic='twitter-topic'
2023-03-20 10:48:44 [pool-4-thread-1] INFO  c.m.d.t.t.k.s.l.TwitterKafkaStatusListener - Received status text amet sit malesuada consectetuer ultricies posuere sit Microservices magna magna porttitor sed Lorem congue sending to kafka topic twitter-topic
2023-03-20 10:48:44 [pool-4-thread-1] INFO  c.m.d.k.p.c.s.i.TwitterKafkaProducer - Sending message='{"userId": 3374836391190194364, "id": 2942647113623265298, "text": "amet sit malesuada consectetuer ultricies posuere sit Microservices magna magna porttitor sed Lorem congue", "createdAt": 1679309324000}' to topic='twitter-topic'
2023-03-20 10:48:55 [pool-4-thread-1] INFO  c.m.d.t.t.k.s.l.TwitterKafkaStatusListener - Received status text sit elit elit dolor massa sit Elasticsearch dolor lectus adipiscing magna magna sending to kafka topic twitter-topic
2023-03-20 10:48:55 [pool-4-thread-1] INFO  c.m.d.k.p.c.s.i.TwitterKafkaProducer - Sending message='{"userId": 6940955727663951813, "id": 4487231771630849546, "text": "sit elit elit dolor massa sit Elasticsearch dolor lectus adipiscing magna magna", "createdAt": 1679309335000}' to topic='twitter-topic'
2023-03-20 10:49:05 [pool-4-thread-1] INFO  c.m.d.t.t.k.s.l.TwitterKafkaStatusListener - Received status text purus libero libero pulvinar Elasticsearch sit purus sending to kafka topic twitter-topic
2023-03-20 10:49:05 [pool-4-thread-1] INFO  c.m.d.k.p.c.s.i.TwitterKafkaProducer - Sending message='{"userId": 4512160483998926447, "id": 3675702878920204534, "text": "purus libero libero pulvinar Elasticsearch sit purus", "createdAt": 1679309345000}' to topic='twitter-topic'
2023-03-20 10:49:15 [pool-4-thread-1] INFO  c.m.d.t.t.k.s.l.TwitterKafkaStatusListener - Received status text ultricies Maecenas sed consectetuer magna Elasticsearch Maecenas ipsum massa posuere sending to kafka topic twitter-topic
2023-03-20 10:49:15 [pool-4-thread-1] INFO  c.m.d.k.p.c.s.i.TwitterKafkaProducer - Sending message='{"userId": 8606681751523894783, "id": 3817490794766477686, "text": "ultricies Maecenas sed consectetuer magna Elasticsearch Maecenas ipsum massa posuere", "createdAt": 1679309355000}' to topic='twitter-topic'
2023-03-20 10:49:25 [pool-4-thread-1] INFO  c.m.d.t.t.k.s.l.TwitterKafkaStatusListener - Received status text pulvinar ipsum libero malesuada Fusce dolor Microservices Fusce adipiscing consectetuer amet sending to kafka topic twitter-topic
2023-03-20 10:49:25 [pool-4-thread-1] INFO  c.m.d.k.p.c.s.i.TwitterKafkaProducer - Sending message='{"userId": 4014483839127238973, "id": 2961079293181077453, "text": "pulvinar ipsum libero malesuada Fusce dolor Microservices Fusce adipiscing consectetuer amet", "createdAt": 1679309365000}' to topic='twitter-topic'
2023-03-20 10:49:35 [pool-4-thread-1] INFO  c.m.d.t.t.k.s.l.TwitterKafkaStatusListener - Received status text ultricies sit porttitor adipiscing pulvinar Maecenas amet lectus Kafka amet Lorem posuere elit porttitor Fusce lectus sending to kafka topic twitter-topic
2023-03-20 10:49:35 [pool-4-thread-1] INFO  c.m.d.k.p.c.s.i.TwitterKafkaProducer - Sending message='{"userId": 7302883928053283016, "id": 2136827676901951573, "text": "ultricies sit porttitor adipiscing pulvinar Maecenas amet lectus Kafka amet Lorem posuere elit porttitor Fusce lectus", "createdAt": 1679309375000}' to topic='twitter-topic'
2023-03-20 10:49:45 [pool-4-thread-1] INFO  c.m.d.t.t.k.s.l.TwitterKafkaStatusListener - Received status text Maecenas ipsum sed sit Kafka sit lectus sending to kafka topic twitter-topic
2023-03-20 10:49:45 [pool-4-thread-1] INFO  c.m.d.k.p.c.s.i.TwitterKafkaProducer - Sending message='{"userId": 7732434980263226822, "id": 4292163715345796797, "text": "Maecenas ipsum sed sit Kafka sit lectus", "createdAt": 1679309385000}' to topic='twitter-topic'
2023-03-20 10:49:55 [pool-4-thread-1] INFO  c.m.d.t.t.k.s.l.TwitterKafkaStatusListener - Received status text sed sit ipsum dolor elit ipsum congue Microservices purus consectetuer malesuada magna massa sending to kafka topic twitter-topic
2023-03-20 10:49:55 [pool-4-thread-1] INFO  c.m.d.k.p.c.s.i.TwitterKafkaProducer - Sending message='{"userId": 7691704972572468802, "id": 9016699710478220622, "text": "sed sit ipsum dolor elit ipsum congue Microservices purus consectetuer malesuada magna massa", "createdAt": 1679309395000}' to topic='twitter-topic'
2023-03-20 10:50:05 [pool-4-thread-1] INFO  c.m.d.t.t.k.s.l.TwitterKafkaStatusListener - Received status text adipiscing Fusce porttitor sed Kafka pulvinar Lorem lectus sending to kafka topic twitter-topic
2023-03-20 10:50:05 [pool-4-thread-1] INFO  c.m.d.k.p.c.s.i.TwitterKafkaProducer - Sending message='{"userId": 5972999522174825720, "id": 1483682606913126587, "text": "adipiscing Fusce porttitor sed Kafka pulvinar Lorem lectus", "createdAt": 1679309405000}' to topic='twitter-topic'
2023-03-20 10:50:15 [pool-4-thread-1] INFO  c.m.d.t.t.k.s.l.TwitterKafkaStatusListener - Received status text dolor Fusce ipsum amet posuere Fusce Fusce Elasticsearch sed libero purus consectetuer sed magna sending to kafka topic twitter-topic
2023-03-20 10:50:15 [pool-4-thread-1] INFO  c.m.d.k.p.c.s.i.TwitterKafkaProducer - Sending message='{"userId": 591261059576283598, "id": 7104062994137084210, "text": "dolor Fusce ipsum amet posuere Fusce Fusce Elasticsearch sed libero purus consectetuer sed magna", "createdAt": 1679309415000}' to topic='twitter-topic'
2023-03-20 10:50:25 [pool-4-thread-1] INFO  c.m.d.t.t.k.s.l.TwitterKafkaStatusListener - Received status text sit libero purus dolor Elasticsearch ultricies Fusce sending to kafka topic twitter-topic
2023-03-20 10:50:25 [pool-4-thread-1] INFO  c.m.d.k.p.c.s.i.TwitterKafkaProducer - Sending message='{"userId": 3315060522380303469, "id": 130620887170692736, "text": "sit libero purus dolor Elasticsearch ultricies Fusce", "createdAt": 1679309425000}' to topic='twitter-topic'
2023-03-20 10:50:35 [pool-4-thread-1] INFO  c.m.d.t.t.k.s.l.TwitterKafkaStatusListener - Received status text congue elit ultricies purus Fusce posuere malesuada massa Kafka sit elit pulvinar Lorem amet porttitor adipiscing sending to kafka topic twitter-topic
2023-03-20 10:50:35 [pool-4-thread-1] INFO  c.m.d.k.p.c.s.i.TwitterKafkaProducer - Sending message='{"userId": 4062729814711038100, "id": 5325178401609238849, "text": "congue elit ultricies purus Fusce posuere malesuada massa Kafka sit elit pulvinar Lorem amet porttitor adipiscing", "createdAt": 1679309435000}' to topic='twitter-topic'
2023-03-20 10:50:45 [pool-4-thread-1] INFO  c.m.d.t.t.k.s.l.TwitterKafkaStatusListener - Received status text pulvinar ipsum malesuada amet ipsum Kafka Lorem amet pulvinar Maecenas sending to kafka topic twitter-topic
2023-03-20 10:50:45 [pool-4-thread-1] INFO  c.m.d.k.p.c.s.i.TwitterKafkaProducer - Sending message='{"userId": 923191501764869796, "id": 5346287746462940186, "text": "pulvinar ipsum malesuada amet ipsum Kafka Lorem amet pulvinar Maecenas", "createdAt": 1679309445000}' to topic='twitter-topic'
2023-03-20 10:50:55 [pool-4-thread-1] INFO  c.m.d.t.t.k.s.l.TwitterKafkaStatusListener - Received status text purus elit ultricies amet posuere consectetuer Elasticsearch purus lectus porttitor porttitor sending to kafka topic twitter-topic
2023-03-20 10:50:56 [pool-4-thread-1] INFO  c.m.d.k.p.c.s.i.TwitterKafkaProducer - Sending message='{"userId": 8984536175867768822, "id": 4796374544452148473, "text": "purus elit ultricies amet posuere consectetuer Elasticsearch purus lectus porttitor porttitor", "createdAt": 1679309455000}' to topic='twitter-topic'
2023-03-20 10:51:06 [pool-4-thread-1] INFO  c.m.d.t.t.k.s.l.TwitterKafkaStatusListener - Received status text massa Fusce Maecenas ultricies ipsum adipiscing sed pulvinar Microservices pulvinar Maecenas amet dolor ipsum Fusce sending to kafka topic twitter-topic
2023-03-20 10:51:06 [pool-4-thread-1] INFO  c.m.d.k.p.c.s.i.TwitterKafkaProducer - Sending message='{"userId": 7719715984686636295, "id": 4886331011236661891, "text": "massa Fusce Maecenas ultricies ipsum adipiscing sed pulvinar Microservices pulvinar Maecenas amet dolor ipsum Fusce", "createdAt": 1679309466000}' to topic='twitter-topic'
2023-03-20 10:51:16 [pool-4-thread-1] INFO  c.m.d.t.t.k.s.l.TwitterKafkaStatusListener - Received status text Maecenas adipiscing sit Microservices consectetuer pulvinar sending to kafka topic twitter-topic
2023-03-20 10:51:16 [pool-4-thread-1] INFO  c.m.d.k.p.c.s.i.TwitterKafkaProducer - Sending message='{"userId": 5855883931281362959, "id": 1622615535942059754, "text": "Maecenas adipiscing sit Microservices consectetuer pulvinar", "createdAt": 1679309476000}' to topic='twitter-topic'
2023-03-20 10:51:26 [pool-4-thread-1] INFO  c.m.d.t.t.k.s.l.TwitterKafkaStatusListener - Received status text congue amet libero Microservices Fusce ipsum sending to kafka topic twitter-topic
2023-03-20 10:51:26 [pool-4-thread-1] INFO  c.m.d.k.p.c.s.i.TwitterKafkaProducer - Sending message='{"userId": 5218583456025146871, "id": 3051420909685074911, "text": "congue amet libero Microservices Fusce ipsum", "createdAt": 1679309486000}' to topic='twitter-topic'
2023-03-20 10:51:36 [pool-4-thread-1] INFO  c.m.d.t.t.k.s.l.TwitterKafkaStatusListener - Received status text dolor adipiscing dolor Lorem Elasticsearch elit massa sit sending to kafka topic twitter-topic
2023-03-20 10:51:36 [pool-4-thread-1] INFO  c.m.d.k.p.c.s.i.TwitterKafkaProducer - Sending message='{"userId": 5915668837861849728, "id": 6293850184898774564, "text": "dolor adipiscing dolor Lorem Elasticsearch elit massa sit", "createdAt": 1679309496000}' to topic='twitter-topic'
2023-03-20 10:51:46 [pool-4-thread-1] INFO  c.m.d.t.t.k.s.l.TwitterKafkaStatusListener - Received status text lectus Maecenas magna congue ultricies Java libero malesuada elit sed sending to kafka topic twitter-topic
2023-03-20 10:51:46 [pool-4-thread-1] INFO  c.m.d.k.p.c.s.i.TwitterKafkaProducer - Sending message='{"userId": 7563205239896616664, "id": 1748625776574424668, "text": "lectus Maecenas magna congue ultricies Java libero malesuada elit sed", "createdAt": 1679309506000}' to topic='twitter-topic'
2023-03-20 10:51:56 [pool-4-thread-1] INFO  c.m.d.t.t.k.s.l.TwitterKafkaStatusListener - Received status text consectetuer adipiscing magna posuere ipsum Kafka amet ipsum ultricies lectus sending to kafka topic twitter-topic
2023-03-20 10:51:56 [pool-4-thread-1] INFO  c.m.d.k.p.c.s.i.TwitterKafkaProducer - Sending message='{"userId": 2499627869226219161, "id": 2593656911120209740, "text": "consectetuer adipiscing magna posuere ipsum Kafka amet ipsum ultricies lectus", "createdAt": 1679309516000}' to topic='twitter-topic'
2023-03-20 10:52:06 [pool-4-thread-1] INFO  c.m.d.t.t.k.s.l.TwitterKafkaStatusListener - Received status text Maecenas Fusce massa sed Microservices consectetuer consectetuer dolor sending to kafka topic twitter-topic
2023-03-20 10:52:06 [pool-4-thread-1] INFO  c.m.d.k.p.c.s.i.TwitterKafkaProducer - Sending message='{"userId": 6601241100421003698, "id": 1525592626420993279, "text": "Maecenas Fusce massa sed Microservices consectetuer consectetuer dolor", "createdAt": 1679309526000}' to topic='twitter-topic'
2023-03-20 10:52:16 [pool-4-thread-1] INFO  c.m.d.t.t.k.s.l.TwitterKafkaStatusListener - Received status text Lorem posuere lectus posuere Maecenas Kafka Fusce ipsum Maecenas porttitor sending to kafka topic twitter-topic
2023-03-20 10:52:16 [pool-4-thread-1] INFO  c.m.d.k.p.c.s.i.TwitterKafkaProducer - Sending message='{"userId": 2790110150506614297, "id": 3306801205869836653, "text": "Lorem posuere lectus posuere Maecenas Kafka Fusce ipsum Maecenas porttitor", "createdAt": 1679309536000}' to topic='twitter-topic'
2023-03-20 10:52:26 [pool-4-thread-1] INFO  c.m.d.t.t.k.s.l.TwitterKafkaStatusListener - Received status text ultricies elit sit sed ipsum consectetuer Microservices consectetuer malesuada pulvinar dolor posuere sending to kafka topic twitter-topic
2023-03-20 10:52:26 [pool-4-thread-1] INFO  c.m.d.k.p.c.s.i.TwitterKafkaProducer - Sending message='{"userId": 4607999376361564608, "id": 5340811734673381443, "text": "ultricies elit sit sed ipsum consectetuer Microservices consectetuer malesuada pulvinar dolor posuere", "createdAt": 1679309546000}' to topic='twitter-topic'
2023-03-20 10:52:29 [kafka-admin-client-thread | adminclient-1] INFO  o.apache.kafka.clients.NetworkClient - [AdminClient clientId=adminclient-1] Node 3 disconnected.
2023-03-20 10:52:36 [pool-4-thread-1] INFO  c.m.d.t.t.k.s.l.TwitterKafkaStatusListener - Received status text magna massa massa Fusce magna elit porttitor Elasticsearch massa elit purus massa ipsum sending to kafka topic twitter-topic
2023-03-20 10:52:36 [pool-4-thread-1] INFO  c.m.d.k.p.c.s.i.TwitterKafkaProducer - Sending message='{"userId": 4413224990488923164, "id": 8425244680523913755, "text": "magna massa massa Fusce magna elit porttitor Elasticsearch massa elit purus massa ipsum", "createdAt": 1679309556000}' to topic='twitter-topic'
2023-03-20 10:52:46 [pool-4-thread-1] INFO  c.m.d.t.t.k.s.l.TwitterKafkaStatusListener - Received status text ultricies Lorem consectetuer Lorem Maecenas Microservices magna Fusce consectetuer sending to kafka topic twitter-topic
2023-03-20 10:52:46 [pool-4-thread-1] INFO  c.m.d.k.p.c.s.i.TwitterKafkaProducer - Sending message='{"userId": 6767268527881672257, "id": 846996262620535389, "text": "ultricies Lorem consectetuer Lorem Maecenas Microservices magna Fusce consectetuer", "createdAt": 1679309566000}' to topic='twitter-topic'
2023-03-20 10:52:56 [pool-4-thread-1] INFO  c.m.d.t.t.k.s.l.TwitterKafkaStatusListener - Received status text lectus sit Lorem ultricies consectetuer Fusce Lorem Java magna adipiscing Fusce Maecenas adipiscing dolor sending to kafka topic twitter-topic
2023-03-20 10:52:56 [pool-4-thread-1] INFO  c.m.d.k.p.c.s.i.TwitterKafkaProducer - Sending message='{"userId": 232818604206492503, "id": 5329233730600933304, "text": "lectus sit Lorem ultricies consectetuer Fusce Lorem Java magna adipiscing Fusce Maecenas adipiscing dolor", "createdAt": 1679309576000}' to topic='twitter-topic'
2023-03-20 10:53:06 [pool-4-thread-1] INFO  c.m.d.t.t.k.s.l.TwitterKafkaStatusListener - Received status text massa magna malesuada ultricies purus sed Java adipiscing consectetuer porttitor magna adipiscing sending to kafka topic twitter-topic
2023-03-20 10:53:06 [pool-4-thread-1] INFO  c.m.d.k.p.c.s.i.TwitterKafkaProducer - Sending message='{"userId": 1381302123542189201, "id": 3280289509971806279, "text": "massa magna malesuada ultricies purus sed Java adipiscing consectetuer porttitor magna adipiscing", "createdAt": 1679309586000}' to topic='twitter-topic'
2023-03-20 10:53:16 [pool-4-thread-1] INFO  c.m.d.t.t.k.s.l.TwitterKafkaStatusListener - Received status text pulvinar Fusce elit Java libero sit sending to kafka topic twitter-topic
2023-03-20 10:53:16 [pool-4-thread-1] INFO  c.m.d.k.p.c.s.i.TwitterKafkaProducer - Sending message='{"userId": 4052192529625961242, "id": 5882430070506154515, "text": "pulvinar Fusce elit Java libero sit", "createdAt": 1679309596000}' to topic='twitter-topic'
2023-03-20 10:53:26 [pool-4-thread-1] INFO  c.m.d.t.t.k.s.l.TwitterKafkaStatusListener - Received status text dolor congue Maecenas sit Java amet magna sending to kafka topic twitter-topic
2023-03-20 10:53:26 [pool-4-thread-1] INFO  c.m.d.k.p.c.s.i.TwitterKafkaProducer - Sending message='{"userId": 2175690902322500854, "id": 5771452085720075099, "text": "dolor congue Maecenas sit Java amet magna", "createdAt": 1679309606000}' to topic='twitter-topic'
2023-03-20 10:53:36 [pool-4-thread-1] INFO  c.m.d.t.t.k.s.l.TwitterKafkaStatusListener - Received status text dolor malesuada amet adipiscing pulvinar porttitor Lorem dolor Java sit Lorem posuere pulvinar dolor libero sending to kafka topic twitter-topic
2023-03-20 10:53:36 [pool-4-thread-1] INFO  c.m.d.k.p.c.s.i.TwitterKafkaProducer - Sending message='{"userId": 2750119433733418060, "id": 825034286966277581, "text": "dolor malesuada amet adipiscing pulvinar porttitor Lorem dolor Java sit Lorem posuere pulvinar dolor libero", "createdAt": 1679309616000}' to topic='twitter-topic'
2023-03-20 10:53:46 [pool-4-thread-1] INFO  c.m.d.t.t.k.s.l.TwitterKafkaStatusListener - Received status text sit porttitor Lorem elit Microservices lectus sed sending to kafka topic twitter-topic
2023-03-20 10:53:46 [pool-4-thread-1] INFO  c.m.d.k.p.c.s.i.TwitterKafkaProducer - Sending message='{"userId": 5964235744015878238, "id": 8044446133872094873, "text": "sit porttitor Lorem elit Microservices lectus sed", "createdAt": 1679309626000}' to topic='twitter-topic'
2023-03-20 10:53:56 [pool-4-thread-1] INFO  c.m.d.t.t.k.s.l.TwitterKafkaStatusListener - Received status text porttitor purus sed lectus magna Lorem Microservices congue consectetuer pulvinar magna amet sending to kafka topic twitter-topic
2023-03-20 10:53:57 [pool-4-thread-1] INFO  c.m.d.k.p.c.s.i.TwitterKafkaProducer - Sending message='{"userId": 2713880475445482542, "id": 3666013895034308390, "text": "porttitor purus sed lectus magna Lorem Microservices congue consectetuer pulvinar magna amet", "createdAt": 1679309636000}' to topic='twitter-topic'
2023-03-20 10:54:07 [pool-4-thread-1] INFO  c.m.d.t.t.k.s.l.TwitterKafkaStatusListener - Received status text porttitor sit amet ipsum ipsum amet purus sit Microservices posuere sit ipsum adipiscing posuere posuere adipiscing sending to kafka topic twitter-topic
2023-03-20 10:54:07 [pool-4-thread-1] INFO  c.m.d.k.p.c.s.i.TwitterKafkaProducer - Sending message='{"userId": 2405370738523378202, "id": 772688530151907192, "text": "porttitor sit amet ipsum ipsum amet purus sit Microservices posuere sit ipsum adipiscing posuere posuere adipiscing", "createdAt": 1679309647000}' to topic='twitter-topic'
2023-03-20 10:54:17 [pool-4-thread-1] INFO  c.m.d.t.t.k.s.l.TwitterKafkaStatusListener - Received status text ipsum massa elit amet congue Elasticsearch sed ipsum amet ultricies sending to kafka topic twitter-topic
2023-03-20 10:54:17 [pool-4-thread-1] INFO  c.m.d.k.p.c.s.i.TwitterKafkaProducer - Sending message='{"userId": 534293986124226963, "id": 7549165205014969121, "text": "ipsum massa elit amet congue Elasticsearch sed ipsum amet ultricies", "createdAt": 1679309657000}' to topic='twitter-topic'
2023-03-20 10:54:27 [pool-4-thread-1] INFO  c.m.d.t.t.k.s.l.TwitterKafkaStatusListener - Received status text posuere Maecenas posuere dolor Elasticsearch amet posuere sending to kafka topic twitter-topic
2023-03-20 10:54:27 [pool-4-thread-1] INFO  c.m.d.k.p.c.s.i.TwitterKafkaProducer - Sending message='{"userId": 4490031275351264017, "id": 8060064640743732861, "text": "posuere Maecenas posuere dolor Elasticsearch amet posuere", "createdAt": 1679309667000}' to topic='twitter-topic'
2023-03-20 10:54:37 [pool-4-thread-1] INFO  c.m.d.t.t.k.s.l.TwitterKafkaStatusListener - Received status text amet adipiscing Lorem amet congue Kafka posuere lectus posuere malesuada sending to kafka topic twitter-topic
2023-03-20 10:54:37 [pool-4-thread-1] INFO  c.m.d.k.p.c.s.i.TwitterKafkaProducer - Sending message='{"userId": 5286542265525840483, "id": 750108396879745886, "text": "amet adipiscing Lorem amet congue Kafka posuere lectus posuere malesuada", "createdAt": 1679309677000}' to topic='twitter-topic'
2023-03-20 10:54:47 [pool-4-thread-1] INFO  c.m.d.t.t.k.s.l.TwitterKafkaStatusListener - Received status text pulvinar porttitor Fusce congue porttitor Java magna ipsum purus sit sending to kafka topic twitter-topic
2023-03-20 10:54:47 [pool-4-thread-1] INFO  c.m.d.k.p.c.s.i.TwitterKafkaProducer - Sending message='{"userId": 8031921355597111650, "id": 8091769721096044616, "text": "pulvinar porttitor Fusce congue porttitor Java magna ipsum purus sit", "createdAt": 1679309687000}' to topic='twitter-topic'
2023-03-20 10:54:57 [pool-4-thread-1] INFO  c.m.d.t.t.k.s.l.TwitterKafkaStatusListener - Received status text lectus Maecenas purus consectetuer Microservices Fusce adipiscing sending to kafka topic twitter-topic
2023-03-20 10:54:57 [pool-4-thread-1] INFO  c.m.d.k.p.c.s.i.TwitterKafkaProducer - Sending message='{"userId": 6455340735710957816, "id": 8722746493679546220, "text": "lectus Maecenas purus consectetuer Microservices Fusce adipiscing", "createdAt": 1679309697000}' to topic='twitter-topic'
2023-03-20 10:55:07 [pool-4-thread-1] INFO  c.m.d.t.t.k.s.l.TwitterKafkaStatusListener - Received status text Lorem porttitor lectus Elasticsearch posuere congue sending to kafka topic twitter-topic
2023-03-20 10:55:07 [pool-4-thread-1] INFO  c.m.d.k.p.c.s.i.TwitterKafkaProducer - Sending message='{"userId": 1454939257794126703, "id": 6835317334449784445, "text": "Lorem porttitor lectus Elasticsearch posuere congue", "createdAt": 1679309707000}' to topic='twitter-topic'
2023-03-20 10:55:17 [pool-4-thread-1] INFO  c.m.d.t.t.k.s.l.TwitterKafkaStatusListener - Received status text Lorem Fusce lectus pulvinar libero sit Kafka congue dolor Maecenas consectetuer Fusce sending to kafka topic twitter-topic
2023-03-20 10:55:17 [pool-4-thread-1] INFO  c.m.d.k.p.c.s.i.TwitterKafkaProducer - Sending message='{"userId": 4209375140910303951, "id": 1038324459664070014, "text": "Lorem Fusce lectus pulvinar libero sit Kafka congue dolor Maecenas consectetuer Fusce", "createdAt": 1679309717000}' to topic='twitter-topic'
2023-03-20 10:55:27 [pool-4-thread-1] INFO  c.m.d.t.t.k.s.l.TwitterKafkaStatusListener - Received status text magna Fusce pulvinar ipsum congue magna ipsum Kafka ipsum libero amet posuere dolor sending to kafka topic twitter-topic
2023-03-20 10:55:27 [pool-4-thread-1] INFO  c.m.d.k.p.c.s.i.TwitterKafkaProducer - Sending message='{"userId": 7223097576647414661, "id": 983993474666072391, "text": "magna Fusce pulvinar ipsum congue magna ipsum Kafka ipsum libero amet posuere dolor", "createdAt": 1679309727000}' to topic='twitter-topic'
2023-03-20 10:55:37 [pool-4-thread-1] INFO  c.m.d.t.t.k.s.l.TwitterKafkaStatusListener - Received status text ultricies adipiscing consectetuer pulvinar libero magna libero posuere Kafka lectus magna Maecenas dolor pulvinar ipsum sending to kafka topic twitter-topic
2023-03-20 10:55:37 [pool-4-thread-1] INFO  c.m.d.k.p.c.s.i.TwitterKafkaProducer - Sending message='{"userId": 6482210359531845128, "id": 272023560872189072, "text": "ultricies adipiscing consectetuer pulvinar libero magna libero posuere Kafka lectus magna Maecenas dolor pulvinar ipsum", "createdAt": 1679309737000}' to topic='twitter-topic'
2023-03-20 10:55:47 [pool-4-thread-1] INFO  c.m.d.t.t.k.s.l.TwitterKafkaStatusListener - Received status text lectus consectetuer consectetuer magna massa consectetuer elit dolor Java Lorem sit malesuada malesuada ultricies Fusce magna sending to kafka topic twitter-topic
2023-03-20 10:55:47 [pool-4-thread-1] INFO  c.m.d.k.p.c.s.i.TwitterKafkaProducer - Sending message='{"userId": 8614801172631850306, "id": 7900038066962222564, "text": "lectus consectetuer consectetuer magna massa consectetuer elit dolor Java Lorem sit malesuada malesuada ultricies Fusce magna", "createdAt": 1679309747000}' to topic='twitter-topic'
2023-03-20 10:55:57 [pool-4-thread-1] INFO  c.m.d.t.t.k.s.l.TwitterKafkaStatusListener - Received status text porttitor amet Maecenas Kafka pulvinar elit sending to kafka topic twitter-topic
2023-03-20 10:55:57 [pool-4-thread-1] INFO  c.m.d.k.p.c.s.i.TwitterKafkaProducer - Sending message='{"userId": 4481931638866144425, "id": 6602722720087502092, "text": "porttitor amet Maecenas Kafka pulvinar elit", "createdAt": 1679309757000}' to topic='twitter-topic'
2023-03-20 10:56:07 [pool-4-thread-1] INFO  c.m.d.t.t.k.s.l.TwitterKafkaStatusListener - Received status text amet congue pulvinar sit Lorem Microservices congue magna amet sending to kafka topic twitter-topic
2023-03-20 10:56:07 [pool-4-thread-1] INFO  c.m.d.k.p.c.s.i.TwitterKafkaProducer - Sending message='{"userId": 264894782181772429, "id": 8151017058192395422, "text": "amet congue pulvinar sit Lorem Microservices congue magna amet", "createdAt": 1679309767000}' to topic='twitter-topic'
2023-03-20 10:56:17 [pool-4-thread-1] INFO  c.m.d.t.t.k.s.l.TwitterKafkaStatusListener - Received status text Lorem posuere adipiscing consectetuer Kafka pulvinar posuere sending to kafka topic twitter-topic
2023-03-20 10:56:17 [pool-4-thread-1] INFO  c.m.d.k.p.c.s.i.TwitterKafkaProducer - Sending message='{"userId": 1120651377957700543, "id": 1102449379337236245, "text": "Lorem posuere adipiscing consectetuer Kafka pulvinar posuere", "createdAt": 1679309777000}' to topic='twitter-topic'
2023-03-20 10:56:27 [pool-4-thread-1] INFO  c.m.d.t.t.k.s.l.TwitterKafkaStatusListener - Received status text purus ipsum magna dolor libero porttitor Microservices dolor congue sed magna sending to kafka topic twitter-topic
2023-03-20 10:56:27 [pool-4-thread-1] INFO  c.m.d.k.p.c.s.i.TwitterKafkaProducer - Sending message='{"userId": 3706600099363026647, "id": 3308835222074630520, "text": "purus ipsum magna dolor libero porttitor Microservices dolor congue sed magna", "createdAt": 1679309787000}' to topic='twitter-topic'
2023-03-20 10:56:37 [pool-4-thread-1] INFO  c.m.d.t.t.k.s.l.TwitterKafkaStatusListener - Received status text elit consectetuer lectus consectetuer ipsum Java sed dolor dolor sending to kafka topic twitter-topic
2023-03-20 10:56:37 [pool-4-thread-1] INFO  c.m.d.k.p.c.s.i.TwitterKafkaProducer - Sending message='{"userId": 5028590804218404852, "id": 7816325757576416982, "text": "elit consectetuer lectus consectetuer ipsum Java sed dolor dolor", "createdAt": 1679309797000}' to topic='twitter-topic'
2023-03-20 10:56:47 [pool-4-thread-1] INFO  c.m.d.t.t.k.s.l.TwitterKafkaStatusListener - Received status text adipiscing sit libero pulvinar porttitor adipiscing Lorem Kafka ipsum elit purus amet lectus sending to kafka topic twitter-topic
2023-03-20 10:56:47 [pool-4-thread-1] INFO  c.m.d.k.p.c.s.i.TwitterKafkaProducer - Sending message='{"userId": 6619134112378793959, "id": 6482658082030361695, "text": "adipiscing sit libero pulvinar porttitor adipiscing Lorem Kafka ipsum elit purus amet lectus", "createdAt": 1679309807000}' to topic='twitter-topic'
2023-03-20 10:56:57 [pool-4-thread-1] INFO  c.m.d.t.t.k.s.l.TwitterKafkaStatusListener - Received status text posuere malesuada magna adipiscing Maecenas libero Maecenas magna Kafka magna adipiscing malesuada ultricies dolor massa congue sending to kafka topic twitter-topic
2023-03-20 10:56:57 [pool-4-thread-1] INFO  c.m.d.k.p.c.s.i.TwitterKafkaProducer - Sending message='{"userId": 1263305554493227958, "id": 5967730198127491255, "text": "posuere malesuada magna adipiscing Maecenas libero Maecenas magna Kafka magna adipiscing malesuada ultricies dolor massa congue", "createdAt": 1679309817000}' to topic='twitter-topic'
2023-03-20 10:57:07 [pool-4-thread-1] INFO  c.m.d.t.t.k.s.l.TwitterKafkaStatusListener - Received status text posuere ultricies ipsum posuere sed Java ipsum purus sit sending to kafka topic twitter-topic
2023-03-20 10:57:07 [pool-4-thread-1] INFO  c.m.d.k.p.c.s.i.TwitterKafkaProducer - Sending message='{"userId": 6026384425199556475, "id": 8386739740655119845, "text": "posuere ultricies ipsum posuere sed Java ipsum purus sit", "createdAt": 1679309827000}' to topic='twitter-topic'
2023-03-20 10:57:17 [pool-4-thread-1] INFO  c.m.d.t.t.k.s.l.TwitterKafkaStatusListener - Received status text purus dolor malesuada posuere amet sed elit consectetuer Microservices elit pulvinar consectetuer sed Fusce libero sending to kafka topic twitter-topic
2023-03-20 10:57:17 [pool-4-thread-1] INFO  c.m.d.k.p.c.s.i.TwitterKafkaProducer - Sending message='{"userId": 453501891382736298, "id": 6672447079183127197, "text": "purus dolor malesuada posuere amet sed elit consectetuer Microservices elit pulvinar consectetuer sed Fusce libero", "createdAt": 1679309837000}' to topic='twitter-topic'
2023-03-20 10:57:28 [pool-4-thread-1] INFO  c.m.d.t.t.k.s.l.TwitterKafkaStatusListener - Received status text malesuada libero ipsum Lorem consectetuer sit ultricies massa Microservices Fusce posuere malesuada purus pulvinar congue ultricies sending to kafka topic twitter-topic
2023-03-20 10:57:28 [pool-4-thread-1] INFO  c.m.d.k.p.c.s.i.TwitterKafkaProducer - Sending message='{"userId": 4768875092526445721, "id": 7813827166613683181, "text": "malesuada libero ipsum Lorem consectetuer sit ultricies massa Microservices Fusce posuere malesuada purus pulvinar congue ultricies", "createdAt": 1679309847000}' to topic='twitter-topic'
2023-03-20 10:57:29 [kafka-admin-client-thread | adminclient-1] INFO  o.apache.kafka.clients.NetworkClient - [AdminClient clientId=adminclient-1] Node 1 disconnected.
2023-03-20 10:57:38 [pool-4-thread-1] INFO  c.m.d.t.t.k.s.l.TwitterKafkaStatusListener - Received status text malesuada malesuada Maecenas adipiscing pulvinar malesuada congue Kafka sed sed magna Lorem ipsum sending to kafka topic twitter-topic
2023-03-20 10:57:38 [pool-4-thread-1] INFO  c.m.d.k.p.c.s.i.TwitterKafkaProducer - Sending message='{"userId": 9064141238338204939, "id": 2455060075066458006, "text": "malesuada malesuada Maecenas adipiscing pulvinar malesuada congue Kafka sed sed magna Lorem ipsum", "createdAt": 1679309858000}' to topic='twitter-topic'
2023-03-20 10:57:48 [pool-4-thread-1] INFO  c.m.d.t.t.k.s.l.TwitterKafkaStatusListener - Received status text congue massa posuere adipiscing congue libero consectetuer Java congue Maecenas ipsum Lorem purus sending to kafka topic twitter-topic
2023-03-20 10:57:48 [pool-4-thread-1] INFO  c.m.d.k.p.c.s.i.TwitterKafkaProducer - Sending message='{"userId": 5392019579998334484, "id": 4962357613731673798, "text": "congue massa posuere adipiscing congue libero consectetuer Java congue Maecenas ipsum Lorem purus", "createdAt": 1679309868000}' to topic='twitter-topic'
2023-03-20 10:57:58 [pool-4-thread-1] INFO  c.m.d.t.t.k.s.l.TwitterKafkaStatusListener - Received status text ipsum magna Fusce pulvinar sit Fusce massa posuere Elasticsearch consectetuer sit Lorem malesuada malesuada Lorem sending to kafka topic twitter-topic
2023-03-20 10:57:58 [pool-4-thread-1] INFO  c.m.d.k.p.c.s.i.TwitterKafkaProducer - Sending message='{"userId": 2035659680945618644, "id": 7053742975072513619, "text": "ipsum magna Fusce pulvinar sit Fusce massa posuere Elasticsearch consectetuer sit Lorem malesuada malesuada Lorem", "createdAt": 1679309878000}' to topic='twitter-topic'
2023-03-20 10:58:08 [pool-4-thread-1] INFO  c.m.d.t.t.k.s.l.TwitterKafkaStatusListener - Received status text ipsum posuere libero magna ipsum libero Maecenas sed Java lectus sed magna consectetuer Lorem pulvinar magna sending to kafka topic twitter-topic
2023-03-20 10:58:08 [pool-4-thread-1] INFO  c.m.d.k.p.c.s.i.TwitterKafkaProducer - Sending message='{"userId": 569684721330336819, "id": 7178109012744315904, "text": "ipsum posuere libero magna ipsum libero Maecenas sed Java lectus sed magna consectetuer Lorem pulvinar magna", "createdAt": 1679309888000}' to topic='twitter-topic'
2023-03-20 10:58:18 [pool-4-thread-1] INFO  c.m.d.t.t.k.s.l.TwitterKafkaStatusListener - Received status text sit Lorem lectus Maecenas dolor dolor amet Microservices amet libero ultricies dolor amet magna sending to kafka topic twitter-topic
2023-03-20 10:58:18 [pool-4-thread-1] INFO  c.m.d.k.p.c.s.i.TwitterKafkaProducer - Sending message='{"userId": 8937648586299064855, "id": 8057234467983347048, "text": "sit Lorem lectus Maecenas dolor dolor amet Microservices amet libero ultricies dolor amet magna", "createdAt": 1679309898000}' to topic='twitter-topic'
2023-03-20 10:58:28 [pool-4-thread-1] INFO  c.m.d.t.t.k.s.l.TwitterKafkaStatusListener - Received status text lectus sed amet libero sit Fusce malesuada Kafka malesuada libero massa ultricies lectus sending to kafka topic twitter-topic
2023-03-20 10:58:28 [pool-4-thread-1] INFO  c.m.d.k.p.c.s.i.TwitterKafkaProducer - Sending message='{"userId": 2421264923925026872, "id": 6281990970921792435, "text": "lectus sed amet libero sit Fusce malesuada Kafka malesuada libero massa ultricies lectus", "createdAt": 1679309908000}' to topic='twitter-topic'
2023-03-20 10:58:38 [pool-4-thread-1] INFO  c.m.d.t.t.k.s.l.TwitterKafkaStatusListener - Received status text pulvinar Maecenas dolor consectetuer congue purus Elasticsearch porttitor posuere elit malesuada adipiscing sending to kafka topic twitter-topic
2023-03-20 10:58:38 [pool-4-thread-1] INFO  c.m.d.k.p.c.s.i.TwitterKafkaProducer - Sending message='{"userId": 1899768012006791960, "id": 8898537260862022822, "text": "pulvinar Maecenas dolor consectetuer congue purus Elasticsearch porttitor posuere elit malesuada adipiscing", "createdAt": 1679309918000}' to topic='twitter-topic'
2023-03-20 10:58:48 [pool-4-thread-1] INFO  c.m.d.t.t.k.s.l.TwitterKafkaStatusListener - Received status text adipiscing adipiscing ultricies libero consectetuer lectus amet Lorem Java elit purus congue Lorem porttitor congue lectus sending to kafka topic twitter-topic
2023-03-20 10:58:48 [pool-4-thread-1] INFO  c.m.d.k.p.c.s.i.TwitterKafkaProducer - Sending message='{"userId": 5167671400980345480, "id": 1275888268045952190, "text": "adipiscing adipiscing ultricies libero consectetuer lectus amet Lorem Java elit purus congue Lorem porttitor congue lectus", "createdAt": 1679309928000}' to topic='twitter-topic'
2023-03-20 10:58:58 [pool-4-thread-1] INFO  c.m.d.t.t.k.s.l.TwitterKafkaStatusListener - Received status text posuere Fusce dolor adipiscing Fusce consectetuer Java libero malesuada sed sed malesuada sending to kafka topic twitter-topic
2023-03-20 10:58:58 [pool-4-thread-1] INFO  c.m.d.k.p.c.s.i.TwitterKafkaProducer - Sending message='{"userId": 1617522225678610032, "id": 8612618225076226058, "text": "posuere Fusce dolor adipiscing Fusce consectetuer Java libero malesuada sed sed malesuada", "createdAt": 1679309938000}' to topic='twitter-topic'
2023-03-20 10:59:08 [pool-4-thread-1] INFO  c.m.d.t.t.k.s.l.TwitterKafkaStatusListener - Received status text Maecenas Fusce dolor Elasticsearch massa Lorem sending to kafka topic twitter-topic
2023-03-20 10:59:08 [pool-4-thread-1] INFO  c.m.d.k.p.c.s.i.TwitterKafkaProducer - Sending message='{"userId": 5255331137712006561, "id": 5798565452252725505, "text": "Maecenas Fusce dolor Elasticsearch massa Lorem", "createdAt": 1679309948000}' to topic='twitter-topic'
2023-03-20 10:59:18 [pool-4-thread-1] INFO  c.m.d.t.t.k.s.l.TwitterKafkaStatusListener - Received status text Maecenas elit consectetuer sit sit Microservices ultricies consectetuer libero posuere sending to kafka topic twitter-topic
2023-03-20 10:59:18 [pool-4-thread-1] INFO  c.m.d.k.p.c.s.i.TwitterKafkaProducer - Sending message='{"userId": 8135191491714493348, "id": 7994189740578125372, "text": "Maecenas elit consectetuer sit sit Microservices ultricies consectetuer libero posuere", "createdAt": 1679309958000}' to topic='twitter-topic'
