2023-03-22 14:59:52 [main] ERROR o.s.b.d.LoggingFailureAnalysisReporter - 

***************************
APPLICATION FAILED TO START
***************************

Description:

No spring.config.import property has been defined

Action:

Add a spring.config.import=configserver: property to your configuration.
	If configuration is not required add spring.config.import=optional:configserver: instead.
	To disable this check, set spring.cloud.config.enabled=false or 
	spring.cloud.config.import-check.enabled=false.

2023-03-22 15:01:08 [background-preinit] INFO  o.h.validator.internal.util.Version - HV000001: Hibernate Validator 6.2.5.Final
2023-03-22 15:01:08 [main] INFO  c.m.d.r.e.q.s.ReactiveElasticQueryServiceApplication - Starting ReactiveElasticQueryServiceApplication using Java 17.0.6 on MacBook-Pro-cua-luong.local with PID 22679 (/Users/luongvantrong/backend/microservice/java/microservices-demo/microservices-demo/reactive-elastic-query-service/target/classes started by luongvantrong in /Users/luongvantrong/backend/microservice/java/microservices-demo/microservices-demo)
2023-03-22 15:01:08 [main] INFO  c.m.d.r.e.q.s.ReactiveElasticQueryServiceApplication - The following 1 profile is active: "reactive_elastic_query"
2023-03-22 15:01:08 [main] INFO  o.s.c.c.c.ConfigServerConfigDataLoader - Fetching config from server at : http://localhost:8888
2023-03-22 15:01:08 [main] INFO  o.s.c.c.c.ConfigServerConfigDataLoader - Located environment: name=reactive-elastic-query-service,config-client, profiles=[reactive_elastic_query], label=null, version=87381ac459289ebba1e94d10f5df1b7658d26e9a, state=null
2023-03-22 15:01:08 [main] INFO  o.s.d.r.c.RepositoryConfigurationDelegate - Bootstrapping Spring Data Elasticsearch repositories in DEFAULT mode.
2023-03-22 15:01:08 [main] INFO  o.s.d.r.c.RepositoryConfigurationDelegate - Finished Spring Data repository scanning in 61 ms. Found 0 Elasticsearch repository interfaces.
2023-03-22 15:01:08 [main] INFO  o.s.d.r.c.RepositoryConfigurationDelegate - Bootstrapping Spring Data Reactive Elasticsearch repositories in DEFAULT mode.
2023-03-22 15:01:08 [main] INFO  o.s.d.r.c.RepositoryConfigurationDelegate - Finished Spring Data repository scanning in 7 ms. Found 1 Reactive Elasticsearch repository interfaces.
2023-03-22 15:01:08 [main] INFO  o.s.cloud.context.scope.GenericScope - BeanFactory id=8f671fef-95e3-326a-a358-6927f8e5689f
2023-03-22 15:01:09 [main] ERROR i.n.r.d.DnsServerAddressStreamProviders - Unable to load io.netty.resolver.dns.macos.MacOSDnsServerAddressStreamProvider, fallback to system defaults. This may result in incorrect DNS resolutions on MacOS. Check whether you have a dependency on 'io.netty:netty-resolver-dns-native-macos'
java.lang.reflect.InvocationTargetException: null
	at java.base/jdk.internal.reflect.NativeConstructorAccessorImpl.newInstance0(Native Method)
	at java.base/jdk.internal.reflect.NativeConstructorAccessorImpl.newInstance(NativeConstructorAccessorImpl.java:77)
	at java.base/jdk.internal.reflect.DelegatingConstructorAccessorImpl.newInstance(DelegatingConstructorAccessorImpl.java:45)
	at java.base/java.lang.reflect.Constructor.newInstanceWithCaller(Constructor.java:499)
	at java.base/java.lang.reflect.Constructor.newInstance(Constructor.java:480)
	at io.netty.resolver.dns.DnsServerAddressStreamProviders.<clinit>(DnsServerAddressStreamProviders.java:64)
	at io.netty.resolver.dns.DnsNameResolverBuilder.<init>(DnsNameResolverBuilder.java:60)
	at reactor.netty.transport.NameResolverProvider.newNameResolverGroup(NameResolverProvider.java:479)
	at reactor.netty.tcp.TcpResources.getOrCreateDefaultResolver(TcpResources.java:315)
	at reactor.netty.http.HttpResources.getOrCreateDefaultResolver(HttpResources.java:162)
	at reactor.netty.http.client.HttpClientConfig.defaultAddressResolverGroup(HttpClientConfig.java:391)
	at reactor.netty.transport.ClientTransportConfig.resolverInternal(ClientTransportConfig.java:224)
	at reactor.netty.http.client.HttpClientConfig.resolverInternal(HttpClientConfig.java:445)
	at reactor.netty.http.client.HttpClientConnect$MonoHttpConnect.lambda$subscribe$0(HttpClientConnect.java:265)
	at reactor.core.publisher.MonoCreate.subscribe(MonoCreate.java:58)
	at reactor.core.publisher.FluxRetryWhen.subscribe(FluxRetryWhen.java:77)
	at reactor.core.publisher.MonoRetryWhen.subscribeOrReturn(MonoRetryWhen.java:46)
	at reactor.core.publisher.InternalMonoOperator.subscribe(InternalMonoOperator.java:57)
	at reactor.netty.http.client.HttpClientConnect$MonoHttpConnect.subscribe(HttpClientConnect.java:272)
	at reactor.core.publisher.InternalMonoOperator.subscribe(InternalMonoOperator.java:64)
	at reactor.core.publisher.MonoDefer.subscribe(MonoDefer.java:52)
	at reactor.core.publisher.FluxFromMonoOperator.subscribe(FluxFromMonoOperator.java:83)
	at reactor.core.publisher.FluxDefer.subscribe(FluxDefer.java:54)
	at reactor.core.publisher.Mono.subscribe(Mono.java:4455)
	at reactor.core.publisher.Mono.block(Mono.java:1706)
	at org.springframework.data.elasticsearch.repository.support.SimpleReactiveElasticsearchRepository.createIndexAndMappingIfNeeded(SimpleReactiveElasticsearchRepository.java:68)
	at org.springframework.data.elasticsearch.repository.support.SimpleReactiveElasticsearchRepository.<init>(SimpleReactiveElasticsearchRepository.java:60)
	at java.base/jdk.internal.reflect.NativeConstructorAccessorImpl.newInstance0(Native Method)
	at java.base/jdk.internal.reflect.NativeConstructorAccessorImpl.newInstance(NativeConstructorAccessorImpl.java:77)
	at java.base/jdk.internal.reflect.DelegatingConstructorAccessorImpl.newInstance(DelegatingConstructorAccessorImpl.java:45)
	at java.base/java.lang.reflect.Constructor.newInstanceWithCaller(Constructor.java:499)
	at java.base/java.lang.reflect.Constructor.newInstance(Constructor.java:480)
	at org.springframework.beans.BeanUtils.instantiateClass(BeanUtils.java:211)
	at org.springframework.data.repository.core.support.RepositoryFactorySupport.lambda$instantiateClass$5(RepositoryFactorySupport.java:579)
	at java.base/java.util.Optional.map(Optional.java:260)
	at org.springframework.data.repository.core.support.RepositoryFactorySupport.instantiateClass(RepositoryFactorySupport.java:579)
	at org.springframework.data.repository.core.support.RepositoryFactorySupport.getTargetRepositoryViaReflection(RepositoryFactorySupport.java:544)
	at org.springframework.data.elasticsearch.repository.support.ReactiveElasticsearchRepositoryFactory.getTargetRepository(ReactiveElasticsearchRepositoryFactory.java:89)
	at org.springframework.data.repository.core.support.RepositoryFactorySupport.getRepository(RepositoryFactorySupport.java:325)
	at org.springframework.data.repository.core.support.RepositoryFactoryBeanSupport.lambda$afterPropertiesSet$5(RepositoryFactoryBeanSupport.java:323)
	at org.springframework.data.util.Lazy.getNullable(Lazy.java:231)
	at org.springframework.data.util.Lazy.get(Lazy.java:115)
	at org.springframework.data.repository.core.support.RepositoryFactoryBeanSupport.afterPropertiesSet(RepositoryFactoryBeanSupport.java:329)
	at org.springframework.data.elasticsearch.repository.support.ReactiveElasticsearchRepositoryFactoryBean.afterPropertiesSet(ReactiveElasticsearchRepositoryFactoryBean.java:102)
	at org.springframework.beans.factory.support.AbstractAutowireCapableBeanFactory.invokeInitMethods(AbstractAutowireCapableBeanFactory.java:1863)
	at org.springframework.beans.factory.support.AbstractAutowireCapableBeanFactory.initializeBean(AbstractAutowireCapableBeanFactory.java:1800)
	at org.springframework.beans.factory.support.AbstractAutowireCapableBeanFactory.doCreateBean(AbstractAutowireCapableBeanFactory.java:620)
	at org.springframework.beans.factory.support.AbstractAutowireCapableBeanFactory.createBean(AbstractAutowireCapableBeanFactory.java:542)
	at org.springframework.beans.factory.support.AbstractBeanFactory.lambda$doGetBean$0(AbstractBeanFactory.java:335)
	at org.springframework.beans.factory.support.DefaultSingletonBeanRegistry.getSingleton(DefaultSingletonBeanRegistry.java:234)
	at org.springframework.beans.factory.support.AbstractBeanFactory.doGetBean(AbstractBeanFactory.java:333)
	at org.springframework.beans.factory.support.AbstractBeanFactory.getBean(AbstractBeanFactory.java:208)
	at org.springframework.beans.factory.config.DependencyDescriptor.resolveCandidate(DependencyDescriptor.java:276)
	at org.springframework.beans.factory.support.DefaultListableBeanFactory.doResolveDependency(DefaultListableBeanFactory.java:1391)
	at org.springframework.beans.factory.support.DefaultListableBeanFactory.resolveDependency(DefaultListableBeanFactory.java:1311)
	at org.springframework.beans.factory.support.ConstructorResolver.resolveAutowiredArgument(ConstructorResolver.java:887)
	at org.springframework.beans.factory.support.ConstructorResolver.createArgumentArray(ConstructorResolver.java:791)
	at org.springframework.beans.factory.support.ConstructorResolver.autowireConstructor(ConstructorResolver.java:229)
	at org.springframework.beans.factory.support.AbstractAutowireCapableBeanFactory.autowireConstructor(AbstractAutowireCapableBeanFactory.java:1372)
	at org.springframework.beans.factory.support.AbstractAutowireCapableBeanFactory.createBeanInstance(AbstractAutowireCapableBeanFactory.java:1222)
	at org.springframework.beans.factory.support.AbstractAutowireCapableBeanFactory.doCreateBean(AbstractAutowireCapableBeanFactory.java:582)
	at org.springframework.beans.factory.support.AbstractAutowireCapableBeanFactory.createBean(AbstractAutowireCapableBeanFactory.java:542)
	at org.springframework.beans.factory.support.AbstractBeanFactory.lambda$doGetBean$0(AbstractBeanFactory.java:335)
	at org.springframework.beans.factory.support.DefaultSingletonBeanRegistry.getSingleton(DefaultSingletonBeanRegistry.java:234)
	at org.springframework.beans.factory.support.AbstractBeanFactory.doGetBean(AbstractBeanFactory.java:333)
	at org.springframework.beans.factory.support.AbstractBeanFactory.getBean(AbstractBeanFactory.java:208)
	at org.springframework.beans.factory.config.DependencyDescriptor.resolveCandidate(DependencyDescriptor.java:276)
	at org.springframework.beans.factory.support.DefaultListableBeanFactory.doResolveDependency(DefaultListableBeanFactory.java:1391)
	at org.springframework.beans.factory.support.DefaultListableBeanFactory.resolveDependency(DefaultListableBeanFactory.java:1311)
	at org.springframework.beans.factory.support.ConstructorResolver.resolveAutowiredArgument(ConstructorResolver.java:887)
	at org.springframework.beans.factory.support.ConstructorResolver.createArgumentArray(ConstructorResolver.java:791)
	at org.springframework.beans.factory.support.ConstructorResolver.autowireConstructor(ConstructorResolver.java:229)
	at org.springframework.beans.factory.support.AbstractAutowireCapableBeanFactory.autowireConstructor(AbstractAutowireCapableBeanFactory.java:1372)
	at org.springframework.beans.factory.support.AbstractAutowireCapableBeanFactory.createBeanInstance(AbstractAutowireCapableBeanFactory.java:1222)
	at org.springframework.beans.factory.support.AbstractAutowireCapableBeanFactory.doCreateBean(AbstractAutowireCapableBeanFactory.java:582)
	at org.springframework.beans.factory.support.AbstractAutowireCapableBeanFactory.createBean(AbstractAutowireCapableBeanFactory.java:542)
	at org.springframework.beans.factory.support.AbstractBeanFactory.lambda$doGetBean$0(AbstractBeanFactory.java:335)
	at org.springframework.beans.factory.support.DefaultSingletonBeanRegistry.getSingleton(DefaultSingletonBeanRegistry.java:234)
	at org.springframework.beans.factory.support.AbstractBeanFactory.doGetBean(AbstractBeanFactory.java:333)
	at org.springframework.beans.factory.support.AbstractBeanFactory.getBean(AbstractBeanFactory.java:208)
	at org.springframework.beans.factory.config.DependencyDescriptor.resolveCandidate(DependencyDescriptor.java:276)
	at org.springframework.beans.factory.support.DefaultListableBeanFactory.doResolveDependency(DefaultListableBeanFactory.java:1391)
	at org.springframework.beans.factory.support.DefaultListableBeanFactory.resolveDependency(DefaultListableBeanFactory.java:1311)
	at org.springframework.beans.factory.support.ConstructorResolver.resolveAutowiredArgument(ConstructorResolver.java:887)
	at org.springframework.beans.factory.support.ConstructorResolver.createArgumentArray(ConstructorResolver.java:791)
	at org.springframework.beans.factory.support.ConstructorResolver.autowireConstructor(ConstructorResolver.java:229)
	at org.springframework.beans.factory.support.AbstractAutowireCapableBeanFactory.autowireConstructor(AbstractAutowireCapableBeanFactory.java:1372)
	at org.springframework.beans.factory.support.AbstractAutowireCapableBeanFactory.createBeanInstance(AbstractAutowireCapableBeanFactory.java:1222)
	at org.springframework.beans.factory.support.AbstractAutowireCapableBeanFactory.doCreateBean(AbstractAutowireCapableBeanFactory.java:582)
	at org.springframework.beans.factory.support.AbstractAutowireCapableBeanFactory.createBean(AbstractAutowireCapableBeanFactory.java:542)
	at org.springframework.beans.factory.support.AbstractBeanFactory.lambda$doGetBean$0(AbstractBeanFactory.java:335)
	at org.springframework.beans.factory.support.DefaultSingletonBeanRegistry.getSingleton(DefaultSingletonBeanRegistry.java:234)
	at org.springframework.beans.factory.support.AbstractBeanFactory.doGetBean(AbstractBeanFactory.java:333)
	at org.springframework.beans.factory.support.AbstractBeanFactory.getBean(AbstractBeanFactory.java:208)
	at org.springframework.beans.factory.support.DefaultListableBeanFactory.preInstantiateSingletons(DefaultListableBeanFactory.java:955)
	at org.springframework.context.support.AbstractApplicationContext.finishBeanFactoryInitialization(AbstractApplicationContext.java:918)
	at org.springframework.context.support.AbstractApplicationContext.refresh(AbstractApplicationContext.java:583)
	at org.springframework.boot.web.reactive.context.ReactiveWebServerApplicationContext.refresh(ReactiveWebServerApplicationContext.java:66)
	at org.springframework.boot.SpringApplication.refresh(SpringApplication.java:734)
	at org.springframework.boot.SpringApplication.refreshContext(SpringApplication.java:408)
	at org.springframework.boot.SpringApplication.run(SpringApplication.java:308)
	at org.springframework.boot.SpringApplication.run(SpringApplication.java:1306)
	at org.springframework.boot.SpringApplication.run(SpringApplication.java:1295)
	at com.microservices.demo.reactive.elastic.query.service.ReactiveElasticQueryServiceApplication.main(ReactiveElasticQueryServiceApplication.java:11)
Caused by: java.lang.UnsatisfiedLinkError: failed to load the required native library
	at io.netty.resolver.dns.macos.MacOSDnsServerAddressStreamProvider.ensureAvailability(MacOSDnsServerAddressStreamProvider.java:110)
	at io.netty.resolver.dns.macos.MacOSDnsServerAddressStreamProvider.<init>(MacOSDnsServerAddressStreamProvider.java:120)
	... 104 common frames omitted
Caused by: java.lang.UnsatisfiedLinkError: could not load a native library: netty_resolver_dns_native_macos_aarch_64
	at io.netty.util.internal.NativeLibraryLoader.load(NativeLibraryLoader.java:239)
	at io.netty.resolver.dns.macos.MacOSDnsServerAddressStreamProvider.loadNativeLibrary(MacOSDnsServerAddressStreamProvider.java:92)
	at io.netty.resolver.dns.macos.MacOSDnsServerAddressStreamProvider.<clinit>(MacOSDnsServerAddressStreamProvider.java:77)
	at java.base/java.lang.Class.forName0(Native Method)
	at java.base/java.lang.Class.forName(Class.java:467)
	at io.netty.resolver.dns.DnsServerAddressStreamProviders$1.run(DnsServerAddressStreamProviders.java:50)
	at java.base/java.security.AccessController.doPrivileged(AccessController.java:318)
	at io.netty.resolver.dns.DnsServerAddressStreamProviders.<clinit>(DnsServerAddressStreamProviders.java:46)
	... 98 common frames omitted
	Suppressed: java.lang.UnsatisfiedLinkError: could not load a native library: netty_resolver_dns_native_macos
		at io.netty.util.internal.NativeLibraryLoader.load(NativeLibraryLoader.java:239)
		at io.netty.resolver.dns.macos.MacOSDnsServerAddressStreamProvider.loadNativeLibrary(MacOSDnsServerAddressStreamProvider.java:95)
		... 104 common frames omitted
	Caused by: java.io.FileNotFoundException: META-INF/native/libnetty_resolver_dns_native_macos.jnilib
		at io.netty.util.internal.NativeLibraryLoader.load(NativeLibraryLoader.java:181)
		... 105 common frames omitted
		Suppressed: java.lang.UnsatisfiedLinkError: no netty_resolver_dns_native_macos in java.library.path: /Users/luongvantrong/Library/Java/Extensions:/Library/Java/Extensions:/Network/Library/Java/Extensions:/System/Library/Java/Extensions:/usr/lib/java:.
			at java.base/java.lang.ClassLoader.loadLibrary(ClassLoader.java:2429)
			at java.base/java.lang.Runtime.loadLibrary0(Runtime.java:818)
			at java.base/java.lang.System.loadLibrary(System.java:1989)
			at io.netty.util.internal.NativeLibraryUtil.loadLibrary(NativeLibraryUtil.java:38)
			at io.netty.util.internal.NativeLibraryLoader.loadLibrary(NativeLibraryLoader.java:391)
			at io.netty.util.internal.NativeLibraryLoader.load(NativeLibraryLoader.java:161)
			... 105 common frames omitted
			Suppressed: java.lang.UnsatisfiedLinkError: no netty_resolver_dns_native_macos in java.library.path: /Users/luongvantrong/Library/Java/Extensions:/Library/Java/Extensions:/Network/Library/Java/Extensions:/System/Library/Java/Extensions:/usr/lib/java:.
				at java.base/java.lang.ClassLoader.loadLibrary(ClassLoader.java:2429)
				at java.base/java.lang.Runtime.loadLibrary0(Runtime.java:818)
				at java.base/java.lang.System.loadLibrary(System.java:1989)
				at io.netty.util.internal.NativeLibraryUtil.loadLibrary(NativeLibraryUtil.java:38)
				at java.base/jdk.internal.reflect.NativeMethodAccessorImpl.invoke0(Native Method)
				at java.base/jdk.internal.reflect.NativeMethodAccessorImpl.invoke(NativeMethodAccessorImpl.java:77)
				at java.base/jdk.internal.reflect.DelegatingMethodAccessorImpl.invoke(DelegatingMethodAccessorImpl.java:43)
				at java.base/java.lang.reflect.Method.invoke(Method.java:568)
				at io.netty.util.internal.NativeLibraryLoader$1.run(NativeLibraryLoader.java:425)
				at java.base/java.security.AccessController.doPrivileged(AccessController.java:318)
				at io.netty.util.internal.NativeLibraryLoader.loadLibraryByHelper(NativeLibraryLoader.java:417)
				at io.netty.util.internal.NativeLibraryLoader.loadLibrary(NativeLibraryLoader.java:383)
				... 106 common frames omitted
Caused by: java.io.FileNotFoundException: META-INF/native/libnetty_resolver_dns_native_macos_aarch_64.jnilib
	at io.netty.util.internal.NativeLibraryLoader.load(NativeLibraryLoader.java:181)
	... 105 common frames omitted
	Suppressed: java.lang.UnsatisfiedLinkError: no netty_resolver_dns_native_macos_aarch_64 in java.library.path: /Users/luongvantrong/Library/Java/Extensions:/Library/Java/Extensions:/Network/Library/Java/Extensions:/System/Library/Java/Extensions:/usr/lib/java:.
		at java.base/java.lang.ClassLoader.loadLibrary(ClassLoader.java:2429)
		at java.base/java.lang.Runtime.loadLibrary0(Runtime.java:818)
		at java.base/java.lang.System.loadLibrary(System.java:1989)
		at io.netty.util.internal.NativeLibraryUtil.loadLibrary(NativeLibraryUtil.java:38)
		at io.netty.util.internal.NativeLibraryLoader.loadLibrary(NativeLibraryLoader.java:391)
		at io.netty.util.internal.NativeLibraryLoader.load(NativeLibraryLoader.java:161)
		... 105 common frames omitted
		Suppressed: java.lang.UnsatisfiedLinkError: no netty_resolver_dns_native_macos_aarch_64 in java.library.path: /Users/luongvantrong/Library/Java/Extensions:/Library/Java/Extensions:/Network/Library/Java/Extensions:/System/Library/Java/Extensions:/usr/lib/java:.
			at java.base/java.lang.ClassLoader.loadLibrary(ClassLoader.java:2429)
			at java.base/java.lang.Runtime.loadLibrary0(Runtime.java:818)
			at java.base/java.lang.System.loadLibrary(System.java:1989)
			at io.netty.util.internal.NativeLibraryUtil.loadLibrary(NativeLibraryUtil.java:38)
			at java.base/jdk.internal.reflect.NativeMethodAccessorImpl.invoke0(Native Method)
			at java.base/jdk.internal.reflect.NativeMethodAccessorImpl.invoke(NativeMethodAccessorImpl.java:77)
			at java.base/jdk.internal.reflect.DelegatingMethodAccessorImpl.invoke(DelegatingMethodAccessorImpl.java:43)
			at java.base/java.lang.reflect.Method.invoke(Method.java:568)
			at io.netty.util.internal.NativeLibraryLoader$1.run(NativeLibraryLoader.java:425)
			at java.base/java.security.AccessController.doPrivileged(AccessController.java:318)
			at io.netty.util.internal.NativeLibraryLoader.loadLibraryByHelper(NativeLibraryLoader.java:417)
			at io.netty.util.internal.NativeLibraryLoader.loadLibrary(NativeLibraryLoader.java:383)
			... 106 common frames omitted
2023-03-22 15:01:09 [main] INFO  o.s.b.a.s.r.ReactiveUserDetailsServiceAutoConfiguration - 

Using generated security password: 85179383-59a9-45f3-95c3-7c1c76d6e850

2023-03-22 15:01:09 [main] INFO  o.s.b.w.e.netty.NettyWebServer - Netty started on port 8183
2023-03-22 15:01:09 [main] INFO  c.m.d.r.e.q.s.ReactiveElasticQueryServiceApplication - Started ReactiveElasticQueryServiceApplication in 3.811 seconds (JVM running for 4.145)
2023-03-22 15:02:43 [main] INFO  c.m.d.r.e.q.s.ReactiveElasticQueryServiceApplication - Starting ReactiveElasticQueryServiceApplication using Java 17.0.6 on MacBook-Pro-cua-luong.local with PID 22722 (/Users/luongvantrong/backend/microservice/java/microservices-demo/microservices-demo/reactive-elastic-query-service/target/classes started by luongvantrong in /Users/luongvantrong/backend/microservice/java/microservices-demo/microservices-demo)
2023-03-22 15:02:43 [background-preinit] INFO  o.h.validator.internal.util.Version - HV000001: Hibernate Validator 6.2.5.Final
2023-03-22 15:02:43 [main] INFO  c.m.d.r.e.q.s.ReactiveElasticQueryServiceApplication - The following 1 profile is active: "reactive_elastic_query"
2023-03-22 15:02:43 [main] INFO  o.s.c.c.c.ConfigServerConfigDataLoader - Fetching config from server at : http://localhost:8888
2023-03-22 15:02:43 [main] INFO  o.s.c.c.c.ConfigServerConfigDataLoader - Located environment: name=reactive-elastic-query-service,config-client, profiles=[reactive_elastic_query], label=null, version=87381ac459289ebba1e94d10f5df1b7658d26e9a, state=null
2023-03-22 15:02:44 [main] INFO  o.s.d.r.c.RepositoryConfigurationDelegate - Bootstrapping Spring Data Elasticsearch repositories in DEFAULT mode.
2023-03-22 15:02:44 [main] INFO  o.s.d.r.c.RepositoryConfigurationDelegate - Finished Spring Data repository scanning in 53 ms. Found 0 Elasticsearch repository interfaces.
2023-03-22 15:02:44 [main] INFO  o.s.d.r.c.RepositoryConfigurationDelegate - Bootstrapping Spring Data Reactive Elasticsearch repositories in DEFAULT mode.
2023-03-22 15:02:44 [main] INFO  o.s.d.r.c.RepositoryConfigurationDelegate - Finished Spring Data repository scanning in 7 ms. Found 1 Reactive Elasticsearch repository interfaces.
2023-03-22 15:02:44 [main] INFO  o.s.cloud.context.scope.GenericScope - BeanFactory id=8f671fef-95e3-326a-a358-6927f8e5689f
2023-03-22 15:02:44 [main] ERROR i.n.r.d.DnsServerAddressStreamProviders - Unable to load io.netty.resolver.dns.macos.MacOSDnsServerAddressStreamProvider, fallback to system defaults. This may result in incorrect DNS resolutions on MacOS. Check whether you have a dependency on 'io.netty:netty-resolver-dns-native-macos'
java.lang.reflect.InvocationTargetException: null
	at java.base/jdk.internal.reflect.NativeConstructorAccessorImpl.newInstance0(Native Method)
	at java.base/jdk.internal.reflect.NativeConstructorAccessorImpl.newInstance(NativeConstructorAccessorImpl.java:77)
	at java.base/jdk.internal.reflect.DelegatingConstructorAccessorImpl.newInstance(DelegatingConstructorAccessorImpl.java:45)
	at java.base/java.lang.reflect.Constructor.newInstanceWithCaller(Constructor.java:499)
	at java.base/java.lang.reflect.Constructor.newInstance(Constructor.java:480)
	at io.netty.resolver.dns.DnsServerAddressStreamProviders.<clinit>(DnsServerAddressStreamProviders.java:64)
	at io.netty.resolver.dns.DnsNameResolverBuilder.<init>(DnsNameResolverBuilder.java:60)
	at reactor.netty.transport.NameResolverProvider.newNameResolverGroup(NameResolverProvider.java:479)
	at reactor.netty.tcp.TcpResources.getOrCreateDefaultResolver(TcpResources.java:315)
	at reactor.netty.http.HttpResources.getOrCreateDefaultResolver(HttpResources.java:162)
	at reactor.netty.http.client.HttpClientConfig.defaultAddressResolverGroup(HttpClientConfig.java:391)
	at reactor.netty.transport.ClientTransportConfig.resolverInternal(ClientTransportConfig.java:224)
	at reactor.netty.http.client.HttpClientConfig.resolverInternal(HttpClientConfig.java:445)
	at reactor.netty.http.client.HttpClientConnect$MonoHttpConnect.lambda$subscribe$0(HttpClientConnect.java:265)
	at reactor.core.publisher.MonoCreate.subscribe(MonoCreate.java:58)
	at reactor.core.publisher.FluxRetryWhen.subscribe(FluxRetryWhen.java:77)
	at reactor.core.publisher.MonoRetryWhen.subscribeOrReturn(MonoRetryWhen.java:46)
	at reactor.core.publisher.InternalMonoOperator.subscribe(InternalMonoOperator.java:57)
	at reactor.netty.http.client.HttpClientConnect$MonoHttpConnect.subscribe(HttpClientConnect.java:272)
	at reactor.core.publisher.InternalMonoOperator.subscribe(InternalMonoOperator.java:64)
	at reactor.core.publisher.MonoDefer.subscribe(MonoDefer.java:52)
	at reactor.core.publisher.FluxFromMonoOperator.subscribe(FluxFromMonoOperator.java:83)
	at reactor.core.publisher.FluxDefer.subscribe(FluxDefer.java:54)
	at reactor.core.publisher.Mono.subscribe(Mono.java:4455)
	at reactor.core.publisher.Mono.block(Mono.java:1706)
	at org.springframework.data.elasticsearch.repository.support.SimpleReactiveElasticsearchRepository.createIndexAndMappingIfNeeded(SimpleReactiveElasticsearchRepository.java:68)
	at org.springframework.data.elasticsearch.repository.support.SimpleReactiveElasticsearchRepository.<init>(SimpleReactiveElasticsearchRepository.java:60)
	at java.base/jdk.internal.reflect.NativeConstructorAccessorImpl.newInstance0(Native Method)
	at java.base/jdk.internal.reflect.NativeConstructorAccessorImpl.newInstance(NativeConstructorAccessorImpl.java:77)
	at java.base/jdk.internal.reflect.DelegatingConstructorAccessorImpl.newInstance(DelegatingConstructorAccessorImpl.java:45)
	at java.base/java.lang.reflect.Constructor.newInstanceWithCaller(Constructor.java:499)
	at java.base/java.lang.reflect.Constructor.newInstance(Constructor.java:480)
	at org.springframework.beans.BeanUtils.instantiateClass(BeanUtils.java:211)
	at org.springframework.data.repository.core.support.RepositoryFactorySupport.lambda$instantiateClass$5(RepositoryFactorySupport.java:579)
	at java.base/java.util.Optional.map(Optional.java:260)
	at org.springframework.data.repository.core.support.RepositoryFactorySupport.instantiateClass(RepositoryFactorySupport.java:579)
	at org.springframework.data.repository.core.support.RepositoryFactorySupport.getTargetRepositoryViaReflection(RepositoryFactorySupport.java:544)
	at org.springframework.data.elasticsearch.repository.support.ReactiveElasticsearchRepositoryFactory.getTargetRepository(ReactiveElasticsearchRepositoryFactory.java:89)
	at org.springframework.data.repository.core.support.RepositoryFactorySupport.getRepository(RepositoryFactorySupport.java:325)
	at org.springframework.data.repository.core.support.RepositoryFactoryBeanSupport.lambda$afterPropertiesSet$5(RepositoryFactoryBeanSupport.java:323)
	at org.springframework.data.util.Lazy.getNullable(Lazy.java:231)
	at org.springframework.data.util.Lazy.get(Lazy.java:115)
	at org.springframework.data.repository.core.support.RepositoryFactoryBeanSupport.afterPropertiesSet(RepositoryFactoryBeanSupport.java:329)
	at org.springframework.data.elasticsearch.repository.support.ReactiveElasticsearchRepositoryFactoryBean.afterPropertiesSet(ReactiveElasticsearchRepositoryFactoryBean.java:102)
	at org.springframework.beans.factory.support.AbstractAutowireCapableBeanFactory.invokeInitMethods(AbstractAutowireCapableBeanFactory.java:1863)
	at org.springframework.beans.factory.support.AbstractAutowireCapableBeanFactory.initializeBean(AbstractAutowireCapableBeanFactory.java:1800)
	at org.springframework.beans.factory.support.AbstractAutowireCapableBeanFactory.doCreateBean(AbstractAutowireCapableBeanFactory.java:620)
	at org.springframework.beans.factory.support.AbstractAutowireCapableBeanFactory.createBean(AbstractAutowireCapableBeanFactory.java:542)
	at org.springframework.beans.factory.support.AbstractBeanFactory.lambda$doGetBean$0(AbstractBeanFactory.java:335)
	at org.springframework.beans.factory.support.DefaultSingletonBeanRegistry.getSingleton(DefaultSingletonBeanRegistry.java:234)
	at org.springframework.beans.factory.support.AbstractBeanFactory.doGetBean(AbstractBeanFactory.java:333)
	at org.springframework.beans.factory.support.AbstractBeanFactory.getBean(AbstractBeanFactory.java:208)
	at org.springframework.beans.factory.config.DependencyDescriptor.resolveCandidate(DependencyDescriptor.java:276)
	at org.springframework.beans.factory.support.DefaultListableBeanFactory.doResolveDependency(DefaultListableBeanFactory.java:1391)
	at org.springframework.beans.factory.support.DefaultListableBeanFactory.resolveDependency(DefaultListableBeanFactory.java:1311)
	at org.springframework.beans.factory.support.ConstructorResolver.resolveAutowiredArgument(ConstructorResolver.java:887)
	at org.springframework.beans.factory.support.ConstructorResolver.createArgumentArray(ConstructorResolver.java:791)
	at org.springframework.beans.factory.support.ConstructorResolver.autowireConstructor(ConstructorResolver.java:229)
	at org.springframework.beans.factory.support.AbstractAutowireCapableBeanFactory.autowireConstructor(AbstractAutowireCapableBeanFactory.java:1372)
	at org.springframework.beans.factory.support.AbstractAutowireCapableBeanFactory.createBeanInstance(AbstractAutowireCapableBeanFactory.java:1222)
	at org.springframework.beans.factory.support.AbstractAutowireCapableBeanFactory.doCreateBean(AbstractAutowireCapableBeanFactory.java:582)
	at org.springframework.beans.factory.support.AbstractAutowireCapableBeanFactory.createBean(AbstractAutowireCapableBeanFactory.java:542)
	at org.springframework.beans.factory.support.AbstractBeanFactory.lambda$doGetBean$0(AbstractBeanFactory.java:335)
	at org.springframework.beans.factory.support.DefaultSingletonBeanRegistry.getSingleton(DefaultSingletonBeanRegistry.java:234)
	at org.springframework.beans.factory.support.AbstractBeanFactory.doGetBean(AbstractBeanFactory.java:333)
	at org.springframework.beans.factory.support.AbstractBeanFactory.getBean(AbstractBeanFactory.java:208)
	at org.springframework.beans.factory.config.DependencyDescriptor.resolveCandidate(DependencyDescriptor.java:276)
	at org.springframework.beans.factory.support.DefaultListableBeanFactory.doResolveDependency(DefaultListableBeanFactory.java:1391)
	at org.springframework.beans.factory.support.DefaultListableBeanFactory.resolveDependency(DefaultListableBeanFactory.java:1311)
	at org.springframework.beans.factory.support.ConstructorResolver.resolveAutowiredArgument(ConstructorResolver.java:887)
	at org.springframework.beans.factory.support.ConstructorResolver.createArgumentArray(ConstructorResolver.java:791)
	at org.springframework.beans.factory.support.ConstructorResolver.autowireConstructor(ConstructorResolver.java:229)
	at org.springframework.beans.factory.support.AbstractAutowireCapableBeanFactory.autowireConstructor(AbstractAutowireCapableBeanFactory.java:1372)
	at org.springframework.beans.factory.support.AbstractAutowireCapableBeanFactory.createBeanInstance(AbstractAutowireCapableBeanFactory.java:1222)
	at org.springframework.beans.factory.support.AbstractAutowireCapableBeanFactory.doCreateBean(AbstractAutowireCapableBeanFactory.java:582)
	at org.springframework.beans.factory.support.AbstractAutowireCapableBeanFactory.createBean(AbstractAutowireCapableBeanFactory.java:542)
	at org.springframework.beans.factory.support.AbstractBeanFactory.lambda$doGetBean$0(AbstractBeanFactory.java:335)
	at org.springframework.beans.factory.support.DefaultSingletonBeanRegistry.getSingleton(DefaultSingletonBeanRegistry.java:234)
	at org.springframework.beans.factory.support.AbstractBeanFactory.doGetBean(AbstractBeanFactory.java:333)
	at org.springframework.beans.factory.support.AbstractBeanFactory.getBean(AbstractBeanFactory.java:208)
	at org.springframework.beans.factory.config.DependencyDescriptor.resolveCandidate(DependencyDescriptor.java:276)
	at org.springframework.beans.factory.support.DefaultListableBeanFactory.doResolveDependency(DefaultListableBeanFactory.java:1391)
	at org.springframework.beans.factory.support.DefaultListableBeanFactory.resolveDependency(DefaultListableBeanFactory.java:1311)
	at org.springframework.beans.factory.support.ConstructorResolver.resolveAutowiredArgument(ConstructorResolver.java:887)
	at org.springframework.beans.factory.support.ConstructorResolver.createArgumentArray(ConstructorResolver.java:791)
	at org.springframework.beans.factory.support.ConstructorResolver.autowireConstructor(ConstructorResolver.java:229)
	at org.springframework.beans.factory.support.AbstractAutowireCapableBeanFactory.autowireConstructor(AbstractAutowireCapableBeanFactory.java:1372)
	at org.springframework.beans.factory.support.AbstractAutowireCapableBeanFactory.createBeanInstance(AbstractAutowireCapableBeanFactory.java:1222)
	at org.springframework.beans.factory.support.AbstractAutowireCapableBeanFactory.doCreateBean(AbstractAutowireCapableBeanFactory.java:582)
	at org.springframework.beans.factory.support.AbstractAutowireCapableBeanFactory.createBean(AbstractAutowireCapableBeanFactory.java:542)
	at org.springframework.beans.factory.support.AbstractBeanFactory.lambda$doGetBean$0(AbstractBeanFactory.java:335)
	at org.springframework.beans.factory.support.DefaultSingletonBeanRegistry.getSingleton(DefaultSingletonBeanRegistry.java:234)
	at org.springframework.beans.factory.support.AbstractBeanFactory.doGetBean(AbstractBeanFactory.java:333)
	at org.springframework.beans.factory.support.AbstractBeanFactory.getBean(AbstractBeanFactory.java:208)
	at org.springframework.beans.factory.support.DefaultListableBeanFactory.preInstantiateSingletons(DefaultListableBeanFactory.java:955)
	at org.springframework.context.support.AbstractApplicationContext.finishBeanFactoryInitialization(AbstractApplicationContext.java:918)
	at org.springframework.context.support.AbstractApplicationContext.refresh(AbstractApplicationContext.java:583)
	at org.springframework.boot.web.reactive.context.ReactiveWebServerApplicationContext.refresh(ReactiveWebServerApplicationContext.java:66)
	at org.springframework.boot.SpringApplication.refresh(SpringApplication.java:734)
	at org.springframework.boot.SpringApplication.refreshContext(SpringApplication.java:408)
	at org.springframework.boot.SpringApplication.run(SpringApplication.java:308)
	at org.springframework.boot.SpringApplication.run(SpringApplication.java:1306)
	at org.springframework.boot.SpringApplication.run(SpringApplication.java:1295)
	at com.microservices.demo.reactive.elastic.query.service.ReactiveElasticQueryServiceApplication.main(ReactiveElasticQueryServiceApplication.java:11)
Caused by: java.lang.UnsatisfiedLinkError: failed to load the required native library
	at io.netty.resolver.dns.macos.MacOSDnsServerAddressStreamProvider.ensureAvailability(MacOSDnsServerAddressStreamProvider.java:110)
	at io.netty.resolver.dns.macos.MacOSDnsServerAddressStreamProvider.<init>(MacOSDnsServerAddressStreamProvider.java:120)
	... 104 common frames omitted
Caused by: java.lang.UnsatisfiedLinkError: could not load a native library: netty_resolver_dns_native_macos_aarch_64
	at io.netty.util.internal.NativeLibraryLoader.load(NativeLibraryLoader.java:239)
	at io.netty.resolver.dns.macos.MacOSDnsServerAddressStreamProvider.loadNativeLibrary(MacOSDnsServerAddressStreamProvider.java:92)
	at io.netty.resolver.dns.macos.MacOSDnsServerAddressStreamProvider.<clinit>(MacOSDnsServerAddressStreamProvider.java:77)
	at java.base/java.lang.Class.forName0(Native Method)
	at java.base/java.lang.Class.forName(Class.java:467)
	at io.netty.resolver.dns.DnsServerAddressStreamProviders$1.run(DnsServerAddressStreamProviders.java:50)
	at java.base/java.security.AccessController.doPrivileged(AccessController.java:318)
	at io.netty.resolver.dns.DnsServerAddressStreamProviders.<clinit>(DnsServerAddressStreamProviders.java:46)
	... 98 common frames omitted
	Suppressed: java.lang.UnsatisfiedLinkError: could not load a native library: netty_resolver_dns_native_macos
		at io.netty.util.internal.NativeLibraryLoader.load(NativeLibraryLoader.java:239)
		at io.netty.resolver.dns.macos.MacOSDnsServerAddressStreamProvider.loadNativeLibrary(MacOSDnsServerAddressStreamProvider.java:95)
		... 104 common frames omitted
	Caused by: java.io.FileNotFoundException: META-INF/native/libnetty_resolver_dns_native_macos.jnilib
		at io.netty.util.internal.NativeLibraryLoader.load(NativeLibraryLoader.java:181)
		... 105 common frames omitted
		Suppressed: java.lang.UnsatisfiedLinkError: no netty_resolver_dns_native_macos in java.library.path: /Users/luongvantrong/Library/Java/Extensions:/Library/Java/Extensions:/Network/Library/Java/Extensions:/System/Library/Java/Extensions:/usr/lib/java:.
			at java.base/java.lang.ClassLoader.loadLibrary(ClassLoader.java:2429)
			at java.base/java.lang.Runtime.loadLibrary0(Runtime.java:818)
			at java.base/java.lang.System.loadLibrary(System.java:1989)
			at io.netty.util.internal.NativeLibraryUtil.loadLibrary(NativeLibraryUtil.java:38)
			at io.netty.util.internal.NativeLibraryLoader.loadLibrary(NativeLibraryLoader.java:391)
			at io.netty.util.internal.NativeLibraryLoader.load(NativeLibraryLoader.java:161)
			... 105 common frames omitted
			Suppressed: java.lang.UnsatisfiedLinkError: no netty_resolver_dns_native_macos in java.library.path: /Users/luongvantrong/Library/Java/Extensions:/Library/Java/Extensions:/Network/Library/Java/Extensions:/System/Library/Java/Extensions:/usr/lib/java:.
				at java.base/java.lang.ClassLoader.loadLibrary(ClassLoader.java:2429)
				at java.base/java.lang.Runtime.loadLibrary0(Runtime.java:818)
				at java.base/java.lang.System.loadLibrary(System.java:1989)
				at io.netty.util.internal.NativeLibraryUtil.loadLibrary(NativeLibraryUtil.java:38)
				at java.base/jdk.internal.reflect.NativeMethodAccessorImpl.invoke0(Native Method)
				at java.base/jdk.internal.reflect.NativeMethodAccessorImpl.invoke(NativeMethodAccessorImpl.java:77)
				at java.base/jdk.internal.reflect.DelegatingMethodAccessorImpl.invoke(DelegatingMethodAccessorImpl.java:43)
				at java.base/java.lang.reflect.Method.invoke(Method.java:568)
				at io.netty.util.internal.NativeLibraryLoader$1.run(NativeLibraryLoader.java:425)
				at java.base/java.security.AccessController.doPrivileged(AccessController.java:318)
				at io.netty.util.internal.NativeLibraryLoader.loadLibraryByHelper(NativeLibraryLoader.java:417)
				at io.netty.util.internal.NativeLibraryLoader.loadLibrary(NativeLibraryLoader.java:383)
				... 106 common frames omitted
Caused by: java.io.FileNotFoundException: META-INF/native/libnetty_resolver_dns_native_macos_aarch_64.jnilib
	at io.netty.util.internal.NativeLibraryLoader.load(NativeLibraryLoader.java:181)
	... 105 common frames omitted
	Suppressed: java.lang.UnsatisfiedLinkError: no netty_resolver_dns_native_macos_aarch_64 in java.library.path: /Users/luongvantrong/Library/Java/Extensions:/Library/Java/Extensions:/Network/Library/Java/Extensions:/System/Library/Java/Extensions:/usr/lib/java:.
		at java.base/java.lang.ClassLoader.loadLibrary(ClassLoader.java:2429)
		at java.base/java.lang.Runtime.loadLibrary0(Runtime.java:818)
		at java.base/java.lang.System.loadLibrary(System.java:1989)
		at io.netty.util.internal.NativeLibraryUtil.loadLibrary(NativeLibraryUtil.java:38)
		at io.netty.util.internal.NativeLibraryLoader.loadLibrary(NativeLibraryLoader.java:391)
		at io.netty.util.internal.NativeLibraryLoader.load(NativeLibraryLoader.java:161)
		... 105 common frames omitted
		Suppressed: java.lang.UnsatisfiedLinkError: no netty_resolver_dns_native_macos_aarch_64 in java.library.path: /Users/luongvantrong/Library/Java/Extensions:/Library/Java/Extensions:/Network/Library/Java/Extensions:/System/Library/Java/Extensions:/usr/lib/java:.
			at java.base/java.lang.ClassLoader.loadLibrary(ClassLoader.java:2429)
			at java.base/java.lang.Runtime.loadLibrary0(Runtime.java:818)
			at java.base/java.lang.System.loadLibrary(System.java:1989)
			at io.netty.util.internal.NativeLibraryUtil.loadLibrary(NativeLibraryUtil.java:38)
			at java.base/jdk.internal.reflect.NativeMethodAccessorImpl.invoke0(Native Method)
			at java.base/jdk.internal.reflect.NativeMethodAccessorImpl.invoke(NativeMethodAccessorImpl.java:77)
			at java.base/jdk.internal.reflect.DelegatingMethodAccessorImpl.invoke(DelegatingMethodAccessorImpl.java:43)
			at java.base/java.lang.reflect.Method.invoke(Method.java:568)
			at io.netty.util.internal.NativeLibraryLoader$1.run(NativeLibraryLoader.java:425)
			at java.base/java.security.AccessController.doPrivileged(AccessController.java:318)
			at io.netty.util.internal.NativeLibraryLoader.loadLibraryByHelper(NativeLibraryLoader.java:417)
			at io.netty.util.internal.NativeLibraryLoader.loadLibrary(NativeLibraryLoader.java:383)
			... 106 common frames omitted
2023-03-22 15:02:44 [main] INFO  o.s.b.a.s.r.ReactiveUserDetailsServiceAutoConfiguration - 

Using generated security password: c3e0ca2e-6e01-47ba-b074-91dfdb8eae10

2023-03-22 15:02:45 [main] INFO  o.s.b.w.e.netty.NettyWebServer - Netty started on port 8183
2023-03-22 15:02:45 [main] INFO  c.m.d.r.e.q.s.ReactiveElasticQueryServiceApplication - Started ReactiveElasticQueryServiceApplication in 3.508 seconds (JVM running for 3.976)
2023-03-22 15:05:44 [reactor-http-nio-5] INFO  c.m.d.r.e.q.s.b.i.TwitterElasticQueryService - Querying reactive elasticsearch for text adipiscing
2023-03-22 15:05:44 [reactor-http-nio-5] INFO  c.m.d.r.e.q.s.b.i.TwitterReactiveElasticQueryClient - Getting data from elasticsearch for text adipiscing
2023-03-22 15:05:44 [reactor-http-nio-5] INFO  c.m.d.r.e.q.s.a.ElasticDocumentController - Returning from query reactive service for text adipiscing!
2023-03-22 15:05:45 [reactor-http-nio-5] INFO  reactor.Flux.Map.1 - onSubscribe(FluxMap.MapSubscriber)
2023-03-22 15:05:45 [reactor-http-nio-5] INFO  reactor.Flux.Map.1 - request(1)
2023-03-22 15:05:45 [parallel-3] INFO  reactor.Flux.Map.1 - onNext(ElasticQueryServiceResponseModel(id=3877440509871627866, userId=6909444571423473321, text=adipiscing dolor adipiscing adipiscing Elasticsearch posuere pulvinar, createdAt=2023-03-18T09:54:06Z))
2023-03-22 15:05:45 [reactor-http-nio-5] INFO  reactor.Flux.Map.1 - request(31)
2023-03-22 15:05:46 [parallel-4] INFO  reactor.Flux.Map.1 - onNext(ElasticQueryServiceResponseModel(id=5581760581108416358, userId=1735030007488298082, text=pulvinar Lorem Maecenas consectetuer adipiscing adipiscing Microservices adipiscing massa malesuada ultricies porttitor, createdAt=2023-03-18T14:07:40+07:00))
2023-03-22 15:05:46 [parallel-5] INFO  reactor.Flux.Map.1 - onNext(ElasticQueryServiceResponseModel(id=6864337989629207967, userId=4065823763738538583, text=purus massa porttitor massa Microservices adipiscing adipiscing, createdAt=2023-03-18T09:54:16Z))
2023-03-22 15:05:47 [parallel-6] INFO  reactor.Flux.Map.1 - onNext(ElasticQueryServiceResponseModel(id=2722063644919637290, userId=192077252962140562, text=lectus adipiscing adipiscing amet Microservices congue porttitor, createdAt=2023-03-18T09:56:17Z))
2023-03-22 15:05:47 [parallel-7] INFO  reactor.Flux.Map.1 - onNext(ElasticQueryServiceResponseModel(id=8659724347079790796, userId=1527174721239818391, text=dolor dolor magna Lorem magna adipiscing Maecenas Java adipiscing adipiscing sed dolor consectetuer, createdAt=2023-03-18T09:42:33Z))
2023-03-22 15:05:48 [parallel-8] INFO  reactor.Flux.Map.1 - onNext(ElasticQueryServiceResponseModel(id=2271616278754372469, userId=6711375541923993880, text=adipiscing lectus adipiscing sit Microservices Maecenas purus ultricies, createdAt=2023-03-18T10:11:50Z))
2023-03-22 15:05:48 [parallel-1] INFO  reactor.Flux.Map.1 - onNext(ElasticQueryServiceResponseModel(id=3016321967240981528, userId=6990445084555306523, text=adipiscing consectetuer pulvinar adipiscing adipiscing libero porttitor Elasticsearch sed posuere pulvinar Maecenas ultricies amet, createdAt=2023-03-18T09:59:17Z))
2023-03-22 15:05:49 [parallel-2] INFO  reactor.Flux.Map.1 - onNext(ElasticQueryServiceResponseModel(id=1669585526400800612, userId=3625863487881403113, text=sed adipiscing sed massa lectus adipiscing elit Microservices elit magna lectus Maecenas elit adipiscing, createdAt=2023-03-18T10:12:20Z))
2023-03-22 15:05:49 [parallel-3] INFO  reactor.Flux.Map.1 - onNext(ElasticQueryServiceResponseModel(id=3543034234569607975, userId=5210261211149718472, text=magna libero ultricies sit massa adipiscing magna Maecenas Elasticsearch ultricies adipiscing Fusce adipiscing purus porttitor, createdAt=2023-03-20T10:33:47Z))
2023-03-22 15:05:50 [parallel-4] INFO  reactor.Flux.Map.1 - onNext(ElasticQueryServiceResponseModel(id=1689597367010236323, userId=1652635327314709688, text=porttitor congue sed adipiscing adipiscing Kafka massa ipsum massa, createdAt=2023-03-20T10:38:29Z))
2023-03-22 15:05:50 [parallel-5] INFO  reactor.Flux.Map.1 - onNext(ElasticQueryServiceResponseModel(id=3254996314228375890, userId=9207235199086767838, text=sed lectus dolor amet pulvinar ultricies lectus lectus Elasticsearch adipiscing ultricies libero amet adipiscing adipiscing ultricies, createdAt=2023-03-20T10:36:59Z))
2023-03-22 15:05:51 [parallel-6] INFO  reactor.Flux.Map.1 - onNext(ElasticQueryServiceResponseModel(id=5335701328827837557, userId=2263686073493639007, text=adipiscing amet ipsum elit pulvinar Elasticsearch adipiscing ultricies elit Fusce, createdAt=2023-03-18T09:39:33Z))
2023-03-22 15:05:51 [parallel-7] INFO  reactor.Flux.Map.1 - onNext(ElasticQueryServiceResponseModel(id=4652614361612356442, userId=5156837943410739073, text=sit lectus adipiscing porttitor ultricies consectetuer Elasticsearch posuere lectus adipiscing Fusce, createdAt=2023-03-18T14:03:40+07:00))
2023-03-22 15:05:52 [parallel-8] INFO  reactor.Flux.Map.1 - onNext(ElasticQueryServiceResponseModel(id=3950186723719794435, userId=2703316025970566325, text=Fusce sed malesuada magna Maecenas pulvinar Microservices adipiscing adipiscing sed dolor, createdAt=2023-03-20T10:42:32Z))
2023-03-22 15:05:52 [parallel-1] INFO  reactor.Flux.Map.1 - onNext(ElasticQueryServiceResponseModel(id=7365122767155026806, userId=2735879393957088768, text=adipiscing lectus Fusce porttitor ipsum libero Elasticsearch lectus ipsum adipiscing elit, createdAt=2023-03-18T10:01:48Z))
2023-03-22 15:05:53 [parallel-2] INFO  reactor.Flux.Map.1 - onNext(ElasticQueryServiceResponseModel(id=3280289509971806279, userId=1381302123542189201, text=massa magna malesuada ultricies purus sed Java adipiscing consectetuer porttitor magna adipiscing, createdAt=2023-03-20T10:53:06Z))
2023-03-22 15:05:53 [parallel-3] INFO  reactor.Flux.Map.1 - onNext(ElasticQueryServiceResponseModel(id=1781476694320034324, userId=875633218267264637, text=sed adipiscing amet ipsum malesuada lectus Kafka Fusce adipiscing consectetuer libero sit, createdAt=2023-03-18T09:44:24Z))
2023-03-22 15:05:54 [parallel-4] INFO  reactor.Flux.Map.1 - onNext(ElasticQueryServiceResponseModel(id=5571450047948250493, userId=2851868620815901687, text=purus dolor sed purus adipiscing elit Java consectetuer Lorem Maecenas adipiscing dolor, createdAt=2023-03-18T10:00:08Z))
2023-03-22 15:05:54 [parallel-5] INFO  reactor.Flux.Map.1 - onNext(ElasticQueryServiceResponseModel(id=2939704663773469059, userId=6125394399691918736, text=adipiscing consectetuer adipiscing libero posuere magna Elasticsearch pulvinar libero posuere sed amet, createdAt=2023-03-18T10:02:28Z))
2023-03-22 15:05:55 [parallel-6] INFO  reactor.Flux.Map.1 - onNext(ElasticQueryServiceResponseModel(id=5623142685563993481, userId=8929503738017802388, text=congue lectus sed elit massa libero Microservices adipiscing adipiscing sit posuere lectus, createdAt=2023-03-18T10:06:19Z))
2023-03-22 15:05:55 [parallel-7] INFO  reactor.Flux.Map.1 - onNext(ElasticQueryServiceResponseModel(id=5043095869450852054, userId=1082508863813945679, text=adipiscing massa adipiscing consectetuer consectetuer Fusce Microservices ultricies malesuada sed libero porttitor, createdAt=2023-03-18T10:16:51Z))
2023-03-22 15:05:56 [parallel-8] INFO  reactor.Flux.Map.1 - onNext(ElasticQueryServiceResponseModel(id=2221019299841419597, userId=8326847969552021279, text=adipiscing Fusce porttitor Lorem Lorem pulvinar adipiscing Elasticsearch ipsum magna Lorem libero purus, createdAt=2023-03-18T13:53:29+07:00))
2023-03-22 15:05:56 [parallel-1] INFO  reactor.Flux.Map.1 - onNext(ElasticQueryServiceResponseModel(id=2453268834237480013, userId=2872802392523472944, text=libero adipiscing adipiscing massa dolor sed purus Java sit Fusce posuere posuere amet, createdAt=2023-03-18T13:56:09+07:00))
2023-03-22 15:05:57 [parallel-2] INFO  reactor.Flux.Map.1 - onNext(ElasticQueryServiceResponseModel(id=1725407918492351099, userId=5261034211523081735, text=adipiscing adipiscing porttitor posuere massa Maecenas ipsum Microservices massa magna consectetuer elit dolor, createdAt=2023-03-20T10:34:57Z))
2023-03-22 15:05:57 [parallel-2] INFO  reactor.Flux.Map.1 - request(24)
2023-03-22 15:05:58 [parallel-3] INFO  reactor.Flux.Map.1 - onNext(ElasticQueryServiceResponseModel(id=3585991059062720278, userId=4507660059404809438, text=amet consectetuer dolor dolor consectetuer adipiscing adipiscing Java pulvinar Lorem elit Fusce Maecenas, createdAt=2023-03-20T10:37:49Z))
2023-03-22 15:05:58 [parallel-4] INFO  reactor.Flux.Map.1 - onNext(ElasticQueryServiceResponseModel(id=4832716785900208766, userId=8983943876749934076, text=massa sed porttitor Fusce dolor adipiscing sit Microservices ultricies adipiscing sed sit porttitor, createdAt=2023-03-20T10:37:09Z))
2023-03-22 15:05:59 [parallel-5] INFO  reactor.Flux.Map.1 - onNext(ElasticQueryServiceResponseModel(id=5614688237400987922, userId=5771659881973290016, text=lectus adipiscing purus adipiscing congue ultricies Lorem Java massa libero ultricies dolor massa, createdAt=2023-03-18T10:05:39Z))
2023-03-22 15:05:59 [parallel-6] INFO  reactor.Flux.Map.1 - onNext(ElasticQueryServiceResponseModel(id=4147536438161047815, userId=5068445659479345300, text=pulvinar magna posuere elit adipiscing purus amet Microservices adipiscing libero consectetuer sit congue, createdAt=2023-03-20T10:39:31Z))
2023-03-22 15:06:00 [parallel-7] INFO  reactor.Flux.Map.1 - onNext(ElasticQueryServiceResponseModel(id=6482658082030361695, userId=6619134112378793959, text=adipiscing sit libero pulvinar porttitor adipiscing Lorem Kafka ipsum elit purus amet lectus, createdAt=2023-03-20T10:56:47Z))
2023-03-22 15:06:00 [parallel-8] INFO  reactor.Flux.Map.1 - onNext(ElasticQueryServiceResponseModel(id=7730454206775262835, userId=6844581716476884408, text=consectetuer sit sit posuere ipsum amet malesuada Java malesuada sit malesuada adipiscing ultricies adipiscing, createdAt=2023-03-18T13:58:09+07:00))
2023-03-22 15:06:01 [parallel-1] INFO  reactor.Flux.Map.1 - onNext(ElasticQueryServiceResponseModel(id=795852628833927355, userId=9157165247730067806, text=congue congue amet sed ultricies sit adipiscing Kafka ultricies libero malesuada adipiscing dolor Lorem, createdAt=2023-03-18T14:01:40+07:00))
2023-03-22 15:06:01 [parallel-2] INFO  reactor.Flux.Map.1 - onNext(ElasticQueryServiceResponseModel(id=5329233730600933304, userId=232818604206492503, text=lectus sit Lorem ultricies consectetuer Fusce Lorem Java magna adipiscing Fusce Maecenas adipiscing dolor, createdAt=2023-03-20T10:52:56Z))
2023-03-22 15:06:02 [parallel-3] INFO  reactor.Flux.Map.1 - onNext(ElasticQueryServiceResponseModel(id=5877040686307906704, userId=1736553546680569533, text=sed adipiscing pulvinar amet dolor congue lectus Java sit malesuada ultricies adipiscing malesuada posuere, createdAt=2023-03-18T09:47:45Z))
2023-03-22 15:06:02 [parallel-4] INFO  reactor.Flux.Map.1 - onNext(ElasticQueryServiceResponseModel(id=3149883210061293288, userId=3550721067020399156, text=porttitor adipiscing ipsum dolor elit lectus magna Elasticsearch malesuada massa ultricies adipiscing elit massa, createdAt=2023-03-18T10:06:39Z))
2023-03-22 15:06:03 [parallel-5] INFO  reactor.Flux.Map.1 - onNext(ElasticQueryServiceResponseModel(id=7307462038915190634, userId=2592167851401744734, text=libero Lorem elit consectetuer pulvinar consectetuer adipiscing Java purus adipiscing purus congue posuere purus, createdAt=2023-03-20T10:47:24Z))
2023-03-22 15:06:03 [parallel-6] INFO  reactor.Flux.Map.1 - onNext(ElasticQueryServiceResponseModel(id=8081584735929750865, userId=5291459491029590862, text=malesuada dolor Fusce libero congue adipiscing ultricies sit Microservices porttitor Fusce adipiscing ultricies purus congue, createdAt=2023-03-18T13:55:29+07:00))
2023-03-22 15:06:04 [parallel-7] INFO  reactor.Flux.Map.1 - onNext(ElasticQueryServiceResponseModel(id=5270080212375551967, userId=2785839261202949837, text=magna lectus pulvinar ultricies elit posuere magna adipiscing Kafka libero magna sed massa adipiscing massa, createdAt=2023-03-18T13:54:19+07:00))
2023-03-22 15:06:04 [parallel-8] INFO  reactor.Flux.Map.1 - onNext(ElasticQueryServiceResponseModel(id=5279988495473410938, userId=1697069414226635493, text=adipiscing purus adipiscing lectus sed sit elit ultricies Elasticsearch sed amet magna lectus dolor consectetuer, createdAt=2023-03-18T14:00:10+07:00))
2023-03-22 15:06:05 [parallel-1] INFO  reactor.Flux.Map.1 - onNext(ElasticQueryServiceResponseModel(id=5129615296583218167, userId=1543454939035667932, text=adipiscing porttitor malesuada adipiscing massa massa porttitor Lorem Microservices Maecenas libero lectus magna congue dolor, createdAt=2023-03-18T09:42:03Z))
2023-03-22 15:06:05 [parallel-2] INFO  reactor.Flux.Map.1 - onNext(ElasticQueryServiceResponseModel(id=8664321469185049220, userId=8263661761407619802, text=sed Lorem dolor adipiscing massa amet purus sed Elasticsearch consectetuer Lorem libero Fusce ultricies adipiscing, createdAt=2023-03-18T10:09Z))
2023-03-22 15:06:06 [parallel-3] INFO  reactor.Flux.Map.1 - onNext(ElasticQueryServiceResponseModel(id=7299461518277777580, userId=8150312054272477213, text=adipiscing congue sed Kafka posuere purus, createdAt=2023-03-18T13:55:39+07:00))
2023-03-22 15:06:06 [parallel-4] INFO  reactor.Flux.Map.1 - onNext(ElasticQueryServiceResponseModel(id=7692416387636020951, userId=6354011578936395145, text=Maecenas dolor elit Kafka adipiscing Fusce, createdAt=2023-03-18T13:58:49+07:00))
2023-03-22 15:06:07 [parallel-5] INFO  reactor.Flux.Map.1 - onNext(ElasticQueryServiceResponseModel(id=103292372159787863, userId=8546233576591120455, text=pulvinar libero libero Java adipiscing elit, createdAt=2023-03-18T14:00+07:00))
2023-03-22 15:06:07 [parallel-6] INFO  reactor.Flux.Map.1 - onNext(ElasticQueryServiceResponseModel(id=723395192488130628, userId=8356226248969891877, text=adipiscing consectetuer Maecenas Kafka Lorem sit, createdAt=2023-03-20T10:35:18Z))
2023-03-22 15:06:08 [parallel-7] INFO  reactor.Flux.Map.1 - onNext(ElasticQueryServiceResponseModel(id=6348711204765223989, userId=7818699766679175525, text=adipiscing lectus sit Elasticsearch sit sit, createdAt=2023-03-20T10:46:44Z))
2023-03-22 15:06:08 [parallel-8] INFO  reactor.Flux.Map.1 - onNext(ElasticQueryServiceResponseModel(id=1160303727407627967, userId=2634233500984994734, text=Maecenas posuere libero Microservices adipiscing magna, createdAt=2023-03-18T09:40:23Z))
2023-03-22 15:06:09 [parallel-1] INFO  reactor.Flux.Map.1 - onNext(ElasticQueryServiceResponseModel(id=575034146251781684, userId=8225579287280691681, text=massa adipiscing Maecenas Microservices porttitor posuere, createdAt=2023-03-18T09:43:54Z))
2023-03-22 15:06:09 [parallel-2] INFO  reactor.Flux.Map.1 - onNext(ElasticQueryServiceResponseModel(id=531928115912241183, userId=9014492155285278610, text=magna congue lectus Elasticsearch sit adipiscing, createdAt=2023-03-18T09:45:54Z))
2023-03-22 15:06:09 [parallel-2] INFO  reactor.Flux.Map.1 - request(24)
2023-03-22 15:06:10 [parallel-3] INFO  reactor.Flux.Map.1 - onNext(ElasticQueryServiceResponseModel(id=4710395889444392375, userId=1923533849984245201, text=adipiscing sit dolor Microservices ultricies congue, createdAt=2023-03-18T10:05:49Z))
2023-03-22 15:06:10 [parallel-4] INFO  reactor.Flux.Map.1 - onNext(ElasticQueryServiceResponseModel(id=1622615535942059754, userId=5855883931281362959, text=Maecenas adipiscing sit Microservices consectetuer pulvinar, createdAt=2023-03-20T10:51:16Z))
2023-03-22 15:06:11 [parallel-5] INFO  reactor.Flux.Map.1 - onNext(ElasticQueryServiceResponseModel(id=5316182199650850722, userId=8318688375636461419, text=ultricies Maecenas amet congue Fusce Fusce malesuada massa Java sed porttitor congue adipiscing pulvinar adipiscing dolor, createdAt=2023-03-18T13:59:19+07:00))
2023-03-22 15:06:11 [parallel-6] INFO  reactor.Flux.Map.1 - onNext(ElasticQueryServiceResponseModel(id=4444187617100321026, userId=8188573885632171667, text=dolor adipiscing ultricies porttitor ultricies adipiscing porttitor ipsum Microservices magna purus amet purus posuere lectus consectetuer, createdAt=2023-03-18T14:07:50+07:00))
2023-03-22 15:06:12 [parallel-7] INFO  reactor.Flux.Map.1 - onNext(ElasticQueryServiceResponseModel(id=209206655987504914, userId=6406291450130135531, text=libero adipiscing elit Fusce ultricies amet Fusce sed Microservices porttitor Maecenas adipiscing porttitor consectetuer pulvinar consectetuer, createdAt=2023-03-18T14:09:10+07:00))
2023-03-22 15:06:12 [parallel-8] INFO  reactor.Flux.Map.1 - onNext(ElasticQueryServiceResponseModel(id=1275888268045952190, userId=5167671400980345480, text=adipiscing adipiscing ultricies libero consectetuer lectus amet Lorem Java elit purus congue Lorem porttitor congue lectus, createdAt=2023-03-20T10:58:48Z))
2023-03-22 15:06:13 [parallel-1] INFO  reactor.Flux.Map.1 - onNext(ElasticQueryServiceResponseModel(id=2861311187701569757, userId=6562251331997219898, text=consectetuer porttitor sed magna sit elit adipiscing Fusce Kafka massa adipiscing Fusce lectus amet purus magna, createdAt=2023-03-18T09:41:53Z))
2023-03-22 15:06:13 [parallel-2] INFO  reactor.Flux.Map.1 - onNext(ElasticQueryServiceResponseModel(id=1691213448456176815, userId=4328212917571833092, text=adipiscing Maecenas magna magna consectetuer pulvinar libero Fusce Elasticsearch ultricies posuere purus libero adipiscing congue sed, createdAt=2023-03-18T09:53:06Z))
2023-03-22 15:06:14 [parallel-3] INFO  reactor.Flux.Map.1 - onNext(ElasticQueryServiceResponseModel(id=7500392611304038665, userId=2565274154763538561, text=elit Maecenas adipiscing massa amet ultricies adipiscing sed Kafka magna lectus posuere libero Lorem Lorem dolor, createdAt=2023-03-18T10:04:18Z))
2023-03-22 15:06:14 [parallel-4] INFO  reactor.Flux.Map.1 - onNext(ElasticQueryServiceResponseModel(id=6686887771798106290, userId=1467920078948426867, text=elit adipiscing lectus libero posuere consectetuer porttitor magna Microservices lectus purus magna Lorem adipiscing lectus lectus, createdAt=2023-03-20T10:43:12Z))
2023-03-22 15:06:15 [parallel-5] INFO  reactor.Flux.Map.1 - onNext(ElasticQueryServiceResponseModel(id=772688530151907192, userId=2405370738523378202, text=porttitor sit amet ipsum ipsum amet purus sit Microservices posuere sit ipsum adipiscing posuere posuere adipiscing, createdAt=2023-03-20T10:54:07Z))
2023-03-22 15:06:15 [parallel-6] INFO  reactor.Flux.Map.1 - onNext(ElasticQueryServiceResponseModel(id=5967730198127491255, userId=1263305554493227958, text=posuere malesuada magna adipiscing Maecenas libero Maecenas magna Kafka magna adipiscing malesuada ultricies dolor massa congue, createdAt=2023-03-20T10:56:57Z))
2023-03-22 15:06:16 [parallel-7] INFO  reactor.Flux.Map.1 - onNext(ElasticQueryServiceResponseModel(id=2680037598006888112, userId=8621599489580442488, text=adipiscing Maecenas amet congue Kafka pulvinar porttitor, createdAt=2023-03-18T13:52:19+07:00))
2023-03-22 15:06:16 [parallel-8] INFO  reactor.Flux.Map.1 - onNext(ElasticQueryServiceResponseModel(id=3128932123650356967, userId=9106388096145915534, text=ipsum lectus adipiscing sed Java posuere congue, createdAt=2023-03-18T13:50:59+07:00))
2023-03-22 15:06:17 [parallel-1] INFO  reactor.Flux.Map.1 - onNext(ElasticQueryServiceResponseModel(id=514149587663961613, userId=7221799151266601124, text=amet adipiscing Fusce porttitor Microservices posuere Maecenas, createdAt=2023-03-18T13:54:09+07:00))
2023-03-22 15:06:17 [parallel-2] INFO  reactor.Flux.Map.1 - onNext(ElasticQueryServiceResponseModel(id=4515866339519033849, userId=8286252865284667008, text=adipiscing Lorem Fusce porttitor Microservices sed Fusce, createdAt=2023-03-18T13:55:09+07:00))
2023-03-22 15:06:18 [parallel-3] INFO  reactor.Flux.Map.1 - onNext(ElasticQueryServiceResponseModel(id=6268734779160127925, userId=176213253564826507, text=purus magna congue malesuada Microservices adipiscing congue, createdAt=2023-03-18T14:02+07:00))
2023-03-22 15:06:18 [parallel-4] INFO  reactor.Flux.Map.1 - onNext(ElasticQueryServiceResponseModel(id=7783620319374301582, userId=3979640344617424628, text=adipiscing porttitor sed sit Microservices dolor lectus, createdAt=2023-03-18T14:06:40+07:00))
2023-03-22 15:06:19 [parallel-5] INFO  reactor.Flux.Map.1 - onNext(ElasticQueryServiceResponseModel(id=1215233161266983341, userId=2759528674153042269, text=elit adipiscing sit pulvinar Microservices porttitor Fusce, createdAt=2023-03-20T10:42:12Z))
2023-03-22 15:06:19 [parallel-6] INFO  reactor.Flux.Map.1 - onNext(ElasticQueryServiceResponseModel(id=8722746493679546220, userId=6455340735710957816, text=lectus Maecenas purus consectetuer Microservices Fusce adipiscing, createdAt=2023-03-20T10:54:57Z))
2023-03-22 15:06:20 [parallel-7] INFO  reactor.Flux.Map.1 - onNext(ElasticQueryServiceResponseModel(id=5395252153308884584, userId=5317031424784713958, text=libero malesuada Lorem adipiscing Java amet libero, createdAt=2023-03-18T09:45:24Z))
2023-03-22 15:06:20 [parallel-8] INFO  reactor.Flux.Map.1 - onNext(ElasticQueryServiceResponseModel(id=4575906096668773553, userId=797165085088752144, text=ipsum adipiscing elit pulvinar Microservices porttitor Maecenas, createdAt=2023-03-18T10:08:50Z))
2023-03-22 15:06:21 [parallel-1] INFO  reactor.Flux.Map.1 - onNext(ElasticQueryServiceResponseModel(id=434801085375349846, userId=3410056993041294074, text=congue malesuada sed adipiscing Elasticsearch Maecenas ipsum, createdAt=2023-03-18T10:11:20Z))
2023-03-22 15:06:21 [parallel-2] INFO  reactor.Flux.Map.1 - onNext(ElasticQueryServiceResponseModel(id=7518593179699970141, userId=3599360825037050373, text=sed magna adipiscing Fusce Elasticsearch posuere porttitor, createdAt=2023-03-18T10:15:01Z))
2023-03-22 15:06:21 [parallel-2] INFO  reactor.Flux.Map.1 - request(24)
2023-03-22 15:06:22 [parallel-3] INFO  reactor.Flux.Map.1 - onNext(ElasticQueryServiceResponseModel(id=667128975333062282, userId=5057699282047964431, text=elit sit congue amet Kafka elit adipiscing, createdAt=2023-03-20T10:44:23Z))
2023-03-22 15:06:22 [parallel-4] INFO  reactor.Flux.Map.1 - onNext(ElasticQueryServiceResponseModel(id=3601099910898078879, userId=277218959856048501, text=Maecenas amet massa sit Microservices ipsum adipiscing, createdAt=2023-03-20T10:47:44Z))
2023-03-22 15:06:23 [parallel-5] INFO  reactor.Flux.Map.1 - onNext(ElasticQueryServiceResponseModel(id=1102449379337236245, userId=1120651377957700543, text=Lorem posuere adipiscing consectetuer Kafka pulvinar posuere, createdAt=2023-03-20T10:56:17Z))
2023-03-22 15:06:23 [parallel-6] INFO  reactor.Flux.Map.1 - onNext(ElasticQueryServiceResponseModel(id=9202775744441146112, userId=3975353035433248737, text=adipiscing consectetuer elit consectetuer Kafka congue amet consectetuer, createdAt=2023-03-18T13:50:39+07:00))
2023-03-22 15:06:24 [parallel-7] INFO  reactor.Flux.Map.1 - onNext(ElasticQueryServiceResponseModel(id=1927014915577512289, userId=2082835550169149830, text=ipsum elit magna magna Microservices lectus massa adipiscing, createdAt=2023-03-18T13:52:29+07:00))
2023-03-22 15:06:24 [parallel-8] INFO  reactor.Flux.Map.1 - onNext(ElasticQueryServiceResponseModel(id=2313770438323548170, userId=8551174760057155979, text=purus Lorem congue ipsum Microservices amet porttitor adipiscing, createdAt=2023-03-18T13:57:19+07:00))
2023-03-22 15:06:25 [parallel-1] INFO  reactor.Flux.Map.1 - onNext(ElasticQueryServiceResponseModel(id=3501838291760058198, userId=147702313933663142, text=purus sed Maecenas Fusce Java porttitor purus adipiscing, createdAt=2023-03-20T10:40:21Z))
2023-03-22 15:06:25 [parallel-2] INFO  reactor.Flux.Map.1 - onNext(ElasticQueryServiceResponseModel(id=1483682606913126587, userId=5972999522174825720, text=adipiscing Fusce porttitor sed Kafka pulvinar Lorem lectus, createdAt=2023-03-20T10:50:05Z))
2023-03-22 15:06:26 [parallel-3] INFO  reactor.Flux.Map.1 - onNext(ElasticQueryServiceResponseModel(id=2982006890626875156, userId=2232546294136389123, text=consectetuer purus ipsum adipiscing Kafka malesuada pulvinar purus, createdAt=2023-03-18T09:45:14Z))
2023-03-22 15:06:26 [parallel-4] INFO  reactor.Flux.Map.1 - onNext(ElasticQueryServiceResponseModel(id=452029942359969989, userId=2069000642735989949, text=dolor sed magna adipiscing Java purus massa lectus, createdAt=2023-03-18T09:50:25Z))
2023-03-22 15:06:27 [parallel-5] INFO  reactor.Flux.Map.1 - onNext(ElasticQueryServiceResponseModel(id=4000489438145406232, userId=8562938630841391737, text=Fusce adipiscing ipsum sit Java massa Fusce ultricies, createdAt=2023-03-18T09:54:26Z))
2023-03-22 15:06:27 [parallel-6] INFO  reactor.Flux.Map.1 - onNext(ElasticQueryServiceResponseModel(id=2687204324461427606, userId=2817628096366795097, text=libero purus purus massa Elasticsearch consectetuer congue adipiscing, createdAt=2023-03-18T10:02:48Z))
2023-03-22 15:06:28 [parallel-7] INFO  reactor.Flux.Map.1 - onNext(ElasticQueryServiceResponseModel(id=8551751966897627348, userId=3366925973673639404, text=pulvinar ultricies sed adipiscing Kafka pulvinar elit purus, createdAt=2023-03-18T10:07:19Z))
2023-03-22 15:06:28 [parallel-8] INFO  reactor.Flux.Map.1 - onNext(ElasticQueryServiceResponseModel(id=3654493836075740808, userId=4079591564761348155, text=porttitor malesuada massa ipsum Microservices purus sed adipiscing, createdAt=2023-03-18T10:17:41Z))
2023-03-22 15:06:29 [parallel-1] INFO  reactor.Flux.Map.1 - onNext(ElasticQueryServiceResponseModel(id=6293850184898774564, userId=5915668837861849728, text=dolor adipiscing dolor Lorem Elasticsearch elit massa sit, createdAt=2023-03-20T10:51:36Z))
2023-03-22 15:06:29 [parallel-2] INFO  reactor.Flux.Map.1 - onNext(ElasticQueryServiceResponseModel(id=2864670461120185695, userId=2341300606381033701, text=purus amet sed adipiscing ultricies Java posuere malesuada purus, createdAt=2023-03-18T14:05:30+07:00))
2023-03-22 15:06:30 [parallel-3] INFO  reactor.Flux.Map.1 - onNext(ElasticQueryServiceResponseModel(id=8036729600118227455, userId=2138021036807319895, text=posuere adipiscing malesuada Lorem Lorem Kafka massa Maecenas sit, createdAt=2023-03-18T14:01:20+07:00))
2023-03-22 15:06:30 [parallel-4] INFO  reactor.Flux.Map.1 - onNext(ElasticQueryServiceResponseModel(id=2625620390268473607, userId=7710473609878137472, text=malesuada consectetuer purus adipiscing posuere Microservices massa magna purus, createdAt=2023-03-20T10:33:27Z))
2023-03-22 15:06:31 [parallel-5] INFO  reactor.Flux.Map.1 - onNext(ElasticQueryServiceResponseModel(id=4681088599934560834, userId=5992197497797099275, text=libero libero ipsum Fusce adipiscing Microservices porttitor pulvinar posuere, createdAt=2023-03-18T09:39:19Z))
2023-03-22 15:06:31 [parallel-6] INFO  reactor.Flux.Map.1 - onNext(ElasticQueryServiceResponseModel(id=8121983547943133567, userId=3694712705063981457, text=congue adipiscing sit elit pulvinar Microservices lectus malesuada lectus, createdAt=2023-03-18T09:41:43Z))
2023-03-22 15:06:32 [parallel-7] INFO  reactor.Flux.Map.1 - onNext(ElasticQueryServiceResponseModel(id=1830005140163425832, userId=3596542119687524319, text=sed posuere adipiscing sed magna Microservices Lorem purus sed, createdAt=2023-03-18T09:54:56Z))
2023-03-22 15:06:32 [parallel-8] INFO  reactor.Flux.Map.1 - onNext(ElasticQueryServiceResponseModel(id=256991601595233787, userId=2001951717562892605, text=Fusce adipiscing sed sed Fusce Kafka elit malesuada posuere, createdAt=2023-03-18T10:03:28Z))
2023-03-22 15:06:33 [parallel-1] INFO  reactor.Flux.Map.1 - onNext(ElasticQueryServiceResponseModel(id=5129025633306332385, userId=9121152277767193654, text=consectetuer elit amet purus posuere Kafka sit adipiscing dolor, createdAt=2023-03-18T10:10:10Z))
2023-03-22 15:06:33 [parallel-2] INFO  reactor.Flux.Map.1 - onNext(ElasticQueryServiceResponseModel(id=470358823813333623, userId=2728159310605682233, text=amet adipiscing elit lectus elit Kafka lectus ultricies dolor malesuada, createdAt=2023-03-18T13:59:40+07:00))
2023-03-22 15:06:33 [parallel-2] INFO  reactor.Flux.Map.1 - request(24)
2023-03-22 15:06:34 [parallel-3] INFO  reactor.Flux.Map.1 - onNext(ElasticQueryServiceResponseModel(id=3307772518244806644, userId=8692408400677941935, text=adipiscing posuere ultricies Maecenas elit Java congue amet Maecenas congue, createdAt=2023-03-18T14:04:30+07:00))
2023-03-22 15:06:34 [parallel-4] INFO  reactor.Flux.Map.1 - onNext(ElasticQueryServiceResponseModel(id=1533727168456019053, userId=865561321845044172, text=purus congue adipiscing elit dolor Java libero Maecenas purus magna, createdAt=2023-03-18T14:09:50+07:00))
2023-03-22 15:06:35 [parallel-5] INFO  reactor.Flux.Map.1 - onNext(ElasticQueryServiceResponseModel(id=7928272100890079822, userId=5381486501939324673, text=elit congue malesuada Lorem Lorem Java lectus lectus adipiscing elit, createdAt=2023-03-18T14:08:50+07:00))
2023-03-22 15:06:35 [parallel-6] INFO  reactor.Flux.Map.1 - onNext(ElasticQueryServiceResponseModel(id=634002741723839969, userId=1037991773541291289, text=ipsum magna massa massa elit Java dolor malesuada dolor adipiscing, createdAt=2023-03-18T14:09+07:00))
2023-03-22 15:06:36 [parallel-7] INFO  reactor.Flux.Map.1 - onNext(ElasticQueryServiceResponseModel(id=7622825984595263715, userId=2568434466866074075, text=sit pulvinar adipiscing posuere elit Microservices malesuada porttitor purus Fusce, createdAt=2023-03-20T10:34:07Z))
2023-03-22 15:06:36 [parallel-8] INFO  reactor.Flux.Map.1 - onNext(ElasticQueryServiceResponseModel(id=3438461735690093755, userId=2177420534049443296, text=magna libero sed purus Fusce Java sit sed adipiscing purus, createdAt=2023-03-20T10:46:24Z))
2023-03-22 15:06:37 [parallel-1] INFO  reactor.Flux.Map.1 - onNext(ElasticQueryServiceResponseModel(id=2593656911120209740, userId=2499627869226219161, text=consectetuer adipiscing magna posuere ipsum Kafka amet ipsum ultricies lectus, createdAt=2023-03-20T10:51:56Z))
2023-03-22 15:06:37 [parallel-2] INFO  reactor.Flux.Map.1 - onNext(ElasticQueryServiceResponseModel(id=6818445217556591126, userId=2643996731138875982, text=elit adipiscing Lorem malesuada sit Java posuere magna consectetuer purus, createdAt=2023-03-18T09:41:13Z))
2023-03-22 15:06:38 [parallel-3] INFO  reactor.Flux.Map.1 - onNext(ElasticQueryServiceResponseModel(id=2112295931429031911, userId=6320796081383427324, text=adipiscing congue sed Maecenas lectus Elasticsearch magna libero ipsum magna, createdAt=2023-03-18T09:43:44Z))
2023-03-22 15:06:38 [parallel-4] INFO  reactor.Flux.Map.1 - onNext(ElasticQueryServiceResponseModel(id=5719043038580635269, userId=1568733553280144733, text=lectus sed adipiscing Fusce porttitor Java lectus purus congue Fusce, createdAt=2023-03-18T09:48:05Z))
2023-03-22 15:06:39 [parallel-5] INFO  reactor.Flux.Map.1 - onNext(ElasticQueryServiceResponseModel(id=3785144180079270913, userId=718555998143183392, text=malesuada dolor malesuada porttitor magna Kafka porttitor ultricies sit adipiscing, createdAt=2023-03-18T09:59:58Z))
2023-03-22 15:06:40 [parallel-6] INFO  reactor.Flux.Map.1 - onNext(ElasticQueryServiceResponseModel(id=2715563466686104901, userId=3901671859210464090, text=sit pulvinar purus adipiscing dolor Elasticsearch elit porttitor ultricies ipsum, createdAt=2023-03-18T10:00:48Z))
2023-03-22 15:06:40 [parallel-7] INFO  reactor.Flux.Map.1 - onNext(ElasticQueryServiceResponseModel(id=3475183508554102561, userId=8020229572551400600, text=adipiscing lectus consectetuer massa consectetuer Microservices posuere magna malesuada purus, createdAt=2023-03-18T10:02:58Z))
2023-03-22 15:06:41 [parallel-8] INFO  reactor.Flux.Map.1 - onNext(ElasticQueryServiceResponseModel(id=7195781890788253225, userId=2417537140786873426, text=magna Fusce posuere ipsum elit Elasticsearch libero Fusce lectus adipiscing, createdAt=2023-03-18T10:12:10Z))
2023-03-22 15:06:41 [parallel-1] INFO  reactor.Flux.Map.1 - onNext(ElasticQueryServiceResponseModel(id=12937150501350517, userId=4313090666107492603, text=congue sed adipiscing sed massa Microservices massa ultricies dolor amet, createdAt=2023-03-18T10:17:01Z))
2023-03-22 15:06:42 [parallel-2] INFO  reactor.Flux.Map.1 - onNext(ElasticQueryServiceResponseModel(id=901496751802232509, userId=4806812006275113650, text=sed porttitor magna malesuada adipiscing Microservices dolor ipsum consectetuer libero, createdAt=2023-03-18T10:18:12Z))
2023-03-22 15:06:42 [parallel-3] INFO  reactor.Flux.Map.1 - onNext(ElasticQueryServiceResponseModel(id=1671642200686953380, userId=1890160591729763061, text=adipiscing sed massa purus amet Microservices elit Maecenas porttitor ipsum, createdAt=2023-03-20T10:45:33Z))
2023-03-22 15:06:43 [parallel-4] INFO  reactor.Flux.Map.1 - onNext(ElasticQueryServiceResponseModel(id=2638259965596472131, userId=4161099786224002810, text=amet pulvinar malesuada magna posuere Java Maecenas adipiscing Lorem massa, createdAt=2023-03-20T10:44:43Z))
2023-03-22 15:06:43 [parallel-5] INFO  reactor.Flux.Map.1 - onNext(ElasticQueryServiceResponseModel(id=750108396879745886, userId=5286542265525840483, text=amet adipiscing Lorem amet congue Kafka posuere lectus posuere malesuada, createdAt=2023-03-20T10:54:37Z))
2023-03-22 15:06:44 [parallel-6] INFO  reactor.Flux.Map.1 - onNext(ElasticQueryServiceResponseModel(id=8564586657648282255, userId=3354719797727149656, text=libero porttitor adipiscing dolor magna purus Kafka elit dolor Maecenas lectus, createdAt=2023-03-20T10:33:37Z))
2023-03-22 15:06:44 [parallel-7] INFO  reactor.Flux.Map.1 - onNext(ElasticQueryServiceResponseModel(id=898485488926947412, userId=5849205920265589774, text=amet consectetuer pulvinar Fusce consectetuer adipiscing Microservices Lorem ultricies elit magna, createdAt=2023-03-20T10:42:02Z))
2023-03-22 15:06:45 [parallel-8] INFO  reactor.Flux.Map.1 - onNext(ElasticQueryServiceResponseModel(id=2961079293181077453, userId=4014483839127238973, text=pulvinar ipsum libero malesuada Fusce dolor Microservices Fusce adipiscing consectetuer amet, createdAt=2023-03-20T10:49:25Z))
2023-03-22 15:06:45 [parallel-1] INFO  reactor.Flux.Map.1 - onNext(ElasticQueryServiceResponseModel(id=1692221591180931484, userId=3165561037739564830, text=amet massa massa amet Lorem pulvinar Kafka Fusce pulvinar elit adipiscing, createdAt=2023-03-18T09:40:53Z))
2023-03-22 15:06:46 [parallel-2] INFO  reactor.Flux.Map.1 - onNext(ElasticQueryServiceResponseModel(id=164541976066401738, userId=1341266917212511637, text=Fusce ipsum massa massa dolor Lorem Elasticsearch adipiscing amet porttitor congue, createdAt=2023-03-18T09:49:05Z))
2023-03-22 15:06:46 [parallel-2] INFO  reactor.Flux.Map.1 - request(24)
2023-03-22 15:06:46 [parallel-3] INFO  reactor.Flux.Map.1 - onNext(ElasticQueryServiceResponseModel(id=3978153042549549864, userId=4405109661285327260, text=Lorem purus amet pulvinar amet pulvinar Kafka purus adipiscing Fusce magna, createdAt=2023-03-18T10:01:18Z))
2023-03-22 15:06:47 [parallel-4] INFO  reactor.Flux.Map.1 - onNext(ElasticQueryServiceResponseModel(id=1230125451729514647, userId=8105449215043757713, text=adipiscing Fusce ipsum congue Lorem Fusce Java pulvinar consectetuer magna ultricies, createdAt=2023-03-18T10:08:09Z))
2023-03-22 15:06:47 [parallel-5] INFO  reactor.Flux.Map.1 - onNext(ElasticQueryServiceResponseModel(id=5042299105120470536, userId=3002024232158832410, text=libero massa ultricies posuere purus dolor Java malesuada sed consectetuer adipiscing, createdAt=2023-03-18T10:11Z))
2023-03-22 15:06:48 [parallel-6] INFO  reactor.Flux.Map.1 - onNext(ElasticQueryServiceResponseModel(id=3170902873642988942, userId=6759731750284906205, text=dolor dolor libero massa Fusce porttitor Microservices massa purus Lorem adipiscing, createdAt=2023-03-18T10:13Z))
2023-03-22 15:06:48 [parallel-7] INFO  reactor.Flux.Map.1 - onNext(ElasticQueryServiceResponseModel(id=5121418570921752950, userId=7433179791519215680, text=magna congue Maecenas amet posuere dolor Java elit adipiscing dolor pulvinar, createdAt=2023-03-20T10:39:20Z))
2023-03-22 15:06:49 [parallel-8] INFO  reactor.Flux.Map.1 - onNext(ElasticQueryServiceResponseModel(id=8708723671888375594, userId=4826437130084314553, text=magna consectetuer elit posuere ultricies consectetuer Java elit adipiscing congue consectetuer, createdAt=2023-03-20T10:45:23Z))
2023-03-22 15:06:49 [parallel-1] INFO  reactor.Flux.Map.1 - onNext(ElasticQueryServiceResponseModel(id=8311192771698932358, userId=2381419653913037540, text=pulvinar lectus adipiscing ultricies purus amet Elasticsearch dolor ultricies elit consectetuer, createdAt=2023-03-20T10:48:24Z))
2023-03-22 15:06:50 [parallel-2] INFO  reactor.Flux.Map.1 - onNext(ElasticQueryServiceResponseModel(id=7767631838187529249, userId=1081187598354767961, text=Lorem amet posuere posuere posuere ipsum Microservices amet adipiscing elit elit massa, createdAt=2023-03-18T13:58:19+07:00))
2023-03-22 15:06:50 [parallel-3] INFO  reactor.Flux.Map.1 - onNext(ElasticQueryServiceResponseModel(id=5883275675439145032, userId=5145964431739888285, text=sed magna adipiscing dolor malesuada consectetuer Kafka sit malesuada magna porttitor magna, createdAt=2023-03-18T14:03:30+07:00))
2023-03-22 15:06:51 [parallel-4] INFO  reactor.Flux.Map.1 - onNext(ElasticQueryServiceResponseModel(id=4306248588887808846, userId=6603002348053277861, text=libero purus posuere Lorem elit adipiscing Microservices elit libero pulvinar massa dolor, createdAt=2023-03-18T14:07:30+07:00))
2023-03-22 15:06:51 [parallel-5] INFO  reactor.Flux.Map.1 - onNext(ElasticQueryServiceResponseModel(id=7205460888040736806, userId=154634040874295924, text=congue adipiscing malesuada dolor Lorem porttitor Elasticsearch congue sit Maecenas purus libero, createdAt=2023-03-20T10:46:54Z))
2023-03-22 15:06:52 [parallel-6] INFO  reactor.Flux.Map.1 - onNext(ElasticQueryServiceResponseModel(id=4487231771630849546, userId=6940955727663951813, text=sit elit elit dolor massa sit Elasticsearch dolor lectus adipiscing magna magna, createdAt=2023-03-20T10:48:55Z))
2023-03-22 15:06:52 [parallel-7] INFO  reactor.Flux.Map.1 - onNext(ElasticQueryServiceResponseModel(id=8898537260862022822, userId=1899768012006791960, text=pulvinar Maecenas dolor consectetuer congue purus Elasticsearch porttitor posuere elit malesuada adipiscing, createdAt=2023-03-20T10:58:38Z))
2023-03-22 15:06:53 [parallel-8] INFO  reactor.Flux.Map.1 - onNext(ElasticQueryServiceResponseModel(id=8612618225076226058, userId=1617522225678610032, text=posuere Fusce dolor adipiscing Fusce consectetuer Java libero malesuada sed sed malesuada, createdAt=2023-03-20T10:58:58Z))
2023-03-22 15:06:53 [parallel-1] INFO  reactor.Flux.Map.1 - onNext(ElasticQueryServiceResponseModel(id=8734502101045417638, userId=1816191595804092543, text=Maecenas Lorem congue sit ultricies sit Kafka adipiscing massa magna sed ultricies, createdAt=2023-03-18T09:41:23Z))
2023-03-22 15:06:54 [parallel-2] INFO  reactor.Flux.Map.1 - onNext(ElasticQueryServiceResponseModel(id=33254036962860673, userId=4937292073992579267, text=Lorem ipsum massa ipsum sit ultricies Kafka posuere adipiscing purus Maecenas Lorem, createdAt=2023-03-18T09:47:05Z))
2023-03-22 15:06:54 [parallel-3] INFO  reactor.Flux.Map.1 - onNext(ElasticQueryServiceResponseModel(id=8468627758869842268, userId=3135220483437064948, text=magna sed congue magna elit malesuada Elasticsearch adipiscing congue consectetuer porttitor Fusce, createdAt=2023-03-18T09:59:07Z))
2023-03-22 15:06:55 [parallel-4] INFO  reactor.Flux.Map.1 - onNext(ElasticQueryServiceResponseModel(id=1462530461874509062, userId=7343606089797414837, text=malesuada posuere sit adipiscing Maecenas purus Microservices amet dolor sit lectus Maecenas, createdAt=2023-03-18T09:59:47Z))
2023-03-22 15:06:55 [parallel-5] INFO  reactor.Flux.Map.1 - onNext(ElasticQueryServiceResponseModel(id=1904539756697985133, userId=5294870153288129656, text=sit ultricies porttitor congue consectetuer adipiscing Java magna posuere massa ultricies Fusce, createdAt=2023-03-18T10:00:38Z))
2023-03-22 15:06:56 [parallel-6] INFO  reactor.Flux.Map.1 - onNext(ElasticQueryServiceResponseModel(id=3103974423279117059, userId=980224070035103197, text=Lorem massa adipiscing sit porttitor elit Elasticsearch sit Maecenas purus porttitor sit, createdAt=2023-03-18T10:01:08Z))
2023-03-22 15:06:56 [parallel-7] INFO  reactor.Flux.Map.1 - onNext(ElasticQueryServiceResponseModel(id=4870699263208093007, userId=5369394362932403344, text=purus ipsum congue dolor consectetuer magna Java posuere posuere congue porttitor adipiscing, createdAt=2023-03-18T10:03:18Z))
2023-03-22 15:06:57 [parallel-8] INFO  reactor.Flux.Map.1 - onNext(ElasticQueryServiceResponseModel(id=1964281326521843585, userId=1475238846785423920, text=libero ultricies adipiscing libero amet dolor Microservices elit purus lectus malesuada porttitor, createdAt=2023-03-18T10:05:19Z))
2023-03-22 15:06:57 [parallel-1] INFO  reactor.Flux.Map.1 - onNext(ElasticQueryServiceResponseModel(id=9046293558529082090, userId=4227915232664184001, text=ultricies consectetuer malesuada Fusce consectetuer Lorem Java posuere malesuada adipiscing Lorem amet, createdAt=2023-03-18T10:05:59Z))
2023-03-22 15:06:58 [parallel-2] INFO  reactor.Flux.Map.1 - onNext(ElasticQueryServiceResponseModel(id=3371125847615073043, userId=3450911050889223044, text=elit sit ultricies malesuada magna elit Elasticsearch dolor adipiscing posuere magna Lorem, createdAt=2023-03-18T10:13:20Z))
2023-03-22 15:06:58 [parallel-2] INFO  reactor.Flux.Map.1 - request(24)
2023-03-22 15:06:58 [parallel-3] INFO  reactor.Flux.Map.1 - onNext(ElasticQueryServiceResponseModel(id=9050030302299354205, userId=6734440100304924257, text=Fusce Maecenas elit sed pulvinar libero Kafka ultricies porttitor ultricies ipsum adipiscing, createdAt=2023-03-18T10:13:41Z))
2023-03-22 15:06:59 [parallel-4] INFO  reactor.Flux.Map.1 - onNext(ElasticQueryServiceResponseModel(id=1654076297703055862, userId=4608625674264322093, text=pulvinar malesuada dolor Maecenas porttitor ultricies Microservices malesuada adipiscing sed malesuada Maecenas, createdAt=2023-03-20T10:47:14Z))
2023-03-22 15:06:59 [parallel-5] INFO  reactor.Flux.Map.1 - onNext(ElasticQueryServiceResponseModel(id=2782887106548208293, userId=618000495611818209, text=sed sed magna sed purus amet Maecenas Kafka congue sed libero adipiscing ultricies, createdAt=2023-03-18T14:02:50+07:00))
2023-03-22 15:07:00 [parallel-6] INFO  reactor.Flux.Map.1 - onNext(ElasticQueryServiceResponseModel(id=6557551091889235104, userId=6832470926787130064, text=adipiscing pulvinar purus magna porttitor Maecenas sed Kafka Lorem ultricies malesuada porttitor Maecenas, createdAt=2023-03-18T13:54:49+07:00))
2023-03-22 15:07:00 [parallel-7] INFO  reactor.Flux.Map.1 - onNext(ElasticQueryServiceResponseModel(id=3910887479820847694, userId=7401060559561755736, text=amet ultricies sit massa Fusce Fusce elit Java adipiscing congue ultricies Lorem ipsum, createdAt=2023-03-18T14:01:30+07:00))
2023-03-22 15:07:01 [parallel-8] INFO  reactor.Flux.Map.1 - onNext(ElasticQueryServiceResponseModel(id=997852846945255227, userId=3703324081812293990, text=posuere posuere dolor adipiscing malesuada sit consectetuer Elasticsearch pulvinar Fusce sed massa sit, createdAt=2023-03-18T14:06:30+07:00))
2023-03-22 15:07:01 [parallel-1] INFO  reactor.Flux.Map.1 - onNext(ElasticQueryServiceResponseModel(id=2393925591057980581, userId=4352425711143235985, text=malesuada elit amet magna ipsum purus Fusce Java dolor adipiscing magna Maecenas libero, createdAt=2023-03-20T10:39:41Z))
2023-03-22 15:07:02 [parallel-2] INFO  reactor.Flux.Map.1 - onNext(ElasticQueryServiceResponseModel(id=4962357613731673798, userId=5392019579998334484, text=congue massa posuere adipiscing congue libero consectetuer Java congue Maecenas ipsum Lorem purus, createdAt=2023-03-20T10:57:48Z))
2023-03-22 15:07:02 [parallel-3] INFO  reactor.Flux.Map.1 - onNext(ElasticQueryServiceResponseModel(id=5701057199303279070, userId=5218976381084380198, text=lectus purus lectus purus magna ultricies adipiscing Kafka libero sit Maecenas sed elit, createdAt=2023-03-18T09:50:05Z))
2023-03-22 15:07:03 [parallel-4] INFO  reactor.Flux.Map.1 - onNext(ElasticQueryServiceResponseModel(id=7960010590214860986, userId=3955162581735191420, text=elit elit adipiscing massa amet lectus sit Microservices Fusce consectetuer consectetuer posuere purus, createdAt=2023-03-18T09:52:46Z))
2023-03-22 15:07:03 [parallel-5] INFO  reactor.Flux.Map.1 - onNext(ElasticQueryServiceResponseModel(id=4722226563075431485, userId=9164269285682035099, text=adipiscing Maecenas amet Fusce porttitor porttitor malesuada Microservices libero Lorem purus Maecenas consectetuer, createdAt=2023-03-18T09:58:37Z))
2023-03-22 15:07:04 [parallel-6] INFO  reactor.Flux.Map.1 - onNext(ElasticQueryServiceResponseModel(id=947452329881724752, userId=5872633851107413843, text=Lorem porttitor adipiscing sed sed malesuada posuere Microservices amet ipsum massa ultricies sed, createdAt=2023-03-18T10:02:18Z))
2023-03-22 15:07:04 [parallel-7] INFO  reactor.Flux.Map.1 - onNext(ElasticQueryServiceResponseModel(id=20716766915180673, userId=6917760754132852957, text=elit sed pulvinar elit lectus sit magna Microservices adipiscing congue elit lectus porttitor, createdAt=2023-03-18T10:08:39Z))
2023-03-22 15:07:05 [parallel-8] INFO  reactor.Flux.Map.1 - onNext(ElasticQueryServiceResponseModel(id=7747878930389329418, userId=3070240332612149943, text=amet ipsum Maecenas posuere congue Maecenas sed Microservices libero massa adipiscing massa elit, createdAt=2023-03-18T10:16:01Z))
2023-03-22 15:07:05 [parallel-1] INFO  reactor.Flux.Map.1 - onNext(ElasticQueryServiceResponseModel(id=576139605650675079, userId=8602056161376919537, text=magna Lorem porttitor porttitor ultricies lectus Fusce Kafka elit amet adipiscing magna sed, createdAt=2023-03-20T10:38:49Z))
2023-03-22 15:07:06 [parallel-2] INFO  reactor.Flux.Map.1 - onNext(ElasticQueryServiceResponseModel(id=2455060075066458006, userId=9064141238338204939, text=malesuada malesuada Maecenas adipiscing pulvinar malesuada congue Kafka sed sed magna Lorem ipsum, createdAt=2023-03-20T10:57:38Z))
2023-03-22 15:07:06 [parallel-3] INFO  reactor.Flux.Map.1 - onNext(ElasticQueryServiceResponseModel(id=4896635091216937813, userId=1223569143613574060, text=ipsum massa Fusce adipiscing libero pulvinar Lorem Microservices Lorem malesuada ipsum pulvinar sed elit, createdAt=2023-03-20T10:41:31Z))
2023-03-22 15:07:07 [parallel-4] INFO  reactor.Flux.Map.1 - onNext(ElasticQueryServiceResponseModel(id=2488421614815706021, userId=736642296049363906, text=posuere libero sit magna adipiscing dolor posuere Elasticsearch Lorem libero libero elit magna Lorem, createdAt=2023-03-18T09:53:46Z))
2023-03-22 15:07:07 [parallel-5] INFO  reactor.Flux.Map.1 - onNext(ElasticQueryServiceResponseModel(id=6794136104863058350, userId=5682878328748551909, text=libero pulvinar dolor malesuada lectus porttitor lectus Kafka sed amet Fusce pulvinar malesuada adipiscing, createdAt=2023-03-18T10:03:58Z))
2023-03-22 15:07:08 [parallel-6] INFO  reactor.Flux.Map.1 - onNext(ElasticQueryServiceResponseModel(id=2505262344571791961, userId=3121887262547347340, text=ipsum libero porttitor lectus pulvinar amet sit Java posuere adipiscing congue libero Maecenas Fusce, createdAt=2023-03-18T10:07:29Z))
2023-03-22 15:07:08 [parallel-7] INFO  reactor.Flux.Map.1 - onNext(ElasticQueryServiceResponseModel(id=5678164503254726944, userId=2689910046619953685, text=magna adipiscing consectetuer sed dolor porttitor libero Kafka pulvinar posuere dolor elit ipsum posuere, createdAt=2023-03-18T10:10Z))
2023-03-22 15:07:09 [parallel-8] INFO  reactor.Flux.Map.1 - onNext(ElasticQueryServiceResponseModel(id=3618144857054173012, userId=8660483152341401250, text=porttitor Lorem posuere sed posuere congue adipiscing Elasticsearch congue consectetuer Fusce libero Maecenas elit, createdAt=2023-03-18T10:13:10Z))
2023-03-22 15:07:09 [parallel-1] INFO  reactor.Flux.Map.1 - onNext(ElasticQueryServiceResponseModel(id=5259998541687850723, userId=4015238720807098871, text=Lorem amet libero adipiscing porttitor sed purus Elasticsearch sed libero libero Fusce purus consectetuer, createdAt=2023-03-18T10:15:51Z))
2023-03-22 15:07:10 [parallel-2] INFO  reactor.Flux.Map.1 - onNext(ElasticQueryServiceResponseModel(id=2478112105044206255, userId=9062357766844817076, text=Maecenas malesuada malesuada elit porttitor congue sit Java magna sed adipiscing sed elit Maecenas, createdAt=2023-03-18T10:17:51Z))
2023-03-22 15:07:10 [parallel-2] INFO  reactor.Flux.Map.1 - request(24)
2023-03-22 15:07:10 [parallel-3] INFO  reactor.Flux.Map.1 - onNext(ElasticQueryServiceResponseModel(id=2195691979149716612, userId=4656050222811611724, text=adipiscing ipsum sit Lorem lectus ultricies malesuada Kafka Maecenas Lorem porttitor Maecenas pulvinar Lorem, createdAt=2023-03-20T10:43:32Z))
2023-03-22 15:07:11 [parallel-4] INFO  reactor.Flux.Map.1 - onNext(ElasticQueryServiceResponseModel(id=9004648726395130475, userId=1280460762451973856, text=porttitor lectus purus malesuada posuere elit ipsum lectus Elasticsearch lectus Fusce sed adipiscing ipsum massa, createdAt=2023-03-18T13:53:19+07:00))
2023-03-22 15:07:11 [parallel-5] INFO  reactor.Flux.Map.1 - onNext(ElasticQueryServiceResponseModel(id=1138265759338179698, userId=3587739861578217381, text=libero purus Maecenas lectus Maecenas amet porttitor adipiscing Kafka Fusce Fusce congue Fusce posuere purus, createdAt=2023-03-18T13:59:30+07:00))
2023-03-22 15:07:12 [parallel-6] INFO  reactor.Flux.Map.1 - onNext(ElasticQueryServiceResponseModel(id=8004181336621797277, userId=2532140319729474230, text=Maecenas ipsum adipiscing malesuada ultricies Maecenas elit libero Kafka sit congue Fusce consectetuer sit sed, createdAt=2023-03-18T14:05:10+07:00))
2023-03-22 15:07:12 [parallel-7] INFO  reactor.Flux.Map.1 - onNext(ElasticQueryServiceResponseModel(id=7859253707817473188, userId=8861389344086085454, text=ultricies consectetuer elit porttitor porttitor lectus congue massa Kafka pulvinar Fusce pulvinar adipiscing lectus Fusce, createdAt=2023-03-20T10:35:28Z))
2023-03-22 15:07:13 [parallel-8] INFO  reactor.Flux.Map.1 - onNext(ElasticQueryServiceResponseModel(id=2855563663377790334, userId=8940851102475113264, text=dolor lectus Lorem ultricies sit consectetuer sed adipiscing Elasticsearch sit lectus purus consectetuer posuere Fusce, createdAt=2023-03-20T10:36:18Z))
2023-03-22 15:07:13 [parallel-1] INFO  reactor.Flux.Map.1 - onNext(ElasticQueryServiceResponseModel(id=2595963852087503888, userId=888948009973904321, text=elit malesuada posuere adipiscing libero purus pulvinar ultricies Elasticsearch Fusce purus dolor sit massa purus, createdAt=2023-03-20T10:41:21Z))
2023-03-22 15:07:14 [parallel-2] INFO  reactor.Flux.Map.1 - onNext(ElasticQueryServiceResponseModel(id=3901836772759894277, userId=4376382256546319973, text=massa Lorem dolor purus consectetuer consectetuer ultricies Maecenas Kafka Fusce porttitor consectetuer posuere adipiscing posuere, createdAt=2023-03-20T10:45:53Z))
2023-03-22 15:07:14 [parallel-3] INFO  reactor.Flux.Map.1 - onNext(ElasticQueryServiceResponseModel(id=272023560872189072, userId=6482210359531845128, text=ultricies adipiscing consectetuer pulvinar libero magna libero posuere Kafka lectus magna Maecenas dolor pulvinar ipsum, createdAt=2023-03-20T10:55:37Z))
2023-03-22 15:07:15 [parallel-4] INFO  reactor.Flux.Map.1 - onNext(ElasticQueryServiceResponseModel(id=3055249095218280619, userId=6908835825364013898, text=Fusce sit Lorem malesuada dolor libero adipiscing congue Kafka pulvinar sed Lorem sit Lorem Lorem, createdAt=2023-03-18T09:42:53Z))
2023-03-22 15:07:15 [parallel-5] INFO  reactor.Flux.Map.1 - onNext(ElasticQueryServiceResponseModel(id=3148047022193951889, userId=5499593761862781969, text=massa congue Fusce pulvinar libero sit dolor adipiscing Elasticsearch congue ipsum congue sit consectetuer purus, createdAt=2023-03-18T09:59:27Z))
2023-03-22 15:07:16 [parallel-6] INFO  reactor.Flux.Map.1 - onNext(ElasticQueryServiceResponseModel(id=2052849586573582016, userId=2348158299093018771, text=dolor magna libero sit congue elit congue adipiscing Microservices elit sed elit amet magna elit, createdAt=2023-03-18T10:01:58Z))
2023-03-22 15:07:16 [parallel-7] INFO  reactor.Flux.Map.1 - onNext(ElasticQueryServiceResponseModel(id=6996461827566014729, userId=6743850007539956191, text=adipiscing pulvinar Lorem libero porttitor purus amet magna Kafka Fusce posuere Maecenas libero Lorem pulvinar, createdAt=2023-03-18T10:07:49Z))
2023-03-22 15:07:17 [parallel-8] INFO  reactor.Flux.Map.1 - onNext(ElasticQueryServiceResponseModel(id=3097477425239978897, userId=280555450134293432, text=Fusce elit massa purus adipiscing magna ipsum pulvinar Kafka Lorem posuere amet ultricies massa purus, createdAt=2023-03-18T10:18:42Z))
2023-03-22 15:07:17 [parallel-1] INFO  reactor.Flux.Map.1 - onNext(ElasticQueryServiceResponseModel(id=5734472600746578031, userId=5967677066201710777, text=sed consectetuer sed Fusce adipiscing ultricies massa massa Kafka sit sit magna Maecenas amet Maecenas, createdAt=2023-03-20T10:44:33Z))
2023-03-22 15:07:18 [parallel-2] INFO  reactor.Flux.Map.1 - onNext(ElasticQueryServiceResponseModel(id=4886331011236661891, userId=7719715984686636295, text=massa Fusce Maecenas ultricies ipsum adipiscing sed pulvinar Microservices pulvinar Maecenas amet dolor ipsum Fusce, createdAt=2023-03-20T10:51:06Z))
2023-03-22 15:07:18 [parallel-3] INFO  reactor.Flux.Map.1 - onNext(ElasticQueryServiceResponseModel(id=825034286966277581, userId=2750119433733418060, text=dolor malesuada amet adipiscing pulvinar porttitor Lorem dolor Java sit Lorem posuere pulvinar dolor libero, createdAt=2023-03-20T10:53:36Z))
2023-03-22 15:07:19 [parallel-4] INFO  reactor.Flux.Map.1 - onNext(ElasticQueryServiceResponseModel(id=8002198467780326131, userId=1903517814145798539, text=pulvinar congue Lorem Maecenas pulvinar massa posuere elit Kafka Fusce amet Lorem Lorem purus dolor adipiscing, createdAt=2023-03-18T13:56:39+07:00))
2023-03-22 15:07:19 [parallel-5] INFO  reactor.Flux.Map.1 - onNext(ElasticQueryServiceResponseModel(id=369620624973069709, userId=7694718867014528424, text=massa porttitor elit sit sed malesuada purus ultricies Java elit dolor pulvinar porttitor massa ipsum adipiscing, createdAt=2023-03-18T14:04:20+07:00))
2023-03-22 15:07:20 [parallel-6] INFO  reactor.Flux.Map.1 - onNext(ElasticQueryServiceResponseModel(id=4605235215618565445, userId=7657310582617848228, text=Lorem adipiscing consectetuer consectetuer amet lectus malesuada sit Microservices posuere congue malesuada pulvinar Fusce pulvinar dolor, createdAt=2023-03-20T10:37:39Z))
2023-03-22 15:07:20 [parallel-7] INFO  reactor.Flux.Map.1 - onNext(ElasticQueryServiceResponseModel(id=2136827676901951573, userId=7302883928053283016, text=ultricies sit porttitor adipiscing pulvinar Maecenas amet lectus Kafka amet Lorem posuere elit porttitor Fusce lectus, createdAt=2023-03-20T10:49:35Z))
2023-03-22 15:07:21 [parallel-8] INFO  reactor.Flux.Map.1 - onNext(ElasticQueryServiceResponseModel(id=3847916786515209779, userId=2370596123463087921, text=Lorem dolor lectus adipiscing dolor sed sit lectus Kafka libero porttitor congue libero consectetuer massa magna, createdAt=2023-03-18T09:40:33Z))
2023-03-22 15:07:21 [parallel-1] INFO  reactor.Flux.Map.1 - onNext(ElasticQueryServiceResponseModel(id=8685883675752832414, userId=7538991996492065265, text=sit porttitor dolor adipiscing malesuada Lorem purus consectetuer Elasticsearch dolor pulvinar libero porttitor dolor libero sit, createdAt=2023-03-18T09:51:25Z))
2023-03-22 15:07:22 [parallel-2] INFO  reactor.Flux.Map.1 - onNext(ElasticQueryServiceResponseModel(id=2690979555802234718, userId=8154490981846264340, text=ipsum libero magna adipiscing congue Maecenas libero dolor Microservices libero purus purus lectus magna ultricies Lorem, createdAt=2023-03-18T09:57:27Z))
2023-03-22 15:07:22 [parallel-2] INFO  reactor.Flux.Map.1 - request(24)
2023-03-22 15:07:22 [parallel-3] INFO  reactor.Flux.Map.1 - onNext(ElasticQueryServiceResponseModel(id=6382921647414852911, userId=7817131178914213206, text=amet magna consectetuer dolor magna porttitor ipsum massa Java adipiscing massa amet sed elit consectetuer elit, createdAt=2023-03-18T10:04:49Z))
2023-03-22 15:07:23 [parallel-4] INFO  reactor.Flux.Map.1 - onNext(ElasticQueryServiceResponseModel(id=241438266023078524, userId=6006507528194474874, text=ipsum ipsum malesuada sit consectetuer pulvinar congue adipiscing Kafka amet consectetuer Maecenas porttitor elit Lorem libero, createdAt=2023-03-18T10:16:31Z))
2023-03-22 15:07:24 [parallel-5] INFO  reactor.Flux.Map.1 - onNext(ElasticQueryServiceResponseModel(id=2072311783407863137, userId=4902464533085791308, text=magna purus consectetuer ultricies dolor ipsum posuere sed Kafka magna libero libero ipsum adipiscing dolor massa, createdAt=2023-03-20T10:47:54Z))
2023-03-22 15:07:24 [parallel-6] INFO  reactor.Flux.Map.1 - onNext(ElasticQueryServiceResponseModel(id=5325178401609238849, userId=4062729814711038100, text=congue elit ultricies purus Fusce posuere malesuada massa Kafka sit elit pulvinar Lorem amet porttitor adipiscing, createdAt=2023-03-20T10:50:35Z))
2023-03-22 15:07:24 [parallel-6] INFO  reactor.Flux.Map.1 - onComplete()
